[2023-04-08 02:59:51,798] {taskinstance.py:1159} INFO - Dependencies all met for <TaskInstance: example_bash_operator.also_run_this scheduled__2023-04-07T00:00:00+00:00 [queued]>
[2023-04-08 02:59:51,813] {taskinstance.py:1159} INFO - Dependencies all met for <TaskInstance: example_bash_operator.also_run_this scheduled__2023-04-07T00:00:00+00:00 [queued]>
[2023-04-08 02:59:51,814] {taskinstance.py:1356} INFO - 
--------------------------------------------------------------------------------
[2023-04-08 02:59:51,815] {taskinstance.py:1357} INFO - Starting attempt 1 of 1
[2023-04-08 02:59:51,824] {taskinstance.py:1358} INFO - 
--------------------------------------------------------------------------------
[2023-04-08 02:59:51,842] {taskinstance.py:1377} INFO - Executing <Task(BashOperator): also_run_this> on 2023-04-07 00:00:00+00:00
[2023-04-08 02:59:51,863] {standard_task_runner.py:52} INFO - Started process 336 to run task
[2023-04-08 02:59:51,872] {standard_task_runner.py:79} INFO - Running: ['***', 'tasks', 'run', 'example_bash_operator', 'also_run_this', 'scheduled__2023-04-07T00:00:00+00:00', '--job-id', '5', '--raw', '--subdir', '/home/***/.local/lib/python3.7/site-packages/***/example_dags/example_bash_operator.py', '--cfg-path', '/tmp/tmpvf1d4k3z', '--error-file', '/tmp/tmpz96nawip']
[2023-04-08 02:59:51,874] {standard_task_runner.py:80} INFO - Job 5: Subtask also_run_this
[2023-04-08 02:59:51,991] {task_command.py:369} INFO - Running <TaskInstance: example_bash_operator.also_run_this scheduled__2023-04-07T00:00:00+00:00 [running]> on host a51dc0b874ee
[2023-04-08 02:59:52,152] {taskinstance.py:1571} INFO - Exporting the following env vars:
AIRFLOW_CTX_DAG_OWNER=***
AIRFLOW_CTX_DAG_ID=example_bash_operator
AIRFLOW_CTX_TASK_ID=also_run_this
AIRFLOW_CTX_EXECUTION_DATE=2023-04-07T00:00:00+00:00
AIRFLOW_CTX_TRY_NUMBER=1
AIRFLOW_CTX_DAG_RUN_ID=scheduled__2023-04-07T00:00:00+00:00
[2023-04-08 02:59:52,195] {subprocess.py:62} INFO - Tmp dir root location: 
 /tmp
[2023-04-08 02:59:52,202] {subprocess.py:74} INFO - Running command: ['bash', '-c', 'echo "run_id=scheduled__2023-04-07T00:00:00+00:00 | dag_run=<DagRun example_bash_operator @ 2023-04-07 00:00:00+00:00: scheduled__2023-04-07T00:00:00+00:00, externally triggered: False>"']
[2023-04-08 02:59:52,226] {subprocess.py:85} INFO - Output:
[2023-04-08 02:59:52,229] {subprocess.py:92} INFO - run_id=scheduled__2023-04-07T00:00:00+00:00 | dag_run=<DagRun example_bash_operator @ 2023-04-07 00:00:00+00:00: scheduled__2023-04-07T00:00:00+00:00, externally triggered: False>
[2023-04-08 02:59:52,231] {subprocess.py:96} INFO - Command exited with return code 0
[2023-04-08 02:59:52,292] {taskinstance.py:1400} INFO - Marking task as SUCCESS. dag_id=example_bash_operator, task_id=also_run_this, execution_date=20230407T000000, start_date=20230408T025951, end_date=20230408T025952
[2023-04-08 02:59:52,374] {local_task_job.py:156} INFO - Task exited with return code 0
[2023-04-08 02:59:52,410] {local_task_job.py:273} INFO - 0 downstream tasks scheduled from follow-on schedule check
