[2023-04-08 02:59:51,799] {taskinstance.py:1159} INFO - Dependencies all met for <TaskInstance: example_bash_operator.runme_0 manual__2023-04-08T02:59:49.979422+00:00 [queued]>
[2023-04-08 02:59:51,806] {taskinstance.py:1159} INFO - Dependencies all met for <TaskInstance: example_bash_operator.runme_0 manual__2023-04-08T02:59:49.979422+00:00 [queued]>
[2023-04-08 02:59:51,808] {taskinstance.py:1356} INFO - 
--------------------------------------------------------------------------------
[2023-04-08 02:59:51,809] {taskinstance.py:1357} INFO - Starting attempt 1 of 1
[2023-04-08 02:59:51,810] {taskinstance.py:1358} INFO - 
--------------------------------------------------------------------------------
[2023-04-08 02:59:51,824] {taskinstance.py:1377} INFO - Executing <Task(BashOperator): runme_0> on 2023-04-08 02:59:49.979422+00:00
[2023-04-08 02:59:51,835] {standard_task_runner.py:52} INFO - Started process 335 to run task
[2023-04-08 02:59:51,847] {standard_task_runner.py:79} INFO - Running: ['***', 'tasks', 'run', 'example_bash_operator', 'runme_0', 'manual__2023-04-08T02:59:49.979422+00:00', '--job-id', '11', '--raw', '--subdir', '/home/***/.local/lib/python3.7/site-packages/***/example_dags/example_bash_operator.py', '--cfg-path', '/tmp/tmp9cuszw35', '--error-file', '/tmp/tmpvlq3kats']
[2023-04-08 02:59:51,853] {standard_task_runner.py:80} INFO - Job 11: Subtask runme_0
[2023-04-08 02:59:51,943] {task_command.py:369} INFO - Running <TaskInstance: example_bash_operator.runme_0 manual__2023-04-08T02:59:49.979422+00:00 [running]> on host a51dc0b874ee
[2023-04-08 02:59:52,089] {taskinstance.py:1571} INFO - Exporting the following env vars:
AIRFLOW_CTX_DAG_OWNER=***
AIRFLOW_CTX_DAG_ID=example_bash_operator
AIRFLOW_CTX_TASK_ID=runme_0
AIRFLOW_CTX_EXECUTION_DATE=2023-04-08T02:59:49.979422+00:00
AIRFLOW_CTX_TRY_NUMBER=1
AIRFLOW_CTX_DAG_RUN_ID=manual__2023-04-08T02:59:49.979422+00:00
[2023-04-08 02:59:52,193] {subprocess.py:62} INFO - Tmp dir root location: 
 /tmp
[2023-04-08 02:59:52,196] {subprocess.py:74} INFO - Running command: ['bash', '-c', 'echo "example_bash_operator__runme_0__20230408" && sleep 1']
[2023-04-08 02:59:52,247] {subprocess.py:85} INFO - Output:
[2023-04-08 02:59:52,257] {subprocess.py:92} INFO - example_bash_operator__runme_0__20230408
[2023-04-08 02:59:53,263] {subprocess.py:96} INFO - Command exited with return code 0
[2023-04-08 02:59:53,296] {taskinstance.py:1400} INFO - Marking task as SUCCESS. dag_id=example_bash_operator, task_id=runme_0, execution_date=20230408T025949, start_date=20230408T025951, end_date=20230408T025953
[2023-04-08 02:59:53,323] {local_task_job.py:156} INFO - Task exited with return code 0
[2023-04-08 02:59:53,368] {local_task_job.py:273} INFO - 0 downstream tasks scheduled from follow-on schedule check
