[2023-04-08 03:05:19,472] {taskinstance.py:1159} INFO - Dependencies all met for <TaskInstance: user_processing.create_table manual__2023-04-08T03:05:18.856245+00:00 [queued]>
[2023-04-08 03:05:19,479] {taskinstance.py:1159} INFO - Dependencies all met for <TaskInstance: user_processing.create_table manual__2023-04-08T03:05:18.856245+00:00 [queued]>
[2023-04-08 03:05:19,480] {taskinstance.py:1356} INFO - 
--------------------------------------------------------------------------------
[2023-04-08 03:05:19,481] {taskinstance.py:1357} INFO - Starting attempt 1 of 1
[2023-04-08 03:05:19,482] {taskinstance.py:1358} INFO - 
--------------------------------------------------------------------------------
[2023-04-08 03:05:19,490] {taskinstance.py:1377} INFO - Executing <Task(PostgresOperator): create_table> on 2023-04-08 03:05:18.856245+00:00
[2023-04-08 03:05:19,496] {standard_task_runner.py:52} INFO - Started process 631 to run task
[2023-04-08 03:05:19,500] {standard_task_runner.py:79} INFO - Running: ['***', 'tasks', 'run', 'user_processing', 'create_table', 'manual__2023-04-08T03:05:18.856245+00:00', '--job-id', '17', '--raw', '--subdir', 'DAGS_FOLDER/user_processing.py', '--cfg-path', '/tmp/tmpizmtkk_r', '--error-file', '/tmp/tmpi5h2gz97']
[2023-04-08 03:05:19,502] {standard_task_runner.py:80} INFO - Job 17: Subtask create_table
[2023-04-08 03:05:19,557] {task_command.py:369} INFO - Running <TaskInstance: user_processing.create_table manual__2023-04-08T03:05:18.856245+00:00 [running]> on host a51dc0b874ee
[2023-04-08 03:05:19,620] {taskinstance.py:1571} INFO - Exporting the following env vars:
AIRFLOW_CTX_DAG_OWNER=***
AIRFLOW_CTX_DAG_ID=user_processing
AIRFLOW_CTX_TASK_ID=create_table
AIRFLOW_CTX_EXECUTION_DATE=2023-04-08T03:05:18.856245+00:00
AIRFLOW_CTX_TRY_NUMBER=1
AIRFLOW_CTX_DAG_RUN_ID=manual__2023-04-08T03:05:18.856245+00:00
[2023-04-08 03:05:19,719] {base.py:68} INFO - Using connection ID 'postgres' for task execution.
[2023-04-08 03:05:19,727] {dbapi.py:208} INFO - Running statement: 
            CREATE TABLE IF NOT EXISTS users (
                firstname TEXT NOT NULL,
                lastname TEXT NOT NULL,
                country TEXT NOT NULL,
                username TEXT NOT NULL,
                password TEXT NOT NULL,
                email TEXT NOT NULL
                );
                , parameters: None
[2023-04-08 03:05:19,744] {taskinstance.py:1400} INFO - Marking task as SUCCESS. dag_id=user_processing, task_id=create_table, execution_date=20230408T030518, start_date=20230408T030519, end_date=20230408T030519
[2023-04-08 03:05:19,795] {local_task_job.py:156} INFO - Task exited with return code 0
[2023-04-08 03:05:19,839] {local_task_job.py:273} INFO - 1 downstream tasks scheduled from follow-on schedule check
