[2023-04-08 02:59:51,760] {taskinstance.py:1159} INFO - Dependencies all met for <TaskInstance: example_bash_operator.runme_1 scheduled__2023-04-07T00:00:00+00:00 [queued]>
[2023-04-08 02:59:51,768] {taskinstance.py:1159} INFO - Dependencies all met for <TaskInstance: example_bash_operator.runme_1 scheduled__2023-04-07T00:00:00+00:00 [queued]>
[2023-04-08 02:59:51,771] {taskinstance.py:1356} INFO - 
--------------------------------------------------------------------------------
[2023-04-08 02:59:51,772] {taskinstance.py:1357} INFO - Starting attempt 1 of 1
[2023-04-08 02:59:51,774] {taskinstance.py:1358} INFO - 
--------------------------------------------------------------------------------
[2023-04-08 02:59:51,789] {taskinstance.py:1377} INFO - Executing <Task(BashOperator): runme_1> on 2023-04-07 00:00:00+00:00
[2023-04-08 02:59:51,793] {standard_task_runner.py:52} INFO - Started process 333 to run task
[2023-04-08 02:59:51,797] {standard_task_runner.py:79} INFO - Running: ['***', 'tasks', 'run', 'example_bash_operator', 'runme_1', 'scheduled__2023-04-07T00:00:00+00:00', '--job-id', '4', '--raw', '--subdir', '/home/***/.local/lib/python3.7/site-packages/***/example_dags/example_bash_operator.py', '--cfg-path', '/tmp/tmpv992487z', '--error-file', '/tmp/tmp_8z0z0qg']
[2023-04-08 02:59:51,799] {standard_task_runner.py:80} INFO - Job 4: Subtask runme_1
[2023-04-08 02:59:51,882] {task_command.py:369} INFO - Running <TaskInstance: example_bash_operator.runme_1 scheduled__2023-04-07T00:00:00+00:00 [running]> on host a51dc0b874ee
[2023-04-08 02:59:52,057] {taskinstance.py:1571} INFO - Exporting the following env vars:
AIRFLOW_CTX_DAG_OWNER=***
AIRFLOW_CTX_DAG_ID=example_bash_operator
AIRFLOW_CTX_TASK_ID=runme_1
AIRFLOW_CTX_EXECUTION_DATE=2023-04-07T00:00:00+00:00
AIRFLOW_CTX_TRY_NUMBER=1
AIRFLOW_CTX_DAG_RUN_ID=scheduled__2023-04-07T00:00:00+00:00
[2023-04-08 02:59:52,063] {subprocess.py:62} INFO - Tmp dir root location: 
 /tmp
[2023-04-08 02:59:52,078] {subprocess.py:74} INFO - Running command: ['bash', '-c', 'echo "example_bash_operator__runme_1__20230407" && sleep 1']
[2023-04-08 02:59:52,212] {subprocess.py:85} INFO - Output:
[2023-04-08 02:59:52,215] {subprocess.py:92} INFO - example_bash_operator__runme_1__20230407
[2023-04-08 02:59:53,218] {subprocess.py:96} INFO - Command exited with return code 0
[2023-04-08 02:59:53,249] {taskinstance.py:1400} INFO - Marking task as SUCCESS. dag_id=example_bash_operator, task_id=runme_1, execution_date=20230407T000000, start_date=20230408T025951, end_date=20230408T025953
[2023-04-08 02:59:53,283] {local_task_job.py:156} INFO - Task exited with return code 0
[2023-04-08 02:59:53,319] {local_task_job.py:273} INFO - 0 downstream tasks scheduled from follow-on schedule check
