[2023-04-08 02:59:51,832] {taskinstance.py:1159} INFO - Dependencies all met for <TaskInstance: example_bash_operator.this_will_skip manual__2023-04-08T02:59:49.979422+00:00 [queued]>
[2023-04-08 02:59:51,840] {taskinstance.py:1159} INFO - Dependencies all met for <TaskInstance: example_bash_operator.this_will_skip manual__2023-04-08T02:59:49.979422+00:00 [queued]>
[2023-04-08 02:59:51,841] {taskinstance.py:1356} INFO - 
--------------------------------------------------------------------------------
[2023-04-08 02:59:51,852] {taskinstance.py:1357} INFO - Starting attempt 1 of 1
[2023-04-08 02:59:51,854] {taskinstance.py:1358} INFO - 
--------------------------------------------------------------------------------
[2023-04-08 02:59:51,873] {taskinstance.py:1377} INFO - Executing <Task(BashOperator): this_will_skip> on 2023-04-08 02:59:49.979422+00:00
[2023-04-08 02:59:51,882] {standard_task_runner.py:52} INFO - Started process 337 to run task
[2023-04-08 02:59:51,904] {standard_task_runner.py:79} INFO - Running: ['***', 'tasks', 'run', 'example_bash_operator', 'this_will_skip', 'manual__2023-04-08T02:59:49.979422+00:00', '--job-id', '9', '--raw', '--subdir', '/home/***/.local/lib/python3.7/site-packages/***/example_dags/example_bash_operator.py', '--cfg-path', '/tmp/tmp_5iaz664', '--error-file', '/tmp/tmppl4xvgag']
[2023-04-08 02:59:51,919] {standard_task_runner.py:80} INFO - Job 9: Subtask this_will_skip
[2023-04-08 02:59:52,062] {task_command.py:369} INFO - Running <TaskInstance: example_bash_operator.this_will_skip manual__2023-04-08T02:59:49.979422+00:00 [running]> on host a51dc0b874ee
[2023-04-08 02:59:52,169] {taskinstance.py:1571} INFO - Exporting the following env vars:
AIRFLOW_CTX_DAG_OWNER=***
AIRFLOW_CTX_DAG_ID=example_bash_operator
AIRFLOW_CTX_TASK_ID=this_will_skip
AIRFLOW_CTX_EXECUTION_DATE=2023-04-08T02:59:49.979422+00:00
AIRFLOW_CTX_TRY_NUMBER=1
AIRFLOW_CTX_DAG_RUN_ID=manual__2023-04-08T02:59:49.979422+00:00
[2023-04-08 02:59:52,193] {subprocess.py:62} INFO - Tmp dir root location: 
 /tmp
[2023-04-08 02:59:52,204] {subprocess.py:74} INFO - Running command: ['bash', '-c', 'echo "hello world"; exit 99;']
[2023-04-08 02:59:52,244] {subprocess.py:85} INFO - Output:
[2023-04-08 02:59:52,251] {subprocess.py:92} INFO - hello world
[2023-04-08 02:59:52,259] {subprocess.py:96} INFO - Command exited with return code 99
[2023-04-08 02:59:52,261] {taskinstance.py:1478} INFO - Bash command returned exit code 99. Skipping.
[2023-04-08 02:59:52,288] {taskinstance.py:1400} INFO - Marking task as SKIPPED. dag_id=example_bash_operator, task_id=this_will_skip, execution_date=20230408T025949, start_date=20230408T025951, end_date=20230408T025952
[2023-04-08 02:59:52,346] {local_task_job.py:156} INFO - Task exited with return code 0
[2023-04-08 02:59:52,391] {local_task_job.py:273} INFO - 0 downstream tasks scheduled from follow-on schedule check
