[2023-04-08 02:54:25,126] {processor.py:153} INFO - Started process (PID=43) to work on /home/airflow/.local/lib/python3.7/site-packages/airflow/example_dags/example_local_kubernetes_executor.py
[2023-04-08 02:54:25,137] {processor.py:641} INFO - Processing file /home/airflow/.local/lib/python3.7/site-packages/airflow/example_dags/example_local_kubernetes_executor.py for tasks to queue
[2023-04-08 02:54:25,268] {logging_mixin.py:115} INFO - [2023-04-08 02:54:25,268] {dagbag.py:507} INFO - Filling up the DagBag from /home/airflow/.local/lib/python3.7/site-packages/airflow/example_dags/example_local_kubernetes_executor.py
[2023-04-08 02:54:25,440] {processor.py:651} INFO - DAG(s) dict_keys(['example_local_kubernetes_executor']) retrieved from /home/airflow/.local/lib/python3.7/site-packages/airflow/example_dags/example_local_kubernetes_executor.py
[2023-04-08 02:54:26,224] {logging_mixin.py:115} INFO - [2023-04-08 02:54:26,223] {manager.py:508} INFO - Created Permission View: can delete on DAG:example_local_kubernetes_executor
[2023-04-08 02:54:26,313] {logging_mixin.py:115} INFO - [2023-04-08 02:54:26,313] {manager.py:508} INFO - Created Permission View: can edit on DAG:example_local_kubernetes_executor
[2023-04-08 02:54:26,351] {logging_mixin.py:115} INFO - [2023-04-08 02:54:26,351] {manager.py:508} INFO - Created Permission View: can read on DAG:example_local_kubernetes_executor
[2023-04-08 02:54:26,365] {logging_mixin.py:115} INFO - [2023-04-08 02:54:26,364] {dag.py:2371} INFO - Sync 1 DAGs
[2023-04-08 02:54:26,389] {logging_mixin.py:115} INFO - [2023-04-08 02:54:26,388] {dag.py:2390} INFO - Creating ORM DAG for example_local_kubernetes_executor
[2023-04-08 02:54:26,414] {logging_mixin.py:115} INFO - [2023-04-08 02:54:26,414] {dag.py:2919} INFO - Setting next_dagrun for example_local_kubernetes_executor to None, run_after=None
[2023-04-08 02:54:26,554] {processor.py:161} INFO - Processing /home/airflow/.local/lib/python3.7/site-packages/airflow/example_dags/example_local_kubernetes_executor.py took 1.452 seconds
[2023-04-08 02:54:57,222] {processor.py:153} INFO - Started process (PID=100) to work on /home/airflow/.local/lib/python3.7/site-packages/airflow/example_dags/example_local_kubernetes_executor.py
[2023-04-08 02:54:57,232] {processor.py:641} INFO - Processing file /home/airflow/.local/lib/python3.7/site-packages/airflow/example_dags/example_local_kubernetes_executor.py for tasks to queue
[2023-04-08 02:54:57,244] {logging_mixin.py:115} INFO - [2023-04-08 02:54:57,244] {dagbag.py:507} INFO - Filling up the DagBag from /home/airflow/.local/lib/python3.7/site-packages/airflow/example_dags/example_local_kubernetes_executor.py
[2023-04-08 02:54:57,269] {processor.py:651} INFO - DAG(s) dict_keys(['example_local_kubernetes_executor']) retrieved from /home/airflow/.local/lib/python3.7/site-packages/airflow/example_dags/example_local_kubernetes_executor.py
[2023-04-08 02:54:57,305] {logging_mixin.py:115} INFO - [2023-04-08 02:54:57,305] {dag.py:2371} INFO - Sync 1 DAGs
[2023-04-08 02:54:57,433] {logging_mixin.py:115} INFO - [2023-04-08 02:54:57,433] {dag.py:2919} INFO - Setting next_dagrun for example_local_kubernetes_executor to None, run_after=None
[2023-04-08 02:54:57,514] {processor.py:161} INFO - Processing /home/airflow/.local/lib/python3.7/site-packages/airflow/example_dags/example_local_kubernetes_executor.py took 0.301 seconds
[2023-04-08 02:55:27,872] {processor.py:153} INFO - Started process (PID=164) to work on /home/airflow/.local/lib/python3.7/site-packages/airflow/example_dags/example_local_kubernetes_executor.py
[2023-04-08 02:55:27,882] {processor.py:641} INFO - Processing file /home/airflow/.local/lib/python3.7/site-packages/airflow/example_dags/example_local_kubernetes_executor.py for tasks to queue
[2023-04-08 02:55:27,887] {logging_mixin.py:115} INFO - [2023-04-08 02:55:27,887] {dagbag.py:507} INFO - Filling up the DagBag from /home/airflow/.local/lib/python3.7/site-packages/airflow/example_dags/example_local_kubernetes_executor.py
[2023-04-08 02:55:27,922] {processor.py:651} INFO - DAG(s) dict_keys(['example_local_kubernetes_executor']) retrieved from /home/airflow/.local/lib/python3.7/site-packages/airflow/example_dags/example_local_kubernetes_executor.py
[2023-04-08 02:55:27,948] {logging_mixin.py:115} INFO - [2023-04-08 02:55:27,948] {dag.py:2371} INFO - Sync 1 DAGs
[2023-04-08 02:55:28,080] {logging_mixin.py:115} INFO - [2023-04-08 02:55:28,080] {dag.py:2919} INFO - Setting next_dagrun for example_local_kubernetes_executor to None, run_after=None
[2023-04-08 02:55:28,093] {processor.py:161} INFO - Processing /home/airflow/.local/lib/python3.7/site-packages/airflow/example_dags/example_local_kubernetes_executor.py took 0.225 seconds
[2023-04-08 02:55:58,238] {processor.py:153} INFO - Started process (PID=226) to work on /home/airflow/.local/lib/python3.7/site-packages/airflow/example_dags/example_local_kubernetes_executor.py
[2023-04-08 02:55:58,241] {processor.py:641} INFO - Processing file /home/airflow/.local/lib/python3.7/site-packages/airflow/example_dags/example_local_kubernetes_executor.py for tasks to queue
[2023-04-08 02:55:58,243] {logging_mixin.py:115} INFO - [2023-04-08 02:55:58,243] {dagbag.py:507} INFO - Filling up the DagBag from /home/airflow/.local/lib/python3.7/site-packages/airflow/example_dags/example_local_kubernetes_executor.py
[2023-04-08 02:55:58,261] {processor.py:651} INFO - DAG(s) dict_keys(['example_local_kubernetes_executor']) retrieved from /home/airflow/.local/lib/python3.7/site-packages/airflow/example_dags/example_local_kubernetes_executor.py
[2023-04-08 02:55:58,286] {logging_mixin.py:115} INFO - [2023-04-08 02:55:58,286] {dag.py:2371} INFO - Sync 1 DAGs
[2023-04-08 02:55:58,401] {logging_mixin.py:115} INFO - [2023-04-08 02:55:58,401] {dag.py:2919} INFO - Setting next_dagrun for example_local_kubernetes_executor to None, run_after=None
[2023-04-08 02:55:58,409] {processor.py:161} INFO - Processing /home/airflow/.local/lib/python3.7/site-packages/airflow/example_dags/example_local_kubernetes_executor.py took 0.175 seconds
[2023-04-08 02:56:28,518] {processor.py:153} INFO - Started process (PID=288) to work on /home/airflow/.local/lib/python3.7/site-packages/airflow/example_dags/example_local_kubernetes_executor.py
[2023-04-08 02:56:28,520] {processor.py:641} INFO - Processing file /home/airflow/.local/lib/python3.7/site-packages/airflow/example_dags/example_local_kubernetes_executor.py for tasks to queue
[2023-04-08 02:56:28,524] {logging_mixin.py:115} INFO - [2023-04-08 02:56:28,523] {dagbag.py:507} INFO - Filling up the DagBag from /home/airflow/.local/lib/python3.7/site-packages/airflow/example_dags/example_local_kubernetes_executor.py
[2023-04-08 02:56:28,537] {processor.py:651} INFO - DAG(s) dict_keys(['example_local_kubernetes_executor']) retrieved from /home/airflow/.local/lib/python3.7/site-packages/airflow/example_dags/example_local_kubernetes_executor.py
[2023-04-08 02:56:28,562] {logging_mixin.py:115} INFO - [2023-04-08 02:56:28,562] {dag.py:2371} INFO - Sync 1 DAGs
[2023-04-08 02:56:28,675] {logging_mixin.py:115} INFO - [2023-04-08 02:56:28,675] {dag.py:2919} INFO - Setting next_dagrun for example_local_kubernetes_executor to None, run_after=None
[2023-04-08 02:56:28,684] {processor.py:161} INFO - Processing /home/airflow/.local/lib/python3.7/site-packages/airflow/example_dags/example_local_kubernetes_executor.py took 0.168 seconds
[2023-04-08 02:56:58,811] {processor.py:153} INFO - Started process (PID=342) to work on /home/airflow/.local/lib/python3.7/site-packages/airflow/example_dags/example_local_kubernetes_executor.py
[2023-04-08 02:56:58,813] {processor.py:641} INFO - Processing file /home/airflow/.local/lib/python3.7/site-packages/airflow/example_dags/example_local_kubernetes_executor.py for tasks to queue
[2023-04-08 02:56:58,815] {logging_mixin.py:115} INFO - [2023-04-08 02:56:58,815] {dagbag.py:507} INFO - Filling up the DagBag from /home/airflow/.local/lib/python3.7/site-packages/airflow/example_dags/example_local_kubernetes_executor.py
[2023-04-08 02:56:58,830] {processor.py:651} INFO - DAG(s) dict_keys(['example_local_kubernetes_executor']) retrieved from /home/airflow/.local/lib/python3.7/site-packages/airflow/example_dags/example_local_kubernetes_executor.py
[2023-04-08 02:56:58,857] {logging_mixin.py:115} INFO - [2023-04-08 02:56:58,857] {dag.py:2371} INFO - Sync 1 DAGs
[2023-04-08 02:56:58,981] {logging_mixin.py:115} INFO - [2023-04-08 02:56:58,981] {dag.py:2919} INFO - Setting next_dagrun for example_local_kubernetes_executor to None, run_after=None
[2023-04-08 02:56:58,993] {processor.py:161} INFO - Processing /home/airflow/.local/lib/python3.7/site-packages/airflow/example_dags/example_local_kubernetes_executor.py took 0.185 seconds
[2023-04-08 02:57:29,729] {processor.py:153} INFO - Started process (PID=405) to work on /home/airflow/.local/lib/python3.7/site-packages/airflow/example_dags/example_local_kubernetes_executor.py
[2023-04-08 02:57:29,731] {processor.py:641} INFO - Processing file /home/airflow/.local/lib/python3.7/site-packages/airflow/example_dags/example_local_kubernetes_executor.py for tasks to queue
[2023-04-08 02:57:29,733] {logging_mixin.py:115} INFO - [2023-04-08 02:57:29,733] {dagbag.py:507} INFO - Filling up the DagBag from /home/airflow/.local/lib/python3.7/site-packages/airflow/example_dags/example_local_kubernetes_executor.py
[2023-04-08 02:57:29,853] {processor.py:651} INFO - DAG(s) dict_keys(['example_local_kubernetes_executor']) retrieved from /home/airflow/.local/lib/python3.7/site-packages/airflow/example_dags/example_local_kubernetes_executor.py
[2023-04-08 02:57:29,877] {logging_mixin.py:115} INFO - [2023-04-08 02:57:29,877] {dag.py:2371} INFO - Sync 1 DAGs
[2023-04-08 02:57:29,990] {logging_mixin.py:115} INFO - [2023-04-08 02:57:29,990] {dag.py:2919} INFO - Setting next_dagrun for example_local_kubernetes_executor to None, run_after=None
[2023-04-08 02:57:29,998] {processor.py:161} INFO - Processing /home/airflow/.local/lib/python3.7/site-packages/airflow/example_dags/example_local_kubernetes_executor.py took 0.273 seconds
[2023-04-08 02:58:00,650] {processor.py:153} INFO - Started process (PID=468) to work on /home/airflow/.local/lib/python3.7/site-packages/airflow/example_dags/example_local_kubernetes_executor.py
[2023-04-08 02:58:00,653] {processor.py:641} INFO - Processing file /home/airflow/.local/lib/python3.7/site-packages/airflow/example_dags/example_local_kubernetes_executor.py for tasks to queue
[2023-04-08 02:58:00,655] {logging_mixin.py:115} INFO - [2023-04-08 02:58:00,655] {dagbag.py:507} INFO - Filling up the DagBag from /home/airflow/.local/lib/python3.7/site-packages/airflow/example_dags/example_local_kubernetes_executor.py
[2023-04-08 02:58:00,671] {processor.py:651} INFO - DAG(s) dict_keys(['example_local_kubernetes_executor']) retrieved from /home/airflow/.local/lib/python3.7/site-packages/airflow/example_dags/example_local_kubernetes_executor.py
[2023-04-08 02:58:00,694] {logging_mixin.py:115} INFO - [2023-04-08 02:58:00,694] {dag.py:2371} INFO - Sync 1 DAGs
[2023-04-08 02:58:00,800] {logging_mixin.py:115} INFO - [2023-04-08 02:58:00,800] {dag.py:2919} INFO - Setting next_dagrun for example_local_kubernetes_executor to None, run_after=None
[2023-04-08 02:58:00,807] {processor.py:161} INFO - Processing /home/airflow/.local/lib/python3.7/site-packages/airflow/example_dags/example_local_kubernetes_executor.py took 0.162 seconds
[2023-04-08 02:58:31,139] {processor.py:153} INFO - Started process (PID=531) to work on /home/airflow/.local/lib/python3.7/site-packages/airflow/example_dags/example_local_kubernetes_executor.py
[2023-04-08 02:58:31,141] {processor.py:641} INFO - Processing file /home/airflow/.local/lib/python3.7/site-packages/airflow/example_dags/example_local_kubernetes_executor.py for tasks to queue
[2023-04-08 02:58:31,143] {logging_mixin.py:115} INFO - [2023-04-08 02:58:31,143] {dagbag.py:507} INFO - Filling up the DagBag from /home/airflow/.local/lib/python3.7/site-packages/airflow/example_dags/example_local_kubernetes_executor.py
[2023-04-08 02:58:31,167] {processor.py:651} INFO - DAG(s) dict_keys(['example_local_kubernetes_executor']) retrieved from /home/airflow/.local/lib/python3.7/site-packages/airflow/example_dags/example_local_kubernetes_executor.py
[2023-04-08 02:58:31,193] {logging_mixin.py:115} INFO - [2023-04-08 02:58:31,193] {dag.py:2371} INFO - Sync 1 DAGs
[2023-04-08 02:58:31,303] {logging_mixin.py:115} INFO - [2023-04-08 02:58:31,303] {dag.py:2919} INFO - Setting next_dagrun for example_local_kubernetes_executor to None, run_after=None
[2023-04-08 02:58:31,311] {processor.py:161} INFO - Processing /home/airflow/.local/lib/python3.7/site-packages/airflow/example_dags/example_local_kubernetes_executor.py took 0.177 seconds
[2023-04-08 02:59:01,418] {processor.py:153} INFO - Started process (PID=594) to work on /home/airflow/.local/lib/python3.7/site-packages/airflow/example_dags/example_local_kubernetes_executor.py
[2023-04-08 02:59:01,421] {processor.py:641} INFO - Processing file /home/airflow/.local/lib/python3.7/site-packages/airflow/example_dags/example_local_kubernetes_executor.py for tasks to queue
[2023-04-08 02:59:01,423] {logging_mixin.py:115} INFO - [2023-04-08 02:59:01,423] {dagbag.py:507} INFO - Filling up the DagBag from /home/airflow/.local/lib/python3.7/site-packages/airflow/example_dags/example_local_kubernetes_executor.py
[2023-04-08 02:59:01,441] {processor.py:651} INFO - DAG(s) dict_keys(['example_local_kubernetes_executor']) retrieved from /home/airflow/.local/lib/python3.7/site-packages/airflow/example_dags/example_local_kubernetes_executor.py
[2023-04-08 02:59:01,465] {logging_mixin.py:115} INFO - [2023-04-08 02:59:01,465] {dag.py:2371} INFO - Sync 1 DAGs
[2023-04-08 02:59:01,564] {logging_mixin.py:115} INFO - [2023-04-08 02:59:01,564] {dag.py:2919} INFO - Setting next_dagrun for example_local_kubernetes_executor to None, run_after=None
[2023-04-08 02:59:01,572] {processor.py:161} INFO - Processing /home/airflow/.local/lib/python3.7/site-packages/airflow/example_dags/example_local_kubernetes_executor.py took 0.158 seconds
[2023-04-08 02:59:31,874] {processor.py:153} INFO - Started process (PID=657) to work on /home/airflow/.local/lib/python3.7/site-packages/airflow/example_dags/example_local_kubernetes_executor.py
[2023-04-08 02:59:31,878] {processor.py:641} INFO - Processing file /home/airflow/.local/lib/python3.7/site-packages/airflow/example_dags/example_local_kubernetes_executor.py for tasks to queue
[2023-04-08 02:59:31,880] {logging_mixin.py:115} INFO - [2023-04-08 02:59:31,879] {dagbag.py:507} INFO - Filling up the DagBag from /home/airflow/.local/lib/python3.7/site-packages/airflow/example_dags/example_local_kubernetes_executor.py
[2023-04-08 02:59:31,892] {processor.py:651} INFO - DAG(s) dict_keys(['example_local_kubernetes_executor']) retrieved from /home/airflow/.local/lib/python3.7/site-packages/airflow/example_dags/example_local_kubernetes_executor.py
[2023-04-08 02:59:31,917] {logging_mixin.py:115} INFO - [2023-04-08 02:59:31,917] {dag.py:2371} INFO - Sync 1 DAGs
[2023-04-08 02:59:32,023] {logging_mixin.py:115} INFO - [2023-04-08 02:59:32,023] {dag.py:2919} INFO - Setting next_dagrun for example_local_kubernetes_executor to None, run_after=None
[2023-04-08 02:59:32,032] {processor.py:161} INFO - Processing /home/airflow/.local/lib/python3.7/site-packages/airflow/example_dags/example_local_kubernetes_executor.py took 0.160 seconds
[2023-04-08 03:00:02,134] {processor.py:153} INFO - Started process (PID=721) to work on /home/airflow/.local/lib/python3.7/site-packages/airflow/example_dags/example_local_kubernetes_executor.py
[2023-04-08 03:00:02,136] {processor.py:641} INFO - Processing file /home/airflow/.local/lib/python3.7/site-packages/airflow/example_dags/example_local_kubernetes_executor.py for tasks to queue
[2023-04-08 03:00:02,138] {logging_mixin.py:115} INFO - [2023-04-08 03:00:02,138] {dagbag.py:507} INFO - Filling up the DagBag from /home/airflow/.local/lib/python3.7/site-packages/airflow/example_dags/example_local_kubernetes_executor.py
[2023-04-08 03:00:02,152] {processor.py:651} INFO - DAG(s) dict_keys(['example_local_kubernetes_executor']) retrieved from /home/airflow/.local/lib/python3.7/site-packages/airflow/example_dags/example_local_kubernetes_executor.py
[2023-04-08 03:00:02,183] {logging_mixin.py:115} INFO - [2023-04-08 03:00:02,183] {dag.py:2371} INFO - Sync 1 DAGs
[2023-04-08 03:00:02,298] {logging_mixin.py:115} INFO - [2023-04-08 03:00:02,298] {dag.py:2919} INFO - Setting next_dagrun for example_local_kubernetes_executor to None, run_after=None
[2023-04-08 03:00:02,307] {processor.py:161} INFO - Processing /home/airflow/.local/lib/python3.7/site-packages/airflow/example_dags/example_local_kubernetes_executor.py took 0.176 seconds
[2023-04-08 03:00:32,442] {processor.py:153} INFO - Started process (PID=783) to work on /home/airflow/.local/lib/python3.7/site-packages/airflow/example_dags/example_local_kubernetes_executor.py
[2023-04-08 03:00:32,444] {processor.py:641} INFO - Processing file /home/airflow/.local/lib/python3.7/site-packages/airflow/example_dags/example_local_kubernetes_executor.py for tasks to queue
[2023-04-08 03:00:32,445] {logging_mixin.py:115} INFO - [2023-04-08 03:00:32,445] {dagbag.py:507} INFO - Filling up the DagBag from /home/airflow/.local/lib/python3.7/site-packages/airflow/example_dags/example_local_kubernetes_executor.py
[2023-04-08 03:00:32,459] {processor.py:651} INFO - DAG(s) dict_keys(['example_local_kubernetes_executor']) retrieved from /home/airflow/.local/lib/python3.7/site-packages/airflow/example_dags/example_local_kubernetes_executor.py
[2023-04-08 03:00:32,482] {logging_mixin.py:115} INFO - [2023-04-08 03:00:32,482] {dag.py:2371} INFO - Sync 1 DAGs
[2023-04-08 03:00:32,579] {logging_mixin.py:115} INFO - [2023-04-08 03:00:32,579] {dag.py:2919} INFO - Setting next_dagrun for example_local_kubernetes_executor to None, run_after=None
[2023-04-08 03:00:32,593] {processor.py:161} INFO - Processing /home/airflow/.local/lib/python3.7/site-packages/airflow/example_dags/example_local_kubernetes_executor.py took 0.155 seconds
[2023-04-08 03:01:02,979] {processor.py:153} INFO - Started process (PID=846) to work on /home/airflow/.local/lib/python3.7/site-packages/airflow/example_dags/example_local_kubernetes_executor.py
[2023-04-08 03:01:02,983] {processor.py:641} INFO - Processing file /home/airflow/.local/lib/python3.7/site-packages/airflow/example_dags/example_local_kubernetes_executor.py for tasks to queue
[2023-04-08 03:01:02,985] {logging_mixin.py:115} INFO - [2023-04-08 03:01:02,985] {dagbag.py:507} INFO - Filling up the DagBag from /home/airflow/.local/lib/python3.7/site-packages/airflow/example_dags/example_local_kubernetes_executor.py
[2023-04-08 03:01:03,000] {processor.py:651} INFO - DAG(s) dict_keys(['example_local_kubernetes_executor']) retrieved from /home/airflow/.local/lib/python3.7/site-packages/airflow/example_dags/example_local_kubernetes_executor.py
[2023-04-08 03:01:03,025] {logging_mixin.py:115} INFO - [2023-04-08 03:01:03,025] {dag.py:2371} INFO - Sync 1 DAGs
[2023-04-08 03:01:03,134] {logging_mixin.py:115} INFO - [2023-04-08 03:01:03,134] {dag.py:2919} INFO - Setting next_dagrun for example_local_kubernetes_executor to None, run_after=None
[2023-04-08 03:01:03,141] {processor.py:161} INFO - Processing /home/airflow/.local/lib/python3.7/site-packages/airflow/example_dags/example_local_kubernetes_executor.py took 0.166 seconds
[2023-04-08 03:01:33,374] {processor.py:153} INFO - Started process (PID=915) to work on /home/airflow/.local/lib/python3.7/site-packages/airflow/example_dags/example_local_kubernetes_executor.py
[2023-04-08 03:01:33,377] {processor.py:641} INFO - Processing file /home/airflow/.local/lib/python3.7/site-packages/airflow/example_dags/example_local_kubernetes_executor.py for tasks to queue
[2023-04-08 03:01:33,379] {logging_mixin.py:115} INFO - [2023-04-08 03:01:33,379] {dagbag.py:507} INFO - Filling up the DagBag from /home/airflow/.local/lib/python3.7/site-packages/airflow/example_dags/example_local_kubernetes_executor.py
[2023-04-08 03:01:33,397] {processor.py:651} INFO - DAG(s) dict_keys(['example_local_kubernetes_executor']) retrieved from /home/airflow/.local/lib/python3.7/site-packages/airflow/example_dags/example_local_kubernetes_executor.py
[2023-04-08 03:01:33,423] {logging_mixin.py:115} INFO - [2023-04-08 03:01:33,423] {dag.py:2371} INFO - Sync 1 DAGs
[2023-04-08 03:01:33,533] {logging_mixin.py:115} INFO - [2023-04-08 03:01:33,533] {dag.py:2919} INFO - Setting next_dagrun for example_local_kubernetes_executor to None, run_after=None
[2023-04-08 03:01:33,542] {processor.py:161} INFO - Processing /home/airflow/.local/lib/python3.7/site-packages/airflow/example_dags/example_local_kubernetes_executor.py took 0.175 seconds
[2023-04-08 03:02:03,592] {processor.py:153} INFO - Started process (PID=978) to work on /home/airflow/.local/lib/python3.7/site-packages/airflow/example_dags/example_local_kubernetes_executor.py
[2023-04-08 03:02:03,593] {processor.py:641} INFO - Processing file /home/airflow/.local/lib/python3.7/site-packages/airflow/example_dags/example_local_kubernetes_executor.py for tasks to queue
[2023-04-08 03:02:03,594] {logging_mixin.py:115} INFO - [2023-04-08 03:02:03,594] {dagbag.py:507} INFO - Filling up the DagBag from /home/airflow/.local/lib/python3.7/site-packages/airflow/example_dags/example_local_kubernetes_executor.py
[2023-04-08 03:02:03,608] {processor.py:651} INFO - DAG(s) dict_keys(['example_local_kubernetes_executor']) retrieved from /home/airflow/.local/lib/python3.7/site-packages/airflow/example_dags/example_local_kubernetes_executor.py
[2023-04-08 03:02:03,632] {logging_mixin.py:115} INFO - [2023-04-08 03:02:03,632] {dag.py:2371} INFO - Sync 1 DAGs
[2023-04-08 03:02:03,738] {logging_mixin.py:115} INFO - [2023-04-08 03:02:03,738] {dag.py:2919} INFO - Setting next_dagrun for example_local_kubernetes_executor to None, run_after=None
[2023-04-08 03:02:03,746] {processor.py:161} INFO - Processing /home/airflow/.local/lib/python3.7/site-packages/airflow/example_dags/example_local_kubernetes_executor.py took 0.157 seconds
[2023-04-08 03:02:34,107] {processor.py:153} INFO - Started process (PID=1032) to work on /home/airflow/.local/lib/python3.7/site-packages/airflow/example_dags/example_local_kubernetes_executor.py
[2023-04-08 03:02:34,109] {processor.py:641} INFO - Processing file /home/airflow/.local/lib/python3.7/site-packages/airflow/example_dags/example_local_kubernetes_executor.py for tasks to queue
[2023-04-08 03:02:34,110] {logging_mixin.py:115} INFO - [2023-04-08 03:02:34,110] {dagbag.py:507} INFO - Filling up the DagBag from /home/airflow/.local/lib/python3.7/site-packages/airflow/example_dags/example_local_kubernetes_executor.py
[2023-04-08 03:02:34,126] {processor.py:651} INFO - DAG(s) dict_keys(['example_local_kubernetes_executor']) retrieved from /home/airflow/.local/lib/python3.7/site-packages/airflow/example_dags/example_local_kubernetes_executor.py
[2023-04-08 03:02:34,158] {logging_mixin.py:115} INFO - [2023-04-08 03:02:34,158] {dag.py:2371} INFO - Sync 1 DAGs
[2023-04-08 03:02:34,263] {logging_mixin.py:115} INFO - [2023-04-08 03:02:34,263] {dag.py:2919} INFO - Setting next_dagrun for example_local_kubernetes_executor to None, run_after=None
[2023-04-08 03:02:34,271] {processor.py:161} INFO - Processing /home/airflow/.local/lib/python3.7/site-packages/airflow/example_dags/example_local_kubernetes_executor.py took 0.168 seconds
[2023-04-08 03:03:04,619] {processor.py:153} INFO - Started process (PID=1094) to work on /home/airflow/.local/lib/python3.7/site-packages/airflow/example_dags/example_local_kubernetes_executor.py
[2023-04-08 03:03:04,621] {processor.py:641} INFO - Processing file /home/airflow/.local/lib/python3.7/site-packages/airflow/example_dags/example_local_kubernetes_executor.py for tasks to queue
[2023-04-08 03:03:04,623] {logging_mixin.py:115} INFO - [2023-04-08 03:03:04,623] {dagbag.py:507} INFO - Filling up the DagBag from /home/airflow/.local/lib/python3.7/site-packages/airflow/example_dags/example_local_kubernetes_executor.py
[2023-04-08 03:03:04,638] {processor.py:651} INFO - DAG(s) dict_keys(['example_local_kubernetes_executor']) retrieved from /home/airflow/.local/lib/python3.7/site-packages/airflow/example_dags/example_local_kubernetes_executor.py
[2023-04-08 03:03:04,665] {logging_mixin.py:115} INFO - [2023-04-08 03:03:04,665] {dag.py:2371} INFO - Sync 1 DAGs
[2023-04-08 03:03:04,781] {logging_mixin.py:115} INFO - [2023-04-08 03:03:04,781] {dag.py:2919} INFO - Setting next_dagrun for example_local_kubernetes_executor to None, run_after=None
[2023-04-08 03:03:04,790] {processor.py:161} INFO - Processing /home/airflow/.local/lib/python3.7/site-packages/airflow/example_dags/example_local_kubernetes_executor.py took 0.173 seconds
[2023-04-08 03:03:35,113] {processor.py:153} INFO - Started process (PID=1157) to work on /home/airflow/.local/lib/python3.7/site-packages/airflow/example_dags/example_local_kubernetes_executor.py
[2023-04-08 03:03:35,119] {processor.py:641} INFO - Processing file /home/airflow/.local/lib/python3.7/site-packages/airflow/example_dags/example_local_kubernetes_executor.py for tasks to queue
[2023-04-08 03:03:35,121] {logging_mixin.py:115} INFO - [2023-04-08 03:03:35,121] {dagbag.py:507} INFO - Filling up the DagBag from /home/airflow/.local/lib/python3.7/site-packages/airflow/example_dags/example_local_kubernetes_executor.py
[2023-04-08 03:03:35,134] {processor.py:651} INFO - DAG(s) dict_keys(['example_local_kubernetes_executor']) retrieved from /home/airflow/.local/lib/python3.7/site-packages/airflow/example_dags/example_local_kubernetes_executor.py
[2023-04-08 03:03:35,159] {logging_mixin.py:115} INFO - [2023-04-08 03:03:35,159] {dag.py:2371} INFO - Sync 1 DAGs
[2023-04-08 03:03:35,262] {logging_mixin.py:115} INFO - [2023-04-08 03:03:35,262] {dag.py:2919} INFO - Setting next_dagrun for example_local_kubernetes_executor to None, run_after=None
[2023-04-08 03:03:35,270] {processor.py:161} INFO - Processing /home/airflow/.local/lib/python3.7/site-packages/airflow/example_dags/example_local_kubernetes_executor.py took 0.160 seconds
[2023-04-08 03:04:05,448] {processor.py:153} INFO - Started process (PID=1221) to work on /home/airflow/.local/lib/python3.7/site-packages/airflow/example_dags/example_local_kubernetes_executor.py
[2023-04-08 03:04:05,450] {processor.py:641} INFO - Processing file /home/airflow/.local/lib/python3.7/site-packages/airflow/example_dags/example_local_kubernetes_executor.py for tasks to queue
[2023-04-08 03:04:05,452] {logging_mixin.py:115} INFO - [2023-04-08 03:04:05,451] {dagbag.py:507} INFO - Filling up the DagBag from /home/airflow/.local/lib/python3.7/site-packages/airflow/example_dags/example_local_kubernetes_executor.py
[2023-04-08 03:04:05,467] {processor.py:651} INFO - DAG(s) dict_keys(['example_local_kubernetes_executor']) retrieved from /home/airflow/.local/lib/python3.7/site-packages/airflow/example_dags/example_local_kubernetes_executor.py
[2023-04-08 03:04:05,493] {logging_mixin.py:115} INFO - [2023-04-08 03:04:05,493] {dag.py:2371} INFO - Sync 1 DAGs
[2023-04-08 03:04:05,693] {logging_mixin.py:115} INFO - [2023-04-08 03:04:05,693] {dag.py:2919} INFO - Setting next_dagrun for example_local_kubernetes_executor to None, run_after=None
[2023-04-08 03:04:05,701] {processor.py:161} INFO - Processing /home/airflow/.local/lib/python3.7/site-packages/airflow/example_dags/example_local_kubernetes_executor.py took 0.257 seconds
[2023-04-08 03:04:35,826] {processor.py:153} INFO - Started process (PID=1284) to work on /home/airflow/.local/lib/python3.7/site-packages/airflow/example_dags/example_local_kubernetes_executor.py
[2023-04-08 03:04:35,828] {processor.py:641} INFO - Processing file /home/airflow/.local/lib/python3.7/site-packages/airflow/example_dags/example_local_kubernetes_executor.py for tasks to queue
[2023-04-08 03:04:35,829] {logging_mixin.py:115} INFO - [2023-04-08 03:04:35,829] {dagbag.py:507} INFO - Filling up the DagBag from /home/airflow/.local/lib/python3.7/site-packages/airflow/example_dags/example_local_kubernetes_executor.py
[2023-04-08 03:04:35,846] {processor.py:651} INFO - DAG(s) dict_keys(['example_local_kubernetes_executor']) retrieved from /home/airflow/.local/lib/python3.7/site-packages/airflow/example_dags/example_local_kubernetes_executor.py
[2023-04-08 03:04:35,871] {logging_mixin.py:115} INFO - [2023-04-08 03:04:35,871] {dag.py:2371} INFO - Sync 1 DAGs
[2023-04-08 03:04:35,965] {logging_mixin.py:115} INFO - [2023-04-08 03:04:35,965] {dag.py:2919} INFO - Setting next_dagrun for example_local_kubernetes_executor to None, run_after=None
[2023-04-08 03:04:35,974] {processor.py:161} INFO - Processing /home/airflow/.local/lib/python3.7/site-packages/airflow/example_dags/example_local_kubernetes_executor.py took 0.152 seconds
[2023-04-08 03:05:06,200] {processor.py:153} INFO - Started process (PID=1338) to work on /home/airflow/.local/lib/python3.7/site-packages/airflow/example_dags/example_local_kubernetes_executor.py
[2023-04-08 03:05:06,201] {processor.py:641} INFO - Processing file /home/airflow/.local/lib/python3.7/site-packages/airflow/example_dags/example_local_kubernetes_executor.py for tasks to queue
[2023-04-08 03:05:06,203] {logging_mixin.py:115} INFO - [2023-04-08 03:05:06,203] {dagbag.py:507} INFO - Filling up the DagBag from /home/airflow/.local/lib/python3.7/site-packages/airflow/example_dags/example_local_kubernetes_executor.py
[2023-04-08 03:05:06,216] {processor.py:651} INFO - DAG(s) dict_keys(['example_local_kubernetes_executor']) retrieved from /home/airflow/.local/lib/python3.7/site-packages/airflow/example_dags/example_local_kubernetes_executor.py
[2023-04-08 03:05:06,246] {logging_mixin.py:115} INFO - [2023-04-08 03:05:06,245] {dag.py:2371} INFO - Sync 1 DAGs
[2023-04-08 03:05:06,344] {logging_mixin.py:115} INFO - [2023-04-08 03:05:06,343] {dag.py:2919} INFO - Setting next_dagrun for example_local_kubernetes_executor to None, run_after=None
[2023-04-08 03:05:06,355] {processor.py:161} INFO - Processing /home/airflow/.local/lib/python3.7/site-packages/airflow/example_dags/example_local_kubernetes_executor.py took 0.159 seconds
[2023-04-08 03:05:36,462] {processor.py:153} INFO - Started process (PID=1400) to work on /home/airflow/.local/lib/python3.7/site-packages/airflow/example_dags/example_local_kubernetes_executor.py
[2023-04-08 03:05:36,464] {processor.py:641} INFO - Processing file /home/airflow/.local/lib/python3.7/site-packages/airflow/example_dags/example_local_kubernetes_executor.py for tasks to queue
[2023-04-08 03:05:36,465] {logging_mixin.py:115} INFO - [2023-04-08 03:05:36,465] {dagbag.py:507} INFO - Filling up the DagBag from /home/airflow/.local/lib/python3.7/site-packages/airflow/example_dags/example_local_kubernetes_executor.py
[2023-04-08 03:05:36,488] {processor.py:651} INFO - DAG(s) dict_keys(['example_local_kubernetes_executor']) retrieved from /home/airflow/.local/lib/python3.7/site-packages/airflow/example_dags/example_local_kubernetes_executor.py
[2023-04-08 03:05:36,513] {logging_mixin.py:115} INFO - [2023-04-08 03:05:36,513] {dag.py:2371} INFO - Sync 1 DAGs
[2023-04-08 03:05:36,619] {logging_mixin.py:115} INFO - [2023-04-08 03:05:36,619] {dag.py:2919} INFO - Setting next_dagrun for example_local_kubernetes_executor to None, run_after=None
[2023-04-08 03:05:36,627] {processor.py:161} INFO - Processing /home/airflow/.local/lib/python3.7/site-packages/airflow/example_dags/example_local_kubernetes_executor.py took 0.169 seconds
[2023-04-08 03:06:06,850] {processor.py:153} INFO - Started process (PID=1463) to work on /home/airflow/.local/lib/python3.7/site-packages/airflow/example_dags/example_local_kubernetes_executor.py
[2023-04-08 03:06:06,851] {processor.py:641} INFO - Processing file /home/airflow/.local/lib/python3.7/site-packages/airflow/example_dags/example_local_kubernetes_executor.py for tasks to queue
[2023-04-08 03:06:06,853] {logging_mixin.py:115} INFO - [2023-04-08 03:06:06,853] {dagbag.py:507} INFO - Filling up the DagBag from /home/airflow/.local/lib/python3.7/site-packages/airflow/example_dags/example_local_kubernetes_executor.py
[2023-04-08 03:06:06,865] {processor.py:651} INFO - DAG(s) dict_keys(['example_local_kubernetes_executor']) retrieved from /home/airflow/.local/lib/python3.7/site-packages/airflow/example_dags/example_local_kubernetes_executor.py
[2023-04-08 03:06:06,890] {logging_mixin.py:115} INFO - [2023-04-08 03:06:06,890] {dag.py:2371} INFO - Sync 1 DAGs
[2023-04-08 03:06:06,988] {logging_mixin.py:115} INFO - [2023-04-08 03:06:06,988] {dag.py:2919} INFO - Setting next_dagrun for example_local_kubernetes_executor to None, run_after=None
[2023-04-08 03:06:06,999] {processor.py:161} INFO - Processing /home/airflow/.local/lib/python3.7/site-packages/airflow/example_dags/example_local_kubernetes_executor.py took 0.152 seconds
