[2023-04-08 02:54:23,782] {processor.py:153} INFO - Started process (PID=35) to work on /home/airflow/.local/lib/python3.7/site-packages/airflow/example_dags/example_trigger_target_dag.py
[2023-04-08 02:54:23,794] {processor.py:641} INFO - Processing file /home/airflow/.local/lib/python3.7/site-packages/airflow/example_dags/example_trigger_target_dag.py for tasks to queue
[2023-04-08 02:54:23,814] {logging_mixin.py:115} INFO - [2023-04-08 02:54:23,810] {dagbag.py:507} INFO - Filling up the DagBag from /home/airflow/.local/lib/python3.7/site-packages/airflow/example_dags/example_trigger_target_dag.py
[2023-04-08 02:54:23,881] {processor.py:651} INFO - DAG(s) dict_keys(['example_trigger_target_dag']) retrieved from /home/airflow/.local/lib/python3.7/site-packages/airflow/example_dags/example_trigger_target_dag.py
[2023-04-08 02:54:24,317] {logging_mixin.py:115} INFO - [2023-04-08 02:54:24,317] {manager.py:508} INFO - Created Permission View: can delete on DAG:example_trigger_target_dag
[2023-04-08 02:54:24,462] {logging_mixin.py:115} INFO - [2023-04-08 02:54:24,462] {manager.py:508} INFO - Created Permission View: can edit on DAG:example_trigger_target_dag
[2023-04-08 02:54:24,541] {logging_mixin.py:115} INFO - [2023-04-08 02:54:24,540] {manager.py:508} INFO - Created Permission View: can read on DAG:example_trigger_target_dag
[2023-04-08 02:54:24,574] {logging_mixin.py:115} INFO - [2023-04-08 02:54:24,574] {dag.py:2371} INFO - Sync 1 DAGs
[2023-04-08 02:54:24,653] {logging_mixin.py:115} INFO - [2023-04-08 02:54:24,653] {dag.py:2390} INFO - Creating ORM DAG for example_trigger_target_dag
[2023-04-08 02:54:24,720] {logging_mixin.py:115} INFO - [2023-04-08 02:54:24,720] {dag.py:2919} INFO - Setting next_dagrun for example_trigger_target_dag to None, run_after=None
[2023-04-08 02:54:24,756] {processor.py:161} INFO - Processing /home/airflow/.local/lib/python3.7/site-packages/airflow/example_dags/example_trigger_target_dag.py took 0.980 seconds
[2023-04-08 02:54:55,204] {processor.py:153} INFO - Started process (PID=97) to work on /home/airflow/.local/lib/python3.7/site-packages/airflow/example_dags/example_trigger_target_dag.py
[2023-04-08 02:54:55,217] {processor.py:641} INFO - Processing file /home/airflow/.local/lib/python3.7/site-packages/airflow/example_dags/example_trigger_target_dag.py for tasks to queue
[2023-04-08 02:54:55,225] {logging_mixin.py:115} INFO - [2023-04-08 02:54:55,225] {dagbag.py:507} INFO - Filling up the DagBag from /home/airflow/.local/lib/python3.7/site-packages/airflow/example_dags/example_trigger_target_dag.py
[2023-04-08 02:54:55,242] {processor.py:651} INFO - DAG(s) dict_keys(['example_trigger_target_dag']) retrieved from /home/airflow/.local/lib/python3.7/site-packages/airflow/example_dags/example_trigger_target_dag.py
[2023-04-08 02:54:55,294] {logging_mixin.py:115} INFO - [2023-04-08 02:54:55,293] {dag.py:2371} INFO - Sync 1 DAGs
[2023-04-08 02:54:55,440] {logging_mixin.py:115} INFO - [2023-04-08 02:54:55,440] {dag.py:2919} INFO - Setting next_dagrun for example_trigger_target_dag to None, run_after=None
[2023-04-08 02:54:55,525] {processor.py:161} INFO - Processing /home/airflow/.local/lib/python3.7/site-packages/airflow/example_dags/example_trigger_target_dag.py took 0.324 seconds
[2023-04-08 02:55:26,170] {processor.py:153} INFO - Started process (PID=161) to work on /home/airflow/.local/lib/python3.7/site-packages/airflow/example_dags/example_trigger_target_dag.py
[2023-04-08 02:55:26,174] {processor.py:641} INFO - Processing file /home/airflow/.local/lib/python3.7/site-packages/airflow/example_dags/example_trigger_target_dag.py for tasks to queue
[2023-04-08 02:55:26,176] {logging_mixin.py:115} INFO - [2023-04-08 02:55:26,176] {dagbag.py:507} INFO - Filling up the DagBag from /home/airflow/.local/lib/python3.7/site-packages/airflow/example_dags/example_trigger_target_dag.py
[2023-04-08 02:55:26,189] {processor.py:651} INFO - DAG(s) dict_keys(['example_trigger_target_dag']) retrieved from /home/airflow/.local/lib/python3.7/site-packages/airflow/example_dags/example_trigger_target_dag.py
[2023-04-08 02:55:26,217] {logging_mixin.py:115} INFO - [2023-04-08 02:55:26,217] {dag.py:2371} INFO - Sync 1 DAGs
[2023-04-08 02:55:26,375] {logging_mixin.py:115} INFO - [2023-04-08 02:55:26,375] {dag.py:2919} INFO - Setting next_dagrun for example_trigger_target_dag to None, run_after=None
[2023-04-08 02:55:26,387] {processor.py:161} INFO - Processing /home/airflow/.local/lib/python3.7/site-packages/airflow/example_dags/example_trigger_target_dag.py took 0.220 seconds
[2023-04-08 02:55:57,026] {processor.py:153} INFO - Started process (PID=224) to work on /home/airflow/.local/lib/python3.7/site-packages/airflow/example_dags/example_trigger_target_dag.py
[2023-04-08 02:55:57,028] {processor.py:641} INFO - Processing file /home/airflow/.local/lib/python3.7/site-packages/airflow/example_dags/example_trigger_target_dag.py for tasks to queue
[2023-04-08 02:55:57,030] {logging_mixin.py:115} INFO - [2023-04-08 02:55:57,030] {dagbag.py:507} INFO - Filling up the DagBag from /home/airflow/.local/lib/python3.7/site-packages/airflow/example_dags/example_trigger_target_dag.py
[2023-04-08 02:55:57,045] {processor.py:651} INFO - DAG(s) dict_keys(['example_trigger_target_dag']) retrieved from /home/airflow/.local/lib/python3.7/site-packages/airflow/example_dags/example_trigger_target_dag.py
[2023-04-08 02:55:57,072] {logging_mixin.py:115} INFO - [2023-04-08 02:55:57,072] {dag.py:2371} INFO - Sync 1 DAGs
[2023-04-08 02:55:57,183] {logging_mixin.py:115} INFO - [2023-04-08 02:55:57,183] {dag.py:2919} INFO - Setting next_dagrun for example_trigger_target_dag to None, run_after=None
[2023-04-08 02:55:57,191] {processor.py:161} INFO - Processing /home/airflow/.local/lib/python3.7/site-packages/airflow/example_dags/example_trigger_target_dag.py took 0.168 seconds
[2023-04-08 02:56:27,376] {processor.py:153} INFO - Started process (PID=278) to work on /home/airflow/.local/lib/python3.7/site-packages/airflow/example_dags/example_trigger_target_dag.py
[2023-04-08 02:56:27,377] {processor.py:641} INFO - Processing file /home/airflow/.local/lib/python3.7/site-packages/airflow/example_dags/example_trigger_target_dag.py for tasks to queue
[2023-04-08 02:56:27,379] {logging_mixin.py:115} INFO - [2023-04-08 02:56:27,379] {dagbag.py:507} INFO - Filling up the DagBag from /home/airflow/.local/lib/python3.7/site-packages/airflow/example_dags/example_trigger_target_dag.py
[2023-04-08 02:56:27,392] {processor.py:651} INFO - DAG(s) dict_keys(['example_trigger_target_dag']) retrieved from /home/airflow/.local/lib/python3.7/site-packages/airflow/example_dags/example_trigger_target_dag.py
[2023-04-08 02:56:27,417] {logging_mixin.py:115} INFO - [2023-04-08 02:56:27,417] {dag.py:2371} INFO - Sync 1 DAGs
[2023-04-08 02:56:27,539] {logging_mixin.py:115} INFO - [2023-04-08 02:56:27,539] {dag.py:2919} INFO - Setting next_dagrun for example_trigger_target_dag to None, run_after=None
[2023-04-08 02:56:27,548] {processor.py:161} INFO - Processing /home/airflow/.local/lib/python3.7/site-packages/airflow/example_dags/example_trigger_target_dag.py took 0.175 seconds
[2023-04-08 02:56:57,716] {processor.py:153} INFO - Started process (PID=341) to work on /home/airflow/.local/lib/python3.7/site-packages/airflow/example_dags/example_trigger_target_dag.py
[2023-04-08 02:56:57,718] {processor.py:641} INFO - Processing file /home/airflow/.local/lib/python3.7/site-packages/airflow/example_dags/example_trigger_target_dag.py for tasks to queue
[2023-04-08 02:56:57,719] {logging_mixin.py:115} INFO - [2023-04-08 02:56:57,719] {dagbag.py:507} INFO - Filling up the DagBag from /home/airflow/.local/lib/python3.7/site-packages/airflow/example_dags/example_trigger_target_dag.py
[2023-04-08 02:56:57,733] {processor.py:651} INFO - DAG(s) dict_keys(['example_trigger_target_dag']) retrieved from /home/airflow/.local/lib/python3.7/site-packages/airflow/example_dags/example_trigger_target_dag.py
[2023-04-08 02:56:57,757] {logging_mixin.py:115} INFO - [2023-04-08 02:56:57,756] {dag.py:2371} INFO - Sync 1 DAGs
[2023-04-08 02:56:57,874] {logging_mixin.py:115} INFO - [2023-04-08 02:56:57,874] {dag.py:2919} INFO - Setting next_dagrun for example_trigger_target_dag to None, run_after=None
[2023-04-08 02:56:57,882] {processor.py:161} INFO - Processing /home/airflow/.local/lib/python3.7/site-packages/airflow/example_dags/example_trigger_target_dag.py took 0.170 seconds
[2023-04-08 02:57:28,551] {processor.py:153} INFO - Started process (PID=404) to work on /home/airflow/.local/lib/python3.7/site-packages/airflow/example_dags/example_trigger_target_dag.py
[2023-04-08 02:57:28,552] {processor.py:641} INFO - Processing file /home/airflow/.local/lib/python3.7/site-packages/airflow/example_dags/example_trigger_target_dag.py for tasks to queue
[2023-04-08 02:57:28,553] {logging_mixin.py:115} INFO - [2023-04-08 02:57:28,553] {dagbag.py:507} INFO - Filling up the DagBag from /home/airflow/.local/lib/python3.7/site-packages/airflow/example_dags/example_trigger_target_dag.py
[2023-04-08 02:57:28,564] {processor.py:651} INFO - DAG(s) dict_keys(['example_trigger_target_dag']) retrieved from /home/airflow/.local/lib/python3.7/site-packages/airflow/example_dags/example_trigger_target_dag.py
[2023-04-08 02:57:28,589] {logging_mixin.py:115} INFO - [2023-04-08 02:57:28,589] {dag.py:2371} INFO - Sync 1 DAGs
[2023-04-08 02:57:28,698] {logging_mixin.py:115} INFO - [2023-04-08 02:57:28,698] {dag.py:2919} INFO - Setting next_dagrun for example_trigger_target_dag to None, run_after=None
[2023-04-08 02:57:28,706] {processor.py:161} INFO - Processing /home/airflow/.local/lib/python3.7/site-packages/airflow/example_dags/example_trigger_target_dag.py took 0.158 seconds
[2023-04-08 02:57:59,471] {processor.py:153} INFO - Started process (PID=467) to work on /home/airflow/.local/lib/python3.7/site-packages/airflow/example_dags/example_trigger_target_dag.py
[2023-04-08 02:57:59,473] {processor.py:641} INFO - Processing file /home/airflow/.local/lib/python3.7/site-packages/airflow/example_dags/example_trigger_target_dag.py for tasks to queue
[2023-04-08 02:57:59,474] {logging_mixin.py:115} INFO - [2023-04-08 02:57:59,474] {dagbag.py:507} INFO - Filling up the DagBag from /home/airflow/.local/lib/python3.7/site-packages/airflow/example_dags/example_trigger_target_dag.py
[2023-04-08 02:57:59,485] {processor.py:651} INFO - DAG(s) dict_keys(['example_trigger_target_dag']) retrieved from /home/airflow/.local/lib/python3.7/site-packages/airflow/example_dags/example_trigger_target_dag.py
[2023-04-08 02:57:59,510] {logging_mixin.py:115} INFO - [2023-04-08 02:57:59,510] {dag.py:2371} INFO - Sync 1 DAGs
[2023-04-08 02:57:59,616] {logging_mixin.py:115} INFO - [2023-04-08 02:57:59,616] {dag.py:2919} INFO - Setting next_dagrun for example_trigger_target_dag to None, run_after=None
[2023-04-08 02:57:59,623] {processor.py:161} INFO - Processing /home/airflow/.local/lib/python3.7/site-packages/airflow/example_dags/example_trigger_target_dag.py took 0.154 seconds
[2023-04-08 02:58:29,962] {processor.py:153} INFO - Started process (PID=530) to work on /home/airflow/.local/lib/python3.7/site-packages/airflow/example_dags/example_trigger_target_dag.py
[2023-04-08 02:58:29,964] {processor.py:641} INFO - Processing file /home/airflow/.local/lib/python3.7/site-packages/airflow/example_dags/example_trigger_target_dag.py for tasks to queue
[2023-04-08 02:58:29,966] {logging_mixin.py:115} INFO - [2023-04-08 02:58:29,966] {dagbag.py:507} INFO - Filling up the DagBag from /home/airflow/.local/lib/python3.7/site-packages/airflow/example_dags/example_trigger_target_dag.py
[2023-04-08 02:58:29,982] {processor.py:651} INFO - DAG(s) dict_keys(['example_trigger_target_dag']) retrieved from /home/airflow/.local/lib/python3.7/site-packages/airflow/example_dags/example_trigger_target_dag.py
[2023-04-08 02:58:30,016] {logging_mixin.py:115} INFO - [2023-04-08 02:58:30,016] {dag.py:2371} INFO - Sync 1 DAGs
[2023-04-08 02:58:30,125] {logging_mixin.py:115} INFO - [2023-04-08 02:58:30,125] {dag.py:2919} INFO - Setting next_dagrun for example_trigger_target_dag to None, run_after=None
[2023-04-08 02:58:30,134] {processor.py:161} INFO - Processing /home/airflow/.local/lib/python3.7/site-packages/airflow/example_dags/example_trigger_target_dag.py took 0.176 seconds
[2023-04-08 02:59:00,260] {processor.py:153} INFO - Started process (PID=593) to work on /home/airflow/.local/lib/python3.7/site-packages/airflow/example_dags/example_trigger_target_dag.py
[2023-04-08 02:59:00,265] {processor.py:641} INFO - Processing file /home/airflow/.local/lib/python3.7/site-packages/airflow/example_dags/example_trigger_target_dag.py for tasks to queue
[2023-04-08 02:59:00,267] {logging_mixin.py:115} INFO - [2023-04-08 02:59:00,267] {dagbag.py:507} INFO - Filling up the DagBag from /home/airflow/.local/lib/python3.7/site-packages/airflow/example_dags/example_trigger_target_dag.py
[2023-04-08 02:59:00,277] {processor.py:651} INFO - DAG(s) dict_keys(['example_trigger_target_dag']) retrieved from /home/airflow/.local/lib/python3.7/site-packages/airflow/example_dags/example_trigger_target_dag.py
[2023-04-08 02:59:00,299] {logging_mixin.py:115} INFO - [2023-04-08 02:59:00,299] {dag.py:2371} INFO - Sync 1 DAGs
[2023-04-08 02:59:00,398] {logging_mixin.py:115} INFO - [2023-04-08 02:59:00,398] {dag.py:2919} INFO - Setting next_dagrun for example_trigger_target_dag to None, run_after=None
[2023-04-08 02:59:00,406] {processor.py:161} INFO - Processing /home/airflow/.local/lib/python3.7/site-packages/airflow/example_dags/example_trigger_target_dag.py took 0.149 seconds
[2023-04-08 02:59:30,866] {processor.py:153} INFO - Started process (PID=647) to work on /home/airflow/.local/lib/python3.7/site-packages/airflow/example_dags/example_trigger_target_dag.py
[2023-04-08 02:59:30,868] {processor.py:641} INFO - Processing file /home/airflow/.local/lib/python3.7/site-packages/airflow/example_dags/example_trigger_target_dag.py for tasks to queue
[2023-04-08 02:59:30,870] {logging_mixin.py:115} INFO - [2023-04-08 02:59:30,869] {dagbag.py:507} INFO - Filling up the DagBag from /home/airflow/.local/lib/python3.7/site-packages/airflow/example_dags/example_trigger_target_dag.py
[2023-04-08 02:59:30,887] {processor.py:651} INFO - DAG(s) dict_keys(['example_trigger_target_dag']) retrieved from /home/airflow/.local/lib/python3.7/site-packages/airflow/example_dags/example_trigger_target_dag.py
[2023-04-08 02:59:30,912] {logging_mixin.py:115} INFO - [2023-04-08 02:59:30,912] {dag.py:2371} INFO - Sync 1 DAGs
[2023-04-08 02:59:31,014] {logging_mixin.py:115} INFO - [2023-04-08 02:59:31,014] {dag.py:2919} INFO - Setting next_dagrun for example_trigger_target_dag to None, run_after=None
[2023-04-08 02:59:31,023] {processor.py:161} INFO - Processing /home/airflow/.local/lib/python3.7/site-packages/airflow/example_dags/example_trigger_target_dag.py took 0.160 seconds
[2023-04-08 03:00:01,106] {processor.py:153} INFO - Started process (PID=720) to work on /home/airflow/.local/lib/python3.7/site-packages/airflow/example_dags/example_trigger_target_dag.py
[2023-04-08 03:00:01,108] {processor.py:641} INFO - Processing file /home/airflow/.local/lib/python3.7/site-packages/airflow/example_dags/example_trigger_target_dag.py for tasks to queue
[2023-04-08 03:00:01,110] {logging_mixin.py:115} INFO - [2023-04-08 03:00:01,110] {dagbag.py:507} INFO - Filling up the DagBag from /home/airflow/.local/lib/python3.7/site-packages/airflow/example_dags/example_trigger_target_dag.py
[2023-04-08 03:00:01,214] {processor.py:651} INFO - DAG(s) dict_keys(['example_trigger_target_dag']) retrieved from /home/airflow/.local/lib/python3.7/site-packages/airflow/example_dags/example_trigger_target_dag.py
[2023-04-08 03:00:01,245] {logging_mixin.py:115} INFO - [2023-04-08 03:00:01,245] {dag.py:2371} INFO - Sync 1 DAGs
[2023-04-08 03:00:01,356] {logging_mixin.py:115} INFO - [2023-04-08 03:00:01,356] {dag.py:2919} INFO - Setting next_dagrun for example_trigger_target_dag to None, run_after=None
[2023-04-08 03:00:01,365] {processor.py:161} INFO - Processing /home/airflow/.local/lib/python3.7/site-packages/airflow/example_dags/example_trigger_target_dag.py took 0.263 seconds
[2023-04-08 03:00:31,418] {processor.py:153} INFO - Started process (PID=782) to work on /home/airflow/.local/lib/python3.7/site-packages/airflow/example_dags/example_trigger_target_dag.py
[2023-04-08 03:00:31,421] {processor.py:641} INFO - Processing file /home/airflow/.local/lib/python3.7/site-packages/airflow/example_dags/example_trigger_target_dag.py for tasks to queue
[2023-04-08 03:00:31,422] {logging_mixin.py:115} INFO - [2023-04-08 03:00:31,422] {dagbag.py:507} INFO - Filling up the DagBag from /home/airflow/.local/lib/python3.7/site-packages/airflow/example_dags/example_trigger_target_dag.py
[2023-04-08 03:00:31,433] {processor.py:651} INFO - DAG(s) dict_keys(['example_trigger_target_dag']) retrieved from /home/airflow/.local/lib/python3.7/site-packages/airflow/example_dags/example_trigger_target_dag.py
[2023-04-08 03:00:31,456] {logging_mixin.py:115} INFO - [2023-04-08 03:00:31,456] {dag.py:2371} INFO - Sync 1 DAGs
[2023-04-08 03:00:31,558] {logging_mixin.py:115} INFO - [2023-04-08 03:00:31,558] {dag.py:2919} INFO - Setting next_dagrun for example_trigger_target_dag to None, run_after=None
[2023-04-08 03:00:31,566] {processor.py:161} INFO - Processing /home/airflow/.local/lib/python3.7/site-packages/airflow/example_dags/example_trigger_target_dag.py took 0.151 seconds
[2023-04-08 03:01:01,876] {processor.py:153} INFO - Started process (PID=845) to work on /home/airflow/.local/lib/python3.7/site-packages/airflow/example_dags/example_trigger_target_dag.py
[2023-04-08 03:01:01,879] {processor.py:641} INFO - Processing file /home/airflow/.local/lib/python3.7/site-packages/airflow/example_dags/example_trigger_target_dag.py for tasks to queue
[2023-04-08 03:01:01,881] {logging_mixin.py:115} INFO - [2023-04-08 03:01:01,880] {dagbag.py:507} INFO - Filling up the DagBag from /home/airflow/.local/lib/python3.7/site-packages/airflow/example_dags/example_trigger_target_dag.py
[2023-04-08 03:01:01,896] {processor.py:651} INFO - DAG(s) dict_keys(['example_trigger_target_dag']) retrieved from /home/airflow/.local/lib/python3.7/site-packages/airflow/example_dags/example_trigger_target_dag.py
[2023-04-08 03:01:01,924] {logging_mixin.py:115} INFO - [2023-04-08 03:01:01,924] {dag.py:2371} INFO - Sync 1 DAGs
[2023-04-08 03:01:02,029] {logging_mixin.py:115} INFO - [2023-04-08 03:01:02,029] {dag.py:2919} INFO - Setting next_dagrun for example_trigger_target_dag to None, run_after=None
[2023-04-08 03:01:02,037] {processor.py:161} INFO - Processing /home/airflow/.local/lib/python3.7/site-packages/airflow/example_dags/example_trigger_target_dag.py took 0.165 seconds
[2023-04-08 03:01:32,249] {processor.py:153} INFO - Started process (PID=914) to work on /home/airflow/.local/lib/python3.7/site-packages/airflow/example_dags/example_trigger_target_dag.py
[2023-04-08 03:01:32,252] {processor.py:641} INFO - Processing file /home/airflow/.local/lib/python3.7/site-packages/airflow/example_dags/example_trigger_target_dag.py for tasks to queue
[2023-04-08 03:01:32,254] {logging_mixin.py:115} INFO - [2023-04-08 03:01:32,254] {dagbag.py:507} INFO - Filling up the DagBag from /home/airflow/.local/lib/python3.7/site-packages/airflow/example_dags/example_trigger_target_dag.py
[2023-04-08 03:01:32,270] {processor.py:651} INFO - DAG(s) dict_keys(['example_trigger_target_dag']) retrieved from /home/airflow/.local/lib/python3.7/site-packages/airflow/example_dags/example_trigger_target_dag.py
[2023-04-08 03:01:32,295] {logging_mixin.py:115} INFO - [2023-04-08 03:01:32,295] {dag.py:2371} INFO - Sync 1 DAGs
[2023-04-08 03:01:32,394] {logging_mixin.py:115} INFO - [2023-04-08 03:01:32,394] {dag.py:2919} INFO - Setting next_dagrun for example_trigger_target_dag to None, run_after=None
[2023-04-08 03:01:32,402] {processor.py:161} INFO - Processing /home/airflow/.local/lib/python3.7/site-packages/airflow/example_dags/example_trigger_target_dag.py took 0.157 seconds
[2023-04-08 03:02:02,586] {processor.py:153} INFO - Started process (PID=968) to work on /home/airflow/.local/lib/python3.7/site-packages/airflow/example_dags/example_trigger_target_dag.py
[2023-04-08 03:02:02,592] {processor.py:641} INFO - Processing file /home/airflow/.local/lib/python3.7/site-packages/airflow/example_dags/example_trigger_target_dag.py for tasks to queue
[2023-04-08 03:02:02,595] {logging_mixin.py:115} INFO - [2023-04-08 03:02:02,595] {dagbag.py:507} INFO - Filling up the DagBag from /home/airflow/.local/lib/python3.7/site-packages/airflow/example_dags/example_trigger_target_dag.py
[2023-04-08 03:02:02,605] {processor.py:651} INFO - DAG(s) dict_keys(['example_trigger_target_dag']) retrieved from /home/airflow/.local/lib/python3.7/site-packages/airflow/example_dags/example_trigger_target_dag.py
[2023-04-08 03:02:02,628] {logging_mixin.py:115} INFO - [2023-04-08 03:02:02,628] {dag.py:2371} INFO - Sync 1 DAGs
[2023-04-08 03:02:02,725] {logging_mixin.py:115} INFO - [2023-04-08 03:02:02,725] {dag.py:2919} INFO - Setting next_dagrun for example_trigger_target_dag to None, run_after=None
[2023-04-08 03:02:02,733] {processor.py:161} INFO - Processing /home/airflow/.local/lib/python3.7/site-packages/airflow/example_dags/example_trigger_target_dag.py took 0.150 seconds
[2023-04-08 03:02:33,114] {processor.py:153} INFO - Started process (PID=1031) to work on /home/airflow/.local/lib/python3.7/site-packages/airflow/example_dags/example_trigger_target_dag.py
[2023-04-08 03:02:33,116] {processor.py:641} INFO - Processing file /home/airflow/.local/lib/python3.7/site-packages/airflow/example_dags/example_trigger_target_dag.py for tasks to queue
[2023-04-08 03:02:33,118] {logging_mixin.py:115} INFO - [2023-04-08 03:02:33,117] {dagbag.py:507} INFO - Filling up the DagBag from /home/airflow/.local/lib/python3.7/site-packages/airflow/example_dags/example_trigger_target_dag.py
[2023-04-08 03:02:33,130] {processor.py:651} INFO - DAG(s) dict_keys(['example_trigger_target_dag']) retrieved from /home/airflow/.local/lib/python3.7/site-packages/airflow/example_dags/example_trigger_target_dag.py
[2023-04-08 03:02:33,154] {logging_mixin.py:115} INFO - [2023-04-08 03:02:33,154] {dag.py:2371} INFO - Sync 1 DAGs
[2023-04-08 03:02:33,250] {logging_mixin.py:115} INFO - [2023-04-08 03:02:33,250] {dag.py:2919} INFO - Setting next_dagrun for example_trigger_target_dag to None, run_after=None
[2023-04-08 03:02:33,258] {processor.py:161} INFO - Processing /home/airflow/.local/lib/python3.7/site-packages/airflow/example_dags/example_trigger_target_dag.py took 0.148 seconds
[2023-04-08 03:03:03,610] {processor.py:153} INFO - Started process (PID=1093) to work on /home/airflow/.local/lib/python3.7/site-packages/airflow/example_dags/example_trigger_target_dag.py
[2023-04-08 03:03:03,612] {processor.py:641} INFO - Processing file /home/airflow/.local/lib/python3.7/site-packages/airflow/example_dags/example_trigger_target_dag.py for tasks to queue
[2023-04-08 03:03:03,614] {logging_mixin.py:115} INFO - [2023-04-08 03:03:03,614] {dagbag.py:507} INFO - Filling up the DagBag from /home/airflow/.local/lib/python3.7/site-packages/airflow/example_dags/example_trigger_target_dag.py
[2023-04-08 03:03:03,629] {processor.py:651} INFO - DAG(s) dict_keys(['example_trigger_target_dag']) retrieved from /home/airflow/.local/lib/python3.7/site-packages/airflow/example_dags/example_trigger_target_dag.py
[2023-04-08 03:03:03,661] {logging_mixin.py:115} INFO - [2023-04-08 03:03:03,661] {dag.py:2371} INFO - Sync 1 DAGs
[2023-04-08 03:03:03,770] {logging_mixin.py:115} INFO - [2023-04-08 03:03:03,769] {dag.py:2919} INFO - Setting next_dagrun for example_trigger_target_dag to None, run_after=None
[2023-04-08 03:03:03,779] {processor.py:161} INFO - Processing /home/airflow/.local/lib/python3.7/site-packages/airflow/example_dags/example_trigger_target_dag.py took 0.172 seconds
[2023-04-08 03:03:34,102] {processor.py:153} INFO - Started process (PID=1156) to work on /home/airflow/.local/lib/python3.7/site-packages/airflow/example_dags/example_trigger_target_dag.py
[2023-04-08 03:03:34,104] {processor.py:641} INFO - Processing file /home/airflow/.local/lib/python3.7/site-packages/airflow/example_dags/example_trigger_target_dag.py for tasks to queue
[2023-04-08 03:03:34,106] {logging_mixin.py:115} INFO - [2023-04-08 03:03:34,106] {dagbag.py:507} INFO - Filling up the DagBag from /home/airflow/.local/lib/python3.7/site-packages/airflow/example_dags/example_trigger_target_dag.py
[2023-04-08 03:03:34,121] {processor.py:651} INFO - DAG(s) dict_keys(['example_trigger_target_dag']) retrieved from /home/airflow/.local/lib/python3.7/site-packages/airflow/example_dags/example_trigger_target_dag.py
[2023-04-08 03:03:34,150] {logging_mixin.py:115} INFO - [2023-04-08 03:03:34,150] {dag.py:2371} INFO - Sync 1 DAGs
[2023-04-08 03:03:34,254] {logging_mixin.py:115} INFO - [2023-04-08 03:03:34,254] {dag.py:2919} INFO - Setting next_dagrun for example_trigger_target_dag to None, run_after=None
[2023-04-08 03:03:34,262] {processor.py:161} INFO - Processing /home/airflow/.local/lib/python3.7/site-packages/airflow/example_dags/example_trigger_target_dag.py took 0.163 seconds
[2023-04-08 03:04:04,427] {processor.py:153} INFO - Started process (PID=1220) to work on /home/airflow/.local/lib/python3.7/site-packages/airflow/example_dags/example_trigger_target_dag.py
[2023-04-08 03:04:04,429] {processor.py:641} INFO - Processing file /home/airflow/.local/lib/python3.7/site-packages/airflow/example_dags/example_trigger_target_dag.py for tasks to queue
[2023-04-08 03:04:04,431] {logging_mixin.py:115} INFO - [2023-04-08 03:04:04,431] {dagbag.py:507} INFO - Filling up the DagBag from /home/airflow/.local/lib/python3.7/site-packages/airflow/example_dags/example_trigger_target_dag.py
[2023-04-08 03:04:04,444] {processor.py:651} INFO - DAG(s) dict_keys(['example_trigger_target_dag']) retrieved from /home/airflow/.local/lib/python3.7/site-packages/airflow/example_dags/example_trigger_target_dag.py
[2023-04-08 03:04:04,471] {logging_mixin.py:115} INFO - [2023-04-08 03:04:04,471] {dag.py:2371} INFO - Sync 1 DAGs
[2023-04-08 03:04:04,571] {logging_mixin.py:115} INFO - [2023-04-08 03:04:04,571] {dag.py:2919} INFO - Setting next_dagrun for example_trigger_target_dag to None, run_after=None
[2023-04-08 03:04:04,580] {processor.py:161} INFO - Processing /home/airflow/.local/lib/python3.7/site-packages/airflow/example_dags/example_trigger_target_dag.py took 0.156 seconds
[2023-04-08 03:04:34,856] {processor.py:153} INFO - Started process (PID=1283) to work on /home/airflow/.local/lib/python3.7/site-packages/airflow/example_dags/example_trigger_target_dag.py
[2023-04-08 03:04:34,857] {processor.py:641} INFO - Processing file /home/airflow/.local/lib/python3.7/site-packages/airflow/example_dags/example_trigger_target_dag.py for tasks to queue
[2023-04-08 03:04:34,859] {logging_mixin.py:115} INFO - [2023-04-08 03:04:34,858] {dagbag.py:507} INFO - Filling up the DagBag from /home/airflow/.local/lib/python3.7/site-packages/airflow/example_dags/example_trigger_target_dag.py
[2023-04-08 03:04:34,869] {processor.py:651} INFO - DAG(s) dict_keys(['example_trigger_target_dag']) retrieved from /home/airflow/.local/lib/python3.7/site-packages/airflow/example_dags/example_trigger_target_dag.py
[2023-04-08 03:04:34,980] {logging_mixin.py:115} INFO - [2023-04-08 03:04:34,980] {dag.py:2371} INFO - Sync 1 DAGs
[2023-04-08 03:04:34,993] {logging_mixin.py:115} INFO - [2023-04-08 03:04:34,993] {dag.py:2919} INFO - Setting next_dagrun for example_trigger_target_dag to None, run_after=None
[2023-04-08 03:04:35,001] {processor.py:161} INFO - Processing /home/airflow/.local/lib/python3.7/site-packages/airflow/example_dags/example_trigger_target_dag.py took 0.148 seconds
[2023-04-08 03:05:05,185] {processor.py:153} INFO - Started process (PID=1337) to work on /home/airflow/.local/lib/python3.7/site-packages/airflow/example_dags/example_trigger_target_dag.py
[2023-04-08 03:05:05,187] {processor.py:641} INFO - Processing file /home/airflow/.local/lib/python3.7/site-packages/airflow/example_dags/example_trigger_target_dag.py for tasks to queue
[2023-04-08 03:05:05,190] {logging_mixin.py:115} INFO - [2023-04-08 03:05:05,190] {dagbag.py:507} INFO - Filling up the DagBag from /home/airflow/.local/lib/python3.7/site-packages/airflow/example_dags/example_trigger_target_dag.py
[2023-04-08 03:05:05,203] {processor.py:651} INFO - DAG(s) dict_keys(['example_trigger_target_dag']) retrieved from /home/airflow/.local/lib/python3.7/site-packages/airflow/example_dags/example_trigger_target_dag.py
[2023-04-08 03:05:05,343] {logging_mixin.py:115} INFO - [2023-04-08 03:05:05,343] {dag.py:2371} INFO - Sync 1 DAGs
[2023-04-08 03:05:05,358] {logging_mixin.py:115} INFO - [2023-04-08 03:05:05,358] {dag.py:2919} INFO - Setting next_dagrun for example_trigger_target_dag to None, run_after=None
[2023-04-08 03:05:05,367] {processor.py:161} INFO - Processing /home/airflow/.local/lib/python3.7/site-packages/airflow/example_dags/example_trigger_target_dag.py took 0.185 seconds
[2023-04-08 03:05:35,459] {processor.py:153} INFO - Started process (PID=1399) to work on /home/airflow/.local/lib/python3.7/site-packages/airflow/example_dags/example_trigger_target_dag.py
[2023-04-08 03:05:35,462] {processor.py:641} INFO - Processing file /home/airflow/.local/lib/python3.7/site-packages/airflow/example_dags/example_trigger_target_dag.py for tasks to queue
[2023-04-08 03:05:35,464] {logging_mixin.py:115} INFO - [2023-04-08 03:05:35,464] {dagbag.py:507} INFO - Filling up the DagBag from /home/airflow/.local/lib/python3.7/site-packages/airflow/example_dags/example_trigger_target_dag.py
[2023-04-08 03:05:35,486] {processor.py:651} INFO - DAG(s) dict_keys(['example_trigger_target_dag']) retrieved from /home/airflow/.local/lib/python3.7/site-packages/airflow/example_dags/example_trigger_target_dag.py
[2023-04-08 03:05:35,593] {logging_mixin.py:115} INFO - [2023-04-08 03:05:35,593] {dag.py:2371} INFO - Sync 1 DAGs
[2023-04-08 03:05:35,604] {logging_mixin.py:115} INFO - [2023-04-08 03:05:35,604] {dag.py:2919} INFO - Setting next_dagrun for example_trigger_target_dag to None, run_after=None
[2023-04-08 03:05:35,611] {processor.py:161} INFO - Processing /home/airflow/.local/lib/python3.7/site-packages/airflow/example_dags/example_trigger_target_dag.py took 0.157 seconds
[2023-04-08 03:06:06,660] {processor.py:153} INFO - Started process (PID=1462) to work on /home/airflow/.local/lib/python3.7/site-packages/airflow/example_dags/example_trigger_target_dag.py
[2023-04-08 03:06:06,663] {processor.py:641} INFO - Processing file /home/airflow/.local/lib/python3.7/site-packages/airflow/example_dags/example_trigger_target_dag.py for tasks to queue
[2023-04-08 03:06:06,665] {logging_mixin.py:115} INFO - [2023-04-08 03:06:06,665] {dagbag.py:507} INFO - Filling up the DagBag from /home/airflow/.local/lib/python3.7/site-packages/airflow/example_dags/example_trigger_target_dag.py
[2023-04-08 03:06:06,681] {processor.py:651} INFO - DAG(s) dict_keys(['example_trigger_target_dag']) retrieved from /home/airflow/.local/lib/python3.7/site-packages/airflow/example_dags/example_trigger_target_dag.py
[2023-04-08 03:06:06,792] {logging_mixin.py:115} INFO - [2023-04-08 03:06:06,791] {dag.py:2371} INFO - Sync 1 DAGs
[2023-04-08 03:06:06,804] {logging_mixin.py:115} INFO - [2023-04-08 03:06:06,804] {dag.py:2919} INFO - Setting next_dagrun for example_trigger_target_dag to None, run_after=None
[2023-04-08 03:06:06,811] {processor.py:161} INFO - Processing /home/airflow/.local/lib/python3.7/site-packages/airflow/example_dags/example_trigger_target_dag.py took 0.156 seconds
