[2023-04-08 02:54:31,108] {processor.py:153} INFO - Started process (PID=58) to work on /home/airflow/.local/lib/python3.7/site-packages/airflow/example_dags/example_latest_only.py
[2023-04-08 02:54:31,118] {processor.py:641} INFO - Processing file /home/airflow/.local/lib/python3.7/site-packages/airflow/example_dags/example_latest_only.py for tasks to queue
[2023-04-08 02:54:31,127] {logging_mixin.py:115} INFO - [2023-04-08 02:54:31,126] {dagbag.py:507} INFO - Filling up the DagBag from /home/airflow/.local/lib/python3.7/site-packages/airflow/example_dags/example_latest_only.py
[2023-04-08 02:54:31,143] {processor.py:651} INFO - DAG(s) dict_keys(['latest_only']) retrieved from /home/airflow/.local/lib/python3.7/site-packages/airflow/example_dags/example_latest_only.py
[2023-04-08 02:54:31,395] {logging_mixin.py:115} INFO - [2023-04-08 02:54:31,395] {manager.py:508} INFO - Created Permission View: can delete on DAG:latest_only
[2023-04-08 02:54:31,518] {logging_mixin.py:115} INFO - [2023-04-08 02:54:31,518] {manager.py:508} INFO - Created Permission View: can edit on DAG:latest_only
[2023-04-08 02:54:31,532] {logging_mixin.py:115} INFO - [2023-04-08 02:54:31,532] {manager.py:508} INFO - Created Permission View: can read on DAG:latest_only
[2023-04-08 02:54:31,542] {logging_mixin.py:115} INFO - [2023-04-08 02:54:31,542] {dag.py:2371} INFO - Sync 1 DAGs
[2023-04-08 02:54:31,556] {logging_mixin.py:115} INFO - [2023-04-08 02:54:31,556] {dag.py:2390} INFO - Creating ORM DAG for latest_only
[2023-04-08 02:54:31,575] {logging_mixin.py:115} INFO - [2023-04-08 02:54:31,575] {dag.py:2919} INFO - Setting next_dagrun for latest_only to 2023-04-07T22:54:31.575277+00:00, run_after=2023-04-08T02:54:31.575277+00:00
[2023-04-08 02:54:31,603] {processor.py:161} INFO - Processing /home/airflow/.local/lib/python3.7/site-packages/airflow/example_dags/example_latest_only.py took 0.501 seconds
[2023-04-08 02:55:01,954] {processor.py:153} INFO - Started process (PID=121) to work on /home/airflow/.local/lib/python3.7/site-packages/airflow/example_dags/example_latest_only.py
[2023-04-08 02:55:01,970] {processor.py:641} INFO - Processing file /home/airflow/.local/lib/python3.7/site-packages/airflow/example_dags/example_latest_only.py for tasks to queue
[2023-04-08 02:55:01,991] {logging_mixin.py:115} INFO - [2023-04-08 02:55:01,991] {dagbag.py:507} INFO - Filling up the DagBag from /home/airflow/.local/lib/python3.7/site-packages/airflow/example_dags/example_latest_only.py
[2023-04-08 02:55:02,006] {processor.py:651} INFO - DAG(s) dict_keys(['latest_only']) retrieved from /home/airflow/.local/lib/python3.7/site-packages/airflow/example_dags/example_latest_only.py
[2023-04-08 02:55:02,046] {logging_mixin.py:115} INFO - [2023-04-08 02:55:02,046] {dag.py:2371} INFO - Sync 1 DAGs
[2023-04-08 02:55:02,074] {logging_mixin.py:115} INFO - [2023-04-08 02:55:02,074] {dag.py:2919} INFO - Setting next_dagrun for latest_only to 2023-04-07T22:55:02.074397+00:00, run_after=2023-04-08T02:55:02.074397+00:00
[2023-04-08 02:55:02,192] {processor.py:161} INFO - Processing /home/airflow/.local/lib/python3.7/site-packages/airflow/example_dags/example_latest_only.py took 0.242 seconds
[2023-04-08 02:55:32,418] {processor.py:153} INFO - Started process (PID=176) to work on /home/airflow/.local/lib/python3.7/site-packages/airflow/example_dags/example_latest_only.py
[2023-04-08 02:55:32,420] {processor.py:641} INFO - Processing file /home/airflow/.local/lib/python3.7/site-packages/airflow/example_dags/example_latest_only.py for tasks to queue
[2023-04-08 02:55:32,422] {logging_mixin.py:115} INFO - [2023-04-08 02:55:32,422] {dagbag.py:507} INFO - Filling up the DagBag from /home/airflow/.local/lib/python3.7/site-packages/airflow/example_dags/example_latest_only.py
[2023-04-08 02:55:32,427] {processor.py:651} INFO - DAG(s) dict_keys(['latest_only']) retrieved from /home/airflow/.local/lib/python3.7/site-packages/airflow/example_dags/example_latest_only.py
[2023-04-08 02:55:32,454] {logging_mixin.py:115} INFO - [2023-04-08 02:55:32,454] {dag.py:2371} INFO - Sync 1 DAGs
[2023-04-08 02:55:32,472] {logging_mixin.py:115} INFO - [2023-04-08 02:55:32,472] {dag.py:2919} INFO - Setting next_dagrun for latest_only to 2023-04-07T22:55:32.471897+00:00, run_after=2023-04-08T02:55:32.471897+00:00
[2023-04-08 02:55:32,482] {processor.py:161} INFO - Processing /home/airflow/.local/lib/python3.7/site-packages/airflow/example_dags/example_latest_only.py took 0.067 seconds
[2023-04-08 02:56:02,790] {processor.py:153} INFO - Started process (PID=239) to work on /home/airflow/.local/lib/python3.7/site-packages/airflow/example_dags/example_latest_only.py
[2023-04-08 02:56:02,792] {processor.py:641} INFO - Processing file /home/airflow/.local/lib/python3.7/site-packages/airflow/example_dags/example_latest_only.py for tasks to queue
[2023-04-08 02:56:02,794] {logging_mixin.py:115} INFO - [2023-04-08 02:56:02,794] {dagbag.py:507} INFO - Filling up the DagBag from /home/airflow/.local/lib/python3.7/site-packages/airflow/example_dags/example_latest_only.py
[2023-04-08 02:56:02,807] {processor.py:651} INFO - DAG(s) dict_keys(['latest_only']) retrieved from /home/airflow/.local/lib/python3.7/site-packages/airflow/example_dags/example_latest_only.py
[2023-04-08 02:56:02,836] {logging_mixin.py:115} INFO - [2023-04-08 02:56:02,836] {dag.py:2371} INFO - Sync 1 DAGs
[2023-04-08 02:56:02,857] {logging_mixin.py:115} INFO - [2023-04-08 02:56:02,857] {dag.py:2919} INFO - Setting next_dagrun for latest_only to 2023-04-07T22:56:02.856866+00:00, run_after=2023-04-08T02:56:02.856866+00:00
[2023-04-08 02:56:02,867] {processor.py:161} INFO - Processing /home/airflow/.local/lib/python3.7/site-packages/airflow/example_dags/example_latest_only.py took 0.081 seconds
[2023-04-08 02:56:33,191] {processor.py:153} INFO - Started process (PID=302) to work on /home/airflow/.local/lib/python3.7/site-packages/airflow/example_dags/example_latest_only.py
[2023-04-08 02:56:33,193] {processor.py:641} INFO - Processing file /home/airflow/.local/lib/python3.7/site-packages/airflow/example_dags/example_latest_only.py for tasks to queue
[2023-04-08 02:56:33,195] {logging_mixin.py:115} INFO - [2023-04-08 02:56:33,195] {dagbag.py:507} INFO - Filling up the DagBag from /home/airflow/.local/lib/python3.7/site-packages/airflow/example_dags/example_latest_only.py
[2023-04-08 02:56:33,202] {processor.py:651} INFO - DAG(s) dict_keys(['latest_only']) retrieved from /home/airflow/.local/lib/python3.7/site-packages/airflow/example_dags/example_latest_only.py
[2023-04-08 02:56:33,236] {logging_mixin.py:115} INFO - [2023-04-08 02:56:33,236] {dag.py:2371} INFO - Sync 1 DAGs
[2023-04-08 02:56:33,259] {logging_mixin.py:115} INFO - [2023-04-08 02:56:33,259] {dag.py:2919} INFO - Setting next_dagrun for latest_only to 2023-04-07T22:56:33.259572+00:00, run_after=2023-04-08T02:56:33.259572+00:00
[2023-04-08 02:56:33,270] {processor.py:161} INFO - Processing /home/airflow/.local/lib/python3.7/site-packages/airflow/example_dags/example_latest_only.py took 0.083 seconds
[2023-04-08 02:57:04,281] {processor.py:153} INFO - Started process (PID=365) to work on /home/airflow/.local/lib/python3.7/site-packages/airflow/example_dags/example_latest_only.py
[2023-04-08 02:57:04,282] {processor.py:641} INFO - Processing file /home/airflow/.local/lib/python3.7/site-packages/airflow/example_dags/example_latest_only.py for tasks to queue
[2023-04-08 02:57:04,289] {logging_mixin.py:115} INFO - [2023-04-08 02:57:04,289] {dagbag.py:507} INFO - Filling up the DagBag from /home/airflow/.local/lib/python3.7/site-packages/airflow/example_dags/example_latest_only.py
[2023-04-08 02:57:04,295] {processor.py:651} INFO - DAG(s) dict_keys(['latest_only']) retrieved from /home/airflow/.local/lib/python3.7/site-packages/airflow/example_dags/example_latest_only.py
[2023-04-08 02:57:04,322] {logging_mixin.py:115} INFO - [2023-04-08 02:57:04,322] {dag.py:2371} INFO - Sync 1 DAGs
[2023-04-08 02:57:04,341] {logging_mixin.py:115} INFO - [2023-04-08 02:57:04,341] {dag.py:2919} INFO - Setting next_dagrun for latest_only to 2023-04-07T22:57:04.340880+00:00, run_after=2023-04-08T02:57:04.340880+00:00
[2023-04-08 02:57:04,353] {processor.py:161} INFO - Processing /home/airflow/.local/lib/python3.7/site-packages/airflow/example_dags/example_latest_only.py took 0.076 seconds
[2023-04-08 02:57:35,114] {processor.py:153} INFO - Started process (PID=428) to work on /home/airflow/.local/lib/python3.7/site-packages/airflow/example_dags/example_latest_only.py
[2023-04-08 02:57:35,116] {processor.py:641} INFO - Processing file /home/airflow/.local/lib/python3.7/site-packages/airflow/example_dags/example_latest_only.py for tasks to queue
[2023-04-08 02:57:35,117] {logging_mixin.py:115} INFO - [2023-04-08 02:57:35,117] {dagbag.py:507} INFO - Filling up the DagBag from /home/airflow/.local/lib/python3.7/site-packages/airflow/example_dags/example_latest_only.py
[2023-04-08 02:57:35,125] {processor.py:651} INFO - DAG(s) dict_keys(['latest_only']) retrieved from /home/airflow/.local/lib/python3.7/site-packages/airflow/example_dags/example_latest_only.py
[2023-04-08 02:57:35,152] {logging_mixin.py:115} INFO - [2023-04-08 02:57:35,152] {dag.py:2371} INFO - Sync 1 DAGs
[2023-04-08 02:57:35,173] {logging_mixin.py:115} INFO - [2023-04-08 02:57:35,173] {dag.py:2919} INFO - Setting next_dagrun for latest_only to 2023-04-07T22:57:35.173279+00:00, run_after=2023-04-08T02:57:35.173279+00:00
[2023-04-08 02:57:35,182] {processor.py:161} INFO - Processing /home/airflow/.local/lib/python3.7/site-packages/airflow/example_dags/example_latest_only.py took 0.071 seconds
[2023-04-08 02:58:05,842] {processor.py:153} INFO - Started process (PID=491) to work on /home/airflow/.local/lib/python3.7/site-packages/airflow/example_dags/example_latest_only.py
[2023-04-08 02:58:05,843] {processor.py:641} INFO - Processing file /home/airflow/.local/lib/python3.7/site-packages/airflow/example_dags/example_latest_only.py for tasks to queue
[2023-04-08 02:58:05,845] {logging_mixin.py:115} INFO - [2023-04-08 02:58:05,845] {dagbag.py:507} INFO - Filling up the DagBag from /home/airflow/.local/lib/python3.7/site-packages/airflow/example_dags/example_latest_only.py
[2023-04-08 02:58:05,851] {processor.py:651} INFO - DAG(s) dict_keys(['latest_only']) retrieved from /home/airflow/.local/lib/python3.7/site-packages/airflow/example_dags/example_latest_only.py
[2023-04-08 02:58:05,886] {logging_mixin.py:115} INFO - [2023-04-08 02:58:05,886] {dag.py:2371} INFO - Sync 1 DAGs
[2023-04-08 02:58:05,906] {logging_mixin.py:115} INFO - [2023-04-08 02:58:05,906] {dag.py:2919} INFO - Setting next_dagrun for latest_only to 2023-04-07T22:58:05.906515+00:00, run_after=2023-04-08T02:58:05.906515+00:00
[2023-04-08 02:58:05,917] {processor.py:161} INFO - Processing /home/airflow/.local/lib/python3.7/site-packages/airflow/example_dags/example_latest_only.py took 0.079 seconds
[2023-04-08 02:58:36,210] {processor.py:153} INFO - Started process (PID=544) to work on /home/airflow/.local/lib/python3.7/site-packages/airflow/example_dags/example_latest_only.py
[2023-04-08 02:58:36,212] {processor.py:641} INFO - Processing file /home/airflow/.local/lib/python3.7/site-packages/airflow/example_dags/example_latest_only.py for tasks to queue
[2023-04-08 02:58:36,214] {logging_mixin.py:115} INFO - [2023-04-08 02:58:36,214] {dagbag.py:507} INFO - Filling up the DagBag from /home/airflow/.local/lib/python3.7/site-packages/airflow/example_dags/example_latest_only.py
[2023-04-08 02:58:36,219] {processor.py:651} INFO - DAG(s) dict_keys(['latest_only']) retrieved from /home/airflow/.local/lib/python3.7/site-packages/airflow/example_dags/example_latest_only.py
[2023-04-08 02:58:36,243] {logging_mixin.py:115} INFO - [2023-04-08 02:58:36,243] {dag.py:2371} INFO - Sync 1 DAGs
[2023-04-08 02:58:36,265] {logging_mixin.py:115} INFO - [2023-04-08 02:58:36,265] {dag.py:2919} INFO - Setting next_dagrun for latest_only to 2023-04-07T22:58:36.265342+00:00, run_after=2023-04-08T02:58:36.265342+00:00
[2023-04-08 02:58:36,274] {processor.py:161} INFO - Processing /home/airflow/.local/lib/python3.7/site-packages/airflow/example_dags/example_latest_only.py took 0.067 seconds
[2023-04-08 02:59:06,626] {processor.py:153} INFO - Started process (PID=607) to work on /home/airflow/.local/lib/python3.7/site-packages/airflow/example_dags/example_latest_only.py
[2023-04-08 02:59:06,628] {processor.py:641} INFO - Processing file /home/airflow/.local/lib/python3.7/site-packages/airflow/example_dags/example_latest_only.py for tasks to queue
[2023-04-08 02:59:06,630] {logging_mixin.py:115} INFO - [2023-04-08 02:59:06,630] {dagbag.py:507} INFO - Filling up the DagBag from /home/airflow/.local/lib/python3.7/site-packages/airflow/example_dags/example_latest_only.py
[2023-04-08 02:59:06,634] {processor.py:651} INFO - DAG(s) dict_keys(['latest_only']) retrieved from /home/airflow/.local/lib/python3.7/site-packages/airflow/example_dags/example_latest_only.py
[2023-04-08 02:59:06,660] {logging_mixin.py:115} INFO - [2023-04-08 02:59:06,660] {dag.py:2371} INFO - Sync 1 DAGs
[2023-04-08 02:59:06,682] {logging_mixin.py:115} INFO - [2023-04-08 02:59:06,682] {dag.py:2919} INFO - Setting next_dagrun for latest_only to 2023-04-07T22:59:06.681954+00:00, run_after=2023-04-08T02:59:06.681954+00:00
[2023-04-08 02:59:06,691] {processor.py:161} INFO - Processing /home/airflow/.local/lib/python3.7/site-packages/airflow/example_dags/example_latest_only.py took 0.067 seconds
[2023-04-08 02:59:37,621] {processor.py:153} INFO - Started process (PID=671) to work on /home/airflow/.local/lib/python3.7/site-packages/airflow/example_dags/example_latest_only.py
[2023-04-08 02:59:37,622] {processor.py:641} INFO - Processing file /home/airflow/.local/lib/python3.7/site-packages/airflow/example_dags/example_latest_only.py for tasks to queue
[2023-04-08 02:59:37,623] {logging_mixin.py:115} INFO - [2023-04-08 02:59:37,623] {dagbag.py:507} INFO - Filling up the DagBag from /home/airflow/.local/lib/python3.7/site-packages/airflow/example_dags/example_latest_only.py
[2023-04-08 02:59:37,630] {processor.py:651} INFO - DAG(s) dict_keys(['latest_only']) retrieved from /home/airflow/.local/lib/python3.7/site-packages/airflow/example_dags/example_latest_only.py
[2023-04-08 02:59:37,654] {logging_mixin.py:115} INFO - [2023-04-08 02:59:37,654] {dag.py:2371} INFO - Sync 1 DAGs
[2023-04-08 02:59:37,763] {logging_mixin.py:115} INFO - [2023-04-08 02:59:37,763] {dag.py:2919} INFO - Setting next_dagrun for latest_only to 2023-04-07T22:59:37.763720+00:00, run_after=2023-04-08T02:59:37.763720+00:00
[2023-04-08 02:59:37,772] {processor.py:161} INFO - Processing /home/airflow/.local/lib/python3.7/site-packages/airflow/example_dags/example_latest_only.py took 0.155 seconds
[2023-04-08 03:00:08,630] {processor.py:153} INFO - Started process (PID=744) to work on /home/airflow/.local/lib/python3.7/site-packages/airflow/example_dags/example_latest_only.py
[2023-04-08 03:00:08,632] {processor.py:641} INFO - Processing file /home/airflow/.local/lib/python3.7/site-packages/airflow/example_dags/example_latest_only.py for tasks to queue
[2023-04-08 03:00:08,634] {logging_mixin.py:115} INFO - [2023-04-08 03:00:08,634] {dagbag.py:507} INFO - Filling up the DagBag from /home/airflow/.local/lib/python3.7/site-packages/airflow/example_dags/example_latest_only.py
[2023-04-08 03:00:08,639] {processor.py:651} INFO - DAG(s) dict_keys(['latest_only']) retrieved from /home/airflow/.local/lib/python3.7/site-packages/airflow/example_dags/example_latest_only.py
[2023-04-08 03:00:08,665] {logging_mixin.py:115} INFO - [2023-04-08 03:00:08,665] {dag.py:2371} INFO - Sync 1 DAGs
[2023-04-08 03:00:08,771] {logging_mixin.py:115} INFO - [2023-04-08 03:00:08,771] {dag.py:2919} INFO - Setting next_dagrun for latest_only to 2023-04-07T23:00:08.770968+00:00, run_after=2023-04-08T03:00:08.770968+00:00
[2023-04-08 03:00:08,780] {processor.py:161} INFO - Processing /home/airflow/.local/lib/python3.7/site-packages/airflow/example_dags/example_latest_only.py took 0.152 seconds
[2023-04-08 03:00:39,102] {processor.py:153} INFO - Started process (PID=806) to work on /home/airflow/.local/lib/python3.7/site-packages/airflow/example_dags/example_latest_only.py
[2023-04-08 03:00:39,104] {processor.py:641} INFO - Processing file /home/airflow/.local/lib/python3.7/site-packages/airflow/example_dags/example_latest_only.py for tasks to queue
[2023-04-08 03:00:39,106] {logging_mixin.py:115} INFO - [2023-04-08 03:00:39,106] {dagbag.py:507} INFO - Filling up the DagBag from /home/airflow/.local/lib/python3.7/site-packages/airflow/example_dags/example_latest_only.py
[2023-04-08 03:00:39,110] {processor.py:651} INFO - DAG(s) dict_keys(['latest_only']) retrieved from /home/airflow/.local/lib/python3.7/site-packages/airflow/example_dags/example_latest_only.py
[2023-04-08 03:00:39,134] {logging_mixin.py:115} INFO - [2023-04-08 03:00:39,134] {dag.py:2371} INFO - Sync 1 DAGs
[2023-04-08 03:00:39,254] {logging_mixin.py:115} INFO - [2023-04-08 03:00:39,254] {dag.py:2919} INFO - Setting next_dagrun for latest_only to 2023-04-07T23:00:39.254149+00:00, run_after=2023-04-08T03:00:39.254149+00:00
[2023-04-08 03:00:39,264] {processor.py:161} INFO - Processing /home/airflow/.local/lib/python3.7/site-packages/airflow/example_dags/example_latest_only.py took 0.165 seconds
[2023-04-08 03:01:09,720] {processor.py:153} INFO - Started process (PID=874) to work on /home/airflow/.local/lib/python3.7/site-packages/airflow/example_dags/example_latest_only.py
[2023-04-08 03:01:09,721] {processor.py:641} INFO - Processing file /home/airflow/.local/lib/python3.7/site-packages/airflow/example_dags/example_latest_only.py for tasks to queue
[2023-04-08 03:01:09,725] {logging_mixin.py:115} INFO - [2023-04-08 03:01:09,725] {dagbag.py:507} INFO - Filling up the DagBag from /home/airflow/.local/lib/python3.7/site-packages/airflow/example_dags/example_latest_only.py
[2023-04-08 03:01:09,731] {processor.py:651} INFO - DAG(s) dict_keys(['latest_only']) retrieved from /home/airflow/.local/lib/python3.7/site-packages/airflow/example_dags/example_latest_only.py
[2023-04-08 03:01:09,762] {logging_mixin.py:115} INFO - [2023-04-08 03:01:09,762] {dag.py:2371} INFO - Sync 1 DAGs
[2023-04-08 03:01:09,889] {logging_mixin.py:115} INFO - [2023-04-08 03:01:09,889] {dag.py:2919} INFO - Setting next_dagrun for latest_only to 2023-04-07T23:01:09.889432+00:00, run_after=2023-04-08T03:01:09.889432+00:00
[2023-04-08 03:01:09,903] {processor.py:161} INFO - Processing /home/airflow/.local/lib/python3.7/site-packages/airflow/example_dags/example_latest_only.py took 0.187 seconds
[2023-04-08 03:01:40,106] {processor.py:153} INFO - Started process (PID=929) to work on /home/airflow/.local/lib/python3.7/site-packages/airflow/example_dags/example_latest_only.py
[2023-04-08 03:01:40,107] {processor.py:641} INFO - Processing file /home/airflow/.local/lib/python3.7/site-packages/airflow/example_dags/example_latest_only.py for tasks to queue
[2023-04-08 03:01:40,108] {logging_mixin.py:115} INFO - [2023-04-08 03:01:40,108] {dagbag.py:507} INFO - Filling up the DagBag from /home/airflow/.local/lib/python3.7/site-packages/airflow/example_dags/example_latest_only.py
[2023-04-08 03:01:40,114] {processor.py:651} INFO - DAG(s) dict_keys(['latest_only']) retrieved from /home/airflow/.local/lib/python3.7/site-packages/airflow/example_dags/example_latest_only.py
[2023-04-08 03:01:40,140] {logging_mixin.py:115} INFO - [2023-04-08 03:01:40,140] {dag.py:2371} INFO - Sync 1 DAGs
[2023-04-08 03:01:40,258] {logging_mixin.py:115} INFO - [2023-04-08 03:01:40,258] {dag.py:2919} INFO - Setting next_dagrun for latest_only to 2023-04-07T23:01:40.258412+00:00, run_after=2023-04-08T03:01:40.258412+00:00
[2023-04-08 03:01:40,267] {processor.py:161} INFO - Processing /home/airflow/.local/lib/python3.7/site-packages/airflow/example_dags/example_latest_only.py took 0.164 seconds
[2023-04-08 03:02:10,703] {processor.py:153} INFO - Started process (PID=992) to work on /home/airflow/.local/lib/python3.7/site-packages/airflow/example_dags/example_latest_only.py
[2023-04-08 03:02:10,704] {processor.py:641} INFO - Processing file /home/airflow/.local/lib/python3.7/site-packages/airflow/example_dags/example_latest_only.py for tasks to queue
[2023-04-08 03:02:10,705] {logging_mixin.py:115} INFO - [2023-04-08 03:02:10,705] {dagbag.py:507} INFO - Filling up the DagBag from /home/airflow/.local/lib/python3.7/site-packages/airflow/example_dags/example_latest_only.py
[2023-04-08 03:02:10,711] {processor.py:651} INFO - DAG(s) dict_keys(['latest_only']) retrieved from /home/airflow/.local/lib/python3.7/site-packages/airflow/example_dags/example_latest_only.py
[2023-04-08 03:02:10,734] {logging_mixin.py:115} INFO - [2023-04-08 03:02:10,734] {dag.py:2371} INFO - Sync 1 DAGs
[2023-04-08 03:02:10,835] {logging_mixin.py:115} INFO - [2023-04-08 03:02:10,835] {dag.py:2919} INFO - Setting next_dagrun for latest_only to 2023-04-07T23:02:10.835211+00:00, run_after=2023-04-08T03:02:10.835211+00:00
[2023-04-08 03:02:10,842] {processor.py:161} INFO - Processing /home/airflow/.local/lib/python3.7/site-packages/airflow/example_dags/example_latest_only.py took 0.142 seconds
[2023-04-08 03:02:41,065] {processor.py:153} INFO - Started process (PID=1055) to work on /home/airflow/.local/lib/python3.7/site-packages/airflow/example_dags/example_latest_only.py
[2023-04-08 03:02:41,066] {processor.py:641} INFO - Processing file /home/airflow/.local/lib/python3.7/site-packages/airflow/example_dags/example_latest_only.py for tasks to queue
[2023-04-08 03:02:41,068] {logging_mixin.py:115} INFO - [2023-04-08 03:02:41,068] {dagbag.py:507} INFO - Filling up the DagBag from /home/airflow/.local/lib/python3.7/site-packages/airflow/example_dags/example_latest_only.py
[2023-04-08 03:02:41,080] {processor.py:651} INFO - DAG(s) dict_keys(['latest_only']) retrieved from /home/airflow/.local/lib/python3.7/site-packages/airflow/example_dags/example_latest_only.py
[2023-04-08 03:02:41,105] {logging_mixin.py:115} INFO - [2023-04-08 03:02:41,105] {dag.py:2371} INFO - Sync 1 DAGs
[2023-04-08 03:02:41,209] {logging_mixin.py:115} INFO - [2023-04-08 03:02:41,209] {dag.py:2919} INFO - Setting next_dagrun for latest_only to 2023-04-07T23:02:41.209363+00:00, run_after=2023-04-08T03:02:41.209363+00:00
[2023-04-08 03:02:41,218] {processor.py:161} INFO - Processing /home/airflow/.local/lib/python3.7/site-packages/airflow/example_dags/example_latest_only.py took 0.156 seconds
[2023-04-08 03:03:11,418] {processor.py:153} INFO - Started process (PID=1117) to work on /home/airflow/.local/lib/python3.7/site-packages/airflow/example_dags/example_latest_only.py
[2023-04-08 03:03:11,419] {processor.py:641} INFO - Processing file /home/airflow/.local/lib/python3.7/site-packages/airflow/example_dags/example_latest_only.py for tasks to queue
[2023-04-08 03:03:11,420] {logging_mixin.py:115} INFO - [2023-04-08 03:03:11,420] {dagbag.py:507} INFO - Filling up the DagBag from /home/airflow/.local/lib/python3.7/site-packages/airflow/example_dags/example_latest_only.py
[2023-04-08 03:03:11,425] {processor.py:651} INFO - DAG(s) dict_keys(['latest_only']) retrieved from /home/airflow/.local/lib/python3.7/site-packages/airflow/example_dags/example_latest_only.py
[2023-04-08 03:03:11,448] {logging_mixin.py:115} INFO - [2023-04-08 03:03:11,448] {dag.py:2371} INFO - Sync 1 DAGs
[2023-04-08 03:03:11,544] {logging_mixin.py:115} INFO - [2023-04-08 03:03:11,544] {dag.py:2919} INFO - Setting next_dagrun for latest_only to 2023-04-07T23:03:11.544601+00:00, run_after=2023-04-08T03:03:11.544601+00:00
[2023-04-08 03:03:11,552] {processor.py:161} INFO - Processing /home/airflow/.local/lib/python3.7/site-packages/airflow/example_dags/example_latest_only.py took 0.137 seconds
[2023-04-08 03:03:41,914] {processor.py:153} INFO - Started process (PID=1181) to work on /home/airflow/.local/lib/python3.7/site-packages/airflow/example_dags/example_latest_only.py
[2023-04-08 03:03:41,916] {processor.py:641} INFO - Processing file /home/airflow/.local/lib/python3.7/site-packages/airflow/example_dags/example_latest_only.py for tasks to queue
[2023-04-08 03:03:41,917] {logging_mixin.py:115} INFO - [2023-04-08 03:03:41,917] {dagbag.py:507} INFO - Filling up the DagBag from /home/airflow/.local/lib/python3.7/site-packages/airflow/example_dags/example_latest_only.py
[2023-04-08 03:03:41,923] {processor.py:651} INFO - DAG(s) dict_keys(['latest_only']) retrieved from /home/airflow/.local/lib/python3.7/site-packages/airflow/example_dags/example_latest_only.py
[2023-04-08 03:03:41,952] {logging_mixin.py:115} INFO - [2023-04-08 03:03:41,952] {dag.py:2371} INFO - Sync 1 DAGs
[2023-04-08 03:03:42,063] {logging_mixin.py:115} INFO - [2023-04-08 03:03:42,063] {dag.py:2919} INFO - Setting next_dagrun for latest_only to 2023-04-07T23:03:42.063393+00:00, run_after=2023-04-08T03:03:42.063393+00:00
[2023-04-08 03:03:42,073] {processor.py:161} INFO - Processing /home/airflow/.local/lib/python3.7/site-packages/airflow/example_dags/example_latest_only.py took 0.162 seconds
[2023-04-08 03:04:12,136] {processor.py:153} INFO - Started process (PID=1235) to work on /home/airflow/.local/lib/python3.7/site-packages/airflow/example_dags/example_latest_only.py
[2023-04-08 03:04:12,137] {processor.py:641} INFO - Processing file /home/airflow/.local/lib/python3.7/site-packages/airflow/example_dags/example_latest_only.py for tasks to queue
[2023-04-08 03:04:12,150] {logging_mixin.py:115} INFO - [2023-04-08 03:04:12,150] {dagbag.py:507} INFO - Filling up the DagBag from /home/airflow/.local/lib/python3.7/site-packages/airflow/example_dags/example_latest_only.py
[2023-04-08 03:04:12,156] {processor.py:651} INFO - DAG(s) dict_keys(['latest_only']) retrieved from /home/airflow/.local/lib/python3.7/site-packages/airflow/example_dags/example_latest_only.py
[2023-04-08 03:04:12,189] {logging_mixin.py:115} INFO - [2023-04-08 03:04:12,188] {dag.py:2371} INFO - Sync 1 DAGs
[2023-04-08 03:04:12,306] {logging_mixin.py:115} INFO - [2023-04-08 03:04:12,306] {dag.py:2919} INFO - Setting next_dagrun for latest_only to 2023-04-07T23:04:12.305839+00:00, run_after=2023-04-08T03:04:12.305839+00:00
[2023-04-08 03:04:12,315] {processor.py:161} INFO - Processing /home/airflow/.local/lib/python3.7/site-packages/airflow/example_dags/example_latest_only.py took 0.182 seconds
[2023-04-08 03:04:42,746] {processor.py:153} INFO - Started process (PID=1298) to work on /home/airflow/.local/lib/python3.7/site-packages/airflow/example_dags/example_latest_only.py
[2023-04-08 03:04:42,748] {processor.py:641} INFO - Processing file /home/airflow/.local/lib/python3.7/site-packages/airflow/example_dags/example_latest_only.py for tasks to queue
[2023-04-08 03:04:42,750] {logging_mixin.py:115} INFO - [2023-04-08 03:04:42,750] {dagbag.py:507} INFO - Filling up the DagBag from /home/airflow/.local/lib/python3.7/site-packages/airflow/example_dags/example_latest_only.py
[2023-04-08 03:04:42,755] {processor.py:651} INFO - DAG(s) dict_keys(['latest_only']) retrieved from /home/airflow/.local/lib/python3.7/site-packages/airflow/example_dags/example_latest_only.py
[2023-04-08 03:04:42,779] {logging_mixin.py:115} INFO - [2023-04-08 03:04:42,779] {dag.py:2371} INFO - Sync 1 DAGs
[2023-04-08 03:04:42,888] {logging_mixin.py:115} INFO - [2023-04-08 03:04:42,888] {dag.py:2919} INFO - Setting next_dagrun for latest_only to 2023-04-07T23:04:42.888576+00:00, run_after=2023-04-08T03:04:42.888576+00:00
[2023-04-08 03:04:42,897] {processor.py:161} INFO - Processing /home/airflow/.local/lib/python3.7/site-packages/airflow/example_dags/example_latest_only.py took 0.154 seconds
[2023-04-08 03:05:13,286] {processor.py:153} INFO - Started process (PID=1360) to work on /home/airflow/.local/lib/python3.7/site-packages/airflow/example_dags/example_latest_only.py
[2023-04-08 03:05:13,287] {processor.py:641} INFO - Processing file /home/airflow/.local/lib/python3.7/site-packages/airflow/example_dags/example_latest_only.py for tasks to queue
[2023-04-08 03:05:13,288] {logging_mixin.py:115} INFO - [2023-04-08 03:05:13,288] {dagbag.py:507} INFO - Filling up the DagBag from /home/airflow/.local/lib/python3.7/site-packages/airflow/example_dags/example_latest_only.py
[2023-04-08 03:05:13,293] {processor.py:651} INFO - DAG(s) dict_keys(['latest_only']) retrieved from /home/airflow/.local/lib/python3.7/site-packages/airflow/example_dags/example_latest_only.py
[2023-04-08 03:05:13,317] {logging_mixin.py:115} INFO - [2023-04-08 03:05:13,317] {dag.py:2371} INFO - Sync 1 DAGs
[2023-04-08 03:05:13,434] {logging_mixin.py:115} INFO - [2023-04-08 03:05:13,434] {dag.py:2919} INFO - Setting next_dagrun for latest_only to 2023-04-07T23:05:13.434006+00:00, run_after=2023-04-08T03:05:13.434006+00:00
[2023-04-08 03:05:13,442] {processor.py:161} INFO - Processing /home/airflow/.local/lib/python3.7/site-packages/airflow/example_dags/example_latest_only.py took 0.159 seconds
[2023-04-08 03:05:43,939] {processor.py:153} INFO - Started process (PID=1423) to work on /home/airflow/.local/lib/python3.7/site-packages/airflow/example_dags/example_latest_only.py
[2023-04-08 03:05:43,946] {processor.py:641} INFO - Processing file /home/airflow/.local/lib/python3.7/site-packages/airflow/example_dags/example_latest_only.py for tasks to queue
[2023-04-08 03:05:43,947] {logging_mixin.py:115} INFO - [2023-04-08 03:05:43,947] {dagbag.py:507} INFO - Filling up the DagBag from /home/airflow/.local/lib/python3.7/site-packages/airflow/example_dags/example_latest_only.py
[2023-04-08 03:05:43,954] {processor.py:651} INFO - DAG(s) dict_keys(['latest_only']) retrieved from /home/airflow/.local/lib/python3.7/site-packages/airflow/example_dags/example_latest_only.py
[2023-04-08 03:05:43,981] {logging_mixin.py:115} INFO - [2023-04-08 03:05:43,981] {dag.py:2371} INFO - Sync 1 DAGs
[2023-04-08 03:05:44,102] {logging_mixin.py:115} INFO - [2023-04-08 03:05:44,102] {dag.py:2919} INFO - Setting next_dagrun for latest_only to 2023-04-07T23:05:44.102332+00:00, run_after=2023-04-08T03:05:44.102332+00:00
[2023-04-08 03:05:44,111] {processor.py:161} INFO - Processing /home/airflow/.local/lib/python3.7/site-packages/airflow/example_dags/example_latest_only.py took 0.175 seconds
[2023-04-08 03:06:14,421] {processor.py:153} INFO - Started process (PID=1486) to work on /home/airflow/.local/lib/python3.7/site-packages/airflow/example_dags/example_latest_only.py
[2023-04-08 03:06:14,423] {processor.py:641} INFO - Processing file /home/airflow/.local/lib/python3.7/site-packages/airflow/example_dags/example_latest_only.py for tasks to queue
[2023-04-08 03:06:14,424] {logging_mixin.py:115} INFO - [2023-04-08 03:06:14,424] {dagbag.py:507} INFO - Filling up the DagBag from /home/airflow/.local/lib/python3.7/site-packages/airflow/example_dags/example_latest_only.py
[2023-04-08 03:06:14,434] {processor.py:651} INFO - DAG(s) dict_keys(['latest_only']) retrieved from /home/airflow/.local/lib/python3.7/site-packages/airflow/example_dags/example_latest_only.py
[2023-04-08 03:06:14,459] {logging_mixin.py:115} INFO - [2023-04-08 03:06:14,459] {dag.py:2371} INFO - Sync 1 DAGs
[2023-04-08 03:06:14,573] {logging_mixin.py:115} INFO - [2023-04-08 03:06:14,573] {dag.py:2919} INFO - Setting next_dagrun for latest_only to 2023-04-07T23:06:14.573400+00:00, run_after=2023-04-08T03:06:14.573400+00:00
[2023-04-08 03:06:14,584] {processor.py:161} INFO - Processing /home/airflow/.local/lib/python3.7/site-packages/airflow/example_dags/example_latest_only.py took 0.166 seconds
