[2023-04-08 02:54:30,524] {processor.py:153} INFO - Started process (PID=55) to work on /home/airflow/.local/lib/python3.7/site-packages/airflow/example_dags/example_bash_operator.py
[2023-04-08 02:54:30,535] {processor.py:641} INFO - Processing file /home/airflow/.local/lib/python3.7/site-packages/airflow/example_dags/example_bash_operator.py for tasks to queue
[2023-04-08 02:54:30,550] {logging_mixin.py:115} INFO - [2023-04-08 02:54:30,550] {dagbag.py:507} INFO - Filling up the DagBag from /home/airflow/.local/lib/python3.7/site-packages/airflow/example_dags/example_bash_operator.py
[2023-04-08 02:54:30,571] {processor.py:651} INFO - DAG(s) dict_keys(['example_bash_operator']) retrieved from /home/airflow/.local/lib/python3.7/site-packages/airflow/example_dags/example_bash_operator.py
[2023-04-08 02:54:30,757] {logging_mixin.py:115} INFO - [2023-04-08 02:54:30,757] {manager.py:508} INFO - Created Permission View: can delete on DAG:example_bash_operator
[2023-04-08 02:54:30,780] {logging_mixin.py:115} INFO - [2023-04-08 02:54:30,780] {manager.py:508} INFO - Created Permission View: can edit on DAG:example_bash_operator
[2023-04-08 02:54:30,796] {logging_mixin.py:115} INFO - [2023-04-08 02:54:30,796] {manager.py:508} INFO - Created Permission View: can read on DAG:example_bash_operator
[2023-04-08 02:54:30,809] {logging_mixin.py:115} INFO - [2023-04-08 02:54:30,809] {dag.py:2371} INFO - Sync 1 DAGs
[2023-04-08 02:54:30,824] {logging_mixin.py:115} INFO - [2023-04-08 02:54:30,824] {dag.py:2390} INFO - Creating ORM DAG for example_bash_operator
[2023-04-08 02:54:30,842] {logging_mixin.py:115} INFO - [2023-04-08 02:54:30,842] {dag.py:2919} INFO - Setting next_dagrun for example_bash_operator to 2023-04-07T00:00:00+00:00, run_after=2023-04-08T00:00:00+00:00
[2023-04-08 02:54:30,861] {processor.py:161} INFO - Processing /home/airflow/.local/lib/python3.7/site-packages/airflow/example_dags/example_bash_operator.py took 0.340 seconds
[2023-04-08 02:55:01,330] {processor.py:153} INFO - Started process (PID=118) to work on /home/airflow/.local/lib/python3.7/site-packages/airflow/example_dags/example_bash_operator.py
[2023-04-08 02:55:01,339] {processor.py:641} INFO - Processing file /home/airflow/.local/lib/python3.7/site-packages/airflow/example_dags/example_bash_operator.py for tasks to queue
[2023-04-08 02:55:01,351] {logging_mixin.py:115} INFO - [2023-04-08 02:55:01,351] {dagbag.py:507} INFO - Filling up the DagBag from /home/airflow/.local/lib/python3.7/site-packages/airflow/example_dags/example_bash_operator.py
[2023-04-08 02:55:01,372] {processor.py:651} INFO - DAG(s) dict_keys(['example_bash_operator']) retrieved from /home/airflow/.local/lib/python3.7/site-packages/airflow/example_dags/example_bash_operator.py
[2023-04-08 02:55:01,403] {logging_mixin.py:115} INFO - [2023-04-08 02:55:01,403] {dag.py:2371} INFO - Sync 1 DAGs
[2023-04-08 02:55:01,633] {logging_mixin.py:115} INFO - [2023-04-08 02:55:01,633] {dag.py:2919} INFO - Setting next_dagrun for example_bash_operator to 2023-04-07T00:00:00+00:00, run_after=2023-04-08T00:00:00+00:00
[2023-04-08 02:55:01,659] {processor.py:161} INFO - Processing /home/airflow/.local/lib/python3.7/site-packages/airflow/example_dags/example_bash_operator.py took 0.332 seconds
[2023-04-08 02:55:32,087] {processor.py:153} INFO - Started process (PID=173) to work on /home/airflow/.local/lib/python3.7/site-packages/airflow/example_dags/example_bash_operator.py
[2023-04-08 02:55:32,089] {processor.py:641} INFO - Processing file /home/airflow/.local/lib/python3.7/site-packages/airflow/example_dags/example_bash_operator.py for tasks to queue
[2023-04-08 02:55:32,090] {logging_mixin.py:115} INFO - [2023-04-08 02:55:32,090] {dagbag.py:507} INFO - Filling up the DagBag from /home/airflow/.local/lib/python3.7/site-packages/airflow/example_dags/example_bash_operator.py
[2023-04-08 02:55:32,100] {processor.py:651} INFO - DAG(s) dict_keys(['example_bash_operator']) retrieved from /home/airflow/.local/lib/python3.7/site-packages/airflow/example_dags/example_bash_operator.py
[2023-04-08 02:55:32,131] {logging_mixin.py:115} INFO - [2023-04-08 02:55:32,131] {dag.py:2371} INFO - Sync 1 DAGs
[2023-04-08 02:55:32,264] {logging_mixin.py:115} INFO - [2023-04-08 02:55:32,264] {dag.py:2919} INFO - Setting next_dagrun for example_bash_operator to 2023-04-07T00:00:00+00:00, run_after=2023-04-08T00:00:00+00:00
[2023-04-08 02:55:32,273] {processor.py:161} INFO - Processing /home/airflow/.local/lib/python3.7/site-packages/airflow/example_dags/example_bash_operator.py took 0.189 seconds
[2023-04-08 02:56:02,375] {processor.py:153} INFO - Started process (PID=236) to work on /home/airflow/.local/lib/python3.7/site-packages/airflow/example_dags/example_bash_operator.py
[2023-04-08 02:56:02,376] {processor.py:641} INFO - Processing file /home/airflow/.local/lib/python3.7/site-packages/airflow/example_dags/example_bash_operator.py for tasks to queue
[2023-04-08 02:56:02,378] {logging_mixin.py:115} INFO - [2023-04-08 02:56:02,377] {dagbag.py:507} INFO - Filling up the DagBag from /home/airflow/.local/lib/python3.7/site-packages/airflow/example_dags/example_bash_operator.py
[2023-04-08 02:56:02,388] {processor.py:651} INFO - DAG(s) dict_keys(['example_bash_operator']) retrieved from /home/airflow/.local/lib/python3.7/site-packages/airflow/example_dags/example_bash_operator.py
[2023-04-08 02:56:02,418] {logging_mixin.py:115} INFO - [2023-04-08 02:56:02,418] {dag.py:2371} INFO - Sync 1 DAGs
[2023-04-08 02:56:02,546] {logging_mixin.py:115} INFO - [2023-04-08 02:56:02,546] {dag.py:2919} INFO - Setting next_dagrun for example_bash_operator to 2023-04-07T00:00:00+00:00, run_after=2023-04-08T00:00:00+00:00
[2023-04-08 02:56:02,556] {processor.py:161} INFO - Processing /home/airflow/.local/lib/python3.7/site-packages/airflow/example_dags/example_bash_operator.py took 0.184 seconds
[2023-04-08 02:56:32,764] {processor.py:153} INFO - Started process (PID=299) to work on /home/airflow/.local/lib/python3.7/site-packages/airflow/example_dags/example_bash_operator.py
[2023-04-08 02:56:32,766] {processor.py:641} INFO - Processing file /home/airflow/.local/lib/python3.7/site-packages/airflow/example_dags/example_bash_operator.py for tasks to queue
[2023-04-08 02:56:32,768] {logging_mixin.py:115} INFO - [2023-04-08 02:56:32,767] {dagbag.py:507} INFO - Filling up the DagBag from /home/airflow/.local/lib/python3.7/site-packages/airflow/example_dags/example_bash_operator.py
[2023-04-08 02:56:32,778] {processor.py:651} INFO - DAG(s) dict_keys(['example_bash_operator']) retrieved from /home/airflow/.local/lib/python3.7/site-packages/airflow/example_dags/example_bash_operator.py
[2023-04-08 02:56:32,807] {logging_mixin.py:115} INFO - [2023-04-08 02:56:32,806] {dag.py:2371} INFO - Sync 1 DAGs
[2023-04-08 02:56:32,938] {logging_mixin.py:115} INFO - [2023-04-08 02:56:32,938] {dag.py:2919} INFO - Setting next_dagrun for example_bash_operator to 2023-04-07T00:00:00+00:00, run_after=2023-04-08T00:00:00+00:00
[2023-04-08 02:56:33,032] {processor.py:161} INFO - Processing /home/airflow/.local/lib/python3.7/site-packages/airflow/example_dags/example_bash_operator.py took 0.271 seconds
[2023-04-08 02:57:03,859] {processor.py:153} INFO - Started process (PID=362) to work on /home/airflow/.local/lib/python3.7/site-packages/airflow/example_dags/example_bash_operator.py
[2023-04-08 02:57:03,861] {processor.py:641} INFO - Processing file /home/airflow/.local/lib/python3.7/site-packages/airflow/example_dags/example_bash_operator.py for tasks to queue
[2023-04-08 02:57:03,862] {logging_mixin.py:115} INFO - [2023-04-08 02:57:03,862] {dagbag.py:507} INFO - Filling up the DagBag from /home/airflow/.local/lib/python3.7/site-packages/airflow/example_dags/example_bash_operator.py
[2023-04-08 02:57:03,872] {processor.py:651} INFO - DAG(s) dict_keys(['example_bash_operator']) retrieved from /home/airflow/.local/lib/python3.7/site-packages/airflow/example_dags/example_bash_operator.py
[2023-04-08 02:57:03,899] {logging_mixin.py:115} INFO - [2023-04-08 02:57:03,899] {dag.py:2371} INFO - Sync 1 DAGs
[2023-04-08 02:57:04,116] {logging_mixin.py:115} INFO - [2023-04-08 02:57:04,116] {dag.py:2919} INFO - Setting next_dagrun for example_bash_operator to 2023-04-07T00:00:00+00:00, run_after=2023-04-08T00:00:00+00:00
[2023-04-08 02:57:04,125] {processor.py:161} INFO - Processing /home/airflow/.local/lib/python3.7/site-packages/airflow/example_dags/example_bash_operator.py took 0.269 seconds
[2023-04-08 02:57:34,795] {processor.py:153} INFO - Started process (PID=425) to work on /home/airflow/.local/lib/python3.7/site-packages/airflow/example_dags/example_bash_operator.py
[2023-04-08 02:57:34,796] {processor.py:641} INFO - Processing file /home/airflow/.local/lib/python3.7/site-packages/airflow/example_dags/example_bash_operator.py for tasks to queue
[2023-04-08 02:57:34,798] {logging_mixin.py:115} INFO - [2023-04-08 02:57:34,798] {dagbag.py:507} INFO - Filling up the DagBag from /home/airflow/.local/lib/python3.7/site-packages/airflow/example_dags/example_bash_operator.py
[2023-04-08 02:57:34,809] {processor.py:651} INFO - DAG(s) dict_keys(['example_bash_operator']) retrieved from /home/airflow/.local/lib/python3.7/site-packages/airflow/example_dags/example_bash_operator.py
[2023-04-08 02:57:34,835] {logging_mixin.py:115} INFO - [2023-04-08 02:57:34,835] {dag.py:2371} INFO - Sync 1 DAGs
[2023-04-08 02:57:34,958] {logging_mixin.py:115} INFO - [2023-04-08 02:57:34,958] {dag.py:2919} INFO - Setting next_dagrun for example_bash_operator to 2023-04-07T00:00:00+00:00, run_after=2023-04-08T00:00:00+00:00
[2023-04-08 02:57:34,967] {processor.py:161} INFO - Processing /home/airflow/.local/lib/python3.7/site-packages/airflow/example_dags/example_bash_operator.py took 0.175 seconds
[2023-04-08 02:58:05,591] {processor.py:153} INFO - Started process (PID=488) to work on /home/airflow/.local/lib/python3.7/site-packages/airflow/example_dags/example_bash_operator.py
[2023-04-08 02:58:05,593] {processor.py:641} INFO - Processing file /home/airflow/.local/lib/python3.7/site-packages/airflow/example_dags/example_bash_operator.py for tasks to queue
[2023-04-08 02:58:05,594] {logging_mixin.py:115} INFO - [2023-04-08 02:58:05,594] {dagbag.py:507} INFO - Filling up the DagBag from /home/airflow/.local/lib/python3.7/site-packages/airflow/example_dags/example_bash_operator.py
[2023-04-08 02:58:05,604] {processor.py:651} INFO - DAG(s) dict_keys(['example_bash_operator']) retrieved from /home/airflow/.local/lib/python3.7/site-packages/airflow/example_dags/example_bash_operator.py
[2023-04-08 02:58:05,632] {logging_mixin.py:115} INFO - [2023-04-08 02:58:05,632] {dag.py:2371} INFO - Sync 1 DAGs
[2023-04-08 02:58:05,778] {logging_mixin.py:115} INFO - [2023-04-08 02:58:05,778] {dag.py:2919} INFO - Setting next_dagrun for example_bash_operator to 2023-04-07T00:00:00+00:00, run_after=2023-04-08T00:00:00+00:00
[2023-04-08 02:58:05,787] {processor.py:161} INFO - Processing /home/airflow/.local/lib/python3.7/site-packages/airflow/example_dags/example_bash_operator.py took 0.199 seconds
[2023-04-08 02:58:35,978] {processor.py:153} INFO - Started process (PID=542) to work on /home/airflow/.local/lib/python3.7/site-packages/airflow/example_dags/example_bash_operator.py
[2023-04-08 02:58:35,979] {processor.py:641} INFO - Processing file /home/airflow/.local/lib/python3.7/site-packages/airflow/example_dags/example_bash_operator.py for tasks to queue
[2023-04-08 02:58:35,980] {logging_mixin.py:115} INFO - [2023-04-08 02:58:35,980] {dagbag.py:507} INFO - Filling up the DagBag from /home/airflow/.local/lib/python3.7/site-packages/airflow/example_dags/example_bash_operator.py
[2023-04-08 02:58:35,989] {processor.py:651} INFO - DAG(s) dict_keys(['example_bash_operator']) retrieved from /home/airflow/.local/lib/python3.7/site-packages/airflow/example_dags/example_bash_operator.py
[2023-04-08 02:58:36,012] {logging_mixin.py:115} INFO - [2023-04-08 02:58:36,012] {dag.py:2371} INFO - Sync 1 DAGs
[2023-04-08 02:58:36,118] {logging_mixin.py:115} INFO - [2023-04-08 02:58:36,117] {dag.py:2919} INFO - Setting next_dagrun for example_bash_operator to 2023-04-07T00:00:00+00:00, run_after=2023-04-08T00:00:00+00:00
[2023-04-08 02:58:36,127] {processor.py:161} INFO - Processing /home/airflow/.local/lib/python3.7/site-packages/airflow/example_dags/example_bash_operator.py took 0.152 seconds
[2023-04-08 02:59:06,415] {processor.py:153} INFO - Started process (PID=605) to work on /home/airflow/.local/lib/python3.7/site-packages/airflow/example_dags/example_bash_operator.py
[2023-04-08 02:59:06,417] {processor.py:641} INFO - Processing file /home/airflow/.local/lib/python3.7/site-packages/airflow/example_dags/example_bash_operator.py for tasks to queue
[2023-04-08 02:59:06,418] {logging_mixin.py:115} INFO - [2023-04-08 02:59:06,418] {dagbag.py:507} INFO - Filling up the DagBag from /home/airflow/.local/lib/python3.7/site-packages/airflow/example_dags/example_bash_operator.py
[2023-04-08 02:59:06,428] {processor.py:651} INFO - DAG(s) dict_keys(['example_bash_operator']) retrieved from /home/airflow/.local/lib/python3.7/site-packages/airflow/example_dags/example_bash_operator.py
[2023-04-08 02:59:06,451] {logging_mixin.py:115} INFO - [2023-04-08 02:59:06,451] {dag.py:2371} INFO - Sync 1 DAGs
[2023-04-08 02:59:06,573] {logging_mixin.py:115} INFO - [2023-04-08 02:59:06,573] {dag.py:2919} INFO - Setting next_dagrun for example_bash_operator to 2023-04-07T00:00:00+00:00, run_after=2023-04-08T00:00:00+00:00
[2023-04-08 02:59:06,583] {processor.py:161} INFO - Processing /home/airflow/.local/lib/python3.7/site-packages/airflow/example_dags/example_bash_operator.py took 0.171 seconds
[2023-04-08 02:59:37,201] {processor.py:153} INFO - Started process (PID=668) to work on /home/airflow/.local/lib/python3.7/site-packages/airflow/example_dags/example_bash_operator.py
[2023-04-08 02:59:37,203] {processor.py:641} INFO - Processing file /home/airflow/.local/lib/python3.7/site-packages/airflow/example_dags/example_bash_operator.py for tasks to queue
[2023-04-08 02:59:37,205] {logging_mixin.py:115} INFO - [2023-04-08 02:59:37,204] {dagbag.py:507} INFO - Filling up the DagBag from /home/airflow/.local/lib/python3.7/site-packages/airflow/example_dags/example_bash_operator.py
[2023-04-08 02:59:37,215] {processor.py:651} INFO - DAG(s) dict_keys(['example_bash_operator']) retrieved from /home/airflow/.local/lib/python3.7/site-packages/airflow/example_dags/example_bash_operator.py
[2023-04-08 02:59:37,244] {logging_mixin.py:115} INFO - [2023-04-08 02:59:37,243] {dag.py:2371} INFO - Sync 1 DAGs
[2023-04-08 02:59:37,355] {logging_mixin.py:115} INFO - [2023-04-08 02:59:37,355] {dag.py:2919} INFO - Setting next_dagrun for example_bash_operator to 2023-04-07T00:00:00+00:00, run_after=2023-04-08T00:00:00+00:00
[2023-04-08 02:59:37,363] {processor.py:161} INFO - Processing /home/airflow/.local/lib/python3.7/site-packages/airflow/example_dags/example_bash_operator.py took 0.165 seconds
[2023-04-08 03:00:08,223] {processor.py:153} INFO - Started process (PID=741) to work on /home/airflow/.local/lib/python3.7/site-packages/airflow/example_dags/example_bash_operator.py
[2023-04-08 03:00:08,225] {processor.py:641} INFO - Processing file /home/airflow/.local/lib/python3.7/site-packages/airflow/example_dags/example_bash_operator.py for tasks to queue
[2023-04-08 03:00:08,226] {logging_mixin.py:115} INFO - [2023-04-08 03:00:08,226] {dagbag.py:507} INFO - Filling up the DagBag from /home/airflow/.local/lib/python3.7/site-packages/airflow/example_dags/example_bash_operator.py
[2023-04-08 03:00:08,236] {processor.py:651} INFO - DAG(s) dict_keys(['example_bash_operator']) retrieved from /home/airflow/.local/lib/python3.7/site-packages/airflow/example_dags/example_bash_operator.py
[2023-04-08 03:00:08,265] {logging_mixin.py:115} INFO - [2023-04-08 03:00:08,265] {dag.py:2371} INFO - Sync 1 DAGs
[2023-04-08 03:00:08,380] {logging_mixin.py:115} INFO - [2023-04-08 03:00:08,380] {dag.py:2919} INFO - Setting next_dagrun for example_bash_operator to 2023-04-08T00:00:00+00:00, run_after=2023-04-09T00:00:00+00:00
[2023-04-08 03:00:08,389] {processor.py:161} INFO - Processing /home/airflow/.local/lib/python3.7/site-packages/airflow/example_dags/example_bash_operator.py took 0.169 seconds
[2023-04-08 03:00:38,885] {processor.py:153} INFO - Started process (PID=803) to work on /home/airflow/.local/lib/python3.7/site-packages/airflow/example_dags/example_bash_operator.py
[2023-04-08 03:00:38,899] {processor.py:641} INFO - Processing file /home/airflow/.local/lib/python3.7/site-packages/airflow/example_dags/example_bash_operator.py for tasks to queue
[2023-04-08 03:00:38,901] {logging_mixin.py:115} INFO - [2023-04-08 03:00:38,901] {dagbag.py:507} INFO - Filling up the DagBag from /home/airflow/.local/lib/python3.7/site-packages/airflow/example_dags/example_bash_operator.py
[2023-04-08 03:00:38,911] {processor.py:651} INFO - DAG(s) dict_keys(['example_bash_operator']) retrieved from /home/airflow/.local/lib/python3.7/site-packages/airflow/example_dags/example_bash_operator.py
[2023-04-08 03:00:38,941] {logging_mixin.py:115} INFO - [2023-04-08 03:00:38,941] {dag.py:2371} INFO - Sync 1 DAGs
[2023-04-08 03:00:39,045] {logging_mixin.py:115} INFO - [2023-04-08 03:00:39,045] {dag.py:2919} INFO - Setting next_dagrun for example_bash_operator to 2023-04-08T00:00:00+00:00, run_after=2023-04-09T00:00:00+00:00
[2023-04-08 03:00:39,053] {processor.py:161} INFO - Processing /home/airflow/.local/lib/python3.7/site-packages/airflow/example_dags/example_bash_operator.py took 0.170 seconds
[2023-04-08 03:01:09,226] {processor.py:153} INFO - Started process (PID=867) to work on /home/airflow/.local/lib/python3.7/site-packages/airflow/example_dags/example_bash_operator.py
[2023-04-08 03:01:09,227] {processor.py:641} INFO - Processing file /home/airflow/.local/lib/python3.7/site-packages/airflow/example_dags/example_bash_operator.py for tasks to queue
[2023-04-08 03:01:09,229] {logging_mixin.py:115} INFO - [2023-04-08 03:01:09,229] {dagbag.py:507} INFO - Filling up the DagBag from /home/airflow/.local/lib/python3.7/site-packages/airflow/example_dags/example_bash_operator.py
[2023-04-08 03:01:09,239] {processor.py:651} INFO - DAG(s) dict_keys(['example_bash_operator']) retrieved from /home/airflow/.local/lib/python3.7/site-packages/airflow/example_dags/example_bash_operator.py
[2023-04-08 03:01:09,269] {logging_mixin.py:115} INFO - [2023-04-08 03:01:09,269] {dag.py:2371} INFO - Sync 1 DAGs
[2023-04-08 03:01:09,420] {logging_mixin.py:115} INFO - [2023-04-08 03:01:09,420] {dag.py:2919} INFO - Setting next_dagrun for example_bash_operator to 2023-04-08T00:00:00+00:00, run_after=2023-04-09T00:00:00+00:00
[2023-04-08 03:01:09,436] {processor.py:161} INFO - Processing /home/airflow/.local/lib/python3.7/site-packages/airflow/example_dags/example_bash_operator.py took 0.213 seconds
[2023-04-08 03:01:39,610] {processor.py:153} INFO - Started process (PID=926) to work on /home/airflow/.local/lib/python3.7/site-packages/airflow/example_dags/example_bash_operator.py
[2023-04-08 03:01:39,705] {processor.py:641} INFO - Processing file /home/airflow/.local/lib/python3.7/site-packages/airflow/example_dags/example_bash_operator.py for tasks to queue
[2023-04-08 03:01:39,707] {logging_mixin.py:115} INFO - [2023-04-08 03:01:39,707] {dagbag.py:507} INFO - Filling up the DagBag from /home/airflow/.local/lib/python3.7/site-packages/airflow/example_dags/example_bash_operator.py
[2023-04-08 03:01:39,718] {processor.py:651} INFO - DAG(s) dict_keys(['example_bash_operator']) retrieved from /home/airflow/.local/lib/python3.7/site-packages/airflow/example_dags/example_bash_operator.py
[2023-04-08 03:01:39,743] {logging_mixin.py:115} INFO - [2023-04-08 03:01:39,743] {dag.py:2371} INFO - Sync 1 DAGs
[2023-04-08 03:01:39,855] {logging_mixin.py:115} INFO - [2023-04-08 03:01:39,855] {dag.py:2919} INFO - Setting next_dagrun for example_bash_operator to 2023-04-08T00:00:00+00:00, run_after=2023-04-09T00:00:00+00:00
[2023-04-08 03:01:39,862] {processor.py:161} INFO - Processing /home/airflow/.local/lib/python3.7/site-packages/airflow/example_dags/example_bash_operator.py took 0.255 seconds
[2023-04-08 03:02:09,993] {processor.py:153} INFO - Started process (PID=989) to work on /home/airflow/.local/lib/python3.7/site-packages/airflow/example_dags/example_bash_operator.py
[2023-04-08 03:02:10,095] {processor.py:641} INFO - Processing file /home/airflow/.local/lib/python3.7/site-packages/airflow/example_dags/example_bash_operator.py for tasks to queue
[2023-04-08 03:02:10,100] {logging_mixin.py:115} INFO - [2023-04-08 03:02:10,099] {dagbag.py:507} INFO - Filling up the DagBag from /home/airflow/.local/lib/python3.7/site-packages/airflow/example_dags/example_bash_operator.py
[2023-04-08 03:02:10,112] {processor.py:651} INFO - DAG(s) dict_keys(['example_bash_operator']) retrieved from /home/airflow/.local/lib/python3.7/site-packages/airflow/example_dags/example_bash_operator.py
[2023-04-08 03:02:10,139] {logging_mixin.py:115} INFO - [2023-04-08 03:02:10,139] {dag.py:2371} INFO - Sync 1 DAGs
[2023-04-08 03:02:10,252] {logging_mixin.py:115} INFO - [2023-04-08 03:02:10,252] {dag.py:2919} INFO - Setting next_dagrun for example_bash_operator to 2023-04-08T00:00:00+00:00, run_after=2023-04-09T00:00:00+00:00
[2023-04-08 03:02:10,261] {processor.py:161} INFO - Processing /home/airflow/.local/lib/python3.7/site-packages/airflow/example_dags/example_bash_operator.py took 0.272 seconds
[2023-04-08 03:02:40,455] {processor.py:153} INFO - Started process (PID=1052) to work on /home/airflow/.local/lib/python3.7/site-packages/airflow/example_dags/example_bash_operator.py
[2023-04-08 03:02:40,457] {processor.py:641} INFO - Processing file /home/airflow/.local/lib/python3.7/site-packages/airflow/example_dags/example_bash_operator.py for tasks to queue
[2023-04-08 03:02:40,458] {logging_mixin.py:115} INFO - [2023-04-08 03:02:40,458] {dagbag.py:507} INFO - Filling up the DagBag from /home/airflow/.local/lib/python3.7/site-packages/airflow/example_dags/example_bash_operator.py
[2023-04-08 03:02:40,469] {processor.py:651} INFO - DAG(s) dict_keys(['example_bash_operator']) retrieved from /home/airflow/.local/lib/python3.7/site-packages/airflow/example_dags/example_bash_operator.py
[2023-04-08 03:02:40,494] {logging_mixin.py:115} INFO - [2023-04-08 03:02:40,494] {dag.py:2371} INFO - Sync 1 DAGs
[2023-04-08 03:02:40,612] {logging_mixin.py:115} INFO - [2023-04-08 03:02:40,612] {dag.py:2919} INFO - Setting next_dagrun for example_bash_operator to 2023-04-08T00:00:00+00:00, run_after=2023-04-09T00:00:00+00:00
[2023-04-08 03:02:40,620] {processor.py:161} INFO - Processing /home/airflow/.local/lib/python3.7/site-packages/airflow/example_dags/example_bash_operator.py took 0.168 seconds
[2023-04-08 03:03:11,023] {processor.py:153} INFO - Started process (PID=1114) to work on /home/airflow/.local/lib/python3.7/site-packages/airflow/example_dags/example_bash_operator.py
[2023-04-08 03:03:11,025] {processor.py:641} INFO - Processing file /home/airflow/.local/lib/python3.7/site-packages/airflow/example_dags/example_bash_operator.py for tasks to queue
[2023-04-08 03:03:11,026] {logging_mixin.py:115} INFO - [2023-04-08 03:03:11,026] {dagbag.py:507} INFO - Filling up the DagBag from /home/airflow/.local/lib/python3.7/site-packages/airflow/example_dags/example_bash_operator.py
[2023-04-08 03:03:11,044] {processor.py:651} INFO - DAG(s) dict_keys(['example_bash_operator']) retrieved from /home/airflow/.local/lib/python3.7/site-packages/airflow/example_dags/example_bash_operator.py
[2023-04-08 03:03:11,069] {logging_mixin.py:115} INFO - [2023-04-08 03:03:11,069] {dag.py:2371} INFO - Sync 1 DAGs
[2023-04-08 03:03:11,179] {logging_mixin.py:115} INFO - [2023-04-08 03:03:11,179] {dag.py:2919} INFO - Setting next_dagrun for example_bash_operator to 2023-04-08T00:00:00+00:00, run_after=2023-04-09T00:00:00+00:00
[2023-04-08 03:03:11,186] {processor.py:161} INFO - Processing /home/airflow/.local/lib/python3.7/site-packages/airflow/example_dags/example_bash_operator.py took 0.166 seconds
[2023-04-08 03:03:41,486] {processor.py:153} INFO - Started process (PID=1178) to work on /home/airflow/.local/lib/python3.7/site-packages/airflow/example_dags/example_bash_operator.py
[2023-04-08 03:03:41,488] {processor.py:641} INFO - Processing file /home/airflow/.local/lib/python3.7/site-packages/airflow/example_dags/example_bash_operator.py for tasks to queue
[2023-04-08 03:03:41,490] {logging_mixin.py:115} INFO - [2023-04-08 03:03:41,489] {dagbag.py:507} INFO - Filling up the DagBag from /home/airflow/.local/lib/python3.7/site-packages/airflow/example_dags/example_bash_operator.py
[2023-04-08 03:03:41,505] {processor.py:651} INFO - DAG(s) dict_keys(['example_bash_operator']) retrieved from /home/airflow/.local/lib/python3.7/site-packages/airflow/example_dags/example_bash_operator.py
[2023-04-08 03:03:41,529] {logging_mixin.py:115} INFO - [2023-04-08 03:03:41,529] {dag.py:2371} INFO - Sync 1 DAGs
[2023-04-08 03:03:41,642] {logging_mixin.py:115} INFO - [2023-04-08 03:03:41,642] {dag.py:2919} INFO - Setting next_dagrun for example_bash_operator to 2023-04-08T00:00:00+00:00, run_after=2023-04-09T00:00:00+00:00
[2023-04-08 03:03:41,651] {processor.py:161} INFO - Processing /home/airflow/.local/lib/python3.7/site-packages/airflow/example_dags/example_bash_operator.py took 0.168 seconds
[2023-04-08 03:04:11,889] {processor.py:153} INFO - Started process (PID=1232) to work on /home/airflow/.local/lib/python3.7/site-packages/airflow/example_dags/example_bash_operator.py
[2023-04-08 03:04:11,895] {processor.py:641} INFO - Processing file /home/airflow/.local/lib/python3.7/site-packages/airflow/example_dags/example_bash_operator.py for tasks to queue
[2023-04-08 03:04:11,897] {logging_mixin.py:115} INFO - [2023-04-08 03:04:11,897] {dagbag.py:507} INFO - Filling up the DagBag from /home/airflow/.local/lib/python3.7/site-packages/airflow/example_dags/example_bash_operator.py
[2023-04-08 03:04:11,908] {processor.py:651} INFO - DAG(s) dict_keys(['example_bash_operator']) retrieved from /home/airflow/.local/lib/python3.7/site-packages/airflow/example_dags/example_bash_operator.py
[2023-04-08 03:04:11,940] {logging_mixin.py:115} INFO - [2023-04-08 03:04:11,940] {dag.py:2371} INFO - Sync 1 DAGs
[2023-04-08 03:04:12,060] {logging_mixin.py:115} INFO - [2023-04-08 03:04:12,060] {dag.py:2919} INFO - Setting next_dagrun for example_bash_operator to 2023-04-08T00:00:00+00:00, run_after=2023-04-09T00:00:00+00:00
[2023-04-08 03:04:12,069] {processor.py:161} INFO - Processing /home/airflow/.local/lib/python3.7/site-packages/airflow/example_dags/example_bash_operator.py took 0.183 seconds
[2023-04-08 03:04:42,353] {processor.py:153} INFO - Started process (PID=1295) to work on /home/airflow/.local/lib/python3.7/site-packages/airflow/example_dags/example_bash_operator.py
[2023-04-08 03:04:42,355] {processor.py:641} INFO - Processing file /home/airflow/.local/lib/python3.7/site-packages/airflow/example_dags/example_bash_operator.py for tasks to queue
[2023-04-08 03:04:42,362] {logging_mixin.py:115} INFO - [2023-04-08 03:04:42,362] {dagbag.py:507} INFO - Filling up the DagBag from /home/airflow/.local/lib/python3.7/site-packages/airflow/example_dags/example_bash_operator.py
[2023-04-08 03:04:42,372] {processor.py:651} INFO - DAG(s) dict_keys(['example_bash_operator']) retrieved from /home/airflow/.local/lib/python3.7/site-packages/airflow/example_dags/example_bash_operator.py
[2023-04-08 03:04:42,398] {logging_mixin.py:115} INFO - [2023-04-08 03:04:42,398] {dag.py:2371} INFO - Sync 1 DAGs
[2023-04-08 03:04:42,504] {logging_mixin.py:115} INFO - [2023-04-08 03:04:42,504] {dag.py:2919} INFO - Setting next_dagrun for example_bash_operator to 2023-04-08T00:00:00+00:00, run_after=2023-04-09T00:00:00+00:00
[2023-04-08 03:04:42,512] {processor.py:161} INFO - Processing /home/airflow/.local/lib/python3.7/site-packages/airflow/example_dags/example_bash_operator.py took 0.162 seconds
[2023-04-08 03:05:12,880] {processor.py:153} INFO - Started process (PID=1357) to work on /home/airflow/.local/lib/python3.7/site-packages/airflow/example_dags/example_bash_operator.py
[2023-04-08 03:05:12,882] {processor.py:641} INFO - Processing file /home/airflow/.local/lib/python3.7/site-packages/airflow/example_dags/example_bash_operator.py for tasks to queue
[2023-04-08 03:05:12,884] {logging_mixin.py:115} INFO - [2023-04-08 03:05:12,884] {dagbag.py:507} INFO - Filling up the DagBag from /home/airflow/.local/lib/python3.7/site-packages/airflow/example_dags/example_bash_operator.py
[2023-04-08 03:05:12,895] {processor.py:651} INFO - DAG(s) dict_keys(['example_bash_operator']) retrieved from /home/airflow/.local/lib/python3.7/site-packages/airflow/example_dags/example_bash_operator.py
[2023-04-08 03:05:12,923] {logging_mixin.py:115} INFO - [2023-04-08 03:05:12,923] {dag.py:2371} INFO - Sync 1 DAGs
[2023-04-08 03:05:13,042] {logging_mixin.py:115} INFO - [2023-04-08 03:05:13,042] {dag.py:2919} INFO - Setting next_dagrun for example_bash_operator to 2023-04-08T00:00:00+00:00, run_after=2023-04-09T00:00:00+00:00
[2023-04-08 03:05:13,051] {processor.py:161} INFO - Processing /home/airflow/.local/lib/python3.7/site-packages/airflow/example_dags/example_bash_operator.py took 0.173 seconds
[2023-04-08 03:05:43,692] {processor.py:153} INFO - Started process (PID=1420) to work on /home/airflow/.local/lib/python3.7/site-packages/airflow/example_dags/example_bash_operator.py
[2023-04-08 03:05:43,693] {processor.py:641} INFO - Processing file /home/airflow/.local/lib/python3.7/site-packages/airflow/example_dags/example_bash_operator.py for tasks to queue
[2023-04-08 03:05:43,696] {logging_mixin.py:115} INFO - [2023-04-08 03:05:43,696] {dagbag.py:507} INFO - Filling up the DagBag from /home/airflow/.local/lib/python3.7/site-packages/airflow/example_dags/example_bash_operator.py
[2023-04-08 03:05:43,708] {processor.py:651} INFO - DAG(s) dict_keys(['example_bash_operator']) retrieved from /home/airflow/.local/lib/python3.7/site-packages/airflow/example_dags/example_bash_operator.py
[2023-04-08 03:05:43,742] {logging_mixin.py:115} INFO - [2023-04-08 03:05:43,742] {dag.py:2371} INFO - Sync 1 DAGs
[2023-04-08 03:05:43,858] {logging_mixin.py:115} INFO - [2023-04-08 03:05:43,858] {dag.py:2919} INFO - Setting next_dagrun for example_bash_operator to 2023-04-08T00:00:00+00:00, run_after=2023-04-09T00:00:00+00:00
[2023-04-08 03:05:43,866] {processor.py:161} INFO - Processing /home/airflow/.local/lib/python3.7/site-packages/airflow/example_dags/example_bash_operator.py took 0.178 seconds
[2023-04-08 03:06:14,204] {processor.py:153} INFO - Started process (PID=1483) to work on /home/airflow/.local/lib/python3.7/site-packages/airflow/example_dags/example_bash_operator.py
[2023-04-08 03:06:14,205] {processor.py:641} INFO - Processing file /home/airflow/.local/lib/python3.7/site-packages/airflow/example_dags/example_bash_operator.py for tasks to queue
[2023-04-08 03:06:14,207] {logging_mixin.py:115} INFO - [2023-04-08 03:06:14,207] {dagbag.py:507} INFO - Filling up the DagBag from /home/airflow/.local/lib/python3.7/site-packages/airflow/example_dags/example_bash_operator.py
[2023-04-08 03:06:14,218] {processor.py:651} INFO - DAG(s) dict_keys(['example_bash_operator']) retrieved from /home/airflow/.local/lib/python3.7/site-packages/airflow/example_dags/example_bash_operator.py
[2023-04-08 03:06:14,246] {logging_mixin.py:115} INFO - [2023-04-08 03:06:14,246] {dag.py:2371} INFO - Sync 1 DAGs
[2023-04-08 03:06:14,356] {logging_mixin.py:115} INFO - [2023-04-08 03:06:14,356] {dag.py:2919} INFO - Setting next_dagrun for example_bash_operator to 2023-04-08T00:00:00+00:00, run_after=2023-04-09T00:00:00+00:00
[2023-04-08 03:06:14,365] {processor.py:161} INFO - Processing /home/airflow/.local/lib/python3.7/site-packages/airflow/example_dags/example_bash_operator.py took 0.164 seconds
