[2023-04-08 02:54:36,397] {processor.py:153} INFO - Started process (PID=73) to work on /home/airflow/.local/lib/python3.7/site-packages/airflow/example_dags/example_short_circuit_operator.py
[2023-04-08 02:54:36,408] {processor.py:641} INFO - Processing file /home/airflow/.local/lib/python3.7/site-packages/airflow/example_dags/example_short_circuit_operator.py for tasks to queue
[2023-04-08 02:54:36,415] {logging_mixin.py:115} INFO - [2023-04-08 02:54:36,415] {dagbag.py:507} INFO - Filling up the DagBag from /home/airflow/.local/lib/python3.7/site-packages/airflow/example_dags/example_short_circuit_operator.py
[2023-04-08 02:54:36,534] {processor.py:651} INFO - DAG(s) dict_keys(['example_short_circuit_operator']) retrieved from /home/airflow/.local/lib/python3.7/site-packages/airflow/example_dags/example_short_circuit_operator.py
[2023-04-08 02:54:36,733] {logging_mixin.py:115} INFO - [2023-04-08 02:54:36,733] {manager.py:508} INFO - Created Permission View: can delete on DAG:example_short_circuit_operator
[2023-04-08 02:54:36,753] {logging_mixin.py:115} INFO - [2023-04-08 02:54:36,753] {manager.py:508} INFO - Created Permission View: can edit on DAG:example_short_circuit_operator
[2023-04-08 02:54:36,771] {logging_mixin.py:115} INFO - [2023-04-08 02:54:36,771] {manager.py:508} INFO - Created Permission View: can read on DAG:example_short_circuit_operator
[2023-04-08 02:54:36,889] {logging_mixin.py:115} INFO - [2023-04-08 02:54:36,888] {dag.py:2371} INFO - Sync 1 DAGs
[2023-04-08 02:54:36,916] {logging_mixin.py:115} INFO - [2023-04-08 02:54:36,916] {dag.py:2390} INFO - Creating ORM DAG for example_short_circuit_operator
[2023-04-08 02:54:36,947] {logging_mixin.py:115} INFO - [2023-04-08 02:54:36,947] {dag.py:2919} INFO - Setting next_dagrun for example_short_circuit_operator to 2023-04-07T02:54:36.947101+00:00, run_after=2023-04-08T02:54:36.947101+00:00
[2023-04-08 02:54:36,978] {processor.py:161} INFO - Processing /home/airflow/.local/lib/python3.7/site-packages/airflow/example_dags/example_short_circuit_operator.py took 0.585 seconds
[2023-04-08 02:55:07,600] {processor.py:153} INFO - Started process (PID=136) to work on /home/airflow/.local/lib/python3.7/site-packages/airflow/example_dags/example_short_circuit_operator.py
[2023-04-08 02:55:07,608] {processor.py:641} INFO - Processing file /home/airflow/.local/lib/python3.7/site-packages/airflow/example_dags/example_short_circuit_operator.py for tasks to queue
[2023-04-08 02:55:07,612] {logging_mixin.py:115} INFO - [2023-04-08 02:55:07,612] {dagbag.py:507} INFO - Filling up the DagBag from /home/airflow/.local/lib/python3.7/site-packages/airflow/example_dags/example_short_circuit_operator.py
[2023-04-08 02:55:07,681] {processor.py:651} INFO - DAG(s) dict_keys(['example_short_circuit_operator']) retrieved from /home/airflow/.local/lib/python3.7/site-packages/airflow/example_dags/example_short_circuit_operator.py
[2023-04-08 02:55:07,776] {logging_mixin.py:115} INFO - [2023-04-08 02:55:07,776] {dag.py:2371} INFO - Sync 1 DAGs
[2023-04-08 02:55:07,812] {logging_mixin.py:115} INFO - [2023-04-08 02:55:07,812] {dag.py:2919} INFO - Setting next_dagrun for example_short_circuit_operator to 2023-04-07T02:55:07.812601+00:00, run_after=2023-04-08T02:55:07.812601+00:00
[2023-04-08 02:55:08,062] {processor.py:161} INFO - Processing /home/airflow/.local/lib/python3.7/site-packages/airflow/example_dags/example_short_circuit_operator.py took 0.466 seconds
[2023-04-08 02:55:38,330] {processor.py:153} INFO - Started process (PID=200) to work on /home/airflow/.local/lib/python3.7/site-packages/airflow/example_dags/example_short_circuit_operator.py
[2023-04-08 02:55:38,333] {processor.py:641} INFO - Processing file /home/airflow/.local/lib/python3.7/site-packages/airflow/example_dags/example_short_circuit_operator.py for tasks to queue
[2023-04-08 02:55:38,336] {logging_mixin.py:115} INFO - [2023-04-08 02:55:38,335] {dagbag.py:507} INFO - Filling up the DagBag from /home/airflow/.local/lib/python3.7/site-packages/airflow/example_dags/example_short_circuit_operator.py
[2023-04-08 02:55:38,343] {processor.py:651} INFO - DAG(s) dict_keys(['example_short_circuit_operator']) retrieved from /home/airflow/.local/lib/python3.7/site-packages/airflow/example_dags/example_short_circuit_operator.py
[2023-04-08 02:55:38,373] {logging_mixin.py:115} INFO - [2023-04-08 02:55:38,373] {dag.py:2371} INFO - Sync 1 DAGs
[2023-04-08 02:55:38,394] {logging_mixin.py:115} INFO - [2023-04-08 02:55:38,394] {dag.py:2919} INFO - Setting next_dagrun for example_short_circuit_operator to 2023-04-07T02:55:38.394641+00:00, run_after=2023-04-08T02:55:38.394641+00:00
[2023-04-08 02:55:38,508] {processor.py:161} INFO - Processing /home/airflow/.local/lib/python3.7/site-packages/airflow/example_dags/example_short_circuit_operator.py took 0.181 seconds
[2023-04-08 02:56:08,623] {processor.py:153} INFO - Started process (PID=263) to work on /home/airflow/.local/lib/python3.7/site-packages/airflow/example_dags/example_short_circuit_operator.py
[2023-04-08 02:56:08,624] {processor.py:641} INFO - Processing file /home/airflow/.local/lib/python3.7/site-packages/airflow/example_dags/example_short_circuit_operator.py for tasks to queue
[2023-04-08 02:56:08,626] {logging_mixin.py:115} INFO - [2023-04-08 02:56:08,626] {dagbag.py:507} INFO - Filling up the DagBag from /home/airflow/.local/lib/python3.7/site-packages/airflow/example_dags/example_short_circuit_operator.py
[2023-04-08 02:56:08,634] {processor.py:651} INFO - DAG(s) dict_keys(['example_short_circuit_operator']) retrieved from /home/airflow/.local/lib/python3.7/site-packages/airflow/example_dags/example_short_circuit_operator.py
[2023-04-08 02:56:08,660] {logging_mixin.py:115} INFO - [2023-04-08 02:56:08,660] {dag.py:2371} INFO - Sync 1 DAGs
[2023-04-08 02:56:08,677] {logging_mixin.py:115} INFO - [2023-04-08 02:56:08,677] {dag.py:2919} INFO - Setting next_dagrun for example_short_circuit_operator to 2023-04-07T02:56:08.677556+00:00, run_after=2023-04-08T02:56:08.677556+00:00
[2023-04-08 02:56:08,780] {processor.py:161} INFO - Processing /home/airflow/.local/lib/python3.7/site-packages/airflow/example_dags/example_short_circuit_operator.py took 0.160 seconds
[2023-04-08 02:56:38,996] {processor.py:153} INFO - Started process (PID=326) to work on /home/airflow/.local/lib/python3.7/site-packages/airflow/example_dags/example_short_circuit_operator.py
[2023-04-08 02:56:38,997] {processor.py:641} INFO - Processing file /home/airflow/.local/lib/python3.7/site-packages/airflow/example_dags/example_short_circuit_operator.py for tasks to queue
[2023-04-08 02:56:38,999] {logging_mixin.py:115} INFO - [2023-04-08 02:56:38,998] {dagbag.py:507} INFO - Filling up the DagBag from /home/airflow/.local/lib/python3.7/site-packages/airflow/example_dags/example_short_circuit_operator.py
[2023-04-08 02:56:39,009] {processor.py:651} INFO - DAG(s) dict_keys(['example_short_circuit_operator']) retrieved from /home/airflow/.local/lib/python3.7/site-packages/airflow/example_dags/example_short_circuit_operator.py
[2023-04-08 02:56:39,037] {logging_mixin.py:115} INFO - [2023-04-08 02:56:39,037] {dag.py:2371} INFO - Sync 1 DAGs
[2023-04-08 02:56:39,056] {logging_mixin.py:115} INFO - [2023-04-08 02:56:39,056] {dag.py:2919} INFO - Setting next_dagrun for example_short_circuit_operator to 2023-04-07T02:56:39.055810+00:00, run_after=2023-04-08T02:56:39.055810+00:00
[2023-04-08 02:56:39,164] {processor.py:161} INFO - Processing /home/airflow/.local/lib/python3.7/site-packages/airflow/example_dags/example_short_circuit_operator.py took 0.171 seconds
[2023-04-08 02:57:10,000] {processor.py:153} INFO - Started process (PID=380) to work on /home/airflow/.local/lib/python3.7/site-packages/airflow/example_dags/example_short_circuit_operator.py
[2023-04-08 02:57:10,002] {processor.py:641} INFO - Processing file /home/airflow/.local/lib/python3.7/site-packages/airflow/example_dags/example_short_circuit_operator.py for tasks to queue
[2023-04-08 02:57:10,004] {logging_mixin.py:115} INFO - [2023-04-08 02:57:10,004] {dagbag.py:507} INFO - Filling up the DagBag from /home/airflow/.local/lib/python3.7/site-packages/airflow/example_dags/example_short_circuit_operator.py
[2023-04-08 02:57:10,034] {processor.py:651} INFO - DAG(s) dict_keys(['example_short_circuit_operator']) retrieved from /home/airflow/.local/lib/python3.7/site-packages/airflow/example_dags/example_short_circuit_operator.py
[2023-04-08 02:57:10,156] {logging_mixin.py:115} INFO - [2023-04-08 02:57:10,156] {dag.py:2371} INFO - Sync 1 DAGs
[2023-04-08 02:57:10,177] {logging_mixin.py:115} INFO - [2023-04-08 02:57:10,177] {dag.py:2919} INFO - Setting next_dagrun for example_short_circuit_operator to 2023-04-07T02:57:10.177517+00:00, run_after=2023-04-08T02:57:10.177517+00:00
[2023-04-08 02:57:10,296] {processor.py:161} INFO - Processing /home/airflow/.local/lib/python3.7/site-packages/airflow/example_dags/example_short_circuit_operator.py took 0.300 seconds
[2023-04-08 02:57:41,034] {processor.py:153} INFO - Started process (PID=443) to work on /home/airflow/.local/lib/python3.7/site-packages/airflow/example_dags/example_short_circuit_operator.py
[2023-04-08 02:57:41,036] {processor.py:641} INFO - Processing file /home/airflow/.local/lib/python3.7/site-packages/airflow/example_dags/example_short_circuit_operator.py for tasks to queue
[2023-04-08 02:57:41,037] {logging_mixin.py:115} INFO - [2023-04-08 02:57:41,037] {dagbag.py:507} INFO - Filling up the DagBag from /home/airflow/.local/lib/python3.7/site-packages/airflow/example_dags/example_short_circuit_operator.py
[2023-04-08 02:57:41,051] {processor.py:651} INFO - DAG(s) dict_keys(['example_short_circuit_operator']) retrieved from /home/airflow/.local/lib/python3.7/site-packages/airflow/example_dags/example_short_circuit_operator.py
[2023-04-08 02:57:41,078] {logging_mixin.py:115} INFO - [2023-04-08 02:57:41,078] {dag.py:2371} INFO - Sync 1 DAGs
[2023-04-08 02:57:41,094] {logging_mixin.py:115} INFO - [2023-04-08 02:57:41,094] {dag.py:2919} INFO - Setting next_dagrun for example_short_circuit_operator to 2023-04-07T02:57:41.094553+00:00, run_after=2023-04-08T02:57:41.094553+00:00
[2023-04-08 02:57:41,190] {processor.py:161} INFO - Processing /home/airflow/.local/lib/python3.7/site-packages/airflow/example_dags/example_short_circuit_operator.py took 0.159 seconds
[2023-04-08 02:58:11,435] {processor.py:153} INFO - Started process (PID=506) to work on /home/airflow/.local/lib/python3.7/site-packages/airflow/example_dags/example_short_circuit_operator.py
[2023-04-08 02:58:11,437] {processor.py:641} INFO - Processing file /home/airflow/.local/lib/python3.7/site-packages/airflow/example_dags/example_short_circuit_operator.py for tasks to queue
[2023-04-08 02:58:11,438] {logging_mixin.py:115} INFO - [2023-04-08 02:58:11,438] {dagbag.py:507} INFO - Filling up the DagBag from /home/airflow/.local/lib/python3.7/site-packages/airflow/example_dags/example_short_circuit_operator.py
[2023-04-08 02:58:11,446] {processor.py:651} INFO - DAG(s) dict_keys(['example_short_circuit_operator']) retrieved from /home/airflow/.local/lib/python3.7/site-packages/airflow/example_dags/example_short_circuit_operator.py
[2023-04-08 02:58:11,476] {logging_mixin.py:115} INFO - [2023-04-08 02:58:11,476] {dag.py:2371} INFO - Sync 1 DAGs
[2023-04-08 02:58:11,493] {logging_mixin.py:115} INFO - [2023-04-08 02:58:11,493] {dag.py:2919} INFO - Setting next_dagrun for example_short_circuit_operator to 2023-04-07T02:58:11.493435+00:00, run_after=2023-04-08T02:58:11.493435+00:00
[2023-04-08 02:58:11,595] {processor.py:161} INFO - Processing /home/airflow/.local/lib/python3.7/site-packages/airflow/example_dags/example_short_circuit_operator.py took 0.162 seconds
[2023-04-08 02:58:41,822] {processor.py:153} INFO - Started process (PID=569) to work on /home/airflow/.local/lib/python3.7/site-packages/airflow/example_dags/example_short_circuit_operator.py
[2023-04-08 02:58:41,827] {processor.py:641} INFO - Processing file /home/airflow/.local/lib/python3.7/site-packages/airflow/example_dags/example_short_circuit_operator.py for tasks to queue
[2023-04-08 02:58:41,829] {logging_mixin.py:115} INFO - [2023-04-08 02:58:41,829] {dagbag.py:507} INFO - Filling up the DagBag from /home/airflow/.local/lib/python3.7/site-packages/airflow/example_dags/example_short_circuit_operator.py
[2023-04-08 02:58:41,839] {processor.py:651} INFO - DAG(s) dict_keys(['example_short_circuit_operator']) retrieved from /home/airflow/.local/lib/python3.7/site-packages/airflow/example_dags/example_short_circuit_operator.py
[2023-04-08 02:58:41,870] {logging_mixin.py:115} INFO - [2023-04-08 02:58:41,870] {dag.py:2371} INFO - Sync 1 DAGs
[2023-04-08 02:58:41,891] {logging_mixin.py:115} INFO - [2023-04-08 02:58:41,891] {dag.py:2919} INFO - Setting next_dagrun for example_short_circuit_operator to 2023-04-07T02:58:41.890829+00:00, run_after=2023-04-08T02:58:41.890829+00:00
[2023-04-08 02:58:42,002] {processor.py:161} INFO - Processing /home/airflow/.local/lib/python3.7/site-packages/airflow/example_dags/example_short_circuit_operator.py took 0.184 seconds
[2023-04-08 02:59:12,259] {processor.py:153} INFO - Started process (PID=632) to work on /home/airflow/.local/lib/python3.7/site-packages/airflow/example_dags/example_short_circuit_operator.py
[2023-04-08 02:59:12,263] {processor.py:641} INFO - Processing file /home/airflow/.local/lib/python3.7/site-packages/airflow/example_dags/example_short_circuit_operator.py for tasks to queue
[2023-04-08 02:59:12,265] {logging_mixin.py:115} INFO - [2023-04-08 02:59:12,265] {dagbag.py:507} INFO - Filling up the DagBag from /home/airflow/.local/lib/python3.7/site-packages/airflow/example_dags/example_short_circuit_operator.py
[2023-04-08 02:59:12,273] {processor.py:651} INFO - DAG(s) dict_keys(['example_short_circuit_operator']) retrieved from /home/airflow/.local/lib/python3.7/site-packages/airflow/example_dags/example_short_circuit_operator.py
[2023-04-08 02:59:12,302] {logging_mixin.py:115} INFO - [2023-04-08 02:59:12,302] {dag.py:2371} INFO - Sync 1 DAGs
[2023-04-08 02:59:12,323] {logging_mixin.py:115} INFO - [2023-04-08 02:59:12,323] {dag.py:2919} INFO - Setting next_dagrun for example_short_circuit_operator to 2023-04-07T02:59:12.322871+00:00, run_after=2023-04-08T02:59:12.322871+00:00
[2023-04-08 02:59:12,430] {processor.py:161} INFO - Processing /home/airflow/.local/lib/python3.7/site-packages/airflow/example_dags/example_short_circuit_operator.py took 0.174 seconds
[2023-04-08 02:59:42,549] {processor.py:153} INFO - Started process (PID=695) to work on /home/airflow/.local/lib/python3.7/site-packages/airflow/example_dags/example_short_circuit_operator.py
[2023-04-08 02:59:42,550] {processor.py:641} INFO - Processing file /home/airflow/.local/lib/python3.7/site-packages/airflow/example_dags/example_short_circuit_operator.py for tasks to queue
[2023-04-08 02:59:42,552] {logging_mixin.py:115} INFO - [2023-04-08 02:59:42,552] {dagbag.py:507} INFO - Filling up the DagBag from /home/airflow/.local/lib/python3.7/site-packages/airflow/example_dags/example_short_circuit_operator.py
[2023-04-08 02:59:42,561] {processor.py:651} INFO - DAG(s) dict_keys(['example_short_circuit_operator']) retrieved from /home/airflow/.local/lib/python3.7/site-packages/airflow/example_dags/example_short_circuit_operator.py
[2023-04-08 02:59:42,587] {logging_mixin.py:115} INFO - [2023-04-08 02:59:42,587] {dag.py:2371} INFO - Sync 1 DAGs
[2023-04-08 02:59:42,702] {logging_mixin.py:115} INFO - [2023-04-08 02:59:42,702] {dag.py:2919} INFO - Setting next_dagrun for example_short_circuit_operator to 2023-04-07T02:59:42.702200+00:00, run_after=2023-04-08T02:59:42.702200+00:00
[2023-04-08 02:59:42,712] {processor.py:161} INFO - Processing /home/airflow/.local/lib/python3.7/site-packages/airflow/example_dags/example_short_circuit_operator.py took 0.167 seconds
[2023-04-08 03:00:13,702] {processor.py:153} INFO - Started process (PID=759) to work on /home/airflow/.local/lib/python3.7/site-packages/airflow/example_dags/example_short_circuit_operator.py
[2023-04-08 03:00:13,704] {processor.py:641} INFO - Processing file /home/airflow/.local/lib/python3.7/site-packages/airflow/example_dags/example_short_circuit_operator.py for tasks to queue
[2023-04-08 03:00:13,708] {logging_mixin.py:115} INFO - [2023-04-08 03:00:13,708] {dagbag.py:507} INFO - Filling up the DagBag from /home/airflow/.local/lib/python3.7/site-packages/airflow/example_dags/example_short_circuit_operator.py
[2023-04-08 03:00:13,725] {processor.py:651} INFO - DAG(s) dict_keys(['example_short_circuit_operator']) retrieved from /home/airflow/.local/lib/python3.7/site-packages/airflow/example_dags/example_short_circuit_operator.py
[2023-04-08 03:00:13,750] {logging_mixin.py:115} INFO - [2023-04-08 03:00:13,750] {dag.py:2371} INFO - Sync 1 DAGs
[2023-04-08 03:00:13,859] {logging_mixin.py:115} INFO - [2023-04-08 03:00:13,859] {dag.py:2919} INFO - Setting next_dagrun for example_short_circuit_operator to 2023-04-07T03:00:13.859018+00:00, run_after=2023-04-08T03:00:13.859018+00:00
[2023-04-08 03:00:13,867] {processor.py:161} INFO - Processing /home/airflow/.local/lib/python3.7/site-packages/airflow/example_dags/example_short_circuit_operator.py took 0.168 seconds
[2023-04-08 03:00:44,309] {processor.py:153} INFO - Started process (PID=821) to work on /home/airflow/.local/lib/python3.7/site-packages/airflow/example_dags/example_short_circuit_operator.py
[2023-04-08 03:00:44,311] {processor.py:641} INFO - Processing file /home/airflow/.local/lib/python3.7/site-packages/airflow/example_dags/example_short_circuit_operator.py for tasks to queue
[2023-04-08 03:00:44,312] {logging_mixin.py:115} INFO - [2023-04-08 03:00:44,312] {dagbag.py:507} INFO - Filling up the DagBag from /home/airflow/.local/lib/python3.7/site-packages/airflow/example_dags/example_short_circuit_operator.py
[2023-04-08 03:00:44,320] {processor.py:651} INFO - DAG(s) dict_keys(['example_short_circuit_operator']) retrieved from /home/airflow/.local/lib/python3.7/site-packages/airflow/example_dags/example_short_circuit_operator.py
[2023-04-08 03:00:44,348] {logging_mixin.py:115} INFO - [2023-04-08 03:00:44,348] {dag.py:2371} INFO - Sync 1 DAGs
[2023-04-08 03:00:44,466] {logging_mixin.py:115} INFO - [2023-04-08 03:00:44,466] {dag.py:2919} INFO - Setting next_dagrun for example_short_circuit_operator to 2023-04-07T03:00:44.465974+00:00, run_after=2023-04-08T03:00:44.465974+00:00
[2023-04-08 03:00:44,477] {processor.py:161} INFO - Processing /home/airflow/.local/lib/python3.7/site-packages/airflow/example_dags/example_short_circuit_operator.py took 0.171 seconds
[2023-04-08 03:01:14,652] {processor.py:153} INFO - Started process (PID=889) to work on /home/airflow/.local/lib/python3.7/site-packages/airflow/example_dags/example_short_circuit_operator.py
[2023-04-08 03:01:14,654] {processor.py:641} INFO - Processing file /home/airflow/.local/lib/python3.7/site-packages/airflow/example_dags/example_short_circuit_operator.py for tasks to queue
[2023-04-08 03:01:14,655] {logging_mixin.py:115} INFO - [2023-04-08 03:01:14,655] {dagbag.py:507} INFO - Filling up the DagBag from /home/airflow/.local/lib/python3.7/site-packages/airflow/example_dags/example_short_circuit_operator.py
[2023-04-08 03:01:14,664] {processor.py:651} INFO - DAG(s) dict_keys(['example_short_circuit_operator']) retrieved from /home/airflow/.local/lib/python3.7/site-packages/airflow/example_dags/example_short_circuit_operator.py
[2023-04-08 03:01:14,692] {logging_mixin.py:115} INFO - [2023-04-08 03:01:14,692] {dag.py:2371} INFO - Sync 1 DAGs
[2023-04-08 03:01:14,801] {logging_mixin.py:115} INFO - [2023-04-08 03:01:14,801] {dag.py:2919} INFO - Setting next_dagrun for example_short_circuit_operator to 2023-04-07T03:01:14.801216+00:00, run_after=2023-04-08T03:01:14.801216+00:00
[2023-04-08 03:01:14,809] {processor.py:161} INFO - Processing /home/airflow/.local/lib/python3.7/site-packages/airflow/example_dags/example_short_circuit_operator.py took 0.160 seconds
[2023-04-08 03:01:44,925] {processor.py:153} INFO - Started process (PID=953) to work on /home/airflow/.local/lib/python3.7/site-packages/airflow/example_dags/example_short_circuit_operator.py
[2023-04-08 03:01:44,926] {processor.py:641} INFO - Processing file /home/airflow/.local/lib/python3.7/site-packages/airflow/example_dags/example_short_circuit_operator.py for tasks to queue
[2023-04-08 03:01:44,928] {logging_mixin.py:115} INFO - [2023-04-08 03:01:44,928] {dagbag.py:507} INFO - Filling up the DagBag from /home/airflow/.local/lib/python3.7/site-packages/airflow/example_dags/example_short_circuit_operator.py
[2023-04-08 03:01:44,937] {processor.py:651} INFO - DAG(s) dict_keys(['example_short_circuit_operator']) retrieved from /home/airflow/.local/lib/python3.7/site-packages/airflow/example_dags/example_short_circuit_operator.py
[2023-04-08 03:01:44,966] {logging_mixin.py:115} INFO - [2023-04-08 03:01:44,966] {dag.py:2371} INFO - Sync 1 DAGs
[2023-04-08 03:01:45,071] {logging_mixin.py:115} INFO - [2023-04-08 03:01:45,071] {dag.py:2919} INFO - Setting next_dagrun for example_short_circuit_operator to 2023-04-07T03:01:45.071497+00:00, run_after=2023-04-08T03:01:45.071497+00:00
[2023-04-08 03:01:45,080] {processor.py:161} INFO - Processing /home/airflow/.local/lib/python3.7/site-packages/airflow/example_dags/example_short_circuit_operator.py took 0.158 seconds
[2023-04-08 03:02:15,453] {processor.py:153} INFO - Started process (PID=1016) to work on /home/airflow/.local/lib/python3.7/site-packages/airflow/example_dags/example_short_circuit_operator.py
[2023-04-08 03:02:15,455] {processor.py:641} INFO - Processing file /home/airflow/.local/lib/python3.7/site-packages/airflow/example_dags/example_short_circuit_operator.py for tasks to queue
[2023-04-08 03:02:15,457] {logging_mixin.py:115} INFO - [2023-04-08 03:02:15,457] {dagbag.py:507} INFO - Filling up the DagBag from /home/airflow/.local/lib/python3.7/site-packages/airflow/example_dags/example_short_circuit_operator.py
[2023-04-08 03:02:15,466] {processor.py:651} INFO - DAG(s) dict_keys(['example_short_circuit_operator']) retrieved from /home/airflow/.local/lib/python3.7/site-packages/airflow/example_dags/example_short_circuit_operator.py
[2023-04-08 03:02:15,493] {logging_mixin.py:115} INFO - [2023-04-08 03:02:15,492] {dag.py:2371} INFO - Sync 1 DAGs
[2023-04-08 03:02:15,607] {logging_mixin.py:115} INFO - [2023-04-08 03:02:15,607] {dag.py:2919} INFO - Setting next_dagrun for example_short_circuit_operator to 2023-04-07T03:02:15.607505+00:00, run_after=2023-04-08T03:02:15.607505+00:00
[2023-04-08 03:02:15,616] {processor.py:161} INFO - Processing /home/airflow/.local/lib/python3.7/site-packages/airflow/example_dags/example_short_circuit_operator.py took 0.165 seconds
[2023-04-08 03:02:45,696] {processor.py:153} INFO - Started process (PID=1070) to work on /home/airflow/.local/lib/python3.7/site-packages/airflow/example_dags/example_short_circuit_operator.py
[2023-04-08 03:02:45,698] {processor.py:641} INFO - Processing file /home/airflow/.local/lib/python3.7/site-packages/airflow/example_dags/example_short_circuit_operator.py for tasks to queue
[2023-04-08 03:02:45,699] {logging_mixin.py:115} INFO - [2023-04-08 03:02:45,699] {dagbag.py:507} INFO - Filling up the DagBag from /home/airflow/.local/lib/python3.7/site-packages/airflow/example_dags/example_short_circuit_operator.py
[2023-04-08 03:02:45,707] {processor.py:651} INFO - DAG(s) dict_keys(['example_short_circuit_operator']) retrieved from /home/airflow/.local/lib/python3.7/site-packages/airflow/example_dags/example_short_circuit_operator.py
[2023-04-08 03:02:45,733] {logging_mixin.py:115} INFO - [2023-04-08 03:02:45,733] {dag.py:2371} INFO - Sync 1 DAGs
[2023-04-08 03:02:45,849] {logging_mixin.py:115} INFO - [2023-04-08 03:02:45,849] {dag.py:2919} INFO - Setting next_dagrun for example_short_circuit_operator to 2023-04-07T03:02:45.849003+00:00, run_after=2023-04-08T03:02:45.849003+00:00
[2023-04-08 03:02:45,949] {processor.py:161} INFO - Processing /home/airflow/.local/lib/python3.7/site-packages/airflow/example_dags/example_short_circuit_operator.py took 0.256 seconds
[2023-04-08 03:03:15,996] {processor.py:153} INFO - Started process (PID=1131) to work on /home/airflow/.local/lib/python3.7/site-packages/airflow/example_dags/example_short_circuit_operator.py
[2023-04-08 03:03:15,997] {processor.py:641} INFO - Processing file /home/airflow/.local/lib/python3.7/site-packages/airflow/example_dags/example_short_circuit_operator.py for tasks to queue
[2023-04-08 03:03:16,000] {logging_mixin.py:115} INFO - [2023-04-08 03:03:16,000] {dagbag.py:507} INFO - Filling up the DagBag from /home/airflow/.local/lib/python3.7/site-packages/airflow/example_dags/example_short_circuit_operator.py
[2023-04-08 03:03:16,007] {processor.py:651} INFO - DAG(s) dict_keys(['example_short_circuit_operator']) retrieved from /home/airflow/.local/lib/python3.7/site-packages/airflow/example_dags/example_short_circuit_operator.py
[2023-04-08 03:03:16,032] {logging_mixin.py:115} INFO - [2023-04-08 03:03:16,032] {dag.py:2371} INFO - Sync 1 DAGs
[2023-04-08 03:03:16,149] {logging_mixin.py:115} INFO - [2023-04-08 03:03:16,149] {dag.py:2919} INFO - Setting next_dagrun for example_short_circuit_operator to 2023-04-07T03:03:16.149070+00:00, run_after=2023-04-08T03:03:16.149070+00:00
[2023-04-08 03:03:16,158] {processor.py:161} INFO - Processing /home/airflow/.local/lib/python3.7/site-packages/airflow/example_dags/example_short_circuit_operator.py took 0.165 seconds
[2023-04-08 03:03:46,549] {processor.py:153} INFO - Started process (PID=1195) to work on /home/airflow/.local/lib/python3.7/site-packages/airflow/example_dags/example_short_circuit_operator.py
[2023-04-08 03:03:46,551] {processor.py:641} INFO - Processing file /home/airflow/.local/lib/python3.7/site-packages/airflow/example_dags/example_short_circuit_operator.py for tasks to queue
[2023-04-08 03:03:46,553] {logging_mixin.py:115} INFO - [2023-04-08 03:03:46,552] {dagbag.py:507} INFO - Filling up the DagBag from /home/airflow/.local/lib/python3.7/site-packages/airflow/example_dags/example_short_circuit_operator.py
[2023-04-08 03:03:46,561] {processor.py:651} INFO - DAG(s) dict_keys(['example_short_circuit_operator']) retrieved from /home/airflow/.local/lib/python3.7/site-packages/airflow/example_dags/example_short_circuit_operator.py
[2023-04-08 03:03:46,591] {logging_mixin.py:115} INFO - [2023-04-08 03:03:46,591] {dag.py:2371} INFO - Sync 1 DAGs
[2023-04-08 03:03:46,703] {logging_mixin.py:115} INFO - [2023-04-08 03:03:46,703] {dag.py:2919} INFO - Setting next_dagrun for example_short_circuit_operator to 2023-04-07T03:03:46.703580+00:00, run_after=2023-04-08T03:03:46.703580+00:00
[2023-04-08 03:03:46,713] {processor.py:161} INFO - Processing /home/airflow/.local/lib/python3.7/site-packages/airflow/example_dags/example_short_circuit_operator.py took 0.166 seconds
[2023-04-08 03:04:16,912] {processor.py:153} INFO - Started process (PID=1258) to work on /home/airflow/.local/lib/python3.7/site-packages/airflow/example_dags/example_short_circuit_operator.py
[2023-04-08 03:04:16,926] {processor.py:641} INFO - Processing file /home/airflow/.local/lib/python3.7/site-packages/airflow/example_dags/example_short_circuit_operator.py for tasks to queue
[2023-04-08 03:04:16,927] {logging_mixin.py:115} INFO - [2023-04-08 03:04:16,927] {dagbag.py:507} INFO - Filling up the DagBag from /home/airflow/.local/lib/python3.7/site-packages/airflow/example_dags/example_short_circuit_operator.py
[2023-04-08 03:04:16,935] {processor.py:651} INFO - DAG(s) dict_keys(['example_short_circuit_operator']) retrieved from /home/airflow/.local/lib/python3.7/site-packages/airflow/example_dags/example_short_circuit_operator.py
[2023-04-08 03:04:16,958] {logging_mixin.py:115} INFO - [2023-04-08 03:04:16,958] {dag.py:2371} INFO - Sync 1 DAGs
[2023-04-08 03:04:17,054] {logging_mixin.py:115} INFO - [2023-04-08 03:04:17,054] {dag.py:2919} INFO - Setting next_dagrun for example_short_circuit_operator to 2023-04-07T03:04:17.054233+00:00, run_after=2023-04-08T03:04:17.054233+00:00
[2023-04-08 03:04:17,064] {processor.py:161} INFO - Processing /home/airflow/.local/lib/python3.7/site-packages/airflow/example_dags/example_short_circuit_operator.py took 0.154 seconds
[2023-04-08 03:04:47,428] {processor.py:153} INFO - Started process (PID=1321) to work on /home/airflow/.local/lib/python3.7/site-packages/airflow/example_dags/example_short_circuit_operator.py
[2023-04-08 03:04:47,430] {processor.py:641} INFO - Processing file /home/airflow/.local/lib/python3.7/site-packages/airflow/example_dags/example_short_circuit_operator.py for tasks to queue
[2023-04-08 03:04:47,432] {logging_mixin.py:115} INFO - [2023-04-08 03:04:47,432] {dagbag.py:507} INFO - Filling up the DagBag from /home/airflow/.local/lib/python3.7/site-packages/airflow/example_dags/example_short_circuit_operator.py
[2023-04-08 03:04:47,439] {processor.py:651} INFO - DAG(s) dict_keys(['example_short_circuit_operator']) retrieved from /home/airflow/.local/lib/python3.7/site-packages/airflow/example_dags/example_short_circuit_operator.py
[2023-04-08 03:04:47,463] {logging_mixin.py:115} INFO - [2023-04-08 03:04:47,463] {dag.py:2371} INFO - Sync 1 DAGs
[2023-04-08 03:04:47,564] {logging_mixin.py:115} INFO - [2023-04-08 03:04:47,564] {dag.py:2919} INFO - Setting next_dagrun for example_short_circuit_operator to 2023-04-07T03:04:47.564025+00:00, run_after=2023-04-08T03:04:47.564025+00:00
[2023-04-08 03:04:47,572] {processor.py:161} INFO - Processing /home/airflow/.local/lib/python3.7/site-packages/airflow/example_dags/example_short_circuit_operator.py took 0.147 seconds
[2023-04-08 03:05:17,669] {processor.py:153} INFO - Started process (PID=1383) to work on /home/airflow/.local/lib/python3.7/site-packages/airflow/example_dags/example_short_circuit_operator.py
[2023-04-08 03:05:17,670] {processor.py:641} INFO - Processing file /home/airflow/.local/lib/python3.7/site-packages/airflow/example_dags/example_short_circuit_operator.py for tasks to queue
[2023-04-08 03:05:17,672] {logging_mixin.py:115} INFO - [2023-04-08 03:05:17,672] {dagbag.py:507} INFO - Filling up the DagBag from /home/airflow/.local/lib/python3.7/site-packages/airflow/example_dags/example_short_circuit_operator.py
[2023-04-08 03:05:17,685] {processor.py:651} INFO - DAG(s) dict_keys(['example_short_circuit_operator']) retrieved from /home/airflow/.local/lib/python3.7/site-packages/airflow/example_dags/example_short_circuit_operator.py
[2023-04-08 03:05:17,712] {logging_mixin.py:115} INFO - [2023-04-08 03:05:17,712] {dag.py:2371} INFO - Sync 1 DAGs
[2023-04-08 03:05:17,819] {logging_mixin.py:115} INFO - [2023-04-08 03:05:17,819] {dag.py:2919} INFO - Setting next_dagrun for example_short_circuit_operator to 2023-04-07T03:05:17.819275+00:00, run_after=2023-04-08T03:05:17.819275+00:00
[2023-04-08 03:05:17,828] {processor.py:161} INFO - Processing /home/airflow/.local/lib/python3.7/site-packages/airflow/example_dags/example_short_circuit_operator.py took 0.162 seconds
[2023-04-08 03:05:48,844] {processor.py:153} INFO - Started process (PID=1438) to work on /home/airflow/.local/lib/python3.7/site-packages/airflow/example_dags/example_short_circuit_operator.py
[2023-04-08 03:05:48,845] {processor.py:641} INFO - Processing file /home/airflow/.local/lib/python3.7/site-packages/airflow/example_dags/example_short_circuit_operator.py for tasks to queue
[2023-04-08 03:05:48,849] {logging_mixin.py:115} INFO - [2023-04-08 03:05:48,849] {dagbag.py:507} INFO - Filling up the DagBag from /home/airflow/.local/lib/python3.7/site-packages/airflow/example_dags/example_short_circuit_operator.py
[2023-04-08 03:05:48,858] {processor.py:651} INFO - DAG(s) dict_keys(['example_short_circuit_operator']) retrieved from /home/airflow/.local/lib/python3.7/site-packages/airflow/example_dags/example_short_circuit_operator.py
[2023-04-08 03:05:48,896] {logging_mixin.py:115} INFO - [2023-04-08 03:05:48,896] {dag.py:2371} INFO - Sync 1 DAGs
[2023-04-08 03:05:49,029] {logging_mixin.py:115} INFO - [2023-04-08 03:05:49,028] {dag.py:2919} INFO - Setting next_dagrun for example_short_circuit_operator to 2023-04-07T03:05:49.028827+00:00, run_after=2023-04-08T03:05:49.028827+00:00
[2023-04-08 03:05:49,040] {processor.py:161} INFO - Processing /home/airflow/.local/lib/python3.7/site-packages/airflow/example_dags/example_short_circuit_operator.py took 0.200 seconds
[2023-04-08 03:06:19,268] {processor.py:153} INFO - Started process (PID=1501) to work on /home/airflow/.local/lib/python3.7/site-packages/airflow/example_dags/example_short_circuit_operator.py
[2023-04-08 03:06:19,269] {processor.py:641} INFO - Processing file /home/airflow/.local/lib/python3.7/site-packages/airflow/example_dags/example_short_circuit_operator.py for tasks to queue
[2023-04-08 03:06:19,274] {logging_mixin.py:115} INFO - [2023-04-08 03:06:19,274] {dagbag.py:507} INFO - Filling up the DagBag from /home/airflow/.local/lib/python3.7/site-packages/airflow/example_dags/example_short_circuit_operator.py
[2023-04-08 03:06:19,281] {processor.py:651} INFO - DAG(s) dict_keys(['example_short_circuit_operator']) retrieved from /home/airflow/.local/lib/python3.7/site-packages/airflow/example_dags/example_short_circuit_operator.py
[2023-04-08 03:06:19,307] {logging_mixin.py:115} INFO - [2023-04-08 03:06:19,307] {dag.py:2371} INFO - Sync 1 DAGs
[2023-04-08 03:06:19,421] {logging_mixin.py:115} INFO - [2023-04-08 03:06:19,421] {dag.py:2919} INFO - Setting next_dagrun for example_short_circuit_operator to 2023-04-07T03:06:19.421216+00:00, run_after=2023-04-08T03:06:19.421216+00:00
[2023-04-08 03:06:19,429] {processor.py:161} INFO - Processing /home/airflow/.local/lib/python3.7/site-packages/airflow/example_dags/example_short_circuit_operator.py took 0.164 seconds
