[2023-04-08 02:54:26,785] {processor.py:153} INFO - Started process (PID=48) to work on /home/airflow/.local/lib/python3.7/site-packages/airflow/example_dags/example_external_task_marker_dag.py
[2023-04-08 02:54:26,802] {processor.py:641} INFO - Processing file /home/airflow/.local/lib/python3.7/site-packages/airflow/example_dags/example_external_task_marker_dag.py for tasks to queue
[2023-04-08 02:54:26,819] {logging_mixin.py:115} INFO - [2023-04-08 02:54:26,819] {dagbag.py:507} INFO - Filling up the DagBag from /home/airflow/.local/lib/python3.7/site-packages/airflow/example_dags/example_external_task_marker_dag.py
[2023-04-08 02:54:26,844] {processor.py:651} INFO - DAG(s) dict_keys(['example_external_task_marker_parent', 'example_external_task_marker_child']) retrieved from /home/airflow/.local/lib/python3.7/site-packages/airflow/example_dags/example_external_task_marker_dag.py
[2023-04-08 02:54:27,465] {logging_mixin.py:115} INFO - [2023-04-08 02:54:27,465] {manager.py:508} INFO - Created Permission View: can delete on DAG:example_external_task_marker_parent
[2023-04-08 02:54:27,495] {logging_mixin.py:115} INFO - [2023-04-08 02:54:27,495] {manager.py:508} INFO - Created Permission View: can edit on DAG:example_external_task_marker_parent
[2023-04-08 02:54:27,519] {logging_mixin.py:115} INFO - [2023-04-08 02:54:27,519] {manager.py:508} INFO - Created Permission View: can read on DAG:example_external_task_marker_parent
[2023-04-08 02:54:27,633] {logging_mixin.py:115} INFO - [2023-04-08 02:54:27,633] {manager.py:508} INFO - Created Permission View: can delete on DAG:example_external_task_marker_child
[2023-04-08 02:54:27,651] {logging_mixin.py:115} INFO - [2023-04-08 02:54:27,651] {manager.py:508} INFO - Created Permission View: can edit on DAG:example_external_task_marker_child
[2023-04-08 02:54:27,781] {logging_mixin.py:115} INFO - [2023-04-08 02:54:27,781] {manager.py:508} INFO - Created Permission View: can read on DAG:example_external_task_marker_child
[2023-04-08 02:54:27,801] {logging_mixin.py:115} INFO - [2023-04-08 02:54:27,800] {dag.py:2371} INFO - Sync 2 DAGs
[2023-04-08 02:54:27,830] {logging_mixin.py:115} INFO - [2023-04-08 02:54:27,830] {dag.py:2390} INFO - Creating ORM DAG for example_external_task_marker_parent
[2023-04-08 02:54:27,846] {logging_mixin.py:115} INFO - [2023-04-08 02:54:27,846] {dag.py:2390} INFO - Creating ORM DAG for example_external_task_marker_child
[2023-04-08 02:54:27,868] {logging_mixin.py:115} INFO - [2023-04-08 02:54:27,868] {dag.py:2919} INFO - Setting next_dagrun for example_external_task_marker_child to None, run_after=None
[2023-04-08 02:54:27,886] {logging_mixin.py:115} INFO - [2023-04-08 02:54:27,886] {dag.py:2919} INFO - Setting next_dagrun for example_external_task_marker_parent to None, run_after=None
[2023-04-08 02:54:27,921] {processor.py:161} INFO - Processing /home/airflow/.local/lib/python3.7/site-packages/airflow/example_dags/example_external_task_marker_dag.py took 1.141 seconds
[2023-04-08 02:54:58,635] {processor.py:153} INFO - Started process (PID=102) to work on /home/airflow/.local/lib/python3.7/site-packages/airflow/example_dags/example_external_task_marker_dag.py
[2023-04-08 02:54:58,642] {processor.py:641} INFO - Processing file /home/airflow/.local/lib/python3.7/site-packages/airflow/example_dags/example_external_task_marker_dag.py for tasks to queue
[2023-04-08 02:54:58,647] {logging_mixin.py:115} INFO - [2023-04-08 02:54:58,647] {dagbag.py:507} INFO - Filling up the DagBag from /home/airflow/.local/lib/python3.7/site-packages/airflow/example_dags/example_external_task_marker_dag.py
[2023-04-08 02:54:58,655] {processor.py:651} INFO - DAG(s) dict_keys(['example_external_task_marker_parent', 'example_external_task_marker_child']) retrieved from /home/airflow/.local/lib/python3.7/site-packages/airflow/example_dags/example_external_task_marker_dag.py
[2023-04-08 02:54:58,788] {logging_mixin.py:115} INFO - [2023-04-08 02:54:58,788] {dag.py:2371} INFO - Sync 2 DAGs
[2023-04-08 02:54:58,820] {logging_mixin.py:115} INFO - [2023-04-08 02:54:58,819] {dag.py:2919} INFO - Setting next_dagrun for example_external_task_marker_child to None, run_after=None
[2023-04-08 02:54:58,841] {logging_mixin.py:115} INFO - [2023-04-08 02:54:58,841] {dag.py:2919} INFO - Setting next_dagrun for example_external_task_marker_parent to None, run_after=None
[2023-04-08 02:54:58,867] {processor.py:161} INFO - Processing /home/airflow/.local/lib/python3.7/site-packages/airflow/example_dags/example_external_task_marker_dag.py took 0.235 seconds
[2023-04-08 02:55:29,209] {processor.py:153} INFO - Started process (PID=166) to work on /home/airflow/.local/lib/python3.7/site-packages/airflow/example_dags/example_external_task_marker_dag.py
[2023-04-08 02:55:29,217] {processor.py:641} INFO - Processing file /home/airflow/.local/lib/python3.7/site-packages/airflow/example_dags/example_external_task_marker_dag.py for tasks to queue
[2023-04-08 02:55:29,220] {logging_mixin.py:115} INFO - [2023-04-08 02:55:29,220] {dagbag.py:507} INFO - Filling up the DagBag from /home/airflow/.local/lib/python3.7/site-packages/airflow/example_dags/example_external_task_marker_dag.py
[2023-04-08 02:55:29,226] {processor.py:651} INFO - DAG(s) dict_keys(['example_external_task_marker_parent', 'example_external_task_marker_child']) retrieved from /home/airflow/.local/lib/python3.7/site-packages/airflow/example_dags/example_external_task_marker_dag.py
[2023-04-08 02:55:29,306] {logging_mixin.py:115} INFO - [2023-04-08 02:55:29,306] {dag.py:2371} INFO - Sync 2 DAGs
[2023-04-08 02:55:29,324] {logging_mixin.py:115} INFO - [2023-04-08 02:55:29,324] {dag.py:2919} INFO - Setting next_dagrun for example_external_task_marker_child to None, run_after=None
[2023-04-08 02:55:29,326] {logging_mixin.py:115} INFO - [2023-04-08 02:55:29,326] {dag.py:2919} INFO - Setting next_dagrun for example_external_task_marker_parent to None, run_after=None
[2023-04-08 02:55:29,336] {processor.py:161} INFO - Processing /home/airflow/.local/lib/python3.7/site-packages/airflow/example_dags/example_external_task_marker_dag.py took 0.129 seconds
[2023-04-08 02:55:59,671] {processor.py:153} INFO - Started process (PID=229) to work on /home/airflow/.local/lib/python3.7/site-packages/airflow/example_dags/example_external_task_marker_dag.py
[2023-04-08 02:55:59,674] {processor.py:641} INFO - Processing file /home/airflow/.local/lib/python3.7/site-packages/airflow/example_dags/example_external_task_marker_dag.py for tasks to queue
[2023-04-08 02:55:59,676] {logging_mixin.py:115} INFO - [2023-04-08 02:55:59,676] {dagbag.py:507} INFO - Filling up the DagBag from /home/airflow/.local/lib/python3.7/site-packages/airflow/example_dags/example_external_task_marker_dag.py
[2023-04-08 02:55:59,690] {processor.py:651} INFO - DAG(s) dict_keys(['example_external_task_marker_parent', 'example_external_task_marker_child']) retrieved from /home/airflow/.local/lib/python3.7/site-packages/airflow/example_dags/example_external_task_marker_dag.py
[2023-04-08 02:55:59,731] {logging_mixin.py:115} INFO - [2023-04-08 02:55:59,731] {dag.py:2371} INFO - Sync 2 DAGs
[2023-04-08 02:55:59,748] {logging_mixin.py:115} INFO - [2023-04-08 02:55:59,748] {dag.py:2919} INFO - Setting next_dagrun for example_external_task_marker_child to None, run_after=None
[2023-04-08 02:55:59,750] {logging_mixin.py:115} INFO - [2023-04-08 02:55:59,749] {dag.py:2919} INFO - Setting next_dagrun for example_external_task_marker_parent to None, run_after=None
[2023-04-08 02:55:59,759] {processor.py:161} INFO - Processing /home/airflow/.local/lib/python3.7/site-packages/airflow/example_dags/example_external_task_marker_dag.py took 0.092 seconds
[2023-04-08 02:56:30,102] {processor.py:153} INFO - Started process (PID=292) to work on /home/airflow/.local/lib/python3.7/site-packages/airflow/example_dags/example_external_task_marker_dag.py
[2023-04-08 02:56:30,104] {processor.py:641} INFO - Processing file /home/airflow/.local/lib/python3.7/site-packages/airflow/example_dags/example_external_task_marker_dag.py for tasks to queue
[2023-04-08 02:56:30,106] {logging_mixin.py:115} INFO - [2023-04-08 02:56:30,106] {dagbag.py:507} INFO - Filling up the DagBag from /home/airflow/.local/lib/python3.7/site-packages/airflow/example_dags/example_external_task_marker_dag.py
[2023-04-08 02:56:30,120] {processor.py:651} INFO - DAG(s) dict_keys(['example_external_task_marker_parent', 'example_external_task_marker_child']) retrieved from /home/airflow/.local/lib/python3.7/site-packages/airflow/example_dags/example_external_task_marker_dag.py
[2023-04-08 02:56:30,162] {logging_mixin.py:115} INFO - [2023-04-08 02:56:30,162] {dag.py:2371} INFO - Sync 2 DAGs
[2023-04-08 02:56:30,181] {logging_mixin.py:115} INFO - [2023-04-08 02:56:30,181] {dag.py:2919} INFO - Setting next_dagrun for example_external_task_marker_child to None, run_after=None
[2023-04-08 02:56:30,183] {logging_mixin.py:115} INFO - [2023-04-08 02:56:30,183] {dag.py:2919} INFO - Setting next_dagrun for example_external_task_marker_parent to None, run_after=None
[2023-04-08 02:56:30,193] {processor.py:161} INFO - Processing /home/airflow/.local/lib/python3.7/site-packages/airflow/example_dags/example_external_task_marker_dag.py took 0.095 seconds
[2023-04-08 02:57:00,266] {processor.py:153} INFO - Started process (PID=355) to work on /home/airflow/.local/lib/python3.7/site-packages/airflow/example_dags/example_external_task_marker_dag.py
[2023-04-08 02:57:00,267] {processor.py:641} INFO - Processing file /home/airflow/.local/lib/python3.7/site-packages/airflow/example_dags/example_external_task_marker_dag.py for tasks to queue
[2023-04-08 02:57:00,269] {logging_mixin.py:115} INFO - [2023-04-08 02:57:00,269] {dagbag.py:507} INFO - Filling up the DagBag from /home/airflow/.local/lib/python3.7/site-packages/airflow/example_dags/example_external_task_marker_dag.py
[2023-04-08 02:57:00,279] {processor.py:651} INFO - DAG(s) dict_keys(['example_external_task_marker_parent', 'example_external_task_marker_child']) retrieved from /home/airflow/.local/lib/python3.7/site-packages/airflow/example_dags/example_external_task_marker_dag.py
[2023-04-08 02:57:00,315] {logging_mixin.py:115} INFO - [2023-04-08 02:57:00,315] {dag.py:2371} INFO - Sync 2 DAGs
[2023-04-08 02:57:00,333] {logging_mixin.py:115} INFO - [2023-04-08 02:57:00,333] {dag.py:2919} INFO - Setting next_dagrun for example_external_task_marker_child to None, run_after=None
[2023-04-08 02:57:00,334] {logging_mixin.py:115} INFO - [2023-04-08 02:57:00,334] {dag.py:2919} INFO - Setting next_dagrun for example_external_task_marker_parent to None, run_after=None
[2023-04-08 02:57:00,342] {processor.py:161} INFO - Processing /home/airflow/.local/lib/python3.7/site-packages/airflow/example_dags/example_external_task_marker_dag.py took 0.079 seconds
[2023-04-08 02:57:31,024] {processor.py:153} INFO - Started process (PID=409) to work on /home/airflow/.local/lib/python3.7/site-packages/airflow/example_dags/example_external_task_marker_dag.py
[2023-04-08 02:57:31,026] {processor.py:641} INFO - Processing file /home/airflow/.local/lib/python3.7/site-packages/airflow/example_dags/example_external_task_marker_dag.py for tasks to queue
[2023-04-08 02:57:31,028] {logging_mixin.py:115} INFO - [2023-04-08 02:57:31,027] {dagbag.py:507} INFO - Filling up the DagBag from /home/airflow/.local/lib/python3.7/site-packages/airflow/example_dags/example_external_task_marker_dag.py
[2023-04-08 02:57:31,038] {processor.py:651} INFO - DAG(s) dict_keys(['example_external_task_marker_parent', 'example_external_task_marker_child']) retrieved from /home/airflow/.local/lib/python3.7/site-packages/airflow/example_dags/example_external_task_marker_dag.py
[2023-04-08 02:57:31,080] {logging_mixin.py:115} INFO - [2023-04-08 02:57:31,080] {dag.py:2371} INFO - Sync 2 DAGs
[2023-04-08 02:57:31,100] {logging_mixin.py:115} INFO - [2023-04-08 02:57:31,100] {dag.py:2919} INFO - Setting next_dagrun for example_external_task_marker_child to None, run_after=None
[2023-04-08 02:57:31,101] {logging_mixin.py:115} INFO - [2023-04-08 02:57:31,101] {dag.py:2919} INFO - Setting next_dagrun for example_external_task_marker_parent to None, run_after=None
[2023-04-08 02:57:31,113] {processor.py:161} INFO - Processing /home/airflow/.local/lib/python3.7/site-packages/airflow/example_dags/example_external_task_marker_dag.py took 0.092 seconds
[2023-04-08 02:58:01,900] {processor.py:153} INFO - Started process (PID=472) to work on /home/airflow/.local/lib/python3.7/site-packages/airflow/example_dags/example_external_task_marker_dag.py
[2023-04-08 02:58:01,901] {processor.py:641} INFO - Processing file /home/airflow/.local/lib/python3.7/site-packages/airflow/example_dags/example_external_task_marker_dag.py for tasks to queue
[2023-04-08 02:58:01,902] {logging_mixin.py:115} INFO - [2023-04-08 02:58:01,902] {dagbag.py:507} INFO - Filling up the DagBag from /home/airflow/.local/lib/python3.7/site-packages/airflow/example_dags/example_external_task_marker_dag.py
[2023-04-08 02:58:01,907] {processor.py:651} INFO - DAG(s) dict_keys(['example_external_task_marker_parent', 'example_external_task_marker_child']) retrieved from /home/airflow/.local/lib/python3.7/site-packages/airflow/example_dags/example_external_task_marker_dag.py
[2023-04-08 02:58:01,949] {logging_mixin.py:115} INFO - [2023-04-08 02:58:01,949] {dag.py:2371} INFO - Sync 2 DAGs
[2023-04-08 02:58:01,967] {logging_mixin.py:115} INFO - [2023-04-08 02:58:01,967] {dag.py:2919} INFO - Setting next_dagrun for example_external_task_marker_child to None, run_after=None
[2023-04-08 02:58:01,969] {logging_mixin.py:115} INFO - [2023-04-08 02:58:01,969] {dag.py:2919} INFO - Setting next_dagrun for example_external_task_marker_parent to None, run_after=None
[2023-04-08 02:58:01,977] {processor.py:161} INFO - Processing /home/airflow/.local/lib/python3.7/site-packages/airflow/example_dags/example_external_task_marker_dag.py took 0.080 seconds
[2023-04-08 02:58:32,431] {processor.py:153} INFO - Started process (PID=535) to work on /home/airflow/.local/lib/python3.7/site-packages/airflow/example_dags/example_external_task_marker_dag.py
[2023-04-08 02:58:32,432] {processor.py:641} INFO - Processing file /home/airflow/.local/lib/python3.7/site-packages/airflow/example_dags/example_external_task_marker_dag.py for tasks to queue
[2023-04-08 02:58:32,434] {logging_mixin.py:115} INFO - [2023-04-08 02:58:32,434] {dagbag.py:507} INFO - Filling up the DagBag from /home/airflow/.local/lib/python3.7/site-packages/airflow/example_dags/example_external_task_marker_dag.py
[2023-04-08 02:58:32,438] {processor.py:651} INFO - DAG(s) dict_keys(['example_external_task_marker_parent', 'example_external_task_marker_child']) retrieved from /home/airflow/.local/lib/python3.7/site-packages/airflow/example_dags/example_external_task_marker_dag.py
[2023-04-08 02:58:32,474] {logging_mixin.py:115} INFO - [2023-04-08 02:58:32,474] {dag.py:2371} INFO - Sync 2 DAGs
[2023-04-08 02:58:32,490] {logging_mixin.py:115} INFO - [2023-04-08 02:58:32,490] {dag.py:2919} INFO - Setting next_dagrun for example_external_task_marker_child to None, run_after=None
[2023-04-08 02:58:32,491] {logging_mixin.py:115} INFO - [2023-04-08 02:58:32,491] {dag.py:2919} INFO - Setting next_dagrun for example_external_task_marker_parent to None, run_after=None
[2023-04-08 02:58:32,499] {processor.py:161} INFO - Processing /home/airflow/.local/lib/python3.7/site-packages/airflow/example_dags/example_external_task_marker_dag.py took 0.071 seconds
[2023-04-08 02:59:02,702] {processor.py:153} INFO - Started process (PID=597) to work on /home/airflow/.local/lib/python3.7/site-packages/airflow/example_dags/example_external_task_marker_dag.py
[2023-04-08 02:59:02,703] {processor.py:641} INFO - Processing file /home/airflow/.local/lib/python3.7/site-packages/airflow/example_dags/example_external_task_marker_dag.py for tasks to queue
[2023-04-08 02:59:02,705] {logging_mixin.py:115} INFO - [2023-04-08 02:59:02,705] {dagbag.py:507} INFO - Filling up the DagBag from /home/airflow/.local/lib/python3.7/site-packages/airflow/example_dags/example_external_task_marker_dag.py
[2023-04-08 02:59:02,709] {processor.py:651} INFO - DAG(s) dict_keys(['example_external_task_marker_parent', 'example_external_task_marker_child']) retrieved from /home/airflow/.local/lib/python3.7/site-packages/airflow/example_dags/example_external_task_marker_dag.py
[2023-04-08 02:59:02,745] {logging_mixin.py:115} INFO - [2023-04-08 02:59:02,745] {dag.py:2371} INFO - Sync 2 DAGs
[2023-04-08 02:59:02,765] {logging_mixin.py:115} INFO - [2023-04-08 02:59:02,765] {dag.py:2919} INFO - Setting next_dagrun for example_external_task_marker_child to None, run_after=None
[2023-04-08 02:59:02,767] {logging_mixin.py:115} INFO - [2023-04-08 02:59:02,767] {dag.py:2919} INFO - Setting next_dagrun for example_external_task_marker_parent to None, run_after=None
[2023-04-08 02:59:02,776] {processor.py:161} INFO - Processing /home/airflow/.local/lib/python3.7/site-packages/airflow/example_dags/example_external_task_marker_dag.py took 0.077 seconds
[2023-04-08 02:59:33,379] {processor.py:153} INFO - Started process (PID=661) to work on /home/airflow/.local/lib/python3.7/site-packages/airflow/example_dags/example_external_task_marker_dag.py
[2023-04-08 02:59:33,380] {processor.py:641} INFO - Processing file /home/airflow/.local/lib/python3.7/site-packages/airflow/example_dags/example_external_task_marker_dag.py for tasks to queue
[2023-04-08 02:59:33,382] {logging_mixin.py:115} INFO - [2023-04-08 02:59:33,382] {dagbag.py:507} INFO - Filling up the DagBag from /home/airflow/.local/lib/python3.7/site-packages/airflow/example_dags/example_external_task_marker_dag.py
[2023-04-08 02:59:33,386] {processor.py:651} INFO - DAG(s) dict_keys(['example_external_task_marker_parent', 'example_external_task_marker_child']) retrieved from /home/airflow/.local/lib/python3.7/site-packages/airflow/example_dags/example_external_task_marker_dag.py
[2023-04-08 02:59:33,421] {logging_mixin.py:115} INFO - [2023-04-08 02:59:33,421] {dag.py:2371} INFO - Sync 2 DAGs
[2023-04-08 02:59:33,542] {logging_mixin.py:115} INFO - [2023-04-08 02:59:33,542] {dag.py:2919} INFO - Setting next_dagrun for example_external_task_marker_child to None, run_after=None
[2023-04-08 02:59:33,544] {logging_mixin.py:115} INFO - [2023-04-08 02:59:33,544] {dag.py:2919} INFO - Setting next_dagrun for example_external_task_marker_parent to None, run_after=None
[2023-04-08 02:59:33,551] {processor.py:161} INFO - Processing /home/airflow/.local/lib/python3.7/site-packages/airflow/example_dags/example_external_task_marker_dag.py took 0.176 seconds
[2023-04-08 03:00:04,396] {processor.py:153} INFO - Started process (PID=734) to work on /home/airflow/.local/lib/python3.7/site-packages/airflow/example_dags/example_external_task_marker_dag.py
[2023-04-08 03:00:04,398] {processor.py:641} INFO - Processing file /home/airflow/.local/lib/python3.7/site-packages/airflow/example_dags/example_external_task_marker_dag.py for tasks to queue
[2023-04-08 03:00:04,399] {logging_mixin.py:115} INFO - [2023-04-08 03:00:04,399] {dagbag.py:507} INFO - Filling up the DagBag from /home/airflow/.local/lib/python3.7/site-packages/airflow/example_dags/example_external_task_marker_dag.py
[2023-04-08 03:00:04,403] {processor.py:651} INFO - DAG(s) dict_keys(['example_external_task_marker_parent', 'example_external_task_marker_child']) retrieved from /home/airflow/.local/lib/python3.7/site-packages/airflow/example_dags/example_external_task_marker_dag.py
[2023-04-08 03:00:04,440] {logging_mixin.py:115} INFO - [2023-04-08 03:00:04,440] {dag.py:2371} INFO - Sync 2 DAGs
[2023-04-08 03:00:04,564] {logging_mixin.py:115} INFO - [2023-04-08 03:00:04,564] {dag.py:2919} INFO - Setting next_dagrun for example_external_task_marker_child to None, run_after=None
[2023-04-08 03:00:04,566] {logging_mixin.py:115} INFO - [2023-04-08 03:00:04,566] {dag.py:2919} INFO - Setting next_dagrun for example_external_task_marker_parent to None, run_after=None
[2023-04-08 03:00:04,574] {processor.py:161} INFO - Processing /home/airflow/.local/lib/python3.7/site-packages/airflow/example_dags/example_external_task_marker_dag.py took 0.180 seconds
[2023-04-08 03:00:34,889] {processor.py:153} INFO - Started process (PID=787) to work on /home/airflow/.local/lib/python3.7/site-packages/airflow/example_dags/example_external_task_marker_dag.py
[2023-04-08 03:00:34,891] {processor.py:641} INFO - Processing file /home/airflow/.local/lib/python3.7/site-packages/airflow/example_dags/example_external_task_marker_dag.py for tasks to queue
[2023-04-08 03:00:34,894] {logging_mixin.py:115} INFO - [2023-04-08 03:00:34,894] {dagbag.py:507} INFO - Filling up the DagBag from /home/airflow/.local/lib/python3.7/site-packages/airflow/example_dags/example_external_task_marker_dag.py
[2023-04-08 03:00:34,898] {processor.py:651} INFO - DAG(s) dict_keys(['example_external_task_marker_parent', 'example_external_task_marker_child']) retrieved from /home/airflow/.local/lib/python3.7/site-packages/airflow/example_dags/example_external_task_marker_dag.py
[2023-04-08 03:00:34,938] {logging_mixin.py:115} INFO - [2023-04-08 03:00:34,938] {dag.py:2371} INFO - Sync 2 DAGs
[2023-04-08 03:00:35,056] {logging_mixin.py:115} INFO - [2023-04-08 03:00:35,056] {dag.py:2919} INFO - Setting next_dagrun for example_external_task_marker_child to None, run_after=None
[2023-04-08 03:00:35,058] {logging_mixin.py:115} INFO - [2023-04-08 03:00:35,058] {dag.py:2919} INFO - Setting next_dagrun for example_external_task_marker_parent to None, run_after=None
[2023-04-08 03:00:35,066] {processor.py:161} INFO - Processing /home/airflow/.local/lib/python3.7/site-packages/airflow/example_dags/example_external_task_marker_dag.py took 0.180 seconds
[2023-04-08 03:01:05,353] {processor.py:153} INFO - Started process (PID=850) to work on /home/airflow/.local/lib/python3.7/site-packages/airflow/example_dags/example_external_task_marker_dag.py
[2023-04-08 03:01:05,355] {processor.py:641} INFO - Processing file /home/airflow/.local/lib/python3.7/site-packages/airflow/example_dags/example_external_task_marker_dag.py for tasks to queue
[2023-04-08 03:01:05,357] {logging_mixin.py:115} INFO - [2023-04-08 03:01:05,357] {dagbag.py:507} INFO - Filling up the DagBag from /home/airflow/.local/lib/python3.7/site-packages/airflow/example_dags/example_external_task_marker_dag.py
[2023-04-08 03:01:05,369] {processor.py:651} INFO - DAG(s) dict_keys(['example_external_task_marker_parent', 'example_external_task_marker_child']) retrieved from /home/airflow/.local/lib/python3.7/site-packages/airflow/example_dags/example_external_task_marker_dag.py
[2023-04-08 03:01:05,408] {logging_mixin.py:115} INFO - [2023-04-08 03:01:05,408] {dag.py:2371} INFO - Sync 2 DAGs
[2023-04-08 03:01:05,539] {logging_mixin.py:115} INFO - [2023-04-08 03:01:05,539] {dag.py:2919} INFO - Setting next_dagrun for example_external_task_marker_child to None, run_after=None
[2023-04-08 03:01:05,541] {logging_mixin.py:115} INFO - [2023-04-08 03:01:05,541] {dag.py:2919} INFO - Setting next_dagrun for example_external_task_marker_parent to None, run_after=None
[2023-04-08 03:01:05,550] {processor.py:161} INFO - Processing /home/airflow/.local/lib/python3.7/site-packages/airflow/example_dags/example_external_task_marker_dag.py took 0.201 seconds
[2023-04-08 03:01:35,808] {processor.py:153} INFO - Started process (PID=919) to work on /home/airflow/.local/lib/python3.7/site-packages/airflow/example_dags/example_external_task_marker_dag.py
[2023-04-08 03:01:35,809] {processor.py:641} INFO - Processing file /home/airflow/.local/lib/python3.7/site-packages/airflow/example_dags/example_external_task_marker_dag.py for tasks to queue
[2023-04-08 03:01:35,811] {logging_mixin.py:115} INFO - [2023-04-08 03:01:35,811] {dagbag.py:507} INFO - Filling up the DagBag from /home/airflow/.local/lib/python3.7/site-packages/airflow/example_dags/example_external_task_marker_dag.py
[2023-04-08 03:01:35,815] {processor.py:651} INFO - DAG(s) dict_keys(['example_external_task_marker_parent', 'example_external_task_marker_child']) retrieved from /home/airflow/.local/lib/python3.7/site-packages/airflow/example_dags/example_external_task_marker_dag.py
[2023-04-08 03:01:35,852] {logging_mixin.py:115} INFO - [2023-04-08 03:01:35,851] {dag.py:2371} INFO - Sync 2 DAGs
[2023-04-08 03:01:35,971] {logging_mixin.py:115} INFO - [2023-04-08 03:01:35,971] {dag.py:2919} INFO - Setting next_dagrun for example_external_task_marker_child to None, run_after=None
[2023-04-08 03:01:35,973] {logging_mixin.py:115} INFO - [2023-04-08 03:01:35,973] {dag.py:2919} INFO - Setting next_dagrun for example_external_task_marker_parent to None, run_after=None
[2023-04-08 03:01:35,981] {processor.py:161} INFO - Processing /home/airflow/.local/lib/python3.7/site-packages/airflow/example_dags/example_external_task_marker_dag.py took 0.176 seconds
[2023-04-08 03:02:07,153] {processor.py:153} INFO - Started process (PID=982) to work on /home/airflow/.local/lib/python3.7/site-packages/airflow/example_dags/example_external_task_marker_dag.py
[2023-04-08 03:02:07,155] {processor.py:641} INFO - Processing file /home/airflow/.local/lib/python3.7/site-packages/airflow/example_dags/example_external_task_marker_dag.py for tasks to queue
[2023-04-08 03:02:07,156] {logging_mixin.py:115} INFO - [2023-04-08 03:02:07,156] {dagbag.py:507} INFO - Filling up the DagBag from /home/airflow/.local/lib/python3.7/site-packages/airflow/example_dags/example_external_task_marker_dag.py
[2023-04-08 03:02:07,160] {processor.py:651} INFO - DAG(s) dict_keys(['example_external_task_marker_parent', 'example_external_task_marker_child']) retrieved from /home/airflow/.local/lib/python3.7/site-packages/airflow/example_dags/example_external_task_marker_dag.py
[2023-04-08 03:02:07,194] {logging_mixin.py:115} INFO - [2023-04-08 03:02:07,194] {dag.py:2371} INFO - Sync 2 DAGs
[2023-04-08 03:02:07,327] {logging_mixin.py:115} INFO - [2023-04-08 03:02:07,327] {dag.py:2919} INFO - Setting next_dagrun for example_external_task_marker_child to None, run_after=None
[2023-04-08 03:02:07,328] {logging_mixin.py:115} INFO - [2023-04-08 03:02:07,328] {dag.py:2919} INFO - Setting next_dagrun for example_external_task_marker_parent to None, run_after=None
[2023-04-08 03:02:07,337] {processor.py:161} INFO - Processing /home/airflow/.local/lib/python3.7/site-packages/airflow/example_dags/example_external_task_marker_dag.py took 0.186 seconds
[2023-04-08 03:02:37,608] {processor.py:153} INFO - Started process (PID=1045) to work on /home/airflow/.local/lib/python3.7/site-packages/airflow/example_dags/example_external_task_marker_dag.py
[2023-04-08 03:02:37,610] {processor.py:641} INFO - Processing file /home/airflow/.local/lib/python3.7/site-packages/airflow/example_dags/example_external_task_marker_dag.py for tasks to queue
[2023-04-08 03:02:37,618] {logging_mixin.py:115} INFO - [2023-04-08 03:02:37,618] {dagbag.py:507} INFO - Filling up the DagBag from /home/airflow/.local/lib/python3.7/site-packages/airflow/example_dags/example_external_task_marker_dag.py
[2023-04-08 03:02:37,623] {processor.py:651} INFO - DAG(s) dict_keys(['example_external_task_marker_parent', 'example_external_task_marker_child']) retrieved from /home/airflow/.local/lib/python3.7/site-packages/airflow/example_dags/example_external_task_marker_dag.py
[2023-04-08 03:02:37,659] {logging_mixin.py:115} INFO - [2023-04-08 03:02:37,658] {dag.py:2371} INFO - Sync 2 DAGs
[2023-04-08 03:02:37,784] {logging_mixin.py:115} INFO - [2023-04-08 03:02:37,784] {dag.py:2919} INFO - Setting next_dagrun for example_external_task_marker_child to None, run_after=None
[2023-04-08 03:02:37,786] {logging_mixin.py:115} INFO - [2023-04-08 03:02:37,786] {dag.py:2919} INFO - Setting next_dagrun for example_external_task_marker_parent to None, run_after=None
[2023-04-08 03:02:37,795] {processor.py:161} INFO - Processing /home/airflow/.local/lib/python3.7/site-packages/airflow/example_dags/example_external_task_marker_dag.py took 0.189 seconds
[2023-04-08 03:03:08,074] {processor.py:153} INFO - Started process (PID=1107) to work on /home/airflow/.local/lib/python3.7/site-packages/airflow/example_dags/example_external_task_marker_dag.py
[2023-04-08 03:03:08,076] {processor.py:641} INFO - Processing file /home/airflow/.local/lib/python3.7/site-packages/airflow/example_dags/example_external_task_marker_dag.py for tasks to queue
[2023-04-08 03:03:08,077] {logging_mixin.py:115} INFO - [2023-04-08 03:03:08,077] {dagbag.py:507} INFO - Filling up the DagBag from /home/airflow/.local/lib/python3.7/site-packages/airflow/example_dags/example_external_task_marker_dag.py
[2023-04-08 03:03:08,083] {processor.py:651} INFO - DAG(s) dict_keys(['example_external_task_marker_parent', 'example_external_task_marker_child']) retrieved from /home/airflow/.local/lib/python3.7/site-packages/airflow/example_dags/example_external_task_marker_dag.py
[2023-04-08 03:03:08,120] {logging_mixin.py:115} INFO - [2023-04-08 03:03:08,120] {dag.py:2371} INFO - Sync 2 DAGs
[2023-04-08 03:03:08,241] {logging_mixin.py:115} INFO - [2023-04-08 03:03:08,241] {dag.py:2919} INFO - Setting next_dagrun for example_external_task_marker_child to None, run_after=None
[2023-04-08 03:03:08,242] {logging_mixin.py:115} INFO - [2023-04-08 03:03:08,242] {dag.py:2919} INFO - Setting next_dagrun for example_external_task_marker_parent to None, run_after=None
[2023-04-08 03:03:08,253] {processor.py:161} INFO - Processing /home/airflow/.local/lib/python3.7/site-packages/airflow/example_dags/example_external_task_marker_dag.py took 0.183 seconds
[2023-04-08 03:03:38,555] {processor.py:153} INFO - Started process (PID=1161) to work on /home/airflow/.local/lib/python3.7/site-packages/airflow/example_dags/example_external_task_marker_dag.py
[2023-04-08 03:03:38,556] {processor.py:641} INFO - Processing file /home/airflow/.local/lib/python3.7/site-packages/airflow/example_dags/example_external_task_marker_dag.py for tasks to queue
[2023-04-08 03:03:38,557] {logging_mixin.py:115} INFO - [2023-04-08 03:03:38,557] {dagbag.py:507} INFO - Filling up the DagBag from /home/airflow/.local/lib/python3.7/site-packages/airflow/example_dags/example_external_task_marker_dag.py
[2023-04-08 03:03:38,561] {processor.py:651} INFO - DAG(s) dict_keys(['example_external_task_marker_parent', 'example_external_task_marker_child']) retrieved from /home/airflow/.local/lib/python3.7/site-packages/airflow/example_dags/example_external_task_marker_dag.py
[2023-04-08 03:03:38,596] {logging_mixin.py:115} INFO - [2023-04-08 03:03:38,596] {dag.py:2371} INFO - Sync 2 DAGs
[2023-04-08 03:03:38,705] {logging_mixin.py:115} INFO - [2023-04-08 03:03:38,705] {dag.py:2919} INFO - Setting next_dagrun for example_external_task_marker_child to None, run_after=None
[2023-04-08 03:03:38,708] {logging_mixin.py:115} INFO - [2023-04-08 03:03:38,708] {dag.py:2919} INFO - Setting next_dagrun for example_external_task_marker_parent to None, run_after=None
[2023-04-08 03:03:38,722] {processor.py:161} INFO - Processing /home/airflow/.local/lib/python3.7/site-packages/airflow/example_dags/example_external_task_marker_dag.py took 0.170 seconds
[2023-04-08 03:04:08,874] {processor.py:153} INFO - Started process (PID=1224) to work on /home/airflow/.local/lib/python3.7/site-packages/airflow/example_dags/example_external_task_marker_dag.py
[2023-04-08 03:04:08,875] {processor.py:641} INFO - Processing file /home/airflow/.local/lib/python3.7/site-packages/airflow/example_dags/example_external_task_marker_dag.py for tasks to queue
[2023-04-08 03:04:08,882] {logging_mixin.py:115} INFO - [2023-04-08 03:04:08,882] {dagbag.py:507} INFO - Filling up the DagBag from /home/airflow/.local/lib/python3.7/site-packages/airflow/example_dags/example_external_task_marker_dag.py
[2023-04-08 03:04:08,887] {processor.py:651} INFO - DAG(s) dict_keys(['example_external_task_marker_parent', 'example_external_task_marker_child']) retrieved from /home/airflow/.local/lib/python3.7/site-packages/airflow/example_dags/example_external_task_marker_dag.py
[2023-04-08 03:04:08,924] {logging_mixin.py:115} INFO - [2023-04-08 03:04:08,924] {dag.py:2371} INFO - Sync 2 DAGs
[2023-04-08 03:04:09,031] {logging_mixin.py:115} INFO - [2023-04-08 03:04:09,031] {dag.py:2919} INFO - Setting next_dagrun for example_external_task_marker_child to None, run_after=None
[2023-04-08 03:04:09,032] {logging_mixin.py:115} INFO - [2023-04-08 03:04:09,032] {dag.py:2919} INFO - Setting next_dagrun for example_external_task_marker_parent to None, run_after=None
[2023-04-08 03:04:09,042] {processor.py:161} INFO - Processing /home/airflow/.local/lib/python3.7/site-packages/airflow/example_dags/example_external_task_marker_dag.py took 0.171 seconds
[2023-04-08 03:04:39,245] {processor.py:153} INFO - Started process (PID=1287) to work on /home/airflow/.local/lib/python3.7/site-packages/airflow/example_dags/example_external_task_marker_dag.py
[2023-04-08 03:04:39,246] {processor.py:641} INFO - Processing file /home/airflow/.local/lib/python3.7/site-packages/airflow/example_dags/example_external_task_marker_dag.py for tasks to queue
[2023-04-08 03:04:39,257] {logging_mixin.py:115} INFO - [2023-04-08 03:04:39,257] {dagbag.py:507} INFO - Filling up the DagBag from /home/airflow/.local/lib/python3.7/site-packages/airflow/example_dags/example_external_task_marker_dag.py
[2023-04-08 03:04:39,262] {processor.py:651} INFO - DAG(s) dict_keys(['example_external_task_marker_parent', 'example_external_task_marker_child']) retrieved from /home/airflow/.local/lib/python3.7/site-packages/airflow/example_dags/example_external_task_marker_dag.py
[2023-04-08 03:04:39,300] {logging_mixin.py:115} INFO - [2023-04-08 03:04:39,300] {dag.py:2371} INFO - Sync 2 DAGs
[2023-04-08 03:04:39,405] {logging_mixin.py:115} INFO - [2023-04-08 03:04:39,405] {dag.py:2919} INFO - Setting next_dagrun for example_external_task_marker_child to None, run_after=None
[2023-04-08 03:04:39,407] {logging_mixin.py:115} INFO - [2023-04-08 03:04:39,407] {dag.py:2919} INFO - Setting next_dagrun for example_external_task_marker_parent to None, run_after=None
[2023-04-08 03:04:39,415] {processor.py:161} INFO - Processing /home/airflow/.local/lib/python3.7/site-packages/airflow/example_dags/example_external_task_marker_dag.py took 0.173 seconds
[2023-04-08 03:05:09,657] {processor.py:153} INFO - Started process (PID=1349) to work on /home/airflow/.local/lib/python3.7/site-packages/airflow/example_dags/example_external_task_marker_dag.py
[2023-04-08 03:05:09,659] {processor.py:641} INFO - Processing file /home/airflow/.local/lib/python3.7/site-packages/airflow/example_dags/example_external_task_marker_dag.py for tasks to queue
[2023-04-08 03:05:09,660] {logging_mixin.py:115} INFO - [2023-04-08 03:05:09,660] {dagbag.py:507} INFO - Filling up the DagBag from /home/airflow/.local/lib/python3.7/site-packages/airflow/example_dags/example_external_task_marker_dag.py
[2023-04-08 03:05:09,665] {processor.py:651} INFO - DAG(s) dict_keys(['example_external_task_marker_parent', 'example_external_task_marker_child']) retrieved from /home/airflow/.local/lib/python3.7/site-packages/airflow/example_dags/example_external_task_marker_dag.py
[2023-04-08 03:05:09,722] {logging_mixin.py:115} INFO - [2023-04-08 03:05:09,722] {dag.py:2371} INFO - Sync 2 DAGs
[2023-04-08 03:05:09,850] {logging_mixin.py:115} INFO - [2023-04-08 03:05:09,850] {dag.py:2919} INFO - Setting next_dagrun for example_external_task_marker_child to None, run_after=None
[2023-04-08 03:05:09,852] {logging_mixin.py:115} INFO - [2023-04-08 03:05:09,852] {dag.py:2919} INFO - Setting next_dagrun for example_external_task_marker_parent to None, run_after=None
[2023-04-08 03:05:09,861] {processor.py:161} INFO - Processing /home/airflow/.local/lib/python3.7/site-packages/airflow/example_dags/example_external_task_marker_dag.py took 0.207 seconds
[2023-04-08 03:05:40,701] {processor.py:153} INFO - Started process (PID=1412) to work on /home/airflow/.local/lib/python3.7/site-packages/airflow/example_dags/example_external_task_marker_dag.py
[2023-04-08 03:05:40,703] {processor.py:641} INFO - Processing file /home/airflow/.local/lib/python3.7/site-packages/airflow/example_dags/example_external_task_marker_dag.py for tasks to queue
[2023-04-08 03:05:40,704] {logging_mixin.py:115} INFO - [2023-04-08 03:05:40,704] {dagbag.py:507} INFO - Filling up the DagBag from /home/airflow/.local/lib/python3.7/site-packages/airflow/example_dags/example_external_task_marker_dag.py
[2023-04-08 03:05:40,709] {processor.py:651} INFO - DAG(s) dict_keys(['example_external_task_marker_parent', 'example_external_task_marker_child']) retrieved from /home/airflow/.local/lib/python3.7/site-packages/airflow/example_dags/example_external_task_marker_dag.py
[2023-04-08 03:05:40,750] {logging_mixin.py:115} INFO - [2023-04-08 03:05:40,750] {dag.py:2371} INFO - Sync 2 DAGs
[2023-04-08 03:05:40,858] {logging_mixin.py:115} INFO - [2023-04-08 03:05:40,858] {dag.py:2919} INFO - Setting next_dagrun for example_external_task_marker_child to None, run_after=None
[2023-04-08 03:05:40,860] {logging_mixin.py:115} INFO - [2023-04-08 03:05:40,860] {dag.py:2919} INFO - Setting next_dagrun for example_external_task_marker_parent to None, run_after=None
[2023-04-08 03:05:40,868] {processor.py:161} INFO - Processing /home/airflow/.local/lib/python3.7/site-packages/airflow/example_dags/example_external_task_marker_dag.py took 0.170 seconds
[2023-04-08 03:06:11,066] {processor.py:153} INFO - Started process (PID=1465) to work on /home/airflow/.local/lib/python3.7/site-packages/airflow/example_dags/example_external_task_marker_dag.py
[2023-04-08 03:06:11,067] {processor.py:641} INFO - Processing file /home/airflow/.local/lib/python3.7/site-packages/airflow/example_dags/example_external_task_marker_dag.py for tasks to queue
[2023-04-08 03:06:11,069] {logging_mixin.py:115} INFO - [2023-04-08 03:06:11,069] {dagbag.py:507} INFO - Filling up the DagBag from /home/airflow/.local/lib/python3.7/site-packages/airflow/example_dags/example_external_task_marker_dag.py
[2023-04-08 03:06:11,073] {processor.py:651} INFO - DAG(s) dict_keys(['example_external_task_marker_parent', 'example_external_task_marker_child']) retrieved from /home/airflow/.local/lib/python3.7/site-packages/airflow/example_dags/example_external_task_marker_dag.py
[2023-04-08 03:06:11,109] {logging_mixin.py:115} INFO - [2023-04-08 03:06:11,109] {dag.py:2371} INFO - Sync 2 DAGs
[2023-04-08 03:06:11,224] {logging_mixin.py:115} INFO - [2023-04-08 03:06:11,224] {dag.py:2919} INFO - Setting next_dagrun for example_external_task_marker_child to None, run_after=None
[2023-04-08 03:06:11,226] {logging_mixin.py:115} INFO - [2023-04-08 03:06:11,225] {dag.py:2919} INFO - Setting next_dagrun for example_external_task_marker_parent to None, run_after=None
[2023-04-08 03:06:11,236] {processor.py:161} INFO - Processing /home/airflow/.local/lib/python3.7/site-packages/airflow/example_dags/example_external_task_marker_dag.py took 0.173 seconds
