[2023-04-08 02:54:28,256] {processor.py:153} INFO - Started process (PID=50) to work on /home/airflow/.local/lib/python3.7/site-packages/airflow/example_dags/example_latest_only_with_trigger.py
[2023-04-08 02:54:28,271] {processor.py:641} INFO - Processing file /home/airflow/.local/lib/python3.7/site-packages/airflow/example_dags/example_latest_only_with_trigger.py for tasks to queue
[2023-04-08 02:54:28,294] {logging_mixin.py:115} INFO - [2023-04-08 02:54:28,294] {dagbag.py:507} INFO - Filling up the DagBag from /home/airflow/.local/lib/python3.7/site-packages/airflow/example_dags/example_latest_only_with_trigger.py
[2023-04-08 02:54:28,342] {processor.py:651} INFO - DAG(s) dict_keys(['latest_only_with_trigger']) retrieved from /home/airflow/.local/lib/python3.7/site-packages/airflow/example_dags/example_latest_only_with_trigger.py
[2023-04-08 02:54:28,612] {logging_mixin.py:115} INFO - [2023-04-08 02:54:28,612] {manager.py:508} INFO - Created Permission View: can delete on DAG:latest_only_with_trigger
[2023-04-08 02:54:28,641] {logging_mixin.py:115} INFO - [2023-04-08 02:54:28,641] {manager.py:508} INFO - Created Permission View: can edit on DAG:latest_only_with_trigger
[2023-04-08 02:54:28,667] {logging_mixin.py:115} INFO - [2023-04-08 02:54:28,667] {manager.py:508} INFO - Created Permission View: can read on DAG:latest_only_with_trigger
[2023-04-08 02:54:28,680] {logging_mixin.py:115} INFO - [2023-04-08 02:54:28,680] {dag.py:2371} INFO - Sync 1 DAGs
[2023-04-08 02:54:28,698] {logging_mixin.py:115} INFO - [2023-04-08 02:54:28,698] {dag.py:2390} INFO - Creating ORM DAG for latest_only_with_trigger
[2023-04-08 02:54:28,723] {logging_mixin.py:115} INFO - [2023-04-08 02:54:28,723] {dag.py:2919} INFO - Setting next_dagrun for latest_only_with_trigger to 2023-04-07T22:54:28.722874+00:00, run_after=2023-04-08T02:54:28.722874+00:00
[2023-04-08 02:54:28,743] {processor.py:161} INFO - Processing /home/airflow/.local/lib/python3.7/site-packages/airflow/example_dags/example_latest_only_with_trigger.py took 0.497 seconds
[2023-04-08 02:54:58,951] {processor.py:153} INFO - Started process (PID=104) to work on /home/airflow/.local/lib/python3.7/site-packages/airflow/example_dags/example_latest_only_with_trigger.py
[2023-04-08 02:54:58,960] {processor.py:641} INFO - Processing file /home/airflow/.local/lib/python3.7/site-packages/airflow/example_dags/example_latest_only_with_trigger.py for tasks to queue
[2023-04-08 02:54:58,968] {logging_mixin.py:115} INFO - [2023-04-08 02:54:58,968] {dagbag.py:507} INFO - Filling up the DagBag from /home/airflow/.local/lib/python3.7/site-packages/airflow/example_dags/example_latest_only_with_trigger.py
[2023-04-08 02:54:58,983] {processor.py:651} INFO - DAG(s) dict_keys(['latest_only_with_trigger']) retrieved from /home/airflow/.local/lib/python3.7/site-packages/airflow/example_dags/example_latest_only_with_trigger.py
[2023-04-08 02:54:59,121] {logging_mixin.py:115} INFO - [2023-04-08 02:54:59,121] {dag.py:2371} INFO - Sync 1 DAGs
[2023-04-08 02:54:59,161] {logging_mixin.py:115} INFO - [2023-04-08 02:54:59,160] {dag.py:2919} INFO - Setting next_dagrun for latest_only_with_trigger to 2023-04-07T22:54:59.160710+00:00, run_after=2023-04-08T02:54:59.160710+00:00
[2023-04-08 02:54:59,390] {processor.py:161} INFO - Processing /home/airflow/.local/lib/python3.7/site-packages/airflow/example_dags/example_latest_only_with_trigger.py took 0.442 seconds
[2023-04-08 02:55:29,724] {processor.py:153} INFO - Started process (PID=168) to work on /home/airflow/.local/lib/python3.7/site-packages/airflow/example_dags/example_latest_only_with_trigger.py
[2023-04-08 02:55:29,726] {processor.py:641} INFO - Processing file /home/airflow/.local/lib/python3.7/site-packages/airflow/example_dags/example_latest_only_with_trigger.py for tasks to queue
[2023-04-08 02:55:29,727] {logging_mixin.py:115} INFO - [2023-04-08 02:55:29,727] {dagbag.py:507} INFO - Filling up the DagBag from /home/airflow/.local/lib/python3.7/site-packages/airflow/example_dags/example_latest_only_with_trigger.py
[2023-04-08 02:55:29,733] {processor.py:651} INFO - DAG(s) dict_keys(['latest_only_with_trigger']) retrieved from /home/airflow/.local/lib/python3.7/site-packages/airflow/example_dags/example_latest_only_with_trigger.py
[2023-04-08 02:55:29,810] {logging_mixin.py:115} INFO - [2023-04-08 02:55:29,810] {dag.py:2371} INFO - Sync 1 DAGs
[2023-04-08 02:55:29,831] {logging_mixin.py:115} INFO - [2023-04-08 02:55:29,831] {dag.py:2919} INFO - Setting next_dagrun for latest_only_with_trigger to 2023-04-07T22:55:29.830819+00:00, run_after=2023-04-08T02:55:29.830819+00:00
[2023-04-08 02:55:29,842] {processor.py:161} INFO - Processing /home/airflow/.local/lib/python3.7/site-packages/airflow/example_dags/example_latest_only_with_trigger.py took 0.121 seconds
[2023-04-08 02:55:59,901] {processor.py:153} INFO - Started process (PID=231) to work on /home/airflow/.local/lib/python3.7/site-packages/airflow/example_dags/example_latest_only_with_trigger.py
[2023-04-08 02:55:59,902] {processor.py:641} INFO - Processing file /home/airflow/.local/lib/python3.7/site-packages/airflow/example_dags/example_latest_only_with_trigger.py for tasks to queue
[2023-04-08 02:55:59,909] {logging_mixin.py:115} INFO - [2023-04-08 02:55:59,909] {dagbag.py:507} INFO - Filling up the DagBag from /home/airflow/.local/lib/python3.7/site-packages/airflow/example_dags/example_latest_only_with_trigger.py
[2023-04-08 02:55:59,915] {processor.py:651} INFO - DAG(s) dict_keys(['latest_only_with_trigger']) retrieved from /home/airflow/.local/lib/python3.7/site-packages/airflow/example_dags/example_latest_only_with_trigger.py
[2023-04-08 02:55:59,940] {logging_mixin.py:115} INFO - [2023-04-08 02:55:59,940] {dag.py:2371} INFO - Sync 1 DAGs
[2023-04-08 02:55:59,957] {logging_mixin.py:115} INFO - [2023-04-08 02:55:59,957] {dag.py:2919} INFO - Setting next_dagrun for latest_only_with_trigger to 2023-04-07T22:55:59.957105+00:00, run_after=2023-04-08T02:55:59.957105+00:00
[2023-04-08 02:55:59,966] {processor.py:161} INFO - Processing /home/airflow/.local/lib/python3.7/site-packages/airflow/example_dags/example_latest_only_with_trigger.py took 0.068 seconds
[2023-04-08 02:56:30,234] {processor.py:153} INFO - Started process (PID=294) to work on /home/airflow/.local/lib/python3.7/site-packages/airflow/example_dags/example_latest_only_with_trigger.py
[2023-04-08 02:56:30,236] {processor.py:641} INFO - Processing file /home/airflow/.local/lib/python3.7/site-packages/airflow/example_dags/example_latest_only_with_trigger.py for tasks to queue
[2023-04-08 02:56:30,237] {logging_mixin.py:115} INFO - [2023-04-08 02:56:30,237] {dagbag.py:507} INFO - Filling up the DagBag from /home/airflow/.local/lib/python3.7/site-packages/airflow/example_dags/example_latest_only_with_trigger.py
[2023-04-08 02:56:30,244] {processor.py:651} INFO - DAG(s) dict_keys(['latest_only_with_trigger']) retrieved from /home/airflow/.local/lib/python3.7/site-packages/airflow/example_dags/example_latest_only_with_trigger.py
[2023-04-08 02:56:30,274] {logging_mixin.py:115} INFO - [2023-04-08 02:56:30,274] {dag.py:2371} INFO - Sync 1 DAGs
[2023-04-08 02:56:30,299] {logging_mixin.py:115} INFO - [2023-04-08 02:56:30,299] {dag.py:2919} INFO - Setting next_dagrun for latest_only_with_trigger to 2023-04-07T22:56:30.298669+00:00, run_after=2023-04-08T02:56:30.298669+00:00
[2023-04-08 02:56:30,311] {processor.py:161} INFO - Processing /home/airflow/.local/lib/python3.7/site-packages/airflow/example_dags/example_latest_only_with_trigger.py took 0.080 seconds
[2023-04-08 02:57:00,382] {processor.py:153} INFO - Started process (PID=357) to work on /home/airflow/.local/lib/python3.7/site-packages/airflow/example_dags/example_latest_only_with_trigger.py
[2023-04-08 02:57:00,383] {processor.py:641} INFO - Processing file /home/airflow/.local/lib/python3.7/site-packages/airflow/example_dags/example_latest_only_with_trigger.py for tasks to queue
[2023-04-08 02:57:00,385] {logging_mixin.py:115} INFO - [2023-04-08 02:57:00,385] {dagbag.py:507} INFO - Filling up the DagBag from /home/airflow/.local/lib/python3.7/site-packages/airflow/example_dags/example_latest_only_with_trigger.py
[2023-04-08 02:57:00,392] {processor.py:651} INFO - DAG(s) dict_keys(['latest_only_with_trigger']) retrieved from /home/airflow/.local/lib/python3.7/site-packages/airflow/example_dags/example_latest_only_with_trigger.py
[2023-04-08 02:57:00,422] {logging_mixin.py:115} INFO - [2023-04-08 02:57:00,422] {dag.py:2371} INFO - Sync 1 DAGs
[2023-04-08 02:57:00,440] {logging_mixin.py:115} INFO - [2023-04-08 02:57:00,439] {dag.py:2919} INFO - Setting next_dagrun for latest_only_with_trigger to 2023-04-07T22:57:00.439555+00:00, run_after=2023-04-08T02:57:00.439555+00:00
[2023-04-08 02:57:00,449] {processor.py:161} INFO - Processing /home/airflow/.local/lib/python3.7/site-packages/airflow/example_dags/example_latest_only_with_trigger.py took 0.070 seconds
[2023-04-08 02:57:31,203] {processor.py:153} INFO - Started process (PID=411) to work on /home/airflow/.local/lib/python3.7/site-packages/airflow/example_dags/example_latest_only_with_trigger.py
[2023-04-08 02:57:31,205] {processor.py:641} INFO - Processing file /home/airflow/.local/lib/python3.7/site-packages/airflow/example_dags/example_latest_only_with_trigger.py for tasks to queue
[2023-04-08 02:57:31,207] {logging_mixin.py:115} INFO - [2023-04-08 02:57:31,207] {dagbag.py:507} INFO - Filling up the DagBag from /home/airflow/.local/lib/python3.7/site-packages/airflow/example_dags/example_latest_only_with_trigger.py
[2023-04-08 02:57:31,213] {processor.py:651} INFO - DAG(s) dict_keys(['latest_only_with_trigger']) retrieved from /home/airflow/.local/lib/python3.7/site-packages/airflow/example_dags/example_latest_only_with_trigger.py
[2023-04-08 02:57:31,243] {logging_mixin.py:115} INFO - [2023-04-08 02:57:31,243] {dag.py:2371} INFO - Sync 1 DAGs
[2023-04-08 02:57:31,264] {logging_mixin.py:115} INFO - [2023-04-08 02:57:31,264] {dag.py:2919} INFO - Setting next_dagrun for latest_only_with_trigger to 2023-04-07T22:57:31.264587+00:00, run_after=2023-04-08T02:57:31.264587+00:00
[2023-04-08 02:57:31,275] {processor.py:161} INFO - Processing /home/airflow/.local/lib/python3.7/site-packages/airflow/example_dags/example_latest_only_with_trigger.py took 0.076 seconds
[2023-04-08 02:58:02,026] {processor.py:153} INFO - Started process (PID=474) to work on /home/airflow/.local/lib/python3.7/site-packages/airflow/example_dags/example_latest_only_with_trigger.py
[2023-04-08 02:58:02,029] {processor.py:641} INFO - Processing file /home/airflow/.local/lib/python3.7/site-packages/airflow/example_dags/example_latest_only_with_trigger.py for tasks to queue
[2023-04-08 02:58:02,030] {logging_mixin.py:115} INFO - [2023-04-08 02:58:02,030] {dagbag.py:507} INFO - Filling up the DagBag from /home/airflow/.local/lib/python3.7/site-packages/airflow/example_dags/example_latest_only_with_trigger.py
[2023-04-08 02:58:02,047] {processor.py:651} INFO - DAG(s) dict_keys(['latest_only_with_trigger']) retrieved from /home/airflow/.local/lib/python3.7/site-packages/airflow/example_dags/example_latest_only_with_trigger.py
[2023-04-08 02:58:02,071] {logging_mixin.py:115} INFO - [2023-04-08 02:58:02,071] {dag.py:2371} INFO - Sync 1 DAGs
[2023-04-08 02:58:02,089] {logging_mixin.py:115} INFO - [2023-04-08 02:58:02,089] {dag.py:2919} INFO - Setting next_dagrun for latest_only_with_trigger to 2023-04-07T22:58:02.089395+00:00, run_after=2023-04-08T02:58:02.089395+00:00
[2023-04-08 02:58:02,098] {processor.py:161} INFO - Processing /home/airflow/.local/lib/python3.7/site-packages/airflow/example_dags/example_latest_only_with_trigger.py took 0.075 seconds
[2023-04-08 02:58:32,526] {processor.py:153} INFO - Started process (PID=536) to work on /home/airflow/.local/lib/python3.7/site-packages/airflow/example_dags/example_latest_only_with_trigger.py
[2023-04-08 02:58:32,528] {processor.py:641} INFO - Processing file /home/airflow/.local/lib/python3.7/site-packages/airflow/example_dags/example_latest_only_with_trigger.py for tasks to queue
[2023-04-08 02:58:32,529] {logging_mixin.py:115} INFO - [2023-04-08 02:58:32,529] {dagbag.py:507} INFO - Filling up the DagBag from /home/airflow/.local/lib/python3.7/site-packages/airflow/example_dags/example_latest_only_with_trigger.py
[2023-04-08 02:58:32,536] {processor.py:651} INFO - DAG(s) dict_keys(['latest_only_with_trigger']) retrieved from /home/airflow/.local/lib/python3.7/site-packages/airflow/example_dags/example_latest_only_with_trigger.py
[2023-04-08 02:58:32,563] {logging_mixin.py:115} INFO - [2023-04-08 02:58:32,563] {dag.py:2371} INFO - Sync 1 DAGs
[2023-04-08 02:58:32,581] {logging_mixin.py:115} INFO - [2023-04-08 02:58:32,581] {dag.py:2919} INFO - Setting next_dagrun for latest_only_with_trigger to 2023-04-07T22:58:32.581549+00:00, run_after=2023-04-08T02:58:32.581549+00:00
[2023-04-08 02:58:32,591] {processor.py:161} INFO - Processing /home/airflow/.local/lib/python3.7/site-packages/airflow/example_dags/example_latest_only_with_trigger.py took 0.067 seconds
[2023-04-08 02:59:02,984] {processor.py:153} INFO - Started process (PID=600) to work on /home/airflow/.local/lib/python3.7/site-packages/airflow/example_dags/example_latest_only_with_trigger.py
[2023-04-08 02:59:02,986] {processor.py:641} INFO - Processing file /home/airflow/.local/lib/python3.7/site-packages/airflow/example_dags/example_latest_only_with_trigger.py for tasks to queue
[2023-04-08 02:59:02,987] {logging_mixin.py:115} INFO - [2023-04-08 02:59:02,987] {dagbag.py:507} INFO - Filling up the DagBag from /home/airflow/.local/lib/python3.7/site-packages/airflow/example_dags/example_latest_only_with_trigger.py
[2023-04-08 02:59:02,993] {processor.py:651} INFO - DAG(s) dict_keys(['latest_only_with_trigger']) retrieved from /home/airflow/.local/lib/python3.7/site-packages/airflow/example_dags/example_latest_only_with_trigger.py
[2023-04-08 02:59:03,016] {logging_mixin.py:115} INFO - [2023-04-08 02:59:03,016] {dag.py:2371} INFO - Sync 1 DAGs
[2023-04-08 02:59:03,032] {logging_mixin.py:115} INFO - [2023-04-08 02:59:03,032] {dag.py:2919} INFO - Setting next_dagrun for latest_only_with_trigger to 2023-04-07T22:59:03.032029+00:00, run_after=2023-04-08T02:59:03.032029+00:00
[2023-04-08 02:59:03,040] {processor.py:161} INFO - Processing /home/airflow/.local/lib/python3.7/site-packages/airflow/example_dags/example_latest_only_with_trigger.py took 0.058 seconds
[2023-04-08 02:59:33,594] {processor.py:153} INFO - Started process (PID=663) to work on /home/airflow/.local/lib/python3.7/site-packages/airflow/example_dags/example_latest_only_with_trigger.py
[2023-04-08 02:59:33,596] {processor.py:641} INFO - Processing file /home/airflow/.local/lib/python3.7/site-packages/airflow/example_dags/example_latest_only_with_trigger.py for tasks to queue
[2023-04-08 02:59:33,600] {logging_mixin.py:115} INFO - [2023-04-08 02:59:33,600] {dagbag.py:507} INFO - Filling up the DagBag from /home/airflow/.local/lib/python3.7/site-packages/airflow/example_dags/example_latest_only_with_trigger.py
[2023-04-08 02:59:33,607] {processor.py:651} INFO - DAG(s) dict_keys(['latest_only_with_trigger']) retrieved from /home/airflow/.local/lib/python3.7/site-packages/airflow/example_dags/example_latest_only_with_trigger.py
[2023-04-08 02:59:33,635] {logging_mixin.py:115} INFO - [2023-04-08 02:59:33,635] {dag.py:2371} INFO - Sync 1 DAGs
[2023-04-08 02:59:33,739] {logging_mixin.py:115} INFO - [2023-04-08 02:59:33,739] {dag.py:2919} INFO - Setting next_dagrun for latest_only_with_trigger to 2023-04-07T22:59:33.738956+00:00, run_after=2023-04-08T02:59:33.738956+00:00
[2023-04-08 02:59:33,747] {processor.py:161} INFO - Processing /home/airflow/.local/lib/python3.7/site-packages/airflow/example_dags/example_latest_only_with_trigger.py took 0.156 seconds
[2023-04-08 03:00:04,615] {processor.py:153} INFO - Started process (PID=736) to work on /home/airflow/.local/lib/python3.7/site-packages/airflow/example_dags/example_latest_only_with_trigger.py
[2023-04-08 03:00:04,617] {processor.py:641} INFO - Processing file /home/airflow/.local/lib/python3.7/site-packages/airflow/example_dags/example_latest_only_with_trigger.py for tasks to queue
[2023-04-08 03:00:04,619] {logging_mixin.py:115} INFO - [2023-04-08 03:00:04,619] {dagbag.py:507} INFO - Filling up the DagBag from /home/airflow/.local/lib/python3.7/site-packages/airflow/example_dags/example_latest_only_with_trigger.py
[2023-04-08 03:00:04,626] {processor.py:651} INFO - DAG(s) dict_keys(['latest_only_with_trigger']) retrieved from /home/airflow/.local/lib/python3.7/site-packages/airflow/example_dags/example_latest_only_with_trigger.py
[2023-04-08 03:00:04,655] {logging_mixin.py:115} INFO - [2023-04-08 03:00:04,655] {dag.py:2371} INFO - Sync 1 DAGs
[2023-04-08 03:00:04,791] {logging_mixin.py:115} INFO - [2023-04-08 03:00:04,791] {dag.py:2919} INFO - Setting next_dagrun for latest_only_with_trigger to 2023-04-07T23:00:04.790832+00:00, run_after=2023-04-08T03:00:04.790832+00:00
[2023-04-08 03:00:04,800] {processor.py:161} INFO - Processing /home/airflow/.local/lib/python3.7/site-packages/airflow/example_dags/example_latest_only_with_trigger.py took 0.188 seconds
[2023-04-08 03:00:35,108] {processor.py:153} INFO - Started process (PID=789) to work on /home/airflow/.local/lib/python3.7/site-packages/airflow/example_dags/example_latest_only_with_trigger.py
[2023-04-08 03:00:35,110] {processor.py:641} INFO - Processing file /home/airflow/.local/lib/python3.7/site-packages/airflow/example_dags/example_latest_only_with_trigger.py for tasks to queue
[2023-04-08 03:00:35,111] {logging_mixin.py:115} INFO - [2023-04-08 03:00:35,111] {dagbag.py:507} INFO - Filling up the DagBag from /home/airflow/.local/lib/python3.7/site-packages/airflow/example_dags/example_latest_only_with_trigger.py
[2023-04-08 03:00:35,116] {processor.py:651} INFO - DAG(s) dict_keys(['latest_only_with_trigger']) retrieved from /home/airflow/.local/lib/python3.7/site-packages/airflow/example_dags/example_latest_only_with_trigger.py
[2023-04-08 03:00:35,141] {logging_mixin.py:115} INFO - [2023-04-08 03:00:35,141] {dag.py:2371} INFO - Sync 1 DAGs
[2023-04-08 03:00:35,259] {logging_mixin.py:115} INFO - [2023-04-08 03:00:35,259] {dag.py:2919} INFO - Setting next_dagrun for latest_only_with_trigger to 2023-04-07T23:00:35.259331+00:00, run_after=2023-04-08T03:00:35.259331+00:00
[2023-04-08 03:00:35,266] {processor.py:161} INFO - Processing /home/airflow/.local/lib/python3.7/site-packages/airflow/example_dags/example_latest_only_with_trigger.py took 0.161 seconds
[2023-04-08 03:01:05,594] {processor.py:153} INFO - Started process (PID=852) to work on /home/airflow/.local/lib/python3.7/site-packages/airflow/example_dags/example_latest_only_with_trigger.py
[2023-04-08 03:01:05,596] {processor.py:641} INFO - Processing file /home/airflow/.local/lib/python3.7/site-packages/airflow/example_dags/example_latest_only_with_trigger.py for tasks to queue
[2023-04-08 03:01:05,597] {logging_mixin.py:115} INFO - [2023-04-08 03:01:05,597] {dagbag.py:507} INFO - Filling up the DagBag from /home/airflow/.local/lib/python3.7/site-packages/airflow/example_dags/example_latest_only_with_trigger.py
[2023-04-08 03:01:05,603] {processor.py:651} INFO - DAG(s) dict_keys(['latest_only_with_trigger']) retrieved from /home/airflow/.local/lib/python3.7/site-packages/airflow/example_dags/example_latest_only_with_trigger.py
[2023-04-08 03:01:05,630] {logging_mixin.py:115} INFO - [2023-04-08 03:01:05,630] {dag.py:2371} INFO - Sync 1 DAGs
[2023-04-08 03:01:05,754] {logging_mixin.py:115} INFO - [2023-04-08 03:01:05,753] {dag.py:2919} INFO - Setting next_dagrun for latest_only_with_trigger to 2023-04-07T23:01:05.753767+00:00, run_after=2023-04-08T03:01:05.753767+00:00
[2023-04-08 03:01:05,765] {processor.py:161} INFO - Processing /home/airflow/.local/lib/python3.7/site-packages/airflow/example_dags/example_latest_only_with_trigger.py took 0.174 seconds
[2023-04-08 03:01:36,028] {processor.py:153} INFO - Started process (PID=921) to work on /home/airflow/.local/lib/python3.7/site-packages/airflow/example_dags/example_latest_only_with_trigger.py
[2023-04-08 03:01:36,030] {processor.py:641} INFO - Processing file /home/airflow/.local/lib/python3.7/site-packages/airflow/example_dags/example_latest_only_with_trigger.py for tasks to queue
[2023-04-08 03:01:36,032] {logging_mixin.py:115} INFO - [2023-04-08 03:01:36,032] {dagbag.py:507} INFO - Filling up the DagBag from /home/airflow/.local/lib/python3.7/site-packages/airflow/example_dags/example_latest_only_with_trigger.py
[2023-04-08 03:01:36,038] {processor.py:651} INFO - DAG(s) dict_keys(['latest_only_with_trigger']) retrieved from /home/airflow/.local/lib/python3.7/site-packages/airflow/example_dags/example_latest_only_with_trigger.py
[2023-04-08 03:01:36,062] {logging_mixin.py:115} INFO - [2023-04-08 03:01:36,062] {dag.py:2371} INFO - Sync 1 DAGs
[2023-04-08 03:01:36,185] {logging_mixin.py:115} INFO - [2023-04-08 03:01:36,185] {dag.py:2919} INFO - Setting next_dagrun for latest_only_with_trigger to 2023-04-07T23:01:36.185616+00:00, run_after=2023-04-08T03:01:36.185616+00:00
[2023-04-08 03:01:36,193] {processor.py:161} INFO - Processing /home/airflow/.local/lib/python3.7/site-packages/airflow/example_dags/example_latest_only_with_trigger.py took 0.168 seconds
[2023-04-08 03:02:07,381] {processor.py:153} INFO - Started process (PID=984) to work on /home/airflow/.local/lib/python3.7/site-packages/airflow/example_dags/example_latest_only_with_trigger.py
[2023-04-08 03:02:07,383] {processor.py:641} INFO - Processing file /home/airflow/.local/lib/python3.7/site-packages/airflow/example_dags/example_latest_only_with_trigger.py for tasks to queue
[2023-04-08 03:02:07,384] {logging_mixin.py:115} INFO - [2023-04-08 03:02:07,384] {dagbag.py:507} INFO - Filling up the DagBag from /home/airflow/.local/lib/python3.7/site-packages/airflow/example_dags/example_latest_only_with_trigger.py
[2023-04-08 03:02:07,389] {processor.py:651} INFO - DAG(s) dict_keys(['latest_only_with_trigger']) retrieved from /home/airflow/.local/lib/python3.7/site-packages/airflow/example_dags/example_latest_only_with_trigger.py
[2023-04-08 03:02:07,414] {logging_mixin.py:115} INFO - [2023-04-08 03:02:07,414] {dag.py:2371} INFO - Sync 1 DAGs
[2023-04-08 03:02:07,529] {logging_mixin.py:115} INFO - [2023-04-08 03:02:07,528] {dag.py:2919} INFO - Setting next_dagrun for latest_only_with_trigger to 2023-04-07T23:02:07.528783+00:00, run_after=2023-04-08T03:02:07.528783+00:00
[2023-04-08 03:02:07,537] {processor.py:161} INFO - Processing /home/airflow/.local/lib/python3.7/site-packages/airflow/example_dags/example_latest_only_with_trigger.py took 0.159 seconds
[2023-04-08 03:02:37,846] {processor.py:153} INFO - Started process (PID=1047) to work on /home/airflow/.local/lib/python3.7/site-packages/airflow/example_dags/example_latest_only_with_trigger.py
[2023-04-08 03:02:37,848] {processor.py:641} INFO - Processing file /home/airflow/.local/lib/python3.7/site-packages/airflow/example_dags/example_latest_only_with_trigger.py for tasks to queue
[2023-04-08 03:02:37,849] {logging_mixin.py:115} INFO - [2023-04-08 03:02:37,849] {dagbag.py:507} INFO - Filling up the DagBag from /home/airflow/.local/lib/python3.7/site-packages/airflow/example_dags/example_latest_only_with_trigger.py
[2023-04-08 03:02:37,855] {processor.py:651} INFO - DAG(s) dict_keys(['latest_only_with_trigger']) retrieved from /home/airflow/.local/lib/python3.7/site-packages/airflow/example_dags/example_latest_only_with_trigger.py
[2023-04-08 03:02:37,881] {logging_mixin.py:115} INFO - [2023-04-08 03:02:37,881] {dag.py:2371} INFO - Sync 1 DAGs
[2023-04-08 03:02:37,986] {logging_mixin.py:115} INFO - [2023-04-08 03:02:37,986] {dag.py:2919} INFO - Setting next_dagrun for latest_only_with_trigger to 2023-04-07T23:02:37.986147+00:00, run_after=2023-04-08T03:02:37.986147+00:00
[2023-04-08 03:02:37,993] {processor.py:161} INFO - Processing /home/airflow/.local/lib/python3.7/site-packages/airflow/example_dags/example_latest_only_with_trigger.py took 0.153 seconds
[2023-04-08 03:03:08,293] {processor.py:153} INFO - Started process (PID=1109) to work on /home/airflow/.local/lib/python3.7/site-packages/airflow/example_dags/example_latest_only_with_trigger.py
[2023-04-08 03:03:08,295] {processor.py:641} INFO - Processing file /home/airflow/.local/lib/python3.7/site-packages/airflow/example_dags/example_latest_only_with_trigger.py for tasks to queue
[2023-04-08 03:03:08,296] {logging_mixin.py:115} INFO - [2023-04-08 03:03:08,296] {dagbag.py:507} INFO - Filling up the DagBag from /home/airflow/.local/lib/python3.7/site-packages/airflow/example_dags/example_latest_only_with_trigger.py
[2023-04-08 03:03:08,302] {processor.py:651} INFO - DAG(s) dict_keys(['latest_only_with_trigger']) retrieved from /home/airflow/.local/lib/python3.7/site-packages/airflow/example_dags/example_latest_only_with_trigger.py
[2023-04-08 03:03:08,327] {logging_mixin.py:115} INFO - [2023-04-08 03:03:08,327] {dag.py:2371} INFO - Sync 1 DAGs
[2023-04-08 03:03:08,449] {logging_mixin.py:115} INFO - [2023-04-08 03:03:08,449] {dag.py:2919} INFO - Setting next_dagrun for latest_only_with_trigger to 2023-04-07T23:03:08.448864+00:00, run_after=2023-04-08T03:03:08.448864+00:00
[2023-04-08 03:03:08,476] {processor.py:161} INFO - Processing /home/airflow/.local/lib/python3.7/site-packages/airflow/example_dags/example_latest_only_with_trigger.py took 0.186 seconds
[2023-04-08 03:03:38,765] {processor.py:153} INFO - Started process (PID=1163) to work on /home/airflow/.local/lib/python3.7/site-packages/airflow/example_dags/example_latest_only_with_trigger.py
[2023-04-08 03:03:38,774] {processor.py:641} INFO - Processing file /home/airflow/.local/lib/python3.7/site-packages/airflow/example_dags/example_latest_only_with_trigger.py for tasks to queue
[2023-04-08 03:03:38,775] {logging_mixin.py:115} INFO - [2023-04-08 03:03:38,775] {dagbag.py:507} INFO - Filling up the DagBag from /home/airflow/.local/lib/python3.7/site-packages/airflow/example_dags/example_latest_only_with_trigger.py
[2023-04-08 03:03:38,781] {processor.py:651} INFO - DAG(s) dict_keys(['latest_only_with_trigger']) retrieved from /home/airflow/.local/lib/python3.7/site-packages/airflow/example_dags/example_latest_only_with_trigger.py
[2023-04-08 03:03:38,805] {logging_mixin.py:115} INFO - [2023-04-08 03:03:38,805] {dag.py:2371} INFO - Sync 1 DAGs
[2023-04-08 03:03:38,923] {logging_mixin.py:115} INFO - [2023-04-08 03:03:38,923] {dag.py:2919} INFO - Setting next_dagrun for latest_only_with_trigger to 2023-04-07T23:03:38.923329+00:00, run_after=2023-04-08T03:03:38.923329+00:00
[2023-04-08 03:03:38,932] {processor.py:161} INFO - Processing /home/airflow/.local/lib/python3.7/site-packages/airflow/example_dags/example_latest_only_with_trigger.py took 0.171 seconds
[2023-04-08 03:04:09,146] {processor.py:153} INFO - Started process (PID=1227) to work on /home/airflow/.local/lib/python3.7/site-packages/airflow/example_dags/example_latest_only_with_trigger.py
[2023-04-08 03:04:09,148] {processor.py:641} INFO - Processing file /home/airflow/.local/lib/python3.7/site-packages/airflow/example_dags/example_latest_only_with_trigger.py for tasks to queue
[2023-04-08 03:04:09,150] {logging_mixin.py:115} INFO - [2023-04-08 03:04:09,150] {dagbag.py:507} INFO - Filling up the DagBag from /home/airflow/.local/lib/python3.7/site-packages/airflow/example_dags/example_latest_only_with_trigger.py
[2023-04-08 03:04:09,155] {processor.py:651} INFO - DAG(s) dict_keys(['latest_only_with_trigger']) retrieved from /home/airflow/.local/lib/python3.7/site-packages/airflow/example_dags/example_latest_only_with_trigger.py
[2023-04-08 03:04:09,183] {logging_mixin.py:115} INFO - [2023-04-08 03:04:09,183] {dag.py:2371} INFO - Sync 1 DAGs
[2023-04-08 03:04:09,313] {logging_mixin.py:115} INFO - [2023-04-08 03:04:09,313] {dag.py:2919} INFO - Setting next_dagrun for latest_only_with_trigger to 2023-04-07T23:04:09.313248+00:00, run_after=2023-04-08T03:04:09.313248+00:00
[2023-04-08 03:04:09,320] {processor.py:161} INFO - Processing /home/airflow/.local/lib/python3.7/site-packages/airflow/example_dags/example_latest_only_with_trigger.py took 0.178 seconds
[2023-04-08 03:04:39,632] {processor.py:153} INFO - Started process (PID=1290) to work on /home/airflow/.local/lib/python3.7/site-packages/airflow/example_dags/example_latest_only_with_trigger.py
[2023-04-08 03:04:39,633] {processor.py:641} INFO - Processing file /home/airflow/.local/lib/python3.7/site-packages/airflow/example_dags/example_latest_only_with_trigger.py for tasks to queue
[2023-04-08 03:04:39,635] {logging_mixin.py:115} INFO - [2023-04-08 03:04:39,635] {dagbag.py:507} INFO - Filling up the DagBag from /home/airflow/.local/lib/python3.7/site-packages/airflow/example_dags/example_latest_only_with_trigger.py
[2023-04-08 03:04:39,641] {processor.py:651} INFO - DAG(s) dict_keys(['latest_only_with_trigger']) retrieved from /home/airflow/.local/lib/python3.7/site-packages/airflow/example_dags/example_latest_only_with_trigger.py
[2023-04-08 03:04:39,669] {logging_mixin.py:115} INFO - [2023-04-08 03:04:39,669] {dag.py:2371} INFO - Sync 1 DAGs
[2023-04-08 03:04:39,767] {logging_mixin.py:115} INFO - [2023-04-08 03:04:39,767] {dag.py:2919} INFO - Setting next_dagrun for latest_only_with_trigger to 2023-04-07T23:04:39.766894+00:00, run_after=2023-04-08T03:04:39.766894+00:00
[2023-04-08 03:04:39,774] {processor.py:161} INFO - Processing /home/airflow/.local/lib/python3.7/site-packages/airflow/example_dags/example_latest_only_with_trigger.py took 0.145 seconds
[2023-04-08 03:05:10,090] {processor.py:153} INFO - Started process (PID=1352) to work on /home/airflow/.local/lib/python3.7/site-packages/airflow/example_dags/example_latest_only_with_trigger.py
[2023-04-08 03:05:10,093] {processor.py:641} INFO - Processing file /home/airflow/.local/lib/python3.7/site-packages/airflow/example_dags/example_latest_only_with_trigger.py for tasks to queue
[2023-04-08 03:05:10,095] {logging_mixin.py:115} INFO - [2023-04-08 03:05:10,094] {dagbag.py:507} INFO - Filling up the DagBag from /home/airflow/.local/lib/python3.7/site-packages/airflow/example_dags/example_latest_only_with_trigger.py
[2023-04-08 03:05:10,104] {processor.py:651} INFO - DAG(s) dict_keys(['latest_only_with_trigger']) retrieved from /home/airflow/.local/lib/python3.7/site-packages/airflow/example_dags/example_latest_only_with_trigger.py
[2023-04-08 03:05:10,140] {logging_mixin.py:115} INFO - [2023-04-08 03:05:10,140] {dag.py:2371} INFO - Sync 1 DAGs
[2023-04-08 03:05:10,371] {logging_mixin.py:115} INFO - [2023-04-08 03:05:10,371] {dag.py:2919} INFO - Setting next_dagrun for latest_only_with_trigger to 2023-04-07T23:05:10.371714+00:00, run_after=2023-04-08T03:05:10.371714+00:00
[2023-04-08 03:05:10,384] {processor.py:161} INFO - Processing /home/airflow/.local/lib/python3.7/site-packages/airflow/example_dags/example_latest_only_with_trigger.py took 0.297 seconds
[2023-04-08 03:05:41,072] {processor.py:153} INFO - Started process (PID=1415) to work on /home/airflow/.local/lib/python3.7/site-packages/airflow/example_dags/example_latest_only_with_trigger.py
[2023-04-08 03:05:41,073] {processor.py:641} INFO - Processing file /home/airflow/.local/lib/python3.7/site-packages/airflow/example_dags/example_latest_only_with_trigger.py for tasks to queue
[2023-04-08 03:05:41,075] {logging_mixin.py:115} INFO - [2023-04-08 03:05:41,075] {dagbag.py:507} INFO - Filling up the DagBag from /home/airflow/.local/lib/python3.7/site-packages/airflow/example_dags/example_latest_only_with_trigger.py
[2023-04-08 03:05:41,087] {processor.py:651} INFO - DAG(s) dict_keys(['latest_only_with_trigger']) retrieved from /home/airflow/.local/lib/python3.7/site-packages/airflow/example_dags/example_latest_only_with_trigger.py
[2023-04-08 03:05:41,114] {logging_mixin.py:115} INFO - [2023-04-08 03:05:41,114] {dag.py:2371} INFO - Sync 1 DAGs
[2023-04-08 03:05:41,219] {logging_mixin.py:115} INFO - [2023-04-08 03:05:41,219] {dag.py:2919} INFO - Setting next_dagrun for latest_only_with_trigger to 2023-04-07T23:05:41.219744+00:00, run_after=2023-04-08T03:05:41.219744+00:00
[2023-04-08 03:05:41,227] {processor.py:161} INFO - Processing /home/airflow/.local/lib/python3.7/site-packages/airflow/example_dags/example_latest_only_with_trigger.py took 0.160 seconds
[2023-04-08 03:06:11,630] {processor.py:153} INFO - Started process (PID=1469) to work on /home/airflow/.local/lib/python3.7/site-packages/airflow/example_dags/example_latest_only_with_trigger.py
[2023-04-08 03:06:11,631] {processor.py:641} INFO - Processing file /home/airflow/.local/lib/python3.7/site-packages/airflow/example_dags/example_latest_only_with_trigger.py for tasks to queue
[2023-04-08 03:06:11,634] {logging_mixin.py:115} INFO - [2023-04-08 03:06:11,634] {dagbag.py:507} INFO - Filling up the DagBag from /home/airflow/.local/lib/python3.7/site-packages/airflow/example_dags/example_latest_only_with_trigger.py
[2023-04-08 03:06:11,649] {processor.py:651} INFO - DAG(s) dict_keys(['latest_only_with_trigger']) retrieved from /home/airflow/.local/lib/python3.7/site-packages/airflow/example_dags/example_latest_only_with_trigger.py
[2023-04-08 03:06:11,675] {logging_mixin.py:115} INFO - [2023-04-08 03:06:11,675] {dag.py:2371} INFO - Sync 1 DAGs
[2023-04-08 03:06:11,800] {logging_mixin.py:115} INFO - [2023-04-08 03:06:11,800] {dag.py:2919} INFO - Setting next_dagrun for latest_only_with_trigger to 2023-04-07T23:06:11.800072+00:00, run_after=2023-04-08T03:06:11.800072+00:00
[2023-04-08 03:06:11,809] {processor.py:161} INFO - Processing /home/airflow/.local/lib/python3.7/site-packages/airflow/example_dags/example_latest_only_with_trigger.py took 0.182 seconds
