[2023-04-08 02:54:33,558] {processor.py:153} INFO - Started process (PID=65) to work on /home/airflow/.local/lib/python3.7/site-packages/airflow/example_dags/example_sla_dag.py
[2023-04-08 02:54:33,572] {processor.py:641} INFO - Processing file /home/airflow/.local/lib/python3.7/site-packages/airflow/example_dags/example_sla_dag.py for tasks to queue
[2023-04-08 02:54:33,588] {logging_mixin.py:115} INFO - [2023-04-08 02:54:33,588] {dagbag.py:507} INFO - Filling up the DagBag from /home/airflow/.local/lib/python3.7/site-packages/airflow/example_dags/example_sla_dag.py
[2023-04-08 02:54:33,611] {processor.py:651} INFO - DAG(s) dict_keys(['example_sla_dag']) retrieved from /home/airflow/.local/lib/python3.7/site-packages/airflow/example_dags/example_sla_dag.py
[2023-04-08 02:54:33,812] {logging_mixin.py:115} INFO - [2023-04-08 02:54:33,812] {manager.py:508} INFO - Created Permission View: can delete on DAG:example_sla_dag
[2023-04-08 02:54:33,864] {logging_mixin.py:115} INFO - [2023-04-08 02:54:33,864] {manager.py:508} INFO - Created Permission View: can edit on DAG:example_sla_dag
[2023-04-08 02:54:33,879] {logging_mixin.py:115} INFO - [2023-04-08 02:54:33,878] {manager.py:508} INFO - Created Permission View: can read on DAG:example_sla_dag
[2023-04-08 02:54:33,890] {logging_mixin.py:115} INFO - [2023-04-08 02:54:33,889] {dag.py:2371} INFO - Sync 1 DAGs
[2023-04-08 02:54:33,906] {logging_mixin.py:115} INFO - [2023-04-08 02:54:33,906] {dag.py:2390} INFO - Creating ORM DAG for example_sla_dag
[2023-04-08 02:54:33,926] {logging_mixin.py:115} INFO - [2023-04-08 02:54:33,926] {dag.py:2919} INFO - Setting next_dagrun for example_sla_dag to 2023-04-08T02:52:00+00:00, run_after=2023-04-08T02:54:00+00:00
[2023-04-08 02:54:33,950] {processor.py:161} INFO - Processing /home/airflow/.local/lib/python3.7/site-packages/airflow/example_dags/example_sla_dag.py took 0.397 seconds
[2023-04-08 02:55:04,627] {processor.py:153} INFO - Started process (PID=128) to work on /home/airflow/.local/lib/python3.7/site-packages/airflow/example_dags/example_sla_dag.py
[2023-04-08 02:55:04,629] {processor.py:641} INFO - Processing file /home/airflow/.local/lib/python3.7/site-packages/airflow/example_dags/example_sla_dag.py for tasks to queue
[2023-04-08 02:55:04,630] {logging_mixin.py:115} INFO - [2023-04-08 02:55:04,630] {dagbag.py:507} INFO - Filling up the DagBag from /home/airflow/.local/lib/python3.7/site-packages/airflow/example_dags/example_sla_dag.py
[2023-04-08 02:55:04,647] {processor.py:651} INFO - DAG(s) dict_keys(['example_sla_dag']) retrieved from /home/airflow/.local/lib/python3.7/site-packages/airflow/example_dags/example_sla_dag.py
[2023-04-08 02:55:04,677] {logging_mixin.py:115} INFO - [2023-04-08 02:55:04,677] {dag.py:2371} INFO - Sync 1 DAGs
[2023-04-08 02:55:04,827] {logging_mixin.py:115} INFO - [2023-04-08 02:55:04,827] {dag.py:2919} INFO - Setting next_dagrun for example_sla_dag to 2023-04-08T02:52:00+00:00, run_after=2023-04-08T02:54:00+00:00
[2023-04-08 02:55:04,835] {processor.py:161} INFO - Processing /home/airflow/.local/lib/python3.7/site-packages/airflow/example_dags/example_sla_dag.py took 0.211 seconds
[2023-04-08 02:55:34,923] {processor.py:153} INFO - Started process (PID=191) to work on /home/airflow/.local/lib/python3.7/site-packages/airflow/example_dags/example_sla_dag.py
[2023-04-08 02:55:34,926] {processor.py:641} INFO - Processing file /home/airflow/.local/lib/python3.7/site-packages/airflow/example_dags/example_sla_dag.py for tasks to queue
[2023-04-08 02:55:34,927] {logging_mixin.py:115} INFO - [2023-04-08 02:55:34,927] {dagbag.py:507} INFO - Filling up the DagBag from /home/airflow/.local/lib/python3.7/site-packages/airflow/example_dags/example_sla_dag.py
[2023-04-08 02:55:34,939] {processor.py:651} INFO - DAG(s) dict_keys(['example_sla_dag']) retrieved from /home/airflow/.local/lib/python3.7/site-packages/airflow/example_dags/example_sla_dag.py
[2023-04-08 02:55:34,963] {logging_mixin.py:115} INFO - [2023-04-08 02:55:34,962] {dag.py:2371} INFO - Sync 1 DAGs
[2023-04-08 02:55:35,091] {logging_mixin.py:115} INFO - [2023-04-08 02:55:35,091] {dag.py:2919} INFO - Setting next_dagrun for example_sla_dag to 2023-04-08T02:52:00+00:00, run_after=2023-04-08T02:54:00+00:00
[2023-04-08 02:55:35,101] {processor.py:161} INFO - Processing /home/airflow/.local/lib/python3.7/site-packages/airflow/example_dags/example_sla_dag.py took 0.181 seconds
[2023-04-08 02:56:05,351] {processor.py:153} INFO - Started process (PID=246) to work on /home/airflow/.local/lib/python3.7/site-packages/airflow/example_dags/example_sla_dag.py
[2023-04-08 02:56:05,353] {processor.py:641} INFO - Processing file /home/airflow/.local/lib/python3.7/site-packages/airflow/example_dags/example_sla_dag.py for tasks to queue
[2023-04-08 02:56:05,354] {logging_mixin.py:115} INFO - [2023-04-08 02:56:05,354] {dagbag.py:507} INFO - Filling up the DagBag from /home/airflow/.local/lib/python3.7/site-packages/airflow/example_dags/example_sla_dag.py
[2023-04-08 02:56:05,368] {processor.py:651} INFO - DAG(s) dict_keys(['example_sla_dag']) retrieved from /home/airflow/.local/lib/python3.7/site-packages/airflow/example_dags/example_sla_dag.py
[2023-04-08 02:56:05,392] {logging_mixin.py:115} INFO - [2023-04-08 02:56:05,392] {dag.py:2371} INFO - Sync 1 DAGs
[2023-04-08 02:56:05,534] {logging_mixin.py:115} INFO - [2023-04-08 02:56:05,534] {dag.py:2919} INFO - Setting next_dagrun for example_sla_dag to 2023-04-08T02:54:00+00:00, run_after=2023-04-08T02:56:00+00:00
[2023-04-08 02:56:05,543] {processor.py:161} INFO - Processing /home/airflow/.local/lib/python3.7/site-packages/airflow/example_dags/example_sla_dag.py took 0.195 seconds
[2023-04-08 02:56:35,784] {processor.py:153} INFO - Started process (PID=309) to work on /home/airflow/.local/lib/python3.7/site-packages/airflow/example_dags/example_sla_dag.py
[2023-04-08 02:56:35,785] {processor.py:641} INFO - Processing file /home/airflow/.local/lib/python3.7/site-packages/airflow/example_dags/example_sla_dag.py for tasks to queue
[2023-04-08 02:56:35,787] {logging_mixin.py:115} INFO - [2023-04-08 02:56:35,787] {dagbag.py:507} INFO - Filling up the DagBag from /home/airflow/.local/lib/python3.7/site-packages/airflow/example_dags/example_sla_dag.py
[2023-04-08 02:56:35,799] {processor.py:651} INFO - DAG(s) dict_keys(['example_sla_dag']) retrieved from /home/airflow/.local/lib/python3.7/site-packages/airflow/example_dags/example_sla_dag.py
[2023-04-08 02:56:35,825] {logging_mixin.py:115} INFO - [2023-04-08 02:56:35,825] {dag.py:2371} INFO - Sync 1 DAGs
[2023-04-08 02:56:35,941] {logging_mixin.py:115} INFO - [2023-04-08 02:56:35,941] {dag.py:2919} INFO - Setting next_dagrun for example_sla_dag to 2023-04-08T02:54:00+00:00, run_after=2023-04-08T02:56:00+00:00
[2023-04-08 02:56:35,949] {processor.py:161} INFO - Processing /home/airflow/.local/lib/python3.7/site-packages/airflow/example_dags/example_sla_dag.py took 0.167 seconds
[2023-04-08 02:57:06,905] {processor.py:153} INFO - Started process (PID=372) to work on /home/airflow/.local/lib/python3.7/site-packages/airflow/example_dags/example_sla_dag.py
[2023-04-08 02:57:06,907] {processor.py:641} INFO - Processing file /home/airflow/.local/lib/python3.7/site-packages/airflow/example_dags/example_sla_dag.py for tasks to queue
[2023-04-08 02:57:06,909] {logging_mixin.py:115} INFO - [2023-04-08 02:57:06,909] {dagbag.py:507} INFO - Filling up the DagBag from /home/airflow/.local/lib/python3.7/site-packages/airflow/example_dags/example_sla_dag.py
[2023-04-08 02:57:06,924] {processor.py:651} INFO - DAG(s) dict_keys(['example_sla_dag']) retrieved from /home/airflow/.local/lib/python3.7/site-packages/airflow/example_dags/example_sla_dag.py
[2023-04-08 02:57:06,955] {logging_mixin.py:115} INFO - [2023-04-08 02:57:06,955] {dag.py:2371} INFO - Sync 1 DAGs
[2023-04-08 02:57:07,176] {logging_mixin.py:115} INFO - [2023-04-08 02:57:07,176] {dag.py:2919} INFO - Setting next_dagrun for example_sla_dag to 2023-04-08T02:54:00+00:00, run_after=2023-04-08T02:56:00+00:00
[2023-04-08 02:57:07,183] {processor.py:161} INFO - Processing /home/airflow/.local/lib/python3.7/site-packages/airflow/example_dags/example_sla_dag.py took 0.283 seconds
[2023-04-08 02:57:37,901] {processor.py:153} INFO - Started process (PID=435) to work on /home/airflow/.local/lib/python3.7/site-packages/airflow/example_dags/example_sla_dag.py
[2023-04-08 02:57:37,903] {processor.py:641} INFO - Processing file /home/airflow/.local/lib/python3.7/site-packages/airflow/example_dags/example_sla_dag.py for tasks to queue
[2023-04-08 02:57:37,905] {logging_mixin.py:115} INFO - [2023-04-08 02:57:37,904] {dagbag.py:507} INFO - Filling up the DagBag from /home/airflow/.local/lib/python3.7/site-packages/airflow/example_dags/example_sla_dag.py
[2023-04-08 02:57:37,927] {processor.py:651} INFO - DAG(s) dict_keys(['example_sla_dag']) retrieved from /home/airflow/.local/lib/python3.7/site-packages/airflow/example_dags/example_sla_dag.py
[2023-04-08 02:57:37,959] {logging_mixin.py:115} INFO - [2023-04-08 02:57:37,959] {dag.py:2371} INFO - Sync 1 DAGs
[2023-04-08 02:57:38,079] {logging_mixin.py:115} INFO - [2023-04-08 02:57:38,079] {dag.py:2919} INFO - Setting next_dagrun for example_sla_dag to 2023-04-08T02:54:00+00:00, run_after=2023-04-08T02:56:00+00:00
[2023-04-08 02:57:38,089] {processor.py:161} INFO - Processing /home/airflow/.local/lib/python3.7/site-packages/airflow/example_dags/example_sla_dag.py took 0.192 seconds
[2023-04-08 02:58:08,386] {processor.py:153} INFO - Started process (PID=498) to work on /home/airflow/.local/lib/python3.7/site-packages/airflow/example_dags/example_sla_dag.py
[2023-04-08 02:58:08,387] {processor.py:641} INFO - Processing file /home/airflow/.local/lib/python3.7/site-packages/airflow/example_dags/example_sla_dag.py for tasks to queue
[2023-04-08 02:58:08,394] {logging_mixin.py:115} INFO - [2023-04-08 02:58:08,394] {dagbag.py:507} INFO - Filling up the DagBag from /home/airflow/.local/lib/python3.7/site-packages/airflow/example_dags/example_sla_dag.py
[2023-04-08 02:58:08,407] {processor.py:651} INFO - DAG(s) dict_keys(['example_sla_dag']) retrieved from /home/airflow/.local/lib/python3.7/site-packages/airflow/example_dags/example_sla_dag.py
[2023-04-08 02:58:08,431] {logging_mixin.py:115} INFO - [2023-04-08 02:58:08,430] {dag.py:2371} INFO - Sync 1 DAGs
[2023-04-08 02:58:08,540] {logging_mixin.py:115} INFO - [2023-04-08 02:58:08,540] {dag.py:2919} INFO - Setting next_dagrun for example_sla_dag to 2023-04-08T02:56:00+00:00, run_after=2023-04-08T02:58:00+00:00
[2023-04-08 02:58:08,549] {processor.py:161} INFO - Processing /home/airflow/.local/lib/python3.7/site-packages/airflow/example_dags/example_sla_dag.py took 0.168 seconds
[2023-04-08 02:58:38,661] {processor.py:153} INFO - Started process (PID=561) to work on /home/airflow/.local/lib/python3.7/site-packages/airflow/example_dags/example_sla_dag.py
[2023-04-08 02:58:38,663] {processor.py:641} INFO - Processing file /home/airflow/.local/lib/python3.7/site-packages/airflow/example_dags/example_sla_dag.py for tasks to queue
[2023-04-08 02:58:38,664] {logging_mixin.py:115} INFO - [2023-04-08 02:58:38,664] {dagbag.py:507} INFO - Filling up the DagBag from /home/airflow/.local/lib/python3.7/site-packages/airflow/example_dags/example_sla_dag.py
[2023-04-08 02:58:38,677] {processor.py:651} INFO - DAG(s) dict_keys(['example_sla_dag']) retrieved from /home/airflow/.local/lib/python3.7/site-packages/airflow/example_dags/example_sla_dag.py
[2023-04-08 02:58:38,702] {logging_mixin.py:115} INFO - [2023-04-08 02:58:38,702] {dag.py:2371} INFO - Sync 1 DAGs
[2023-04-08 02:58:38,817] {logging_mixin.py:115} INFO - [2023-04-08 02:58:38,817] {dag.py:2919} INFO - Setting next_dagrun for example_sla_dag to 2023-04-08T02:56:00+00:00, run_after=2023-04-08T02:58:00+00:00
[2023-04-08 02:58:38,825] {processor.py:161} INFO - Processing /home/airflow/.local/lib/python3.7/site-packages/airflow/example_dags/example_sla_dag.py took 0.167 seconds
[2023-04-08 02:59:09,245] {processor.py:153} INFO - Started process (PID=615) to work on /home/airflow/.local/lib/python3.7/site-packages/airflow/example_dags/example_sla_dag.py
[2023-04-08 02:59:09,246] {processor.py:641} INFO - Processing file /home/airflow/.local/lib/python3.7/site-packages/airflow/example_dags/example_sla_dag.py for tasks to queue
[2023-04-08 02:59:09,249] {logging_mixin.py:115} INFO - [2023-04-08 02:59:09,249] {dagbag.py:507} INFO - Filling up the DagBag from /home/airflow/.local/lib/python3.7/site-packages/airflow/example_dags/example_sla_dag.py
[2023-04-08 02:59:09,265] {processor.py:651} INFO - DAG(s) dict_keys(['example_sla_dag']) retrieved from /home/airflow/.local/lib/python3.7/site-packages/airflow/example_dags/example_sla_dag.py
[2023-04-08 02:59:09,289] {logging_mixin.py:115} INFO - [2023-04-08 02:59:09,289] {dag.py:2371} INFO - Sync 1 DAGs
[2023-04-08 02:59:09,410] {logging_mixin.py:115} INFO - [2023-04-08 02:59:09,410] {dag.py:2919} INFO - Setting next_dagrun for example_sla_dag to 2023-04-08T02:56:00+00:00, run_after=2023-04-08T02:58:00+00:00
[2023-04-08 02:59:09,419] {processor.py:161} INFO - Processing /home/airflow/.local/lib/python3.7/site-packages/airflow/example_dags/example_sla_dag.py took 0.177 seconds
[2023-04-08 02:59:39,477] {processor.py:153} INFO - Started process (PID=677) to work on /home/airflow/.local/lib/python3.7/site-packages/airflow/example_dags/example_sla_dag.py
[2023-04-08 02:59:39,496] {processor.py:641} INFO - Processing file /home/airflow/.local/lib/python3.7/site-packages/airflow/example_dags/example_sla_dag.py for tasks to queue
[2023-04-08 02:59:39,497] {logging_mixin.py:115} INFO - [2023-04-08 02:59:39,497] {dagbag.py:507} INFO - Filling up the DagBag from /home/airflow/.local/lib/python3.7/site-packages/airflow/example_dags/example_sla_dag.py
[2023-04-08 02:59:39,527] {processor.py:651} INFO - DAG(s) dict_keys(['example_sla_dag']) retrieved from /home/airflow/.local/lib/python3.7/site-packages/airflow/example_dags/example_sla_dag.py
[2023-04-08 02:59:39,559] {logging_mixin.py:115} INFO - [2023-04-08 02:59:39,559] {dag.py:2371} INFO - Sync 1 DAGs
[2023-04-08 02:59:39,665] {logging_mixin.py:115} INFO - [2023-04-08 02:59:39,665] {dag.py:2919} INFO - Setting next_dagrun for example_sla_dag to 2023-04-08T02:56:00+00:00, run_after=2023-04-08T02:58:00+00:00
[2023-04-08 02:59:39,673] {processor.py:161} INFO - Processing /home/airflow/.local/lib/python3.7/site-packages/airflow/example_dags/example_sla_dag.py took 0.199 seconds
[2023-04-08 03:00:10,563] {processor.py:153} INFO - Started process (PID=751) to work on /home/airflow/.local/lib/python3.7/site-packages/airflow/example_dags/example_sla_dag.py
[2023-04-08 03:00:10,565] {processor.py:641} INFO - Processing file /home/airflow/.local/lib/python3.7/site-packages/airflow/example_dags/example_sla_dag.py for tasks to queue
[2023-04-08 03:00:10,566] {logging_mixin.py:115} INFO - [2023-04-08 03:00:10,566] {dagbag.py:507} INFO - Filling up the DagBag from /home/airflow/.local/lib/python3.7/site-packages/airflow/example_dags/example_sla_dag.py
[2023-04-08 03:00:10,578] {processor.py:651} INFO - DAG(s) dict_keys(['example_sla_dag']) retrieved from /home/airflow/.local/lib/python3.7/site-packages/airflow/example_dags/example_sla_dag.py
[2023-04-08 03:00:10,604] {logging_mixin.py:115} INFO - [2023-04-08 03:00:10,604] {dag.py:2371} INFO - Sync 1 DAGs
[2023-04-08 03:00:10,714] {logging_mixin.py:115} INFO - [2023-04-08 03:00:10,714] {dag.py:2919} INFO - Setting next_dagrun for example_sla_dag to 2023-04-08T02:58:00+00:00, run_after=2023-04-08T03:00:00+00:00
[2023-04-08 03:00:10,723] {processor.py:161} INFO - Processing /home/airflow/.local/lib/python3.7/site-packages/airflow/example_dags/example_sla_dag.py took 0.163 seconds
[2023-04-08 03:00:41,185] {processor.py:153} INFO - Started process (PID=813) to work on /home/airflow/.local/lib/python3.7/site-packages/airflow/example_dags/example_sla_dag.py
[2023-04-08 03:00:41,188] {processor.py:641} INFO - Processing file /home/airflow/.local/lib/python3.7/site-packages/airflow/example_dags/example_sla_dag.py for tasks to queue
[2023-04-08 03:00:41,190] {logging_mixin.py:115} INFO - [2023-04-08 03:00:41,190] {dagbag.py:507} INFO - Filling up the DagBag from /home/airflow/.local/lib/python3.7/site-packages/airflow/example_dags/example_sla_dag.py
[2023-04-08 03:00:41,202] {processor.py:651} INFO - DAG(s) dict_keys(['example_sla_dag']) retrieved from /home/airflow/.local/lib/python3.7/site-packages/airflow/example_dags/example_sla_dag.py
[2023-04-08 03:00:41,228] {logging_mixin.py:115} INFO - [2023-04-08 03:00:41,228] {dag.py:2371} INFO - Sync 1 DAGs
[2023-04-08 03:00:41,328] {logging_mixin.py:115} INFO - [2023-04-08 03:00:41,327] {dag.py:2919} INFO - Setting next_dagrun for example_sla_dag to 2023-04-08T02:58:00+00:00, run_after=2023-04-08T03:00:00+00:00
[2023-04-08 03:00:41,335] {processor.py:161} INFO - Processing /home/airflow/.local/lib/python3.7/site-packages/airflow/example_dags/example_sla_dag.py took 0.153 seconds
[2023-04-08 03:01:11,634] {processor.py:153} INFO - Started process (PID=881) to work on /home/airflow/.local/lib/python3.7/site-packages/airflow/example_dags/example_sla_dag.py
[2023-04-08 03:01:11,636] {processor.py:641} INFO - Processing file /home/airflow/.local/lib/python3.7/site-packages/airflow/example_dags/example_sla_dag.py for tasks to queue
[2023-04-08 03:01:11,637] {logging_mixin.py:115} INFO - [2023-04-08 03:01:11,637] {dagbag.py:507} INFO - Filling up the DagBag from /home/airflow/.local/lib/python3.7/site-packages/airflow/example_dags/example_sla_dag.py
[2023-04-08 03:01:11,652] {processor.py:651} INFO - DAG(s) dict_keys(['example_sla_dag']) retrieved from /home/airflow/.local/lib/python3.7/site-packages/airflow/example_dags/example_sla_dag.py
[2023-04-08 03:01:11,681] {logging_mixin.py:115} INFO - [2023-04-08 03:01:11,681] {dag.py:2371} INFO - Sync 1 DAGs
[2023-04-08 03:01:11,800] {logging_mixin.py:115} INFO - [2023-04-08 03:01:11,800] {dag.py:2919} INFO - Setting next_dagrun for example_sla_dag to 2023-04-08T02:58:00+00:00, run_after=2023-04-08T03:00:00+00:00
[2023-04-08 03:01:11,809] {processor.py:161} INFO - Processing /home/airflow/.local/lib/python3.7/site-packages/airflow/example_dags/example_sla_dag.py took 0.179 seconds
[2023-04-08 03:01:41,965] {processor.py:153} INFO - Started process (PID=945) to work on /home/airflow/.local/lib/python3.7/site-packages/airflow/example_dags/example_sla_dag.py
[2023-04-08 03:01:42,060] {processor.py:641} INFO - Processing file /home/airflow/.local/lib/python3.7/site-packages/airflow/example_dags/example_sla_dag.py for tasks to queue
[2023-04-08 03:01:42,063] {logging_mixin.py:115} INFO - [2023-04-08 03:01:42,063] {dagbag.py:507} INFO - Filling up the DagBag from /home/airflow/.local/lib/python3.7/site-packages/airflow/example_dags/example_sla_dag.py
[2023-04-08 03:01:42,078] {processor.py:651} INFO - DAG(s) dict_keys(['example_sla_dag']) retrieved from /home/airflow/.local/lib/python3.7/site-packages/airflow/example_dags/example_sla_dag.py
[2023-04-08 03:01:42,103] {logging_mixin.py:115} INFO - [2023-04-08 03:01:42,103] {dag.py:2371} INFO - Sync 1 DAGs
[2023-04-08 03:01:42,226] {logging_mixin.py:115} INFO - [2023-04-08 03:01:42,226] {dag.py:2919} INFO - Setting next_dagrun for example_sla_dag to 2023-04-08T02:58:00+00:00, run_after=2023-04-08T03:00:00+00:00
[2023-04-08 03:01:42,234] {processor.py:161} INFO - Processing /home/airflow/.local/lib/python3.7/site-packages/airflow/example_dags/example_sla_dag.py took 0.272 seconds
[2023-04-08 03:02:12,309] {processor.py:153} INFO - Started process (PID=999) to work on /home/airflow/.local/lib/python3.7/site-packages/airflow/example_dags/example_sla_dag.py
[2023-04-08 03:02:12,310] {processor.py:641} INFO - Processing file /home/airflow/.local/lib/python3.7/site-packages/airflow/example_dags/example_sla_dag.py for tasks to queue
[2023-04-08 03:02:12,312] {logging_mixin.py:115} INFO - [2023-04-08 03:02:12,312] {dagbag.py:507} INFO - Filling up the DagBag from /home/airflow/.local/lib/python3.7/site-packages/airflow/example_dags/example_sla_dag.py
[2023-04-08 03:02:12,326] {processor.py:651} INFO - DAG(s) dict_keys(['example_sla_dag']) retrieved from /home/airflow/.local/lib/python3.7/site-packages/airflow/example_dags/example_sla_dag.py
[2023-04-08 03:02:12,353] {logging_mixin.py:115} INFO - [2023-04-08 03:02:12,352] {dag.py:2371} INFO - Sync 1 DAGs
[2023-04-08 03:02:12,465] {logging_mixin.py:115} INFO - [2023-04-08 03:02:12,465] {dag.py:2919} INFO - Setting next_dagrun for example_sla_dag to 2023-04-08T03:00:00+00:00, run_after=2023-04-08T03:02:00+00:00
[2023-04-08 03:02:12,476] {processor.py:161} INFO - Processing /home/airflow/.local/lib/python3.7/site-packages/airflow/example_dags/example_sla_dag.py took 0.170 seconds
[2023-04-08 03:02:42,528] {processor.py:153} INFO - Started process (PID=1061) to work on /home/airflow/.local/lib/python3.7/site-packages/airflow/example_dags/example_sla_dag.py
[2023-04-08 03:02:42,529] {processor.py:641} INFO - Processing file /home/airflow/.local/lib/python3.7/site-packages/airflow/example_dags/example_sla_dag.py for tasks to queue
[2023-04-08 03:02:42,532] {logging_mixin.py:115} INFO - [2023-04-08 03:02:42,532] {dagbag.py:507} INFO - Filling up the DagBag from /home/airflow/.local/lib/python3.7/site-packages/airflow/example_dags/example_sla_dag.py
[2023-04-08 03:02:42,547] {processor.py:651} INFO - DAG(s) dict_keys(['example_sla_dag']) retrieved from /home/airflow/.local/lib/python3.7/site-packages/airflow/example_dags/example_sla_dag.py
[2023-04-08 03:02:42,573] {logging_mixin.py:115} INFO - [2023-04-08 03:02:42,573] {dag.py:2371} INFO - Sync 1 DAGs
[2023-04-08 03:02:42,694] {logging_mixin.py:115} INFO - [2023-04-08 03:02:42,694] {dag.py:2919} INFO - Setting next_dagrun for example_sla_dag to 2023-04-08T03:00:00+00:00, run_after=2023-04-08T03:02:00+00:00
[2023-04-08 03:02:42,703] {processor.py:161} INFO - Processing /home/airflow/.local/lib/python3.7/site-packages/airflow/example_dags/example_sla_dag.py took 0.178 seconds
[2023-04-08 03:03:12,947] {processor.py:153} INFO - Started process (PID=1123) to work on /home/airflow/.local/lib/python3.7/site-packages/airflow/example_dags/example_sla_dag.py
[2023-04-08 03:03:12,948] {processor.py:641} INFO - Processing file /home/airflow/.local/lib/python3.7/site-packages/airflow/example_dags/example_sla_dag.py for tasks to queue
[2023-04-08 03:03:12,950] {logging_mixin.py:115} INFO - [2023-04-08 03:03:12,950] {dagbag.py:507} INFO - Filling up the DagBag from /home/airflow/.local/lib/python3.7/site-packages/airflow/example_dags/example_sla_dag.py
[2023-04-08 03:03:12,964] {processor.py:651} INFO - DAG(s) dict_keys(['example_sla_dag']) retrieved from /home/airflow/.local/lib/python3.7/site-packages/airflow/example_dags/example_sla_dag.py
[2023-04-08 03:03:12,991] {logging_mixin.py:115} INFO - [2023-04-08 03:03:12,991] {dag.py:2371} INFO - Sync 1 DAGs
[2023-04-08 03:03:13,098] {logging_mixin.py:115} INFO - [2023-04-08 03:03:13,098] {dag.py:2919} INFO - Setting next_dagrun for example_sla_dag to 2023-04-08T03:00:00+00:00, run_after=2023-04-08T03:02:00+00:00
[2023-04-08 03:03:13,105] {processor.py:161} INFO - Processing /home/airflow/.local/lib/python3.7/site-packages/airflow/example_dags/example_sla_dag.py took 0.164 seconds
[2023-04-08 03:03:43,652] {processor.py:153} INFO - Started process (PID=1188) to work on /home/airflow/.local/lib/python3.7/site-packages/airflow/example_dags/example_sla_dag.py
[2023-04-08 03:03:43,653] {processor.py:641} INFO - Processing file /home/airflow/.local/lib/python3.7/site-packages/airflow/example_dags/example_sla_dag.py for tasks to queue
[2023-04-08 03:03:43,654] {logging_mixin.py:115} INFO - [2023-04-08 03:03:43,654] {dagbag.py:507} INFO - Filling up the DagBag from /home/airflow/.local/lib/python3.7/site-packages/airflow/example_dags/example_sla_dag.py
[2023-04-08 03:03:43,666] {processor.py:651} INFO - DAG(s) dict_keys(['example_sla_dag']) retrieved from /home/airflow/.local/lib/python3.7/site-packages/airflow/example_dags/example_sla_dag.py
[2023-04-08 03:03:43,693] {logging_mixin.py:115} INFO - [2023-04-08 03:03:43,693] {dag.py:2371} INFO - Sync 1 DAGs
[2023-04-08 03:03:43,799] {logging_mixin.py:115} INFO - [2023-04-08 03:03:43,799] {dag.py:2919} INFO - Setting next_dagrun for example_sla_dag to 2023-04-08T03:00:00+00:00, run_after=2023-04-08T03:02:00+00:00
[2023-04-08 03:03:43,807] {processor.py:161} INFO - Processing /home/airflow/.local/lib/python3.7/site-packages/airflow/example_dags/example_sla_dag.py took 0.159 seconds
[2023-04-08 03:04:14,045] {processor.py:153} INFO - Started process (PID=1250) to work on /home/airflow/.local/lib/python3.7/site-packages/airflow/example_dags/example_sla_dag.py
[2023-04-08 03:04:14,047] {processor.py:641} INFO - Processing file /home/airflow/.local/lib/python3.7/site-packages/airflow/example_dags/example_sla_dag.py for tasks to queue
[2023-04-08 03:04:14,048] {logging_mixin.py:115} INFO - [2023-04-08 03:04:14,048] {dagbag.py:507} INFO - Filling up the DagBag from /home/airflow/.local/lib/python3.7/site-packages/airflow/example_dags/example_sla_dag.py
[2023-04-08 03:04:14,062] {processor.py:651} INFO - DAG(s) dict_keys(['example_sla_dag']) retrieved from /home/airflow/.local/lib/python3.7/site-packages/airflow/example_dags/example_sla_dag.py
[2023-04-08 03:04:14,085] {logging_mixin.py:115} INFO - [2023-04-08 03:04:14,085] {dag.py:2371} INFO - Sync 1 DAGs
[2023-04-08 03:04:14,188] {logging_mixin.py:115} INFO - [2023-04-08 03:04:14,188] {dag.py:2919} INFO - Setting next_dagrun for example_sla_dag to 2023-04-08T03:02:00+00:00, run_after=2023-04-08T03:04:00+00:00
[2023-04-08 03:04:14,196] {processor.py:161} INFO - Processing /home/airflow/.local/lib/python3.7/site-packages/airflow/example_dags/example_sla_dag.py took 0.154 seconds
[2023-04-08 03:04:44,686] {processor.py:153} INFO - Started process (PID=1305) to work on /home/airflow/.local/lib/python3.7/site-packages/airflow/example_dags/example_sla_dag.py
[2023-04-08 03:04:44,687] {processor.py:641} INFO - Processing file /home/airflow/.local/lib/python3.7/site-packages/airflow/example_dags/example_sla_dag.py for tasks to queue
[2023-04-08 03:04:44,694] {logging_mixin.py:115} INFO - [2023-04-08 03:04:44,694] {dagbag.py:507} INFO - Filling up the DagBag from /home/airflow/.local/lib/python3.7/site-packages/airflow/example_dags/example_sla_dag.py
[2023-04-08 03:04:44,709] {processor.py:651} INFO - DAG(s) dict_keys(['example_sla_dag']) retrieved from /home/airflow/.local/lib/python3.7/site-packages/airflow/example_dags/example_sla_dag.py
[2023-04-08 03:04:44,840] {logging_mixin.py:115} INFO - [2023-04-08 03:04:44,840] {dag.py:2371} INFO - Sync 1 DAGs
[2023-04-08 03:04:44,855] {logging_mixin.py:115} INFO - [2023-04-08 03:04:44,855] {dag.py:2919} INFO - Setting next_dagrun for example_sla_dag to 2023-04-08T03:02:00+00:00, run_after=2023-04-08T03:04:00+00:00
[2023-04-08 03:04:44,864] {processor.py:161} INFO - Processing /home/airflow/.local/lib/python3.7/site-packages/airflow/example_dags/example_sla_dag.py took 0.181 seconds
[2023-04-08 03:05:14,992] {processor.py:153} INFO - Started process (PID=1367) to work on /home/airflow/.local/lib/python3.7/site-packages/airflow/example_dags/example_sla_dag.py
[2023-04-08 03:05:14,994] {processor.py:641} INFO - Processing file /home/airflow/.local/lib/python3.7/site-packages/airflow/example_dags/example_sla_dag.py for tasks to queue
[2023-04-08 03:05:14,995] {logging_mixin.py:115} INFO - [2023-04-08 03:05:14,995] {dagbag.py:507} INFO - Filling up the DagBag from /home/airflow/.local/lib/python3.7/site-packages/airflow/example_dags/example_sla_dag.py
[2023-04-08 03:05:15,014] {processor.py:651} INFO - DAG(s) dict_keys(['example_sla_dag']) retrieved from /home/airflow/.local/lib/python3.7/site-packages/airflow/example_dags/example_sla_dag.py
[2023-04-08 03:05:15,137] {logging_mixin.py:115} INFO - [2023-04-08 03:05:15,137] {dag.py:2371} INFO - Sync 1 DAGs
[2023-04-08 03:05:15,152] {logging_mixin.py:115} INFO - [2023-04-08 03:05:15,152] {dag.py:2919} INFO - Setting next_dagrun for example_sla_dag to 2023-04-08T03:02:00+00:00, run_after=2023-04-08T03:04:00+00:00
[2023-04-08 03:05:15,161] {processor.py:161} INFO - Processing /home/airflow/.local/lib/python3.7/site-packages/airflow/example_dags/example_sla_dag.py took 0.171 seconds
[2023-04-08 03:05:45,778] {processor.py:153} INFO - Started process (PID=1430) to work on /home/airflow/.local/lib/python3.7/site-packages/airflow/example_dags/example_sla_dag.py
[2023-04-08 03:05:45,780] {processor.py:641} INFO - Processing file /home/airflow/.local/lib/python3.7/site-packages/airflow/example_dags/example_sla_dag.py for tasks to queue
[2023-04-08 03:05:45,782] {logging_mixin.py:115} INFO - [2023-04-08 03:05:45,782] {dagbag.py:507} INFO - Filling up the DagBag from /home/airflow/.local/lib/python3.7/site-packages/airflow/example_dags/example_sla_dag.py
[2023-04-08 03:05:45,797] {processor.py:651} INFO - DAG(s) dict_keys(['example_sla_dag']) retrieved from /home/airflow/.local/lib/python3.7/site-packages/airflow/example_dags/example_sla_dag.py
[2023-04-08 03:05:45,918] {logging_mixin.py:115} INFO - [2023-04-08 03:05:45,918] {dag.py:2371} INFO - Sync 1 DAGs
[2023-04-08 03:05:45,933] {logging_mixin.py:115} INFO - [2023-04-08 03:05:45,933] {dag.py:2919} INFO - Setting next_dagrun for example_sla_dag to 2023-04-08T03:02:00+00:00, run_after=2023-04-08T03:04:00+00:00
[2023-04-08 03:05:45,940] {processor.py:161} INFO - Processing /home/airflow/.local/lib/python3.7/site-packages/airflow/example_dags/example_sla_dag.py took 0.164 seconds
[2023-04-08 03:06:16,438] {processor.py:153} INFO - Started process (PID=1493) to work on /home/airflow/.local/lib/python3.7/site-packages/airflow/example_dags/example_sla_dag.py
[2023-04-08 03:06:16,439] {processor.py:641} INFO - Processing file /home/airflow/.local/lib/python3.7/site-packages/airflow/example_dags/example_sla_dag.py for tasks to queue
[2023-04-08 03:06:16,440] {logging_mixin.py:115} INFO - [2023-04-08 03:06:16,440] {dagbag.py:507} INFO - Filling up the DagBag from /home/airflow/.local/lib/python3.7/site-packages/airflow/example_dags/example_sla_dag.py
[2023-04-08 03:06:16,454] {processor.py:651} INFO - DAG(s) dict_keys(['example_sla_dag']) retrieved from /home/airflow/.local/lib/python3.7/site-packages/airflow/example_dags/example_sla_dag.py
[2023-04-08 03:06:16,668] {logging_mixin.py:115} INFO - [2023-04-08 03:06:16,668] {dag.py:2371} INFO - Sync 1 DAGs
[2023-04-08 03:06:16,685] {logging_mixin.py:115} INFO - [2023-04-08 03:06:16,685] {dag.py:2919} INFO - Setting next_dagrun for example_sla_dag to 2023-04-08T03:04:00+00:00, run_after=2023-04-08T03:06:00+00:00
[2023-04-08 03:06:16,693] {processor.py:161} INFO - Processing /home/airflow/.local/lib/python3.7/site-packages/airflow/example_dags/example_sla_dag.py took 0.258 seconds
