[2023-04-08 02:54:36,215] {processor.py:153} INFO - Started process (PID=72) to work on /home/airflow/.local/lib/python3.7/site-packages/airflow/example_dags/example_branch_operator_decorator.py
[2023-04-08 02:54:36,232] {processor.py:641} INFO - Processing file /home/airflow/.local/lib/python3.7/site-packages/airflow/example_dags/example_branch_operator_decorator.py for tasks to queue
[2023-04-08 02:54:36,243] {logging_mixin.py:115} INFO - [2023-04-08 02:54:36,243] {dagbag.py:507} INFO - Filling up the DagBag from /home/airflow/.local/lib/python3.7/site-packages/airflow/example_dags/example_branch_operator_decorator.py
[2023-04-08 02:54:36,267] {processor.py:651} INFO - DAG(s) dict_keys(['example_branch_python_operator_decorator']) retrieved from /home/airflow/.local/lib/python3.7/site-packages/airflow/example_dags/example_branch_operator_decorator.py
[2023-04-08 02:54:36,458] {logging_mixin.py:115} INFO - [2023-04-08 02:54:36,457] {manager.py:508} INFO - Created Permission View: can delete on DAG:example_branch_python_operator_decorator
[2023-04-08 02:54:36,543] {logging_mixin.py:115} INFO - [2023-04-08 02:54:36,543] {manager.py:508} INFO - Created Permission View: can edit on DAG:example_branch_python_operator_decorator
[2023-04-08 02:54:36,563] {logging_mixin.py:115} INFO - [2023-04-08 02:54:36,563] {manager.py:508} INFO - Created Permission View: can read on DAG:example_branch_python_operator_decorator
[2023-04-08 02:54:36,574] {logging_mixin.py:115} INFO - [2023-04-08 02:54:36,574] {dag.py:2371} INFO - Sync 1 DAGs
[2023-04-08 02:54:36,593] {logging_mixin.py:115} INFO - [2023-04-08 02:54:36,592] {dag.py:2390} INFO - Creating ORM DAG for example_branch_python_operator_decorator
[2023-04-08 02:54:36,615] {logging_mixin.py:115} INFO - [2023-04-08 02:54:36,614] {dag.py:2919} INFO - Setting next_dagrun for example_branch_python_operator_decorator to 2023-04-07T00:00:00+00:00, run_after=2023-04-08T00:00:00+00:00
[2023-04-08 02:54:36,646] {processor.py:161} INFO - Processing /home/airflow/.local/lib/python3.7/site-packages/airflow/example_dags/example_branch_operator_decorator.py took 0.434 seconds
[2023-04-08 02:55:07,583] {processor.py:153} INFO - Started process (PID=135) to work on /home/airflow/.local/lib/python3.7/site-packages/airflow/example_dags/example_branch_operator_decorator.py
[2023-04-08 02:55:07,590] {processor.py:641} INFO - Processing file /home/airflow/.local/lib/python3.7/site-packages/airflow/example_dags/example_branch_operator_decorator.py for tasks to queue
[2023-04-08 02:55:07,611] {logging_mixin.py:115} INFO - [2023-04-08 02:55:07,611] {dagbag.py:507} INFO - Filling up the DagBag from /home/airflow/.local/lib/python3.7/site-packages/airflow/example_dags/example_branch_operator_decorator.py
[2023-04-08 02:55:07,638] {processor.py:651} INFO - DAG(s) dict_keys(['example_branch_python_operator_decorator']) retrieved from /home/airflow/.local/lib/python3.7/site-packages/airflow/example_dags/example_branch_operator_decorator.py
[2023-04-08 02:55:07,709] {logging_mixin.py:115} INFO - [2023-04-08 02:55:07,709] {dag.py:2371} INFO - Sync 1 DAGs
[2023-04-08 02:55:07,932] {logging_mixin.py:115} INFO - [2023-04-08 02:55:07,931] {dag.py:2919} INFO - Setting next_dagrun for example_branch_python_operator_decorator to 2023-04-07T00:00:00+00:00, run_after=2023-04-08T00:00:00+00:00
[2023-04-08 02:55:08,015] {processor.py:161} INFO - Processing /home/airflow/.local/lib/python3.7/site-packages/airflow/example_dags/example_branch_operator_decorator.py took 0.439 seconds
[2023-04-08 02:55:38,135] {processor.py:153} INFO - Started process (PID=199) to work on /home/airflow/.local/lib/python3.7/site-packages/airflow/example_dags/example_branch_operator_decorator.py
[2023-04-08 02:55:38,137] {processor.py:641} INFO - Processing file /home/airflow/.local/lib/python3.7/site-packages/airflow/example_dags/example_branch_operator_decorator.py for tasks to queue
[2023-04-08 02:55:38,138] {logging_mixin.py:115} INFO - [2023-04-08 02:55:38,138] {dagbag.py:507} INFO - Filling up the DagBag from /home/airflow/.local/lib/python3.7/site-packages/airflow/example_dags/example_branch_operator_decorator.py
[2023-04-08 02:55:38,152] {processor.py:651} INFO - DAG(s) dict_keys(['example_branch_python_operator_decorator']) retrieved from /home/airflow/.local/lib/python3.7/site-packages/airflow/example_dags/example_branch_operator_decorator.py
[2023-04-08 02:55:38,175] {logging_mixin.py:115} INFO - [2023-04-08 02:55:38,175] {dag.py:2371} INFO - Sync 1 DAGs
[2023-04-08 02:55:38,276] {logging_mixin.py:115} INFO - [2023-04-08 02:55:38,276] {dag.py:2919} INFO - Setting next_dagrun for example_branch_python_operator_decorator to 2023-04-07T00:00:00+00:00, run_after=2023-04-08T00:00:00+00:00
[2023-04-08 02:55:38,284] {processor.py:161} INFO - Processing /home/airflow/.local/lib/python3.7/site-packages/airflow/example_dags/example_branch_operator_decorator.py took 0.152 seconds
[2023-04-08 02:56:08,388] {processor.py:153} INFO - Started process (PID=262) to work on /home/airflow/.local/lib/python3.7/site-packages/airflow/example_dags/example_branch_operator_decorator.py
[2023-04-08 02:56:08,389] {processor.py:641} INFO - Processing file /home/airflow/.local/lib/python3.7/site-packages/airflow/example_dags/example_branch_operator_decorator.py for tasks to queue
[2023-04-08 02:56:08,391] {logging_mixin.py:115} INFO - [2023-04-08 02:56:08,390] {dagbag.py:507} INFO - Filling up the DagBag from /home/airflow/.local/lib/python3.7/site-packages/airflow/example_dags/example_branch_operator_decorator.py
[2023-04-08 02:56:08,405] {processor.py:651} INFO - DAG(s) dict_keys(['example_branch_python_operator_decorator']) retrieved from /home/airflow/.local/lib/python3.7/site-packages/airflow/example_dags/example_branch_operator_decorator.py
[2023-04-08 02:56:08,431] {logging_mixin.py:115} INFO - [2023-04-08 02:56:08,431] {dag.py:2371} INFO - Sync 1 DAGs
[2023-04-08 02:56:08,554] {logging_mixin.py:115} INFO - [2023-04-08 02:56:08,554] {dag.py:2919} INFO - Setting next_dagrun for example_branch_python_operator_decorator to 2023-04-07T00:00:00+00:00, run_after=2023-04-08T00:00:00+00:00
[2023-04-08 02:56:08,577] {processor.py:161} INFO - Processing /home/airflow/.local/lib/python3.7/site-packages/airflow/example_dags/example_branch_operator_decorator.py took 0.193 seconds
[2023-04-08 02:56:38,797] {processor.py:153} INFO - Started process (PID=325) to work on /home/airflow/.local/lib/python3.7/site-packages/airflow/example_dags/example_branch_operator_decorator.py
[2023-04-08 02:56:38,798] {processor.py:641} INFO - Processing file /home/airflow/.local/lib/python3.7/site-packages/airflow/example_dags/example_branch_operator_decorator.py for tasks to queue
[2023-04-08 02:56:38,800] {logging_mixin.py:115} INFO - [2023-04-08 02:56:38,800] {dagbag.py:507} INFO - Filling up the DagBag from /home/airflow/.local/lib/python3.7/site-packages/airflow/example_dags/example_branch_operator_decorator.py
[2023-04-08 02:56:38,813] {processor.py:651} INFO - DAG(s) dict_keys(['example_branch_python_operator_decorator']) retrieved from /home/airflow/.local/lib/python3.7/site-packages/airflow/example_dags/example_branch_operator_decorator.py
[2023-04-08 02:56:38,838] {logging_mixin.py:115} INFO - [2023-04-08 02:56:38,838] {dag.py:2371} INFO - Sync 1 DAGs
[2023-04-08 02:56:38,946] {logging_mixin.py:115} INFO - [2023-04-08 02:56:38,946] {dag.py:2919} INFO - Setting next_dagrun for example_branch_python_operator_decorator to 2023-04-07T00:00:00+00:00, run_after=2023-04-08T00:00:00+00:00
[2023-04-08 02:56:38,955] {processor.py:161} INFO - Processing /home/airflow/.local/lib/python3.7/site-packages/airflow/example_dags/example_branch_operator_decorator.py took 0.162 seconds
[2023-04-08 02:57:09,784] {processor.py:153} INFO - Started process (PID=379) to work on /home/airflow/.local/lib/python3.7/site-packages/airflow/example_dags/example_branch_operator_decorator.py
[2023-04-08 02:57:09,786] {processor.py:641} INFO - Processing file /home/airflow/.local/lib/python3.7/site-packages/airflow/example_dags/example_branch_operator_decorator.py for tasks to queue
[2023-04-08 02:57:09,787] {logging_mixin.py:115} INFO - [2023-04-08 02:57:09,787] {dagbag.py:507} INFO - Filling up the DagBag from /home/airflow/.local/lib/python3.7/site-packages/airflow/example_dags/example_branch_operator_decorator.py
[2023-04-08 02:57:09,802] {processor.py:651} INFO - DAG(s) dict_keys(['example_branch_python_operator_decorator']) retrieved from /home/airflow/.local/lib/python3.7/site-packages/airflow/example_dags/example_branch_operator_decorator.py
[2023-04-08 02:57:09,829] {logging_mixin.py:115} INFO - [2023-04-08 02:57:09,829] {dag.py:2371} INFO - Sync 1 DAGs
[2023-04-08 02:57:09,943] {logging_mixin.py:115} INFO - [2023-04-08 02:57:09,943] {dag.py:2919} INFO - Setting next_dagrun for example_branch_python_operator_decorator to 2023-04-07T00:00:00+00:00, run_after=2023-04-08T00:00:00+00:00
[2023-04-08 02:57:09,951] {processor.py:161} INFO - Processing /home/airflow/.local/lib/python3.7/site-packages/airflow/example_dags/example_branch_operator_decorator.py took 0.170 seconds
[2023-04-08 02:57:40,747] {processor.py:153} INFO - Started process (PID=442) to work on /home/airflow/.local/lib/python3.7/site-packages/airflow/example_dags/example_branch_operator_decorator.py
[2023-04-08 02:57:40,748] {processor.py:641} INFO - Processing file /home/airflow/.local/lib/python3.7/site-packages/airflow/example_dags/example_branch_operator_decorator.py for tasks to queue
[2023-04-08 02:57:40,749] {logging_mixin.py:115} INFO - [2023-04-08 02:57:40,749] {dagbag.py:507} INFO - Filling up the DagBag from /home/airflow/.local/lib/python3.7/site-packages/airflow/example_dags/example_branch_operator_decorator.py
[2023-04-08 02:57:40,763] {processor.py:651} INFO - DAG(s) dict_keys(['example_branch_python_operator_decorator']) retrieved from /home/airflow/.local/lib/python3.7/site-packages/airflow/example_dags/example_branch_operator_decorator.py
[2023-04-08 02:57:40,788] {logging_mixin.py:115} INFO - [2023-04-08 02:57:40,788] {dag.py:2371} INFO - Sync 1 DAGs
[2023-04-08 02:57:40,889] {logging_mixin.py:115} INFO - [2023-04-08 02:57:40,889] {dag.py:2919} INFO - Setting next_dagrun for example_branch_python_operator_decorator to 2023-04-07T00:00:00+00:00, run_after=2023-04-08T00:00:00+00:00
[2023-04-08 02:57:40,897] {processor.py:161} INFO - Processing /home/airflow/.local/lib/python3.7/site-packages/airflow/example_dags/example_branch_operator_decorator.py took 0.153 seconds
[2023-04-08 02:58:11,243] {processor.py:153} INFO - Started process (PID=505) to work on /home/airflow/.local/lib/python3.7/site-packages/airflow/example_dags/example_branch_operator_decorator.py
[2023-04-08 02:58:11,244] {processor.py:641} INFO - Processing file /home/airflow/.local/lib/python3.7/site-packages/airflow/example_dags/example_branch_operator_decorator.py for tasks to queue
[2023-04-08 02:58:11,246] {logging_mixin.py:115} INFO - [2023-04-08 02:58:11,245] {dagbag.py:507} INFO - Filling up the DagBag from /home/airflow/.local/lib/python3.7/site-packages/airflow/example_dags/example_branch_operator_decorator.py
[2023-04-08 02:58:11,258] {processor.py:651} INFO - DAG(s) dict_keys(['example_branch_python_operator_decorator']) retrieved from /home/airflow/.local/lib/python3.7/site-packages/airflow/example_dags/example_branch_operator_decorator.py
[2023-04-08 02:58:11,282] {logging_mixin.py:115} INFO - [2023-04-08 02:58:11,282] {dag.py:2371} INFO - Sync 1 DAGs
[2023-04-08 02:58:11,383] {logging_mixin.py:115} INFO - [2023-04-08 02:58:11,383] {dag.py:2919} INFO - Setting next_dagrun for example_branch_python_operator_decorator to 2023-04-07T00:00:00+00:00, run_after=2023-04-08T00:00:00+00:00
[2023-04-08 02:58:11,391] {processor.py:161} INFO - Processing /home/airflow/.local/lib/python3.7/site-packages/airflow/example_dags/example_branch_operator_decorator.py took 0.151 seconds
[2023-04-08 02:58:41,604] {processor.py:153} INFO - Started process (PID=568) to work on /home/airflow/.local/lib/python3.7/site-packages/airflow/example_dags/example_branch_operator_decorator.py
[2023-04-08 02:58:41,606] {processor.py:641} INFO - Processing file /home/airflow/.local/lib/python3.7/site-packages/airflow/example_dags/example_branch_operator_decorator.py for tasks to queue
[2023-04-08 02:58:41,608] {logging_mixin.py:115} INFO - [2023-04-08 02:58:41,608] {dagbag.py:507} INFO - Filling up the DagBag from /home/airflow/.local/lib/python3.7/site-packages/airflow/example_dags/example_branch_operator_decorator.py
[2023-04-08 02:58:41,621] {processor.py:651} INFO - DAG(s) dict_keys(['example_branch_python_operator_decorator']) retrieved from /home/airflow/.local/lib/python3.7/site-packages/airflow/example_dags/example_branch_operator_decorator.py
[2023-04-08 02:58:41,646] {logging_mixin.py:115} INFO - [2023-04-08 02:58:41,646] {dag.py:2371} INFO - Sync 1 DAGs
[2023-04-08 02:58:41,764] {logging_mixin.py:115} INFO - [2023-04-08 02:58:41,764] {dag.py:2919} INFO - Setting next_dagrun for example_branch_python_operator_decorator to 2023-04-07T00:00:00+00:00, run_after=2023-04-08T00:00:00+00:00
[2023-04-08 02:58:41,773] {processor.py:161} INFO - Processing /home/airflow/.local/lib/python3.7/site-packages/airflow/example_dags/example_branch_operator_decorator.py took 0.172 seconds
[2023-04-08 02:59:12,053] {processor.py:153} INFO - Started process (PID=631) to work on /home/airflow/.local/lib/python3.7/site-packages/airflow/example_dags/example_branch_operator_decorator.py
[2023-04-08 02:59:12,055] {processor.py:641} INFO - Processing file /home/airflow/.local/lib/python3.7/site-packages/airflow/example_dags/example_branch_operator_decorator.py for tasks to queue
[2023-04-08 02:59:12,056] {logging_mixin.py:115} INFO - [2023-04-08 02:59:12,056] {dagbag.py:507} INFO - Filling up the DagBag from /home/airflow/.local/lib/python3.7/site-packages/airflow/example_dags/example_branch_operator_decorator.py
[2023-04-08 02:59:12,068] {processor.py:651} INFO - DAG(s) dict_keys(['example_branch_python_operator_decorator']) retrieved from /home/airflow/.local/lib/python3.7/site-packages/airflow/example_dags/example_branch_operator_decorator.py
[2023-04-08 02:59:12,092] {logging_mixin.py:115} INFO - [2023-04-08 02:59:12,092] {dag.py:2371} INFO - Sync 1 DAGs
[2023-04-08 02:59:12,204] {logging_mixin.py:115} INFO - [2023-04-08 02:59:12,203] {dag.py:2919} INFO - Setting next_dagrun for example_branch_python_operator_decorator to 2023-04-07T00:00:00+00:00, run_after=2023-04-08T00:00:00+00:00
[2023-04-08 02:59:12,214] {processor.py:161} INFO - Processing /home/airflow/.local/lib/python3.7/site-packages/airflow/example_dags/example_branch_operator_decorator.py took 0.163 seconds
[2023-04-08 02:59:42,349] {processor.py:153} INFO - Started process (PID=692) to work on /home/airflow/.local/lib/python3.7/site-packages/airflow/example_dags/example_branch_operator_decorator.py
[2023-04-08 02:59:42,351] {processor.py:641} INFO - Processing file /home/airflow/.local/lib/python3.7/site-packages/airflow/example_dags/example_branch_operator_decorator.py for tasks to queue
[2023-04-08 02:59:42,352] {logging_mixin.py:115} INFO - [2023-04-08 02:59:42,352] {dagbag.py:507} INFO - Filling up the DagBag from /home/airflow/.local/lib/python3.7/site-packages/airflow/example_dags/example_branch_operator_decorator.py
[2023-04-08 02:59:42,364] {processor.py:651} INFO - DAG(s) dict_keys(['example_branch_python_operator_decorator']) retrieved from /home/airflow/.local/lib/python3.7/site-packages/airflow/example_dags/example_branch_operator_decorator.py
[2023-04-08 02:59:42,389] {logging_mixin.py:115} INFO - [2023-04-08 02:59:42,389] {dag.py:2371} INFO - Sync 1 DAGs
[2023-04-08 02:59:42,498] {logging_mixin.py:115} INFO - [2023-04-08 02:59:42,498] {dag.py:2919} INFO - Setting next_dagrun for example_branch_python_operator_decorator to 2023-04-07T00:00:00+00:00, run_after=2023-04-08T00:00:00+00:00
[2023-04-08 02:59:42,507] {processor.py:161} INFO - Processing /home/airflow/.local/lib/python3.7/site-packages/airflow/example_dags/example_branch_operator_decorator.py took 0.160 seconds
[2023-04-08 03:00:13,508] {processor.py:153} INFO - Started process (PID=758) to work on /home/airflow/.local/lib/python3.7/site-packages/airflow/example_dags/example_branch_operator_decorator.py
[2023-04-08 03:00:13,509] {processor.py:641} INFO - Processing file /home/airflow/.local/lib/python3.7/site-packages/airflow/example_dags/example_branch_operator_decorator.py for tasks to queue
[2023-04-08 03:00:13,511] {logging_mixin.py:115} INFO - [2023-04-08 03:00:13,511] {dagbag.py:507} INFO - Filling up the DagBag from /home/airflow/.local/lib/python3.7/site-packages/airflow/example_dags/example_branch_operator_decorator.py
[2023-04-08 03:00:13,523] {processor.py:651} INFO - DAG(s) dict_keys(['example_branch_python_operator_decorator']) retrieved from /home/airflow/.local/lib/python3.7/site-packages/airflow/example_dags/example_branch_operator_decorator.py
[2023-04-08 03:00:13,549] {logging_mixin.py:115} INFO - [2023-04-08 03:00:13,549] {dag.py:2371} INFO - Sync 1 DAGs
[2023-04-08 03:00:13,648] {logging_mixin.py:115} INFO - [2023-04-08 03:00:13,648] {dag.py:2919} INFO - Setting next_dagrun for example_branch_python_operator_decorator to 2023-04-07T00:00:00+00:00, run_after=2023-04-08T00:00:00+00:00
[2023-04-08 03:00:13,654] {processor.py:161} INFO - Processing /home/airflow/.local/lib/python3.7/site-packages/airflow/example_dags/example_branch_operator_decorator.py took 0.149 seconds
[2023-04-08 03:00:44,096] {processor.py:153} INFO - Started process (PID=820) to work on /home/airflow/.local/lib/python3.7/site-packages/airflow/example_dags/example_branch_operator_decorator.py
[2023-04-08 03:00:44,098] {processor.py:641} INFO - Processing file /home/airflow/.local/lib/python3.7/site-packages/airflow/example_dags/example_branch_operator_decorator.py for tasks to queue
[2023-04-08 03:00:44,099] {logging_mixin.py:115} INFO - [2023-04-08 03:00:44,099] {dagbag.py:507} INFO - Filling up the DagBag from /home/airflow/.local/lib/python3.7/site-packages/airflow/example_dags/example_branch_operator_decorator.py
[2023-04-08 03:00:44,113] {processor.py:651} INFO - DAG(s) dict_keys(['example_branch_python_operator_decorator']) retrieved from /home/airflow/.local/lib/python3.7/site-packages/airflow/example_dags/example_branch_operator_decorator.py
[2023-04-08 03:00:44,138] {logging_mixin.py:115} INFO - [2023-04-08 03:00:44,138] {dag.py:2371} INFO - Sync 1 DAGs
[2023-04-08 03:00:44,241] {logging_mixin.py:115} INFO - [2023-04-08 03:00:44,241] {dag.py:2919} INFO - Setting next_dagrun for example_branch_python_operator_decorator to 2023-04-07T00:00:00+00:00, run_after=2023-04-08T00:00:00+00:00
[2023-04-08 03:00:44,253] {processor.py:161} INFO - Processing /home/airflow/.local/lib/python3.7/site-packages/airflow/example_dags/example_branch_operator_decorator.py took 0.160 seconds
[2023-04-08 03:01:14,433] {processor.py:153} INFO - Started process (PID=888) to work on /home/airflow/.local/lib/python3.7/site-packages/airflow/example_dags/example_branch_operator_decorator.py
[2023-04-08 03:01:14,435] {processor.py:641} INFO - Processing file /home/airflow/.local/lib/python3.7/site-packages/airflow/example_dags/example_branch_operator_decorator.py for tasks to queue
[2023-04-08 03:01:14,436] {logging_mixin.py:115} INFO - [2023-04-08 03:01:14,436] {dagbag.py:507} INFO - Filling up the DagBag from /home/airflow/.local/lib/python3.7/site-packages/airflow/example_dags/example_branch_operator_decorator.py
[2023-04-08 03:01:14,455] {processor.py:651} INFO - DAG(s) dict_keys(['example_branch_python_operator_decorator']) retrieved from /home/airflow/.local/lib/python3.7/site-packages/airflow/example_dags/example_branch_operator_decorator.py
[2023-04-08 03:01:14,482] {logging_mixin.py:115} INFO - [2023-04-08 03:01:14,482] {dag.py:2371} INFO - Sync 1 DAGs
[2023-04-08 03:01:14,592] {logging_mixin.py:115} INFO - [2023-04-08 03:01:14,592] {dag.py:2919} INFO - Setting next_dagrun for example_branch_python_operator_decorator to 2023-04-07T00:00:00+00:00, run_after=2023-04-08T00:00:00+00:00
[2023-04-08 03:01:14,599] {processor.py:161} INFO - Processing /home/airflow/.local/lib/python3.7/site-packages/airflow/example_dags/example_branch_operator_decorator.py took 0.169 seconds
[2023-04-08 03:01:44,737] {processor.py:153} INFO - Started process (PID=952) to work on /home/airflow/.local/lib/python3.7/site-packages/airflow/example_dags/example_branch_operator_decorator.py
[2023-04-08 03:01:44,739] {processor.py:641} INFO - Processing file /home/airflow/.local/lib/python3.7/site-packages/airflow/example_dags/example_branch_operator_decorator.py for tasks to queue
[2023-04-08 03:01:44,741] {logging_mixin.py:115} INFO - [2023-04-08 03:01:44,740] {dagbag.py:507} INFO - Filling up the DagBag from /home/airflow/.local/lib/python3.7/site-packages/airflow/example_dags/example_branch_operator_decorator.py
[2023-04-08 03:01:44,754] {processor.py:651} INFO - DAG(s) dict_keys(['example_branch_python_operator_decorator']) retrieved from /home/airflow/.local/lib/python3.7/site-packages/airflow/example_dags/example_branch_operator_decorator.py
[2023-04-08 03:01:44,779] {logging_mixin.py:115} INFO - [2023-04-08 03:01:44,778] {dag.py:2371} INFO - Sync 1 DAGs
[2023-04-08 03:01:44,876] {logging_mixin.py:115} INFO - [2023-04-08 03:01:44,876] {dag.py:2919} INFO - Setting next_dagrun for example_branch_python_operator_decorator to 2023-04-07T00:00:00+00:00, run_after=2023-04-08T00:00:00+00:00
[2023-04-08 03:01:44,883] {processor.py:161} INFO - Processing /home/airflow/.local/lib/python3.7/site-packages/airflow/example_dags/example_branch_operator_decorator.py took 0.149 seconds
[2023-04-08 03:02:15,263] {processor.py:153} INFO - Started process (PID=1015) to work on /home/airflow/.local/lib/python3.7/site-packages/airflow/example_dags/example_branch_operator_decorator.py
[2023-04-08 03:02:15,265] {processor.py:641} INFO - Processing file /home/airflow/.local/lib/python3.7/site-packages/airflow/example_dags/example_branch_operator_decorator.py for tasks to queue
[2023-04-08 03:02:15,267] {logging_mixin.py:115} INFO - [2023-04-08 03:02:15,267] {dagbag.py:507} INFO - Filling up the DagBag from /home/airflow/.local/lib/python3.7/site-packages/airflow/example_dags/example_branch_operator_decorator.py
[2023-04-08 03:02:15,281] {processor.py:651} INFO - DAG(s) dict_keys(['example_branch_python_operator_decorator']) retrieved from /home/airflow/.local/lib/python3.7/site-packages/airflow/example_dags/example_branch_operator_decorator.py
[2023-04-08 03:02:15,306] {logging_mixin.py:115} INFO - [2023-04-08 03:02:15,306] {dag.py:2371} INFO - Sync 1 DAGs
[2023-04-08 03:02:15,406] {logging_mixin.py:115} INFO - [2023-04-08 03:02:15,406] {dag.py:2919} INFO - Setting next_dagrun for example_branch_python_operator_decorator to 2023-04-07T00:00:00+00:00, run_after=2023-04-08T00:00:00+00:00
[2023-04-08 03:02:15,416] {processor.py:161} INFO - Processing /home/airflow/.local/lib/python3.7/site-packages/airflow/example_dags/example_branch_operator_decorator.py took 0.156 seconds
[2023-04-08 03:02:45,681] {processor.py:153} INFO - Started process (PID=1069) to work on /home/airflow/.local/lib/python3.7/site-packages/airflow/example_dags/example_branch_operator_decorator.py
[2023-04-08 03:02:45,682] {processor.py:641} INFO - Processing file /home/airflow/.local/lib/python3.7/site-packages/airflow/example_dags/example_branch_operator_decorator.py for tasks to queue
[2023-04-08 03:02:45,683] {logging_mixin.py:115} INFO - [2023-04-08 03:02:45,683] {dagbag.py:507} INFO - Filling up the DagBag from /home/airflow/.local/lib/python3.7/site-packages/airflow/example_dags/example_branch_operator_decorator.py
[2023-04-08 03:02:45,703] {processor.py:651} INFO - DAG(s) dict_keys(['example_branch_python_operator_decorator']) retrieved from /home/airflow/.local/lib/python3.7/site-packages/airflow/example_dags/example_branch_operator_decorator.py
[2023-04-08 03:02:45,732] {logging_mixin.py:115} INFO - [2023-04-08 03:02:45,732] {dag.py:2371} INFO - Sync 1 DAGs
[2023-04-08 03:02:45,848] {logging_mixin.py:115} INFO - [2023-04-08 03:02:45,848] {dag.py:2919} INFO - Setting next_dagrun for example_branch_python_operator_decorator to 2023-04-07T00:00:00+00:00, run_after=2023-04-08T00:00:00+00:00
[2023-04-08 03:02:45,949] {processor.py:161} INFO - Processing /home/airflow/.local/lib/python3.7/site-packages/airflow/example_dags/example_branch_operator_decorator.py took 0.271 seconds
[2023-04-08 03:03:16,198] {processor.py:153} INFO - Started process (PID=1132) to work on /home/airflow/.local/lib/python3.7/site-packages/airflow/example_dags/example_branch_operator_decorator.py
[2023-04-08 03:03:16,199] {processor.py:641} INFO - Processing file /home/airflow/.local/lib/python3.7/site-packages/airflow/example_dags/example_branch_operator_decorator.py for tasks to queue
[2023-04-08 03:03:16,201] {logging_mixin.py:115} INFO - [2023-04-08 03:03:16,200] {dagbag.py:507} INFO - Filling up the DagBag from /home/airflow/.local/lib/python3.7/site-packages/airflow/example_dags/example_branch_operator_decorator.py
[2023-04-08 03:03:16,212] {processor.py:651} INFO - DAG(s) dict_keys(['example_branch_python_operator_decorator']) retrieved from /home/airflow/.local/lib/python3.7/site-packages/airflow/example_dags/example_branch_operator_decorator.py
[2023-04-08 03:03:16,239] {logging_mixin.py:115} INFO - [2023-04-08 03:03:16,239] {dag.py:2371} INFO - Sync 1 DAGs
[2023-04-08 03:03:16,340] {logging_mixin.py:115} INFO - [2023-04-08 03:03:16,340] {dag.py:2919} INFO - Setting next_dagrun for example_branch_python_operator_decorator to 2023-04-07T00:00:00+00:00, run_after=2023-04-08T00:00:00+00:00
[2023-04-08 03:03:16,348] {processor.py:161} INFO - Processing /home/airflow/.local/lib/python3.7/site-packages/airflow/example_dags/example_branch_operator_decorator.py took 0.153 seconds
[2023-04-08 03:03:46,754] {processor.py:153} INFO - Started process (PID=1196) to work on /home/airflow/.local/lib/python3.7/site-packages/airflow/example_dags/example_branch_operator_decorator.py
[2023-04-08 03:03:46,755] {processor.py:641} INFO - Processing file /home/airflow/.local/lib/python3.7/site-packages/airflow/example_dags/example_branch_operator_decorator.py for tasks to queue
[2023-04-08 03:03:46,756] {logging_mixin.py:115} INFO - [2023-04-08 03:03:46,756] {dagbag.py:507} INFO - Filling up the DagBag from /home/airflow/.local/lib/python3.7/site-packages/airflow/example_dags/example_branch_operator_decorator.py
[2023-04-08 03:03:46,770] {processor.py:651} INFO - DAG(s) dict_keys(['example_branch_python_operator_decorator']) retrieved from /home/airflow/.local/lib/python3.7/site-packages/airflow/example_dags/example_branch_operator_decorator.py
[2023-04-08 03:03:46,881] {logging_mixin.py:115} INFO - [2023-04-08 03:03:46,881] {dag.py:2371} INFO - Sync 1 DAGs
[2023-04-08 03:03:46,987] {logging_mixin.py:115} INFO - [2023-04-08 03:03:46,987] {dag.py:2919} INFO - Setting next_dagrun for example_branch_python_operator_decorator to 2023-04-07T00:00:00+00:00, run_after=2023-04-08T00:00:00+00:00
[2023-04-08 03:03:46,995] {processor.py:161} INFO - Processing /home/airflow/.local/lib/python3.7/site-packages/airflow/example_dags/example_branch_operator_decorator.py took 0.244 seconds
[2023-04-08 03:04:17,198] {processor.py:153} INFO - Started process (PID=1259) to work on /home/airflow/.local/lib/python3.7/site-packages/airflow/example_dags/example_branch_operator_decorator.py
[2023-04-08 03:04:17,199] {processor.py:641} INFO - Processing file /home/airflow/.local/lib/python3.7/site-packages/airflow/example_dags/example_branch_operator_decorator.py for tasks to queue
[2023-04-08 03:04:17,200] {logging_mixin.py:115} INFO - [2023-04-08 03:04:17,200] {dagbag.py:507} INFO - Filling up the DagBag from /home/airflow/.local/lib/python3.7/site-packages/airflow/example_dags/example_branch_operator_decorator.py
[2023-04-08 03:04:17,217] {processor.py:651} INFO - DAG(s) dict_keys(['example_branch_python_operator_decorator']) retrieved from /home/airflow/.local/lib/python3.7/site-packages/airflow/example_dags/example_branch_operator_decorator.py
[2023-04-08 03:04:17,244] {logging_mixin.py:115} INFO - [2023-04-08 03:04:17,244] {dag.py:2371} INFO - Sync 1 DAGs
[2023-04-08 03:04:17,350] {logging_mixin.py:115} INFO - [2023-04-08 03:04:17,350] {dag.py:2919} INFO - Setting next_dagrun for example_branch_python_operator_decorator to 2023-04-07T00:00:00+00:00, run_after=2023-04-08T00:00:00+00:00
[2023-04-08 03:04:17,364] {processor.py:161} INFO - Processing /home/airflow/.local/lib/python3.7/site-packages/airflow/example_dags/example_branch_operator_decorator.py took 0.169 seconds
[2023-04-08 03:04:47,616] {processor.py:153} INFO - Started process (PID=1322) to work on /home/airflow/.local/lib/python3.7/site-packages/airflow/example_dags/example_branch_operator_decorator.py
[2023-04-08 03:04:47,618] {processor.py:641} INFO - Processing file /home/airflow/.local/lib/python3.7/site-packages/airflow/example_dags/example_branch_operator_decorator.py for tasks to queue
[2023-04-08 03:04:47,620] {logging_mixin.py:115} INFO - [2023-04-08 03:04:47,620] {dagbag.py:507} INFO - Filling up the DagBag from /home/airflow/.local/lib/python3.7/site-packages/airflow/example_dags/example_branch_operator_decorator.py
[2023-04-08 03:04:47,634] {processor.py:651} INFO - DAG(s) dict_keys(['example_branch_python_operator_decorator']) retrieved from /home/airflow/.local/lib/python3.7/site-packages/airflow/example_dags/example_branch_operator_decorator.py
[2023-04-08 03:04:47,761] {logging_mixin.py:115} INFO - [2023-04-08 03:04:47,761] {dag.py:2371} INFO - Sync 1 DAGs
[2023-04-08 03:04:47,775] {logging_mixin.py:115} INFO - [2023-04-08 03:04:47,775] {dag.py:2919} INFO - Setting next_dagrun for example_branch_python_operator_decorator to 2023-04-07T00:00:00+00:00, run_after=2023-04-08T00:00:00+00:00
[2023-04-08 03:04:47,783] {processor.py:161} INFO - Processing /home/airflow/.local/lib/python3.7/site-packages/airflow/example_dags/example_branch_operator_decorator.py took 0.170 seconds
[2023-04-08 03:05:17,874] {processor.py:153} INFO - Started process (PID=1384) to work on /home/airflow/.local/lib/python3.7/site-packages/airflow/example_dags/example_branch_operator_decorator.py
[2023-04-08 03:05:17,875] {processor.py:641} INFO - Processing file /home/airflow/.local/lib/python3.7/site-packages/airflow/example_dags/example_branch_operator_decorator.py for tasks to queue
[2023-04-08 03:05:17,876] {logging_mixin.py:115} INFO - [2023-04-08 03:05:17,876] {dagbag.py:507} INFO - Filling up the DagBag from /home/airflow/.local/lib/python3.7/site-packages/airflow/example_dags/example_branch_operator_decorator.py
[2023-04-08 03:05:17,890] {processor.py:651} INFO - DAG(s) dict_keys(['example_branch_python_operator_decorator']) retrieved from /home/airflow/.local/lib/python3.7/site-packages/airflow/example_dags/example_branch_operator_decorator.py
[2023-04-08 03:05:18,016] {logging_mixin.py:115} INFO - [2023-04-08 03:05:18,016] {dag.py:2371} INFO - Sync 1 DAGs
[2023-04-08 03:05:18,031] {logging_mixin.py:115} INFO - [2023-04-08 03:05:18,031] {dag.py:2919} INFO - Setting next_dagrun for example_branch_python_operator_decorator to 2023-04-07T00:00:00+00:00, run_after=2023-04-08T00:00:00+00:00
[2023-04-08 03:05:18,040] {processor.py:161} INFO - Processing /home/airflow/.local/lib/python3.7/site-packages/airflow/example_dags/example_branch_operator_decorator.py took 0.169 seconds
[2023-04-08 03:05:48,606] {processor.py:153} INFO - Started process (PID=1437) to work on /home/airflow/.local/lib/python3.7/site-packages/airflow/example_dags/example_branch_operator_decorator.py
[2023-04-08 03:05:48,608] {processor.py:641} INFO - Processing file /home/airflow/.local/lib/python3.7/site-packages/airflow/example_dags/example_branch_operator_decorator.py for tasks to queue
[2023-04-08 03:05:48,610] {logging_mixin.py:115} INFO - [2023-04-08 03:05:48,610] {dagbag.py:507} INFO - Filling up the DagBag from /home/airflow/.local/lib/python3.7/site-packages/airflow/example_dags/example_branch_operator_decorator.py
[2023-04-08 03:05:48,626] {processor.py:651} INFO - DAG(s) dict_keys(['example_branch_python_operator_decorator']) retrieved from /home/airflow/.local/lib/python3.7/site-packages/airflow/example_dags/example_branch_operator_decorator.py
[2023-04-08 03:05:48,759] {logging_mixin.py:115} INFO - [2023-04-08 03:05:48,759] {dag.py:2371} INFO - Sync 1 DAGs
[2023-04-08 03:05:48,779] {logging_mixin.py:115} INFO - [2023-04-08 03:05:48,779] {dag.py:2919} INFO - Setting next_dagrun for example_branch_python_operator_decorator to 2023-04-07T00:00:00+00:00, run_after=2023-04-08T00:00:00+00:00
[2023-04-08 03:05:48,793] {processor.py:161} INFO - Processing /home/airflow/.local/lib/python3.7/site-packages/airflow/example_dags/example_branch_operator_decorator.py took 0.191 seconds
[2023-04-08 03:06:19,255] {processor.py:153} INFO - Started process (PID=1500) to work on /home/airflow/.local/lib/python3.7/site-packages/airflow/example_dags/example_branch_operator_decorator.py
[2023-04-08 03:06:19,256] {processor.py:641} INFO - Processing file /home/airflow/.local/lib/python3.7/site-packages/airflow/example_dags/example_branch_operator_decorator.py for tasks to queue
[2023-04-08 03:06:19,257] {logging_mixin.py:115} INFO - [2023-04-08 03:06:19,257] {dagbag.py:507} INFO - Filling up the DagBag from /home/airflow/.local/lib/python3.7/site-packages/airflow/example_dags/example_branch_operator_decorator.py
[2023-04-08 03:06:19,278] {processor.py:651} INFO - DAG(s) dict_keys(['example_branch_python_operator_decorator']) retrieved from /home/airflow/.local/lib/python3.7/site-packages/airflow/example_dags/example_branch_operator_decorator.py
[2023-04-08 03:06:19,406] {logging_mixin.py:115} INFO - [2023-04-08 03:06:19,406] {dag.py:2371} INFO - Sync 1 DAGs
[2023-04-08 03:06:19,422] {logging_mixin.py:115} INFO - [2023-04-08 03:06:19,422] {dag.py:2919} INFO - Setting next_dagrun for example_branch_python_operator_decorator to 2023-04-07T00:00:00+00:00, run_after=2023-04-08T00:00:00+00:00
[2023-04-08 03:06:19,433] {processor.py:161} INFO - Processing /home/airflow/.local/lib/python3.7/site-packages/airflow/example_dags/example_branch_operator_decorator.py took 0.181 seconds
