[2023-04-08 02:54:29,936] {processor.py:153} INFO - Started process (PID=54) to work on /home/airflow/.local/lib/python3.7/site-packages/airflow/example_dags/example_skip_dag.py
[2023-04-08 02:54:29,944] {processor.py:641} INFO - Processing file /home/airflow/.local/lib/python3.7/site-packages/airflow/example_dags/example_skip_dag.py for tasks to queue
[2023-04-08 02:54:29,952] {logging_mixin.py:115} INFO - [2023-04-08 02:54:29,952] {dagbag.py:507} INFO - Filling up the DagBag from /home/airflow/.local/lib/python3.7/site-packages/airflow/example_dags/example_skip_dag.py
[2023-04-08 02:54:29,964] {processor.py:651} INFO - DAG(s) dict_keys(['example_skip_dag']) retrieved from /home/airflow/.local/lib/python3.7/site-packages/airflow/example_dags/example_skip_dag.py
[2023-04-08 02:54:30,166] {logging_mixin.py:115} INFO - [2023-04-08 02:54:30,166] {manager.py:508} INFO - Created Permission View: can delete on DAG:example_skip_dag
[2023-04-08 02:54:30,185] {logging_mixin.py:115} INFO - [2023-04-08 02:54:30,185] {manager.py:508} INFO - Created Permission View: can edit on DAG:example_skip_dag
[2023-04-08 02:54:30,204] {logging_mixin.py:115} INFO - [2023-04-08 02:54:30,204] {manager.py:508} INFO - Created Permission View: can read on DAG:example_skip_dag
[2023-04-08 02:54:30,214] {logging_mixin.py:115} INFO - [2023-04-08 02:54:30,214] {dag.py:2371} INFO - Sync 1 DAGs
[2023-04-08 02:54:30,228] {logging_mixin.py:115} INFO - [2023-04-08 02:54:30,228] {dag.py:2390} INFO - Creating ORM DAG for example_skip_dag
[2023-04-08 02:54:30,247] {logging_mixin.py:115} INFO - [2023-04-08 02:54:30,247] {dag.py:2919} INFO - Setting next_dagrun for example_skip_dag to 2023-04-07T02:54:30.247163+00:00, run_after=2023-04-08T02:54:30.247163+00:00
[2023-04-08 02:54:30,271] {processor.py:161} INFO - Processing /home/airflow/.local/lib/python3.7/site-packages/airflow/example_dags/example_skip_dag.py took 0.340 seconds
[2023-04-08 02:55:01,009] {processor.py:153} INFO - Started process (PID=117) to work on /home/airflow/.local/lib/python3.7/site-packages/airflow/example_dags/example_skip_dag.py
[2023-04-08 02:55:01,016] {processor.py:641} INFO - Processing file /home/airflow/.local/lib/python3.7/site-packages/airflow/example_dags/example_skip_dag.py for tasks to queue
[2023-04-08 02:55:01,027] {logging_mixin.py:115} INFO - [2023-04-08 02:55:01,027] {dagbag.py:507} INFO - Filling up the DagBag from /home/airflow/.local/lib/python3.7/site-packages/airflow/example_dags/example_skip_dag.py
[2023-04-08 02:55:01,049] {processor.py:651} INFO - DAG(s) dict_keys(['example_skip_dag']) retrieved from /home/airflow/.local/lib/python3.7/site-packages/airflow/example_dags/example_skip_dag.py
[2023-04-08 02:55:01,197] {logging_mixin.py:115} INFO - [2023-04-08 02:55:01,197] {dag.py:2371} INFO - Sync 1 DAGs
[2023-04-08 02:55:01,225] {logging_mixin.py:115} INFO - [2023-04-08 02:55:01,225] {dag.py:2919} INFO - Setting next_dagrun for example_skip_dag to 2023-04-07T02:55:01.224909+00:00, run_after=2023-04-08T02:55:01.224909+00:00
[2023-04-08 02:55:01,247] {processor.py:161} INFO - Processing /home/airflow/.local/lib/python3.7/site-packages/airflow/example_dags/example_skip_dag.py took 0.242 seconds
[2023-04-08 02:55:31,973] {processor.py:153} INFO - Started process (PID=172) to work on /home/airflow/.local/lib/python3.7/site-packages/airflow/example_dags/example_skip_dag.py
[2023-04-08 02:55:31,975] {processor.py:641} INFO - Processing file /home/airflow/.local/lib/python3.7/site-packages/airflow/example_dags/example_skip_dag.py for tasks to queue
[2023-04-08 02:55:31,983] {logging_mixin.py:115} INFO - [2023-04-08 02:55:31,983] {dagbag.py:507} INFO - Filling up the DagBag from /home/airflow/.local/lib/python3.7/site-packages/airflow/example_dags/example_skip_dag.py
[2023-04-08 02:55:31,990] {processor.py:651} INFO - DAG(s) dict_keys(['example_skip_dag']) retrieved from /home/airflow/.local/lib/python3.7/site-packages/airflow/example_dags/example_skip_dag.py
[2023-04-08 02:55:32,016] {logging_mixin.py:115} INFO - [2023-04-08 02:55:32,015] {dag.py:2371} INFO - Sync 1 DAGs
[2023-04-08 02:55:32,034] {logging_mixin.py:115} INFO - [2023-04-08 02:55:32,034] {dag.py:2919} INFO - Setting next_dagrun for example_skip_dag to 2023-04-07T02:55:32.034566+00:00, run_after=2023-04-08T02:55:32.034566+00:00
[2023-04-08 02:55:32,045] {processor.py:161} INFO - Processing /home/airflow/.local/lib/python3.7/site-packages/airflow/example_dags/example_skip_dag.py took 0.075 seconds
[2023-04-08 02:56:02,263] {processor.py:153} INFO - Started process (PID=235) to work on /home/airflow/.local/lib/python3.7/site-packages/airflow/example_dags/example_skip_dag.py
[2023-04-08 02:56:02,267] {processor.py:641} INFO - Processing file /home/airflow/.local/lib/python3.7/site-packages/airflow/example_dags/example_skip_dag.py for tasks to queue
[2023-04-08 02:56:02,268] {logging_mixin.py:115} INFO - [2023-04-08 02:56:02,268] {dagbag.py:507} INFO - Filling up the DagBag from /home/airflow/.local/lib/python3.7/site-packages/airflow/example_dags/example_skip_dag.py
[2023-04-08 02:56:02,274] {processor.py:651} INFO - DAG(s) dict_keys(['example_skip_dag']) retrieved from /home/airflow/.local/lib/python3.7/site-packages/airflow/example_dags/example_skip_dag.py
[2023-04-08 02:56:02,304] {logging_mixin.py:115} INFO - [2023-04-08 02:56:02,304] {dag.py:2371} INFO - Sync 1 DAGs
[2023-04-08 02:56:02,328] {logging_mixin.py:115} INFO - [2023-04-08 02:56:02,327] {dag.py:2919} INFO - Setting next_dagrun for example_skip_dag to 2023-04-07T02:56:02.327682+00:00, run_after=2023-04-08T02:56:02.327682+00:00
[2023-04-08 02:56:02,341] {processor.py:161} INFO - Processing /home/airflow/.local/lib/python3.7/site-packages/airflow/example_dags/example_skip_dag.py took 0.081 seconds
[2023-04-08 02:56:32,652] {processor.py:153} INFO - Started process (PID=298) to work on /home/airflow/.local/lib/python3.7/site-packages/airflow/example_dags/example_skip_dag.py
[2023-04-08 02:56:32,654] {processor.py:641} INFO - Processing file /home/airflow/.local/lib/python3.7/site-packages/airflow/example_dags/example_skip_dag.py for tasks to queue
[2023-04-08 02:56:32,655] {logging_mixin.py:115} INFO - [2023-04-08 02:56:32,655] {dagbag.py:507} INFO - Filling up the DagBag from /home/airflow/.local/lib/python3.7/site-packages/airflow/example_dags/example_skip_dag.py
[2023-04-08 02:56:32,662] {processor.py:651} INFO - DAG(s) dict_keys(['example_skip_dag']) retrieved from /home/airflow/.local/lib/python3.7/site-packages/airflow/example_dags/example_skip_dag.py
[2023-04-08 02:56:32,692] {logging_mixin.py:115} INFO - [2023-04-08 02:56:32,692] {dag.py:2371} INFO - Sync 1 DAGs
[2023-04-08 02:56:32,714] {logging_mixin.py:115} INFO - [2023-04-08 02:56:32,714] {dag.py:2919} INFO - Setting next_dagrun for example_skip_dag to 2023-04-07T02:56:32.714359+00:00, run_after=2023-04-08T02:56:32.714359+00:00
[2023-04-08 02:56:32,725] {processor.py:161} INFO - Processing /home/airflow/.local/lib/python3.7/site-packages/airflow/example_dags/example_skip_dag.py took 0.077 seconds
[2023-04-08 02:57:03,761] {processor.py:153} INFO - Started process (PID=361) to work on /home/airflow/.local/lib/python3.7/site-packages/airflow/example_dags/example_skip_dag.py
[2023-04-08 02:57:03,763] {processor.py:641} INFO - Processing file /home/airflow/.local/lib/python3.7/site-packages/airflow/example_dags/example_skip_dag.py for tasks to queue
[2023-04-08 02:57:03,767] {logging_mixin.py:115} INFO - [2023-04-08 02:57:03,767] {dagbag.py:507} INFO - Filling up the DagBag from /home/airflow/.local/lib/python3.7/site-packages/airflow/example_dags/example_skip_dag.py
[2023-04-08 02:57:03,773] {processor.py:651} INFO - DAG(s) dict_keys(['example_skip_dag']) retrieved from /home/airflow/.local/lib/python3.7/site-packages/airflow/example_dags/example_skip_dag.py
[2023-04-08 02:57:03,797] {logging_mixin.py:115} INFO - [2023-04-08 02:57:03,797] {dag.py:2371} INFO - Sync 1 DAGs
[2023-04-08 02:57:03,816] {logging_mixin.py:115} INFO - [2023-04-08 02:57:03,816] {dag.py:2919} INFO - Setting next_dagrun for example_skip_dag to 2023-04-07T02:57:03.816408+00:00, run_after=2023-04-08T02:57:03.816408+00:00
[2023-04-08 02:57:03,827] {processor.py:161} INFO - Processing /home/airflow/.local/lib/python3.7/site-packages/airflow/example_dags/example_skip_dag.py took 0.069 seconds
[2023-04-08 02:57:34,687] {processor.py:153} INFO - Started process (PID=424) to work on /home/airflow/.local/lib/python3.7/site-packages/airflow/example_dags/example_skip_dag.py
[2023-04-08 02:57:34,690] {processor.py:641} INFO - Processing file /home/airflow/.local/lib/python3.7/site-packages/airflow/example_dags/example_skip_dag.py for tasks to queue
[2023-04-08 02:57:34,691] {logging_mixin.py:115} INFO - [2023-04-08 02:57:34,691] {dagbag.py:507} INFO - Filling up the DagBag from /home/airflow/.local/lib/python3.7/site-packages/airflow/example_dags/example_skip_dag.py
[2023-04-08 02:57:34,697] {processor.py:651} INFO - DAG(s) dict_keys(['example_skip_dag']) retrieved from /home/airflow/.local/lib/python3.7/site-packages/airflow/example_dags/example_skip_dag.py
[2023-04-08 02:57:34,726] {logging_mixin.py:115} INFO - [2023-04-08 02:57:34,726] {dag.py:2371} INFO - Sync 1 DAGs
[2023-04-08 02:57:34,747] {logging_mixin.py:115} INFO - [2023-04-08 02:57:34,746] {dag.py:2919} INFO - Setting next_dagrun for example_skip_dag to 2023-04-07T02:57:34.746669+00:00, run_after=2023-04-08T02:57:34.746669+00:00
[2023-04-08 02:57:34,756] {processor.py:161} INFO - Processing /home/airflow/.local/lib/python3.7/site-packages/airflow/example_dags/example_skip_dag.py took 0.072 seconds
[2023-04-08 02:58:05,493] {processor.py:153} INFO - Started process (PID=487) to work on /home/airflow/.local/lib/python3.7/site-packages/airflow/example_dags/example_skip_dag.py
[2023-04-08 02:58:05,494] {processor.py:641} INFO - Processing file /home/airflow/.local/lib/python3.7/site-packages/airflow/example_dags/example_skip_dag.py for tasks to queue
[2023-04-08 02:58:05,496] {logging_mixin.py:115} INFO - [2023-04-08 02:58:05,496] {dagbag.py:507} INFO - Filling up the DagBag from /home/airflow/.local/lib/python3.7/site-packages/airflow/example_dags/example_skip_dag.py
[2023-04-08 02:58:05,501] {processor.py:651} INFO - DAG(s) dict_keys(['example_skip_dag']) retrieved from /home/airflow/.local/lib/python3.7/site-packages/airflow/example_dags/example_skip_dag.py
[2023-04-08 02:58:05,527] {logging_mixin.py:115} INFO - [2023-04-08 02:58:05,527] {dag.py:2371} INFO - Sync 1 DAGs
[2023-04-08 02:58:05,547] {logging_mixin.py:115} INFO - [2023-04-08 02:58:05,547] {dag.py:2919} INFO - Setting next_dagrun for example_skip_dag to 2023-04-07T02:58:05.547102+00:00, run_after=2023-04-08T02:58:05.547102+00:00
[2023-04-08 02:58:05,558] {processor.py:161} INFO - Processing /home/airflow/.local/lib/python3.7/site-packages/airflow/example_dags/example_skip_dag.py took 0.068 seconds
[2023-04-08 02:58:35,885] {processor.py:153} INFO - Started process (PID=540) to work on /home/airflow/.local/lib/python3.7/site-packages/airflow/example_dags/example_skip_dag.py
[2023-04-08 02:58:35,887] {processor.py:641} INFO - Processing file /home/airflow/.local/lib/python3.7/site-packages/airflow/example_dags/example_skip_dag.py for tasks to queue
[2023-04-08 02:58:35,888] {logging_mixin.py:115} INFO - [2023-04-08 02:58:35,888] {dagbag.py:507} INFO - Filling up the DagBag from /home/airflow/.local/lib/python3.7/site-packages/airflow/example_dags/example_skip_dag.py
[2023-04-08 02:58:35,892] {processor.py:651} INFO - DAG(s) dict_keys(['example_skip_dag']) retrieved from /home/airflow/.local/lib/python3.7/site-packages/airflow/example_dags/example_skip_dag.py
[2023-04-08 02:58:35,915] {logging_mixin.py:115} INFO - [2023-04-08 02:58:35,915] {dag.py:2371} INFO - Sync 1 DAGs
[2023-04-08 02:58:35,931] {logging_mixin.py:115} INFO - [2023-04-08 02:58:35,930] {dag.py:2919} INFO - Setting next_dagrun for example_skip_dag to 2023-04-07T02:58:35.930791+00:00, run_after=2023-04-08T02:58:35.930791+00:00
[2023-04-08 02:58:35,939] {processor.py:161} INFO - Processing /home/airflow/.local/lib/python3.7/site-packages/airflow/example_dags/example_skip_dag.py took 0.057 seconds
[2023-04-08 02:59:06,303] {processor.py:153} INFO - Started process (PID=603) to work on /home/airflow/.local/lib/python3.7/site-packages/airflow/example_dags/example_skip_dag.py
[2023-04-08 02:59:06,312] {processor.py:641} INFO - Processing file /home/airflow/.local/lib/python3.7/site-packages/airflow/example_dags/example_skip_dag.py for tasks to queue
[2023-04-08 02:59:06,314] {logging_mixin.py:115} INFO - [2023-04-08 02:59:06,314] {dagbag.py:507} INFO - Filling up the DagBag from /home/airflow/.local/lib/python3.7/site-packages/airflow/example_dags/example_skip_dag.py
[2023-04-08 02:59:06,320] {processor.py:651} INFO - DAG(s) dict_keys(['example_skip_dag']) retrieved from /home/airflow/.local/lib/python3.7/site-packages/airflow/example_dags/example_skip_dag.py
[2023-04-08 02:59:06,349] {logging_mixin.py:115} INFO - [2023-04-08 02:59:06,349] {dag.py:2371} INFO - Sync 1 DAGs
[2023-04-08 02:59:06,369] {logging_mixin.py:115} INFO - [2023-04-08 02:59:06,369] {dag.py:2919} INFO - Setting next_dagrun for example_skip_dag to 2023-04-07T02:59:06.369003+00:00, run_after=2023-04-08T02:59:06.369003+00:00
[2023-04-08 02:59:06,380] {processor.py:161} INFO - Processing /home/airflow/.local/lib/python3.7/site-packages/airflow/example_dags/example_skip_dag.py took 0.080 seconds
[2023-04-08 02:59:37,201] {processor.py:153} INFO - Started process (PID=667) to work on /home/airflow/.local/lib/python3.7/site-packages/airflow/example_dags/example_skip_dag.py
[2023-04-08 02:59:37,203] {processor.py:641} INFO - Processing file /home/airflow/.local/lib/python3.7/site-packages/airflow/example_dags/example_skip_dag.py for tasks to queue
[2023-04-08 02:59:37,204] {logging_mixin.py:115} INFO - [2023-04-08 02:59:37,204] {dagbag.py:507} INFO - Filling up the DagBag from /home/airflow/.local/lib/python3.7/site-packages/airflow/example_dags/example_skip_dag.py
[2023-04-08 02:59:37,209] {processor.py:651} INFO - DAG(s) dict_keys(['example_skip_dag']) retrieved from /home/airflow/.local/lib/python3.7/site-packages/airflow/example_dags/example_skip_dag.py
[2023-04-08 02:59:37,238] {logging_mixin.py:115} INFO - [2023-04-08 02:59:37,238] {dag.py:2371} INFO - Sync 1 DAGs
[2023-04-08 02:59:37,351] {logging_mixin.py:115} INFO - [2023-04-08 02:59:37,351] {dag.py:2919} INFO - Setting next_dagrun for example_skip_dag to 2023-04-07T02:59:37.351563+00:00, run_after=2023-04-08T02:59:37.351563+00:00
[2023-04-08 02:59:37,362] {processor.py:161} INFO - Processing /home/airflow/.local/lib/python3.7/site-packages/airflow/example_dags/example_skip_dag.py took 0.163 seconds
[2023-04-08 03:00:08,020] {processor.py:153} INFO - Started process (PID=740) to work on /home/airflow/.local/lib/python3.7/site-packages/airflow/example_dags/example_skip_dag.py
[2023-04-08 03:00:08,022] {processor.py:641} INFO - Processing file /home/airflow/.local/lib/python3.7/site-packages/airflow/example_dags/example_skip_dag.py for tasks to queue
[2023-04-08 03:00:08,023] {logging_mixin.py:115} INFO - [2023-04-08 03:00:08,023] {dagbag.py:507} INFO - Filling up the DagBag from /home/airflow/.local/lib/python3.7/site-packages/airflow/example_dags/example_skip_dag.py
[2023-04-08 03:00:08,028] {processor.py:651} INFO - DAG(s) dict_keys(['example_skip_dag']) retrieved from /home/airflow/.local/lib/python3.7/site-packages/airflow/example_dags/example_skip_dag.py
[2023-04-08 03:00:08,052] {logging_mixin.py:115} INFO - [2023-04-08 03:00:08,052] {dag.py:2371} INFO - Sync 1 DAGs
[2023-04-08 03:00:08,164] {logging_mixin.py:115} INFO - [2023-04-08 03:00:08,164] {dag.py:2919} INFO - Setting next_dagrun for example_skip_dag to 2023-04-07T03:00:08.164752+00:00, run_after=2023-04-08T03:00:08.164752+00:00
[2023-04-08 03:00:08,174] {processor.py:161} INFO - Processing /home/airflow/.local/lib/python3.7/site-packages/airflow/example_dags/example_skip_dag.py took 0.156 seconds
[2023-04-08 03:00:38,696] {processor.py:153} INFO - Started process (PID=802) to work on /home/airflow/.local/lib/python3.7/site-packages/airflow/example_dags/example_skip_dag.py
[2023-04-08 03:00:38,700] {processor.py:641} INFO - Processing file /home/airflow/.local/lib/python3.7/site-packages/airflow/example_dags/example_skip_dag.py for tasks to queue
[2023-04-08 03:00:38,702] {logging_mixin.py:115} INFO - [2023-04-08 03:00:38,702] {dagbag.py:507} INFO - Filling up the DagBag from /home/airflow/.local/lib/python3.7/site-packages/airflow/example_dags/example_skip_dag.py
[2023-04-08 03:00:38,707] {processor.py:651} INFO - DAG(s) dict_keys(['example_skip_dag']) retrieved from /home/airflow/.local/lib/python3.7/site-packages/airflow/example_dags/example_skip_dag.py
[2023-04-08 03:00:38,730] {logging_mixin.py:115} INFO - [2023-04-08 03:00:38,730] {dag.py:2371} INFO - Sync 1 DAGs
[2023-04-08 03:00:38,836] {logging_mixin.py:115} INFO - [2023-04-08 03:00:38,836] {dag.py:2919} INFO - Setting next_dagrun for example_skip_dag to 2023-04-07T03:00:38.835920+00:00, run_after=2023-04-08T03:00:38.835920+00:00
[2023-04-08 03:00:38,844] {processor.py:161} INFO - Processing /home/airflow/.local/lib/python3.7/site-packages/airflow/example_dags/example_skip_dag.py took 0.151 seconds
[2023-04-08 03:01:09,226] {processor.py:153} INFO - Started process (PID=866) to work on /home/airflow/.local/lib/python3.7/site-packages/airflow/example_dags/example_skip_dag.py
[2023-04-08 03:01:09,227] {processor.py:641} INFO - Processing file /home/airflow/.local/lib/python3.7/site-packages/airflow/example_dags/example_skip_dag.py for tasks to queue
[2023-04-08 03:01:09,229] {logging_mixin.py:115} INFO - [2023-04-08 03:01:09,229] {dagbag.py:507} INFO - Filling up the DagBag from /home/airflow/.local/lib/python3.7/site-packages/airflow/example_dags/example_skip_dag.py
[2023-04-08 03:01:09,234] {processor.py:651} INFO - DAG(s) dict_keys(['example_skip_dag']) retrieved from /home/airflow/.local/lib/python3.7/site-packages/airflow/example_dags/example_skip_dag.py
[2023-04-08 03:01:09,278] {logging_mixin.py:115} INFO - [2023-04-08 03:01:09,278] {dag.py:2371} INFO - Sync 1 DAGs
[2023-04-08 03:01:09,412] {logging_mixin.py:115} INFO - [2023-04-08 03:01:09,412] {dag.py:2919} INFO - Setting next_dagrun for example_skip_dag to 2023-04-07T03:01:09.412171+00:00, run_after=2023-04-08T03:01:09.412171+00:00
[2023-04-08 03:01:09,422] {processor.py:161} INFO - Processing /home/airflow/.local/lib/python3.7/site-packages/airflow/example_dags/example_skip_dag.py took 0.200 seconds
[2023-04-08 03:01:39,608] {processor.py:153} INFO - Started process (PID=925) to work on /home/airflow/.local/lib/python3.7/site-packages/airflow/example_dags/example_skip_dag.py
[2023-04-08 03:01:39,610] {processor.py:641} INFO - Processing file /home/airflow/.local/lib/python3.7/site-packages/airflow/example_dags/example_skip_dag.py for tasks to queue
[2023-04-08 03:01:39,705] {logging_mixin.py:115} INFO - [2023-04-08 03:01:39,705] {dagbag.py:507} INFO - Filling up the DagBag from /home/airflow/.local/lib/python3.7/site-packages/airflow/example_dags/example_skip_dag.py
[2023-04-08 03:01:39,711] {processor.py:651} INFO - DAG(s) dict_keys(['example_skip_dag']) retrieved from /home/airflow/.local/lib/python3.7/site-packages/airflow/example_dags/example_skip_dag.py
[2023-04-08 03:01:39,739] {logging_mixin.py:115} INFO - [2023-04-08 03:01:39,739] {dag.py:2371} INFO - Sync 1 DAGs
[2023-04-08 03:01:39,850] {logging_mixin.py:115} INFO - [2023-04-08 03:01:39,850] {dag.py:2919} INFO - Setting next_dagrun for example_skip_dag to 2023-04-07T03:01:39.850741+00:00, run_after=2023-04-08T03:01:39.850741+00:00
[2023-04-08 03:01:39,860] {processor.py:161} INFO - Processing /home/airflow/.local/lib/python3.7/site-packages/airflow/example_dags/example_skip_dag.py took 0.255 seconds
[2023-04-08 03:02:09,987] {processor.py:153} INFO - Started process (PID=988) to work on /home/airflow/.local/lib/python3.7/site-packages/airflow/example_dags/example_skip_dag.py
[2023-04-08 03:02:09,989] {processor.py:641} INFO - Processing file /home/airflow/.local/lib/python3.7/site-packages/airflow/example_dags/example_skip_dag.py for tasks to queue
[2023-04-08 03:02:09,990] {logging_mixin.py:115} INFO - [2023-04-08 03:02:09,990] {dagbag.py:507} INFO - Filling up the DagBag from /home/airflow/.local/lib/python3.7/site-packages/airflow/example_dags/example_skip_dag.py
[2023-04-08 03:02:10,104] {processor.py:651} INFO - DAG(s) dict_keys(['example_skip_dag']) retrieved from /home/airflow/.local/lib/python3.7/site-packages/airflow/example_dags/example_skip_dag.py
[2023-04-08 03:02:10,132] {logging_mixin.py:115} INFO - [2023-04-08 03:02:10,132] {dag.py:2371} INFO - Sync 1 DAGs
[2023-04-08 03:02:10,249] {logging_mixin.py:115} INFO - [2023-04-08 03:02:10,249] {dag.py:2919} INFO - Setting next_dagrun for example_skip_dag to 2023-04-07T03:02:10.248915+00:00, run_after=2023-04-08T03:02:10.248915+00:00
[2023-04-08 03:02:10,261] {processor.py:161} INFO - Processing /home/airflow/.local/lib/python3.7/site-packages/airflow/example_dags/example_skip_dag.py took 0.277 seconds
[2023-04-08 03:02:40,452] {processor.py:153} INFO - Started process (PID=1051) to work on /home/airflow/.local/lib/python3.7/site-packages/airflow/example_dags/example_skip_dag.py
[2023-04-08 03:02:40,454] {processor.py:641} INFO - Processing file /home/airflow/.local/lib/python3.7/site-packages/airflow/example_dags/example_skip_dag.py for tasks to queue
[2023-04-08 03:02:40,456] {logging_mixin.py:115} INFO - [2023-04-08 03:02:40,455] {dagbag.py:507} INFO - Filling up the DagBag from /home/airflow/.local/lib/python3.7/site-packages/airflow/example_dags/example_skip_dag.py
[2023-04-08 03:02:40,462] {processor.py:651} INFO - DAG(s) dict_keys(['example_skip_dag']) retrieved from /home/airflow/.local/lib/python3.7/site-packages/airflow/example_dags/example_skip_dag.py
[2023-04-08 03:02:40,491] {logging_mixin.py:115} INFO - [2023-04-08 03:02:40,491] {dag.py:2371} INFO - Sync 1 DAGs
[2023-04-08 03:02:40,608] {logging_mixin.py:115} INFO - [2023-04-08 03:02:40,608] {dag.py:2919} INFO - Setting next_dagrun for example_skip_dag to 2023-04-07T03:02:40.607904+00:00, run_after=2023-04-08T03:02:40.607904+00:00
[2023-04-08 03:02:40,617] {processor.py:161} INFO - Processing /home/airflow/.local/lib/python3.7/site-packages/airflow/example_dags/example_skip_dag.py took 0.168 seconds
[2023-04-08 03:03:10,820] {processor.py:153} INFO - Started process (PID=1113) to work on /home/airflow/.local/lib/python3.7/site-packages/airflow/example_dags/example_skip_dag.py
[2023-04-08 03:03:10,822] {processor.py:641} INFO - Processing file /home/airflow/.local/lib/python3.7/site-packages/airflow/example_dags/example_skip_dag.py for tasks to queue
[2023-04-08 03:03:10,823] {logging_mixin.py:115} INFO - [2023-04-08 03:03:10,823] {dagbag.py:507} INFO - Filling up the DagBag from /home/airflow/.local/lib/python3.7/site-packages/airflow/example_dags/example_skip_dag.py
[2023-04-08 03:03:10,829] {processor.py:651} INFO - DAG(s) dict_keys(['example_skip_dag']) retrieved from /home/airflow/.local/lib/python3.7/site-packages/airflow/example_dags/example_skip_dag.py
[2023-04-08 03:03:10,854] {logging_mixin.py:115} INFO - [2023-04-08 03:03:10,854] {dag.py:2371} INFO - Sync 1 DAGs
[2023-04-08 03:03:10,970] {logging_mixin.py:115} INFO - [2023-04-08 03:03:10,970] {dag.py:2919} INFO - Setting next_dagrun for example_skip_dag to 2023-04-07T03:03:10.970626+00:00, run_after=2023-04-08T03:03:10.970626+00:00
[2023-04-08 03:03:10,980] {processor.py:161} INFO - Processing /home/airflow/.local/lib/python3.7/site-packages/airflow/example_dags/example_skip_dag.py took 0.163 seconds
[2023-04-08 03:03:41,290] {processor.py:153} INFO - Started process (PID=1177) to work on /home/airflow/.local/lib/python3.7/site-packages/airflow/example_dags/example_skip_dag.py
[2023-04-08 03:03:41,291] {processor.py:641} INFO - Processing file /home/airflow/.local/lib/python3.7/site-packages/airflow/example_dags/example_skip_dag.py for tasks to queue
[2023-04-08 03:03:41,293] {logging_mixin.py:115} INFO - [2023-04-08 03:03:41,293] {dagbag.py:507} INFO - Filling up the DagBag from /home/airflow/.local/lib/python3.7/site-packages/airflow/example_dags/example_skip_dag.py
[2023-04-08 03:03:41,298] {processor.py:651} INFO - DAG(s) dict_keys(['example_skip_dag']) retrieved from /home/airflow/.local/lib/python3.7/site-packages/airflow/example_dags/example_skip_dag.py
[2023-04-08 03:03:41,321] {logging_mixin.py:115} INFO - [2023-04-08 03:03:41,321] {dag.py:2371} INFO - Sync 1 DAGs
[2023-04-08 03:03:41,439] {logging_mixin.py:115} INFO - [2023-04-08 03:03:41,438] {dag.py:2919} INFO - Setting next_dagrun for example_skip_dag to 2023-04-07T03:03:41.438782+00:00, run_after=2023-04-08T03:03:41.438782+00:00
[2023-04-08 03:03:41,447] {processor.py:161} INFO - Processing /home/airflow/.local/lib/python3.7/site-packages/airflow/example_dags/example_skip_dag.py took 0.160 seconds
[2023-04-08 03:04:11,684] {processor.py:153} INFO - Started process (PID=1231) to work on /home/airflow/.local/lib/python3.7/site-packages/airflow/example_dags/example_skip_dag.py
[2023-04-08 03:04:11,687] {processor.py:641} INFO - Processing file /home/airflow/.local/lib/python3.7/site-packages/airflow/example_dags/example_skip_dag.py for tasks to queue
[2023-04-08 03:04:11,688] {logging_mixin.py:115} INFO - [2023-04-08 03:04:11,688] {dagbag.py:507} INFO - Filling up the DagBag from /home/airflow/.local/lib/python3.7/site-packages/airflow/example_dags/example_skip_dag.py
[2023-04-08 03:04:11,699] {processor.py:651} INFO - DAG(s) dict_keys(['example_skip_dag']) retrieved from /home/airflow/.local/lib/python3.7/site-packages/airflow/example_dags/example_skip_dag.py
[2023-04-08 03:04:11,726] {logging_mixin.py:115} INFO - [2023-04-08 03:04:11,726] {dag.py:2371} INFO - Sync 1 DAGs
[2023-04-08 03:04:11,850] {logging_mixin.py:115} INFO - [2023-04-08 03:04:11,850] {dag.py:2919} INFO - Setting next_dagrun for example_skip_dag to 2023-04-07T03:04:11.850060+00:00, run_after=2023-04-08T03:04:11.850060+00:00
[2023-04-08 03:04:11,861] {processor.py:161} INFO - Processing /home/airflow/.local/lib/python3.7/site-packages/airflow/example_dags/example_skip_dag.py took 0.180 seconds
[2023-04-08 03:04:42,160] {processor.py:153} INFO - Started process (PID=1294) to work on /home/airflow/.local/lib/python3.7/site-packages/airflow/example_dags/example_skip_dag.py
[2023-04-08 03:04:42,162] {processor.py:641} INFO - Processing file /home/airflow/.local/lib/python3.7/site-packages/airflow/example_dags/example_skip_dag.py for tasks to queue
[2023-04-08 03:04:42,168] {logging_mixin.py:115} INFO - [2023-04-08 03:04:42,168] {dagbag.py:507} INFO - Filling up the DagBag from /home/airflow/.local/lib/python3.7/site-packages/airflow/example_dags/example_skip_dag.py
[2023-04-08 03:04:42,173] {processor.py:651} INFO - DAG(s) dict_keys(['example_skip_dag']) retrieved from /home/airflow/.local/lib/python3.7/site-packages/airflow/example_dags/example_skip_dag.py
[2023-04-08 03:04:42,198] {logging_mixin.py:115} INFO - [2023-04-08 03:04:42,198] {dag.py:2371} INFO - Sync 1 DAGs
[2023-04-08 03:04:42,298] {logging_mixin.py:115} INFO - [2023-04-08 03:04:42,298] {dag.py:2919} INFO - Setting next_dagrun for example_skip_dag to 2023-04-07T03:04:42.297912+00:00, run_after=2023-04-08T03:04:42.297912+00:00
[2023-04-08 03:04:42,306] {processor.py:161} INFO - Processing /home/airflow/.local/lib/python3.7/site-packages/airflow/example_dags/example_skip_dag.py took 0.149 seconds
[2023-04-08 03:05:12,676] {processor.py:153} INFO - Started process (PID=1356) to work on /home/airflow/.local/lib/python3.7/site-packages/airflow/example_dags/example_skip_dag.py
[2023-04-08 03:05:12,677] {processor.py:641} INFO - Processing file /home/airflow/.local/lib/python3.7/site-packages/airflow/example_dags/example_skip_dag.py for tasks to queue
[2023-04-08 03:05:12,678] {logging_mixin.py:115} INFO - [2023-04-08 03:05:12,678] {dagbag.py:507} INFO - Filling up the DagBag from /home/airflow/.local/lib/python3.7/site-packages/airflow/example_dags/example_skip_dag.py
[2023-04-08 03:05:12,683] {processor.py:651} INFO - DAG(s) dict_keys(['example_skip_dag']) retrieved from /home/airflow/.local/lib/python3.7/site-packages/airflow/example_dags/example_skip_dag.py
[2023-04-08 03:05:12,714] {logging_mixin.py:115} INFO - [2023-04-08 03:05:12,714] {dag.py:2371} INFO - Sync 1 DAGs
[2023-04-08 03:05:12,823] {logging_mixin.py:115} INFO - [2023-04-08 03:05:12,823] {dag.py:2919} INFO - Setting next_dagrun for example_skip_dag to 2023-04-07T03:05:12.823521+00:00, run_after=2023-04-08T03:05:12.823521+00:00
[2023-04-08 03:05:12,833] {processor.py:161} INFO - Processing /home/airflow/.local/lib/python3.7/site-packages/airflow/example_dags/example_skip_dag.py took 0.160 seconds
[2023-04-08 03:05:43,499] {processor.py:153} INFO - Started process (PID=1419) to work on /home/airflow/.local/lib/python3.7/site-packages/airflow/example_dags/example_skip_dag.py
[2023-04-08 03:05:43,501] {processor.py:641} INFO - Processing file /home/airflow/.local/lib/python3.7/site-packages/airflow/example_dags/example_skip_dag.py for tasks to queue
[2023-04-08 03:05:43,502] {logging_mixin.py:115} INFO - [2023-04-08 03:05:43,502] {dagbag.py:507} INFO - Filling up the DagBag from /home/airflow/.local/lib/python3.7/site-packages/airflow/example_dags/example_skip_dag.py
[2023-04-08 03:05:43,507] {processor.py:651} INFO - DAG(s) dict_keys(['example_skip_dag']) retrieved from /home/airflow/.local/lib/python3.7/site-packages/airflow/example_dags/example_skip_dag.py
[2023-04-08 03:05:43,532] {logging_mixin.py:115} INFO - [2023-04-08 03:05:43,532] {dag.py:2371} INFO - Sync 1 DAGs
[2023-04-08 03:05:43,638] {logging_mixin.py:115} INFO - [2023-04-08 03:05:43,637] {dag.py:2919} INFO - Setting next_dagrun for example_skip_dag to 2023-04-07T03:05:43.637818+00:00, run_after=2023-04-08T03:05:43.637818+00:00
[2023-04-08 03:05:43,646] {processor.py:161} INFO - Processing /home/airflow/.local/lib/python3.7/site-packages/airflow/example_dags/example_skip_dag.py took 0.150 seconds
[2023-04-08 03:06:13,980] {processor.py:153} INFO - Started process (PID=1482) to work on /home/airflow/.local/lib/python3.7/site-packages/airflow/example_dags/example_skip_dag.py
[2023-04-08 03:06:13,982] {processor.py:641} INFO - Processing file /home/airflow/.local/lib/python3.7/site-packages/airflow/example_dags/example_skip_dag.py for tasks to queue
[2023-04-08 03:06:13,983] {logging_mixin.py:115} INFO - [2023-04-08 03:06:13,983] {dagbag.py:507} INFO - Filling up the DagBag from /home/airflow/.local/lib/python3.7/site-packages/airflow/example_dags/example_skip_dag.py
[2023-04-08 03:06:13,989] {processor.py:651} INFO - DAG(s) dict_keys(['example_skip_dag']) retrieved from /home/airflow/.local/lib/python3.7/site-packages/airflow/example_dags/example_skip_dag.py
[2023-04-08 03:06:14,018] {logging_mixin.py:115} INFO - [2023-04-08 03:06:14,017] {dag.py:2371} INFO - Sync 1 DAGs
[2023-04-08 03:06:14,140] {logging_mixin.py:115} INFO - [2023-04-08 03:06:14,140] {dag.py:2919} INFO - Setting next_dagrun for example_skip_dag to 2023-04-07T03:06:14.140751+00:00, run_after=2023-04-08T03:06:14.140751+00:00
[2023-04-08 03:06:14,151] {processor.py:161} INFO - Processing /home/airflow/.local/lib/python3.7/site-packages/airflow/example_dags/example_skip_dag.py took 0.173 seconds
