[2023-04-08 02:54:32,399] {processor.py:153} INFO - Started process (PID=61) to work on /home/airflow/.local/lib/python3.7/site-packages/airflow/example_dags/example_branch_day_of_week_operator.py
[2023-04-08 02:54:32,408] {processor.py:641} INFO - Processing file /home/airflow/.local/lib/python3.7/site-packages/airflow/example_dags/example_branch_day_of_week_operator.py for tasks to queue
[2023-04-08 02:54:32,520] {logging_mixin.py:115} INFO - [2023-04-08 02:54:32,520] {dagbag.py:507} INFO - Filling up the DagBag from /home/airflow/.local/lib/python3.7/site-packages/airflow/example_dags/example_branch_day_of_week_operator.py
[2023-04-08 02:54:32,536] {processor.py:651} INFO - DAG(s) dict_keys(['example_weekday_branch_operator']) retrieved from /home/airflow/.local/lib/python3.7/site-packages/airflow/example_dags/example_branch_day_of_week_operator.py
[2023-04-08 02:54:32,712] {logging_mixin.py:115} INFO - [2023-04-08 02:54:32,712] {manager.py:508} INFO - Created Permission View: can delete on DAG:example_weekday_branch_operator
[2023-04-08 02:54:32,729] {logging_mixin.py:115} INFO - [2023-04-08 02:54:32,729] {manager.py:508} INFO - Created Permission View: can edit on DAG:example_weekday_branch_operator
[2023-04-08 02:54:32,745] {logging_mixin.py:115} INFO - [2023-04-08 02:54:32,745] {manager.py:508} INFO - Created Permission View: can read on DAG:example_weekday_branch_operator
[2023-04-08 02:54:32,848] {logging_mixin.py:115} INFO - [2023-04-08 02:54:32,848] {dag.py:2371} INFO - Sync 1 DAGs
[2023-04-08 02:54:32,862] {logging_mixin.py:115} INFO - [2023-04-08 02:54:32,862] {dag.py:2390} INFO - Creating ORM DAG for example_weekday_branch_operator
[2023-04-08 02:54:32,881] {logging_mixin.py:115} INFO - [2023-04-08 02:54:32,881] {dag.py:2919} INFO - Setting next_dagrun for example_weekday_branch_operator to 2023-04-07T00:00:00+00:00, run_after=2023-04-08T00:00:00+00:00
[2023-04-08 02:54:32,907] {processor.py:161} INFO - Processing /home/airflow/.local/lib/python3.7/site-packages/airflow/example_dags/example_branch_day_of_week_operator.py took 0.511 seconds
[2023-04-08 02:55:03,344] {processor.py:153} INFO - Started process (PID=124) to work on /home/airflow/.local/lib/python3.7/site-packages/airflow/example_dags/example_branch_day_of_week_operator.py
[2023-04-08 02:55:03,352] {processor.py:641} INFO - Processing file /home/airflow/.local/lib/python3.7/site-packages/airflow/example_dags/example_branch_day_of_week_operator.py for tasks to queue
[2023-04-08 02:55:03,353] {logging_mixin.py:115} INFO - [2023-04-08 02:55:03,353] {dagbag.py:507} INFO - Filling up the DagBag from /home/airflow/.local/lib/python3.7/site-packages/airflow/example_dags/example_branch_day_of_week_operator.py
[2023-04-08 02:55:03,363] {processor.py:651} INFO - DAG(s) dict_keys(['example_weekday_branch_operator']) retrieved from /home/airflow/.local/lib/python3.7/site-packages/airflow/example_dags/example_branch_day_of_week_operator.py
[2023-04-08 02:55:03,393] {logging_mixin.py:115} INFO - [2023-04-08 02:55:03,393] {dag.py:2371} INFO - Sync 1 DAGs
[2023-04-08 02:55:03,413] {logging_mixin.py:115} INFO - [2023-04-08 02:55:03,413] {dag.py:2919} INFO - Setting next_dagrun for example_weekday_branch_operator to 2023-04-07T00:00:00+00:00, run_after=2023-04-08T00:00:00+00:00
[2023-04-08 02:55:03,554] {processor.py:161} INFO - Processing /home/airflow/.local/lib/python3.7/site-packages/airflow/example_dags/example_branch_day_of_week_operator.py took 0.215 seconds
[2023-04-08 02:55:33,685] {processor.py:153} INFO - Started process (PID=189) to work on /home/airflow/.local/lib/python3.7/site-packages/airflow/example_dags/example_branch_day_of_week_operator.py
[2023-04-08 02:55:33,686] {processor.py:641} INFO - Processing file /home/airflow/.local/lib/python3.7/site-packages/airflow/example_dags/example_branch_day_of_week_operator.py for tasks to queue
[2023-04-08 02:55:33,693] {logging_mixin.py:115} INFO - [2023-04-08 02:55:33,693] {dagbag.py:507} INFO - Filling up the DagBag from /home/airflow/.local/lib/python3.7/site-packages/airflow/example_dags/example_branch_day_of_week_operator.py
[2023-04-08 02:55:33,701] {processor.py:651} INFO - DAG(s) dict_keys(['example_weekday_branch_operator']) retrieved from /home/airflow/.local/lib/python3.7/site-packages/airflow/example_dags/example_branch_day_of_week_operator.py
[2023-04-08 02:55:33,727] {logging_mixin.py:115} INFO - [2023-04-08 02:55:33,727] {dag.py:2371} INFO - Sync 1 DAGs
[2023-04-08 02:55:33,747] {logging_mixin.py:115} INFO - [2023-04-08 02:55:33,747] {dag.py:2919} INFO - Setting next_dagrun for example_weekday_branch_operator to 2023-04-07T00:00:00+00:00, run_after=2023-04-08T00:00:00+00:00
[2023-04-08 02:55:33,859] {processor.py:161} INFO - Processing /home/airflow/.local/lib/python3.7/site-packages/airflow/example_dags/example_branch_day_of_week_operator.py took 0.177 seconds
[2023-04-08 02:56:04,119] {processor.py:153} INFO - Started process (PID=243) to work on /home/airflow/.local/lib/python3.7/site-packages/airflow/example_dags/example_branch_day_of_week_operator.py
[2023-04-08 02:56:04,121] {processor.py:641} INFO - Processing file /home/airflow/.local/lib/python3.7/site-packages/airflow/example_dags/example_branch_day_of_week_operator.py for tasks to queue
[2023-04-08 02:56:04,122] {logging_mixin.py:115} INFO - [2023-04-08 02:56:04,122] {dagbag.py:507} INFO - Filling up the DagBag from /home/airflow/.local/lib/python3.7/site-packages/airflow/example_dags/example_branch_day_of_week_operator.py
[2023-04-08 02:56:04,131] {processor.py:651} INFO - DAG(s) dict_keys(['example_weekday_branch_operator']) retrieved from /home/airflow/.local/lib/python3.7/site-packages/airflow/example_dags/example_branch_day_of_week_operator.py
[2023-04-08 02:56:04,158] {logging_mixin.py:115} INFO - [2023-04-08 02:56:04,158] {dag.py:2371} INFO - Sync 1 DAGs
[2023-04-08 02:56:04,179] {logging_mixin.py:115} INFO - [2023-04-08 02:56:04,179] {dag.py:2919} INFO - Setting next_dagrun for example_weekday_branch_operator to 2023-04-07T00:00:00+00:00, run_after=2023-04-08T00:00:00+00:00
[2023-04-08 02:56:04,297] {processor.py:161} INFO - Processing /home/airflow/.local/lib/python3.7/site-packages/airflow/example_dags/example_branch_day_of_week_operator.py took 0.180 seconds
[2023-04-08 02:56:34,552] {processor.py:153} INFO - Started process (PID=306) to work on /home/airflow/.local/lib/python3.7/site-packages/airflow/example_dags/example_branch_day_of_week_operator.py
[2023-04-08 02:56:34,554] {processor.py:641} INFO - Processing file /home/airflow/.local/lib/python3.7/site-packages/airflow/example_dags/example_branch_day_of_week_operator.py for tasks to queue
[2023-04-08 02:56:34,562] {logging_mixin.py:115} INFO - [2023-04-08 02:56:34,562] {dagbag.py:507} INFO - Filling up the DagBag from /home/airflow/.local/lib/python3.7/site-packages/airflow/example_dags/example_branch_day_of_week_operator.py
[2023-04-08 02:56:34,574] {processor.py:651} INFO - DAG(s) dict_keys(['example_weekday_branch_operator']) retrieved from /home/airflow/.local/lib/python3.7/site-packages/airflow/example_dags/example_branch_day_of_week_operator.py
[2023-04-08 02:56:34,605] {logging_mixin.py:115} INFO - [2023-04-08 02:56:34,605] {dag.py:2371} INFO - Sync 1 DAGs
[2023-04-08 02:56:34,622] {logging_mixin.py:115} INFO - [2023-04-08 02:56:34,622] {dag.py:2919} INFO - Setting next_dagrun for example_weekday_branch_operator to 2023-04-07T00:00:00+00:00, run_after=2023-04-08T00:00:00+00:00
[2023-04-08 02:56:34,734] {processor.py:161} INFO - Processing /home/airflow/.local/lib/python3.7/site-packages/airflow/example_dags/example_branch_day_of_week_operator.py took 0.186 seconds
[2023-04-08 02:57:05,584] {processor.py:153} INFO - Started process (PID=368) to work on /home/airflow/.local/lib/python3.7/site-packages/airflow/example_dags/example_branch_day_of_week_operator.py
[2023-04-08 02:57:05,586] {processor.py:641} INFO - Processing file /home/airflow/.local/lib/python3.7/site-packages/airflow/example_dags/example_branch_day_of_week_operator.py for tasks to queue
[2023-04-08 02:57:05,588] {logging_mixin.py:115} INFO - [2023-04-08 02:57:05,588] {dagbag.py:507} INFO - Filling up the DagBag from /home/airflow/.local/lib/python3.7/site-packages/airflow/example_dags/example_branch_day_of_week_operator.py
[2023-04-08 02:57:05,596] {processor.py:651} INFO - DAG(s) dict_keys(['example_weekday_branch_operator']) retrieved from /home/airflow/.local/lib/python3.7/site-packages/airflow/example_dags/example_branch_day_of_week_operator.py
[2023-04-08 02:57:05,621] {logging_mixin.py:115} INFO - [2023-04-08 02:57:05,620] {dag.py:2371} INFO - Sync 1 DAGs
[2023-04-08 02:57:05,642] {logging_mixin.py:115} INFO - [2023-04-08 02:57:05,642] {dag.py:2919} INFO - Setting next_dagrun for example_weekday_branch_operator to 2023-04-07T00:00:00+00:00, run_after=2023-04-08T00:00:00+00:00
[2023-04-08 02:57:05,737] {processor.py:161} INFO - Processing /home/airflow/.local/lib/python3.7/site-packages/airflow/example_dags/example_branch_day_of_week_operator.py took 0.156 seconds
[2023-04-08 02:57:36,427] {processor.py:153} INFO - Started process (PID=431) to work on /home/airflow/.local/lib/python3.7/site-packages/airflow/example_dags/example_branch_day_of_week_operator.py
[2023-04-08 02:57:36,430] {processor.py:641} INFO - Processing file /home/airflow/.local/lib/python3.7/site-packages/airflow/example_dags/example_branch_day_of_week_operator.py for tasks to queue
[2023-04-08 02:57:36,432] {logging_mixin.py:115} INFO - [2023-04-08 02:57:36,432] {dagbag.py:507} INFO - Filling up the DagBag from /home/airflow/.local/lib/python3.7/site-packages/airflow/example_dags/example_branch_day_of_week_operator.py
[2023-04-08 02:57:36,441] {processor.py:651} INFO - DAG(s) dict_keys(['example_weekday_branch_operator']) retrieved from /home/airflow/.local/lib/python3.7/site-packages/airflow/example_dags/example_branch_day_of_week_operator.py
[2023-04-08 02:57:36,473] {logging_mixin.py:115} INFO - [2023-04-08 02:57:36,473] {dag.py:2371} INFO - Sync 1 DAGs
[2023-04-08 02:57:36,493] {logging_mixin.py:115} INFO - [2023-04-08 02:57:36,493] {dag.py:2919} INFO - Setting next_dagrun for example_weekday_branch_operator to 2023-04-07T00:00:00+00:00, run_after=2023-04-08T00:00:00+00:00
[2023-04-08 02:57:36,610] {processor.py:161} INFO - Processing /home/airflow/.local/lib/python3.7/site-packages/airflow/example_dags/example_branch_day_of_week_operator.py took 0.187 seconds
[2023-04-08 02:58:07,158] {processor.py:153} INFO - Started process (PID=494) to work on /home/airflow/.local/lib/python3.7/site-packages/airflow/example_dags/example_branch_day_of_week_operator.py
[2023-04-08 02:58:07,159] {processor.py:641} INFO - Processing file /home/airflow/.local/lib/python3.7/site-packages/airflow/example_dags/example_branch_day_of_week_operator.py for tasks to queue
[2023-04-08 02:58:07,160] {logging_mixin.py:115} INFO - [2023-04-08 02:58:07,160] {dagbag.py:507} INFO - Filling up the DagBag from /home/airflow/.local/lib/python3.7/site-packages/airflow/example_dags/example_branch_day_of_week_operator.py
[2023-04-08 02:58:07,168] {processor.py:651} INFO - DAG(s) dict_keys(['example_weekday_branch_operator']) retrieved from /home/airflow/.local/lib/python3.7/site-packages/airflow/example_dags/example_branch_day_of_week_operator.py
[2023-04-08 02:58:07,193] {logging_mixin.py:115} INFO - [2023-04-08 02:58:07,193] {dag.py:2371} INFO - Sync 1 DAGs
[2023-04-08 02:58:07,210] {logging_mixin.py:115} INFO - [2023-04-08 02:58:07,210] {dag.py:2919} INFO - Setting next_dagrun for example_weekday_branch_operator to 2023-04-07T00:00:00+00:00, run_after=2023-04-08T00:00:00+00:00
[2023-04-08 02:58:07,310] {processor.py:161} INFO - Processing /home/airflow/.local/lib/python3.7/site-packages/airflow/example_dags/example_branch_day_of_week_operator.py took 0.155 seconds
[2023-04-08 02:58:37,637] {processor.py:153} INFO - Started process (PID=558) to work on /home/airflow/.local/lib/python3.7/site-packages/airflow/example_dags/example_branch_day_of_week_operator.py
[2023-04-08 02:58:37,639] {processor.py:641} INFO - Processing file /home/airflow/.local/lib/python3.7/site-packages/airflow/example_dags/example_branch_day_of_week_operator.py for tasks to queue
[2023-04-08 02:58:37,646] {logging_mixin.py:115} INFO - [2023-04-08 02:58:37,646] {dagbag.py:507} INFO - Filling up the DagBag from /home/airflow/.local/lib/python3.7/site-packages/airflow/example_dags/example_branch_day_of_week_operator.py
[2023-04-08 02:58:37,654] {processor.py:651} INFO - DAG(s) dict_keys(['example_weekday_branch_operator']) retrieved from /home/airflow/.local/lib/python3.7/site-packages/airflow/example_dags/example_branch_day_of_week_operator.py
[2023-04-08 02:58:37,680] {logging_mixin.py:115} INFO - [2023-04-08 02:58:37,680] {dag.py:2371} INFO - Sync 1 DAGs
[2023-04-08 02:58:37,698] {logging_mixin.py:115} INFO - [2023-04-08 02:58:37,698] {dag.py:2919} INFO - Setting next_dagrun for example_weekday_branch_operator to 2023-04-07T00:00:00+00:00, run_after=2023-04-08T00:00:00+00:00
[2023-04-08 02:58:37,802] {processor.py:161} INFO - Processing /home/airflow/.local/lib/python3.7/site-packages/airflow/example_dags/example_branch_day_of_week_operator.py took 0.169 seconds
[2023-04-08 02:59:08,034] {processor.py:153} INFO - Started process (PID=612) to work on /home/airflow/.local/lib/python3.7/site-packages/airflow/example_dags/example_branch_day_of_week_operator.py
[2023-04-08 02:59:08,035] {processor.py:641} INFO - Processing file /home/airflow/.local/lib/python3.7/site-packages/airflow/example_dags/example_branch_day_of_week_operator.py for tasks to queue
[2023-04-08 02:59:08,036] {logging_mixin.py:115} INFO - [2023-04-08 02:59:08,036] {dagbag.py:507} INFO - Filling up the DagBag from /home/airflow/.local/lib/python3.7/site-packages/airflow/example_dags/example_branch_day_of_week_operator.py
[2023-04-08 02:59:08,043] {processor.py:651} INFO - DAG(s) dict_keys(['example_weekday_branch_operator']) retrieved from /home/airflow/.local/lib/python3.7/site-packages/airflow/example_dags/example_branch_day_of_week_operator.py
[2023-04-08 02:59:08,067] {logging_mixin.py:115} INFO - [2023-04-08 02:59:08,067] {dag.py:2371} INFO - Sync 1 DAGs
[2023-04-08 02:59:08,085] {logging_mixin.py:115} INFO - [2023-04-08 02:59:08,085] {dag.py:2919} INFO - Setting next_dagrun for example_weekday_branch_operator to 2023-04-07T00:00:00+00:00, run_after=2023-04-08T00:00:00+00:00
[2023-04-08 02:59:08,193] {processor.py:161} INFO - Processing /home/airflow/.local/lib/python3.7/site-packages/airflow/example_dags/example_branch_day_of_week_operator.py took 0.162 seconds
[2023-04-08 02:59:39,078] {processor.py:153} INFO - Started process (PID=674) to work on /home/airflow/.local/lib/python3.7/site-packages/airflow/example_dags/example_branch_day_of_week_operator.py
[2023-04-08 02:59:39,080] {processor.py:641} INFO - Processing file /home/airflow/.local/lib/python3.7/site-packages/airflow/example_dags/example_branch_day_of_week_operator.py for tasks to queue
[2023-04-08 02:59:39,081] {logging_mixin.py:115} INFO - [2023-04-08 02:59:39,081] {dagbag.py:507} INFO - Filling up the DagBag from /home/airflow/.local/lib/python3.7/site-packages/airflow/example_dags/example_branch_day_of_week_operator.py
[2023-04-08 02:59:39,087] {processor.py:651} INFO - DAG(s) dict_keys(['example_weekday_branch_operator']) retrieved from /home/airflow/.local/lib/python3.7/site-packages/airflow/example_dags/example_branch_day_of_week_operator.py
[2023-04-08 02:59:39,111] {logging_mixin.py:115} INFO - [2023-04-08 02:59:39,110] {dag.py:2371} INFO - Sync 1 DAGs
[2023-04-08 02:59:39,218] {logging_mixin.py:115} INFO - [2023-04-08 02:59:39,218] {dag.py:2919} INFO - Setting next_dagrun for example_weekday_branch_operator to 2023-04-07T00:00:00+00:00, run_after=2023-04-08T00:00:00+00:00
[2023-04-08 02:59:39,231] {processor.py:161} INFO - Processing /home/airflow/.local/lib/python3.7/site-packages/airflow/example_dags/example_branch_day_of_week_operator.py took 0.155 seconds
[2023-04-08 03:00:10,124] {processor.py:153} INFO - Started process (PID=747) to work on /home/airflow/.local/lib/python3.7/site-packages/airflow/example_dags/example_branch_day_of_week_operator.py
[2023-04-08 03:00:10,126] {processor.py:641} INFO - Processing file /home/airflow/.local/lib/python3.7/site-packages/airflow/example_dags/example_branch_day_of_week_operator.py for tasks to queue
[2023-04-08 03:00:10,128] {logging_mixin.py:115} INFO - [2023-04-08 03:00:10,128] {dagbag.py:507} INFO - Filling up the DagBag from /home/airflow/.local/lib/python3.7/site-packages/airflow/example_dags/example_branch_day_of_week_operator.py
[2023-04-08 03:00:10,135] {processor.py:651} INFO - DAG(s) dict_keys(['example_weekday_branch_operator']) retrieved from /home/airflow/.local/lib/python3.7/site-packages/airflow/example_dags/example_branch_day_of_week_operator.py
[2023-04-08 03:00:10,167] {logging_mixin.py:115} INFO - [2023-04-08 03:00:10,167] {dag.py:2371} INFO - Sync 1 DAGs
[2023-04-08 03:00:10,276] {logging_mixin.py:115} INFO - [2023-04-08 03:00:10,276] {dag.py:2919} INFO - Setting next_dagrun for example_weekday_branch_operator to 2023-04-07T00:00:00+00:00, run_after=2023-04-08T00:00:00+00:00
[2023-04-08 03:00:10,288] {processor.py:161} INFO - Processing /home/airflow/.local/lib/python3.7/site-packages/airflow/example_dags/example_branch_day_of_week_operator.py took 0.166 seconds
[2023-04-08 03:00:40,517] {processor.py:153} INFO - Started process (PID=809) to work on /home/airflow/.local/lib/python3.7/site-packages/airflow/example_dags/example_branch_day_of_week_operator.py
[2023-04-08 03:00:40,519] {processor.py:641} INFO - Processing file /home/airflow/.local/lib/python3.7/site-packages/airflow/example_dags/example_branch_day_of_week_operator.py for tasks to queue
[2023-04-08 03:00:40,520] {logging_mixin.py:115} INFO - [2023-04-08 03:00:40,520] {dagbag.py:507} INFO - Filling up the DagBag from /home/airflow/.local/lib/python3.7/site-packages/airflow/example_dags/example_branch_day_of_week_operator.py
[2023-04-08 03:00:40,528] {processor.py:651} INFO - DAG(s) dict_keys(['example_weekday_branch_operator']) retrieved from /home/airflow/.local/lib/python3.7/site-packages/airflow/example_dags/example_branch_day_of_week_operator.py
[2023-04-08 03:00:40,553] {logging_mixin.py:115} INFO - [2023-04-08 03:00:40,553] {dag.py:2371} INFO - Sync 1 DAGs
[2023-04-08 03:00:40,656] {logging_mixin.py:115} INFO - [2023-04-08 03:00:40,655] {dag.py:2919} INFO - Setting next_dagrun for example_weekday_branch_operator to 2023-04-07T00:00:00+00:00, run_after=2023-04-08T00:00:00+00:00
[2023-04-08 03:00:40,664] {processor.py:161} INFO - Processing /home/airflow/.local/lib/python3.7/site-packages/airflow/example_dags/example_branch_day_of_week_operator.py took 0.150 seconds
[2023-04-08 03:01:10,993] {processor.py:153} INFO - Started process (PID=877) to work on /home/airflow/.local/lib/python3.7/site-packages/airflow/example_dags/example_branch_day_of_week_operator.py
[2023-04-08 03:01:10,994] {processor.py:641} INFO - Processing file /home/airflow/.local/lib/python3.7/site-packages/airflow/example_dags/example_branch_day_of_week_operator.py for tasks to queue
[2023-04-08 03:01:10,997] {logging_mixin.py:115} INFO - [2023-04-08 03:01:10,997] {dagbag.py:507} INFO - Filling up the DagBag from /home/airflow/.local/lib/python3.7/site-packages/airflow/example_dags/example_branch_day_of_week_operator.py
[2023-04-08 03:01:11,003] {processor.py:651} INFO - DAG(s) dict_keys(['example_weekday_branch_operator']) retrieved from /home/airflow/.local/lib/python3.7/site-packages/airflow/example_dags/example_branch_day_of_week_operator.py
[2023-04-08 03:01:11,026] {logging_mixin.py:115} INFO - [2023-04-08 03:01:11,026] {dag.py:2371} INFO - Sync 1 DAGs
[2023-04-08 03:01:11,147] {logging_mixin.py:115} INFO - [2023-04-08 03:01:11,147] {dag.py:2919} INFO - Setting next_dagrun for example_weekday_branch_operator to 2023-04-07T00:00:00+00:00, run_after=2023-04-08T00:00:00+00:00
[2023-04-08 03:01:11,156] {processor.py:161} INFO - Processing /home/airflow/.local/lib/python3.7/site-packages/airflow/example_dags/example_branch_day_of_week_operator.py took 0.165 seconds
[2023-04-08 03:01:41,337] {processor.py:153} INFO - Started process (PID=932) to work on /home/airflow/.local/lib/python3.7/site-packages/airflow/example_dags/example_branch_day_of_week_operator.py
[2023-04-08 03:01:41,339] {processor.py:641} INFO - Processing file /home/airflow/.local/lib/python3.7/site-packages/airflow/example_dags/example_branch_day_of_week_operator.py for tasks to queue
[2023-04-08 03:01:41,341] {logging_mixin.py:115} INFO - [2023-04-08 03:01:41,341] {dagbag.py:507} INFO - Filling up the DagBag from /home/airflow/.local/lib/python3.7/site-packages/airflow/example_dags/example_branch_day_of_week_operator.py
[2023-04-08 03:01:41,347] {processor.py:651} INFO - DAG(s) dict_keys(['example_weekday_branch_operator']) retrieved from /home/airflow/.local/lib/python3.7/site-packages/airflow/example_dags/example_branch_day_of_week_operator.py
[2023-04-08 03:01:41,373] {logging_mixin.py:115} INFO - [2023-04-08 03:01:41,373] {dag.py:2371} INFO - Sync 1 DAGs
[2023-04-08 03:01:41,491] {logging_mixin.py:115} INFO - [2023-04-08 03:01:41,491] {dag.py:2919} INFO - Setting next_dagrun for example_weekday_branch_operator to 2023-04-07T00:00:00+00:00, run_after=2023-04-08T00:00:00+00:00
[2023-04-08 03:01:41,500] {processor.py:161} INFO - Processing /home/airflow/.local/lib/python3.7/site-packages/airflow/example_dags/example_branch_day_of_week_operator.py took 0.167 seconds
[2023-04-08 03:02:11,939] {processor.py:153} INFO - Started process (PID=995) to work on /home/airflow/.local/lib/python3.7/site-packages/airflow/example_dags/example_branch_day_of_week_operator.py
[2023-04-08 03:02:11,941] {processor.py:641} INFO - Processing file /home/airflow/.local/lib/python3.7/site-packages/airflow/example_dags/example_branch_day_of_week_operator.py for tasks to queue
[2023-04-08 03:02:11,942] {logging_mixin.py:115} INFO - [2023-04-08 03:02:11,942] {dagbag.py:507} INFO - Filling up the DagBag from /home/airflow/.local/lib/python3.7/site-packages/airflow/example_dags/example_branch_day_of_week_operator.py
[2023-04-08 03:02:11,951] {processor.py:651} INFO - DAG(s) dict_keys(['example_weekday_branch_operator']) retrieved from /home/airflow/.local/lib/python3.7/site-packages/airflow/example_dags/example_branch_day_of_week_operator.py
[2023-04-08 03:02:11,976] {logging_mixin.py:115} INFO - [2023-04-08 03:02:11,976] {dag.py:2371} INFO - Sync 1 DAGs
[2023-04-08 03:02:12,086] {logging_mixin.py:115} INFO - [2023-04-08 03:02:12,086] {dag.py:2919} INFO - Setting next_dagrun for example_weekday_branch_operator to 2023-04-07T00:00:00+00:00, run_after=2023-04-08T00:00:00+00:00
[2023-04-08 03:02:12,093] {processor.py:161} INFO - Processing /home/airflow/.local/lib/python3.7/site-packages/airflow/example_dags/example_branch_day_of_week_operator.py took 0.157 seconds
[2023-04-08 03:02:42,292] {processor.py:153} INFO - Started process (PID=1058) to work on /home/airflow/.local/lib/python3.7/site-packages/airflow/example_dags/example_branch_day_of_week_operator.py
[2023-04-08 03:02:42,294] {processor.py:641} INFO - Processing file /home/airflow/.local/lib/python3.7/site-packages/airflow/example_dags/example_branch_day_of_week_operator.py for tasks to queue
[2023-04-08 03:02:42,297] {logging_mixin.py:115} INFO - [2023-04-08 03:02:42,297] {dagbag.py:507} INFO - Filling up the DagBag from /home/airflow/.local/lib/python3.7/site-packages/airflow/example_dags/example_branch_day_of_week_operator.py
[2023-04-08 03:02:42,310] {processor.py:651} INFO - DAG(s) dict_keys(['example_weekday_branch_operator']) retrieved from /home/airflow/.local/lib/python3.7/site-packages/airflow/example_dags/example_branch_day_of_week_operator.py
[2023-04-08 03:02:42,339] {logging_mixin.py:115} INFO - [2023-04-08 03:02:42,339] {dag.py:2371} INFO - Sync 1 DAGs
[2023-04-08 03:02:42,461] {logging_mixin.py:115} INFO - [2023-04-08 03:02:42,461] {dag.py:2919} INFO - Setting next_dagrun for example_weekday_branch_operator to 2023-04-07T00:00:00+00:00, run_after=2023-04-08T00:00:00+00:00
[2023-04-08 03:02:42,470] {processor.py:161} INFO - Processing /home/airflow/.local/lib/python3.7/site-packages/airflow/example_dags/example_branch_day_of_week_operator.py took 0.181 seconds
[2023-04-08 03:03:12,645] {processor.py:153} INFO - Started process (PID=1120) to work on /home/airflow/.local/lib/python3.7/site-packages/airflow/example_dags/example_branch_day_of_week_operator.py
[2023-04-08 03:03:12,650] {processor.py:641} INFO - Processing file /home/airflow/.local/lib/python3.7/site-packages/airflow/example_dags/example_branch_day_of_week_operator.py for tasks to queue
[2023-04-08 03:03:12,651] {logging_mixin.py:115} INFO - [2023-04-08 03:03:12,651] {dagbag.py:507} INFO - Filling up the DagBag from /home/airflow/.local/lib/python3.7/site-packages/airflow/example_dags/example_branch_day_of_week_operator.py
[2023-04-08 03:03:12,658] {processor.py:651} INFO - DAG(s) dict_keys(['example_weekday_branch_operator']) retrieved from /home/airflow/.local/lib/python3.7/site-packages/airflow/example_dags/example_branch_day_of_week_operator.py
[2023-04-08 03:03:12,684] {logging_mixin.py:115} INFO - [2023-04-08 03:03:12,684] {dag.py:2371} INFO - Sync 1 DAGs
[2023-04-08 03:03:12,794] {logging_mixin.py:115} INFO - [2023-04-08 03:03:12,794] {dag.py:2919} INFO - Setting next_dagrun for example_weekday_branch_operator to 2023-04-07T00:00:00+00:00, run_after=2023-04-08T00:00:00+00:00
[2023-04-08 03:03:12,803] {processor.py:161} INFO - Processing /home/airflow/.local/lib/python3.7/site-packages/airflow/example_dags/example_branch_day_of_week_operator.py took 0.161 seconds
[2023-04-08 03:03:43,114] {processor.py:153} INFO - Started process (PID=1184) to work on /home/airflow/.local/lib/python3.7/site-packages/airflow/example_dags/example_branch_day_of_week_operator.py
[2023-04-08 03:03:43,121] {processor.py:641} INFO - Processing file /home/airflow/.local/lib/python3.7/site-packages/airflow/example_dags/example_branch_day_of_week_operator.py for tasks to queue
[2023-04-08 03:03:43,123] {logging_mixin.py:115} INFO - [2023-04-08 03:03:43,123] {dagbag.py:507} INFO - Filling up the DagBag from /home/airflow/.local/lib/python3.7/site-packages/airflow/example_dags/example_branch_day_of_week_operator.py
[2023-04-08 03:03:43,131] {processor.py:651} INFO - DAG(s) dict_keys(['example_weekday_branch_operator']) retrieved from /home/airflow/.local/lib/python3.7/site-packages/airflow/example_dags/example_branch_day_of_week_operator.py
[2023-04-08 03:03:43,164] {logging_mixin.py:115} INFO - [2023-04-08 03:03:43,164] {dag.py:2371} INFO - Sync 1 DAGs
[2023-04-08 03:03:43,284] {logging_mixin.py:115} INFO - [2023-04-08 03:03:43,284] {dag.py:2919} INFO - Setting next_dagrun for example_weekday_branch_operator to 2023-04-07T00:00:00+00:00, run_after=2023-04-08T00:00:00+00:00
[2023-04-08 03:03:43,293] {processor.py:161} INFO - Processing /home/airflow/.local/lib/python3.7/site-packages/airflow/example_dags/example_branch_day_of_week_operator.py took 0.182 seconds
[2023-04-08 03:04:13,555] {processor.py:153} INFO - Started process (PID=1247) to work on /home/airflow/.local/lib/python3.7/site-packages/airflow/example_dags/example_branch_day_of_week_operator.py
[2023-04-08 03:04:13,556] {processor.py:641} INFO - Processing file /home/airflow/.local/lib/python3.7/site-packages/airflow/example_dags/example_branch_day_of_week_operator.py for tasks to queue
[2023-04-08 03:04:13,558] {logging_mixin.py:115} INFO - [2023-04-08 03:04:13,558] {dagbag.py:507} INFO - Filling up the DagBag from /home/airflow/.local/lib/python3.7/site-packages/airflow/example_dags/example_branch_day_of_week_operator.py
[2023-04-08 03:04:13,658] {processor.py:651} INFO - DAG(s) dict_keys(['example_weekday_branch_operator']) retrieved from /home/airflow/.local/lib/python3.7/site-packages/airflow/example_dags/example_branch_day_of_week_operator.py
[2023-04-08 03:04:13,685] {logging_mixin.py:115} INFO - [2023-04-08 03:04:13,685] {dag.py:2371} INFO - Sync 1 DAGs
[2023-04-08 03:04:13,807] {logging_mixin.py:115} INFO - [2023-04-08 03:04:13,807] {dag.py:2919} INFO - Setting next_dagrun for example_weekday_branch_operator to 2023-04-07T00:00:00+00:00, run_after=2023-04-08T00:00:00+00:00
[2023-04-08 03:04:13,816] {processor.py:161} INFO - Processing /home/airflow/.local/lib/python3.7/site-packages/airflow/example_dags/example_branch_day_of_week_operator.py took 0.264 seconds
[2023-04-08 03:04:44,084] {processor.py:153} INFO - Started process (PID=1301) to work on /home/airflow/.local/lib/python3.7/site-packages/airflow/example_dags/example_branch_day_of_week_operator.py
[2023-04-08 03:04:44,087] {processor.py:641} INFO - Processing file /home/airflow/.local/lib/python3.7/site-packages/airflow/example_dags/example_branch_day_of_week_operator.py for tasks to queue
[2023-04-08 03:04:44,088] {logging_mixin.py:115} INFO - [2023-04-08 03:04:44,088] {dagbag.py:507} INFO - Filling up the DagBag from /home/airflow/.local/lib/python3.7/site-packages/airflow/example_dags/example_branch_day_of_week_operator.py
[2023-04-08 03:04:44,100] {processor.py:651} INFO - DAG(s) dict_keys(['example_weekday_branch_operator']) retrieved from /home/airflow/.local/lib/python3.7/site-packages/airflow/example_dags/example_branch_day_of_week_operator.py
[2023-04-08 03:04:44,124] {logging_mixin.py:115} INFO - [2023-04-08 03:04:44,124] {dag.py:2371} INFO - Sync 1 DAGs
[2023-04-08 03:04:44,233] {logging_mixin.py:115} INFO - [2023-04-08 03:04:44,233] {dag.py:2919} INFO - Setting next_dagrun for example_weekday_branch_operator to 2023-04-07T00:00:00+00:00, run_after=2023-04-08T00:00:00+00:00
[2023-04-08 03:04:44,241] {processor.py:161} INFO - Processing /home/airflow/.local/lib/python3.7/site-packages/airflow/example_dags/example_branch_day_of_week_operator.py took 0.159 seconds
[2023-04-08 03:05:14,594] {processor.py:153} INFO - Started process (PID=1363) to work on /home/airflow/.local/lib/python3.7/site-packages/airflow/example_dags/example_branch_day_of_week_operator.py
[2023-04-08 03:05:14,595] {processor.py:641} INFO - Processing file /home/airflow/.local/lib/python3.7/site-packages/airflow/example_dags/example_branch_day_of_week_operator.py for tasks to queue
[2023-04-08 03:05:14,597] {logging_mixin.py:115} INFO - [2023-04-08 03:05:14,597] {dagbag.py:507} INFO - Filling up the DagBag from /home/airflow/.local/lib/python3.7/site-packages/airflow/example_dags/example_branch_day_of_week_operator.py
[2023-04-08 03:05:14,604] {processor.py:651} INFO - DAG(s) dict_keys(['example_weekday_branch_operator']) retrieved from /home/airflow/.local/lib/python3.7/site-packages/airflow/example_dags/example_branch_day_of_week_operator.py
[2023-04-08 03:05:14,632] {logging_mixin.py:115} INFO - [2023-04-08 03:05:14,632] {dag.py:2371} INFO - Sync 1 DAGs
[2023-04-08 03:05:14,741] {logging_mixin.py:115} INFO - [2023-04-08 03:05:14,741] {dag.py:2919} INFO - Setting next_dagrun for example_weekday_branch_operator to 2023-04-07T00:00:00+00:00, run_after=2023-04-08T00:00:00+00:00
[2023-04-08 03:05:14,750] {processor.py:161} INFO - Processing /home/airflow/.local/lib/python3.7/site-packages/airflow/example_dags/example_branch_day_of_week_operator.py took 0.159 seconds
[2023-04-08 03:05:45,354] {processor.py:153} INFO - Started process (PID=1426) to work on /home/airflow/.local/lib/python3.7/site-packages/airflow/example_dags/example_branch_day_of_week_operator.py
[2023-04-08 03:05:45,356] {processor.py:641} INFO - Processing file /home/airflow/.local/lib/python3.7/site-packages/airflow/example_dags/example_branch_day_of_week_operator.py for tasks to queue
[2023-04-08 03:05:45,357] {logging_mixin.py:115} INFO - [2023-04-08 03:05:45,357] {dagbag.py:507} INFO - Filling up the DagBag from /home/airflow/.local/lib/python3.7/site-packages/airflow/example_dags/example_branch_day_of_week_operator.py
[2023-04-08 03:05:45,365] {processor.py:651} INFO - DAG(s) dict_keys(['example_weekday_branch_operator']) retrieved from /home/airflow/.local/lib/python3.7/site-packages/airflow/example_dags/example_branch_day_of_week_operator.py
[2023-04-08 03:05:45,392] {logging_mixin.py:115} INFO - [2023-04-08 03:05:45,392] {dag.py:2371} INFO - Sync 1 DAGs
[2023-04-08 03:05:45,514] {logging_mixin.py:115} INFO - [2023-04-08 03:05:45,513] {dag.py:2919} INFO - Setting next_dagrun for example_weekday_branch_operator to 2023-04-07T00:00:00+00:00, run_after=2023-04-08T00:00:00+00:00
[2023-04-08 03:05:45,522] {processor.py:161} INFO - Processing /home/airflow/.local/lib/python3.7/site-packages/airflow/example_dags/example_branch_day_of_week_operator.py took 0.171 seconds
[2023-04-08 03:06:15,879] {processor.py:153} INFO - Started process (PID=1489) to work on /home/airflow/.local/lib/python3.7/site-packages/airflow/example_dags/example_branch_day_of_week_operator.py
[2023-04-08 03:06:15,880] {processor.py:641} INFO - Processing file /home/airflow/.local/lib/python3.7/site-packages/airflow/example_dags/example_branch_day_of_week_operator.py for tasks to queue
[2023-04-08 03:06:15,882] {logging_mixin.py:115} INFO - [2023-04-08 03:06:15,882] {dagbag.py:507} INFO - Filling up the DagBag from /home/airflow/.local/lib/python3.7/site-packages/airflow/example_dags/example_branch_day_of_week_operator.py
[2023-04-08 03:06:15,889] {processor.py:651} INFO - DAG(s) dict_keys(['example_weekday_branch_operator']) retrieved from /home/airflow/.local/lib/python3.7/site-packages/airflow/example_dags/example_branch_day_of_week_operator.py
[2023-04-08 03:06:15,911] {logging_mixin.py:115} INFO - [2023-04-08 03:06:15,911] {dag.py:2371} INFO - Sync 1 DAGs
[2023-04-08 03:06:16,010] {logging_mixin.py:115} INFO - [2023-04-08 03:06:16,010] {dag.py:2919} INFO - Setting next_dagrun for example_weekday_branch_operator to 2023-04-07T00:00:00+00:00, run_after=2023-04-08T00:00:00+00:00
[2023-04-08 03:06:16,018] {processor.py:161} INFO - Processing /home/airflow/.local/lib/python3.7/site-packages/airflow/example_dags/example_branch_day_of_week_operator.py took 0.142 seconds
