[2023-04-08 02:54:31,850] {processor.py:153} INFO - Started process (PID=59) to work on /home/airflow/.local/lib/python3.7/site-packages/airflow/example_dags/example_kubernetes_executor.py
[2023-04-08 02:54:31,862] {processor.py:641} INFO - Processing file /home/airflow/.local/lib/python3.7/site-packages/airflow/example_dags/example_kubernetes_executor.py for tasks to queue
[2023-04-08 02:54:31,873] {logging_mixin.py:115} INFO - [2023-04-08 02:54:31,873] {dagbag.py:507} INFO - Filling up the DagBag from /home/airflow/.local/lib/python3.7/site-packages/airflow/example_dags/example_kubernetes_executor.py
[2023-04-08 02:54:31,904] {processor.py:651} INFO - DAG(s) dict_keys(['example_kubernetes_executor']) retrieved from /home/airflow/.local/lib/python3.7/site-packages/airflow/example_dags/example_kubernetes_executor.py
[2023-04-08 02:54:32,102] {logging_mixin.py:115} INFO - [2023-04-08 02:54:32,102] {manager.py:508} INFO - Created Permission View: can delete on DAG:example_kubernetes_executor
[2023-04-08 02:54:32,207] {logging_mixin.py:115} INFO - [2023-04-08 02:54:32,206] {manager.py:508} INFO - Created Permission View: can edit on DAG:example_kubernetes_executor
[2023-04-08 02:54:32,227] {logging_mixin.py:115} INFO - [2023-04-08 02:54:32,227] {manager.py:508} INFO - Created Permission View: can read on DAG:example_kubernetes_executor
[2023-04-08 02:54:32,244] {logging_mixin.py:115} INFO - [2023-04-08 02:54:32,244] {dag.py:2371} INFO - Sync 1 DAGs
[2023-04-08 02:54:32,257] {logging_mixin.py:115} INFO - [2023-04-08 02:54:32,256] {dag.py:2390} INFO - Creating ORM DAG for example_kubernetes_executor
[2023-04-08 02:54:32,274] {logging_mixin.py:115} INFO - [2023-04-08 02:54:32,274] {dag.py:2919} INFO - Setting next_dagrun for example_kubernetes_executor to None, run_after=None
[2023-04-08 02:54:32,294] {processor.py:161} INFO - Processing /home/airflow/.local/lib/python3.7/site-packages/airflow/example_dags/example_kubernetes_executor.py took 0.448 seconds
[2023-04-08 02:55:03,046] {processor.py:153} INFO - Started process (PID=122) to work on /home/airflow/.local/lib/python3.7/site-packages/airflow/example_dags/example_kubernetes_executor.py
[2023-04-08 02:55:03,049] {processor.py:641} INFO - Processing file /home/airflow/.local/lib/python3.7/site-packages/airflow/example_dags/example_kubernetes_executor.py for tasks to queue
[2023-04-08 02:55:03,069] {logging_mixin.py:115} INFO - [2023-04-08 02:55:03,069] {dagbag.py:507} INFO - Filling up the DagBag from /home/airflow/.local/lib/python3.7/site-packages/airflow/example_dags/example_kubernetes_executor.py
[2023-04-08 02:55:03,108] {processor.py:651} INFO - DAG(s) dict_keys(['example_kubernetes_executor']) retrieved from /home/airflow/.local/lib/python3.7/site-packages/airflow/example_dags/example_kubernetes_executor.py
[2023-04-08 02:55:03,138] {logging_mixin.py:115} INFO - [2023-04-08 02:55:03,138] {dag.py:2371} INFO - Sync 1 DAGs
[2023-04-08 02:55:03,262] {logging_mixin.py:115} INFO - [2023-04-08 02:55:03,262] {dag.py:2919} INFO - Setting next_dagrun for example_kubernetes_executor to None, run_after=None
[2023-04-08 02:55:03,271] {processor.py:161} INFO - Processing /home/airflow/.local/lib/python3.7/site-packages/airflow/example_dags/example_kubernetes_executor.py took 0.229 seconds
[2023-04-08 02:55:33,459] {processor.py:153} INFO - Started process (PID=186) to work on /home/airflow/.local/lib/python3.7/site-packages/airflow/example_dags/example_kubernetes_executor.py
[2023-04-08 02:55:33,461] {processor.py:641} INFO - Processing file /home/airflow/.local/lib/python3.7/site-packages/airflow/example_dags/example_kubernetes_executor.py for tasks to queue
[2023-04-08 02:55:33,462] {logging_mixin.py:115} INFO - [2023-04-08 02:55:33,462] {dagbag.py:507} INFO - Filling up the DagBag from /home/airflow/.local/lib/python3.7/site-packages/airflow/example_dags/example_kubernetes_executor.py
[2023-04-08 02:55:33,483] {processor.py:651} INFO - DAG(s) dict_keys(['example_kubernetes_executor']) retrieved from /home/airflow/.local/lib/python3.7/site-packages/airflow/example_dags/example_kubernetes_executor.py
[2023-04-08 02:55:33,521] {logging_mixin.py:115} INFO - [2023-04-08 02:55:33,521] {dag.py:2371} INFO - Sync 1 DAGs
[2023-04-08 02:55:33,632] {logging_mixin.py:115} INFO - [2023-04-08 02:55:33,631] {dag.py:2919} INFO - Setting next_dagrun for example_kubernetes_executor to None, run_after=None
[2023-04-08 02:55:33,640] {processor.py:161} INFO - Processing /home/airflow/.local/lib/python3.7/site-packages/airflow/example_dags/example_kubernetes_executor.py took 0.185 seconds
[2023-04-08 02:56:03,889] {processor.py:153} INFO - Started process (PID=240) to work on /home/airflow/.local/lib/python3.7/site-packages/airflow/example_dags/example_kubernetes_executor.py
[2023-04-08 02:56:03,891] {processor.py:641} INFO - Processing file /home/airflow/.local/lib/python3.7/site-packages/airflow/example_dags/example_kubernetes_executor.py for tasks to queue
[2023-04-08 02:56:03,892] {logging_mixin.py:115} INFO - [2023-04-08 02:56:03,892] {dagbag.py:507} INFO - Filling up the DagBag from /home/airflow/.local/lib/python3.7/site-packages/airflow/example_dags/example_kubernetes_executor.py
[2023-04-08 02:56:03,919] {processor.py:651} INFO - DAG(s) dict_keys(['example_kubernetes_executor']) retrieved from /home/airflow/.local/lib/python3.7/site-packages/airflow/example_dags/example_kubernetes_executor.py
[2023-04-08 02:56:03,948] {logging_mixin.py:115} INFO - [2023-04-08 02:56:03,948] {dag.py:2371} INFO - Sync 1 DAGs
[2023-04-08 02:56:04,059] {logging_mixin.py:115} INFO - [2023-04-08 02:56:04,059] {dag.py:2919} INFO - Setting next_dagrun for example_kubernetes_executor to None, run_after=None
[2023-04-08 02:56:04,068] {processor.py:161} INFO - Processing /home/airflow/.local/lib/python3.7/site-packages/airflow/example_dags/example_kubernetes_executor.py took 0.183 seconds
[2023-04-08 02:56:34,289] {processor.py:153} INFO - Started process (PID=303) to work on /home/airflow/.local/lib/python3.7/site-packages/airflow/example_dags/example_kubernetes_executor.py
[2023-04-08 02:56:34,291] {processor.py:641} INFO - Processing file /home/airflow/.local/lib/python3.7/site-packages/airflow/example_dags/example_kubernetes_executor.py for tasks to queue
[2023-04-08 02:56:34,292] {logging_mixin.py:115} INFO - [2023-04-08 02:56:34,292] {dagbag.py:507} INFO - Filling up the DagBag from /home/airflow/.local/lib/python3.7/site-packages/airflow/example_dags/example_kubernetes_executor.py
[2023-04-08 02:56:34,322] {processor.py:651} INFO - DAG(s) dict_keys(['example_kubernetes_executor']) retrieved from /home/airflow/.local/lib/python3.7/site-packages/airflow/example_dags/example_kubernetes_executor.py
[2023-04-08 02:56:34,354] {logging_mixin.py:115} INFO - [2023-04-08 02:56:34,353] {dag.py:2371} INFO - Sync 1 DAGs
[2023-04-08 02:56:34,484] {logging_mixin.py:115} INFO - [2023-04-08 02:56:34,484] {dag.py:2919} INFO - Setting next_dagrun for example_kubernetes_executor to None, run_after=None
[2023-04-08 02:56:34,495] {processor.py:161} INFO - Processing /home/airflow/.local/lib/python3.7/site-packages/airflow/example_dags/example_kubernetes_executor.py took 0.211 seconds
[2023-04-08 02:57:05,349] {processor.py:153} INFO - Started process (PID=366) to work on /home/airflow/.local/lib/python3.7/site-packages/airflow/example_dags/example_kubernetes_executor.py
[2023-04-08 02:57:05,351] {processor.py:641} INFO - Processing file /home/airflow/.local/lib/python3.7/site-packages/airflow/example_dags/example_kubernetes_executor.py for tasks to queue
[2023-04-08 02:57:05,353] {logging_mixin.py:115} INFO - [2023-04-08 02:57:05,353] {dagbag.py:507} INFO - Filling up the DagBag from /home/airflow/.local/lib/python3.7/site-packages/airflow/example_dags/example_kubernetes_executor.py
[2023-04-08 02:57:05,375] {processor.py:651} INFO - DAG(s) dict_keys(['example_kubernetes_executor']) retrieved from /home/airflow/.local/lib/python3.7/site-packages/airflow/example_dags/example_kubernetes_executor.py
[2023-04-08 02:57:05,403] {logging_mixin.py:115} INFO - [2023-04-08 02:57:05,403] {dag.py:2371} INFO - Sync 1 DAGs
[2023-04-08 02:57:05,519] {logging_mixin.py:115} INFO - [2023-04-08 02:57:05,519] {dag.py:2919} INFO - Setting next_dagrun for example_kubernetes_executor to None, run_after=None
[2023-04-08 02:57:05,535] {processor.py:161} INFO - Processing /home/airflow/.local/lib/python3.7/site-packages/airflow/example_dags/example_kubernetes_executor.py took 0.190 seconds
[2023-04-08 02:57:36,192] {processor.py:153} INFO - Started process (PID=429) to work on /home/airflow/.local/lib/python3.7/site-packages/airflow/example_dags/example_kubernetes_executor.py
[2023-04-08 02:57:36,194] {processor.py:641} INFO - Processing file /home/airflow/.local/lib/python3.7/site-packages/airflow/example_dags/example_kubernetes_executor.py for tasks to queue
[2023-04-08 02:57:36,196] {logging_mixin.py:115} INFO - [2023-04-08 02:57:36,196] {dagbag.py:507} INFO - Filling up the DagBag from /home/airflow/.local/lib/python3.7/site-packages/airflow/example_dags/example_kubernetes_executor.py
[2023-04-08 02:57:36,214] {processor.py:651} INFO - DAG(s) dict_keys(['example_kubernetes_executor']) retrieved from /home/airflow/.local/lib/python3.7/site-packages/airflow/example_dags/example_kubernetes_executor.py
[2023-04-08 02:57:36,241] {logging_mixin.py:115} INFO - [2023-04-08 02:57:36,241] {dag.py:2371} INFO - Sync 1 DAGs
[2023-04-08 02:57:36,368] {logging_mixin.py:115} INFO - [2023-04-08 02:57:36,368] {dag.py:2919} INFO - Setting next_dagrun for example_kubernetes_executor to None, run_after=None
[2023-04-08 02:57:36,379] {processor.py:161} INFO - Processing /home/airflow/.local/lib/python3.7/site-packages/airflow/example_dags/example_kubernetes_executor.py took 0.192 seconds
[2023-04-08 02:58:06,952] {processor.py:153} INFO - Started process (PID=492) to work on /home/airflow/.local/lib/python3.7/site-packages/airflow/example_dags/example_kubernetes_executor.py
[2023-04-08 02:58:06,954] {processor.py:641} INFO - Processing file /home/airflow/.local/lib/python3.7/site-packages/airflow/example_dags/example_kubernetes_executor.py for tasks to queue
[2023-04-08 02:58:06,955] {logging_mixin.py:115} INFO - [2023-04-08 02:58:06,955] {dagbag.py:507} INFO - Filling up the DagBag from /home/airflow/.local/lib/python3.7/site-packages/airflow/example_dags/example_kubernetes_executor.py
[2023-04-08 02:58:06,977] {processor.py:651} INFO - DAG(s) dict_keys(['example_kubernetes_executor']) retrieved from /home/airflow/.local/lib/python3.7/site-packages/airflow/example_dags/example_kubernetes_executor.py
[2023-04-08 02:58:07,005] {logging_mixin.py:115} INFO - [2023-04-08 02:58:07,005] {dag.py:2371} INFO - Sync 1 DAGs
[2023-04-08 02:58:07,114] {logging_mixin.py:115} INFO - [2023-04-08 02:58:07,114] {dag.py:2919} INFO - Setting next_dagrun for example_kubernetes_executor to None, run_after=None
[2023-04-08 02:58:07,121] {processor.py:161} INFO - Processing /home/airflow/.local/lib/python3.7/site-packages/airflow/example_dags/example_kubernetes_executor.py took 0.172 seconds
[2023-04-08 02:58:37,309] {processor.py:153} INFO - Started process (PID=546) to work on /home/airflow/.local/lib/python3.7/site-packages/airflow/example_dags/example_kubernetes_executor.py
[2023-04-08 02:58:37,311] {processor.py:641} INFO - Processing file /home/airflow/.local/lib/python3.7/site-packages/airflow/example_dags/example_kubernetes_executor.py for tasks to queue
[2023-04-08 02:58:37,313] {logging_mixin.py:115} INFO - [2023-04-08 02:58:37,312] {dagbag.py:507} INFO - Filling up the DagBag from /home/airflow/.local/lib/python3.7/site-packages/airflow/example_dags/example_kubernetes_executor.py
[2023-04-08 02:58:37,330] {processor.py:651} INFO - DAG(s) dict_keys(['example_kubernetes_executor']) retrieved from /home/airflow/.local/lib/python3.7/site-packages/airflow/example_dags/example_kubernetes_executor.py
[2023-04-08 02:58:37,355] {logging_mixin.py:115} INFO - [2023-04-08 02:58:37,355] {dag.py:2371} INFO - Sync 1 DAGs
[2023-04-08 02:58:37,480] {logging_mixin.py:115} INFO - [2023-04-08 02:58:37,480] {dag.py:2919} INFO - Setting next_dagrun for example_kubernetes_executor to None, run_after=None
[2023-04-08 02:58:37,490] {processor.py:161} INFO - Processing /home/airflow/.local/lib/python3.7/site-packages/airflow/example_dags/example_kubernetes_executor.py took 0.183 seconds
[2023-04-08 02:59:07,731] {processor.py:153} INFO - Started process (PID=609) to work on /home/airflow/.local/lib/python3.7/site-packages/airflow/example_dags/example_kubernetes_executor.py
[2023-04-08 02:59:07,733] {processor.py:641} INFO - Processing file /home/airflow/.local/lib/python3.7/site-packages/airflow/example_dags/example_kubernetes_executor.py for tasks to queue
[2023-04-08 02:59:07,734] {logging_mixin.py:115} INFO - [2023-04-08 02:59:07,734] {dagbag.py:507} INFO - Filling up the DagBag from /home/airflow/.local/lib/python3.7/site-packages/airflow/example_dags/example_kubernetes_executor.py
[2023-04-08 02:59:07,753] {processor.py:651} INFO - DAG(s) dict_keys(['example_kubernetes_executor']) retrieved from /home/airflow/.local/lib/python3.7/site-packages/airflow/example_dags/example_kubernetes_executor.py
[2023-04-08 02:59:07,778] {logging_mixin.py:115} INFO - [2023-04-08 02:59:07,778] {dag.py:2371} INFO - Sync 1 DAGs
[2023-04-08 02:59:07,883] {logging_mixin.py:115} INFO - [2023-04-08 02:59:07,883] {dag.py:2919} INFO - Setting next_dagrun for example_kubernetes_executor to None, run_after=None
[2023-04-08 02:59:07,985] {processor.py:161} INFO - Processing /home/airflow/.local/lib/python3.7/site-packages/airflow/example_dags/example_kubernetes_executor.py took 0.258 seconds
[2023-04-08 02:59:38,844] {processor.py:153} INFO - Started process (PID=672) to work on /home/airflow/.local/lib/python3.7/site-packages/airflow/example_dags/example_kubernetes_executor.py
[2023-04-08 02:59:38,851] {processor.py:641} INFO - Processing file /home/airflow/.local/lib/python3.7/site-packages/airflow/example_dags/example_kubernetes_executor.py for tasks to queue
[2023-04-08 02:59:38,853] {logging_mixin.py:115} INFO - [2023-04-08 02:59:38,853] {dagbag.py:507} INFO - Filling up the DagBag from /home/airflow/.local/lib/python3.7/site-packages/airflow/example_dags/example_kubernetes_executor.py
[2023-04-08 02:59:38,874] {processor.py:651} INFO - DAG(s) dict_keys(['example_kubernetes_executor']) retrieved from /home/airflow/.local/lib/python3.7/site-packages/airflow/example_dags/example_kubernetes_executor.py
[2023-04-08 02:59:38,900] {logging_mixin.py:115} INFO - [2023-04-08 02:59:38,900] {dag.py:2371} INFO - Sync 1 DAGs
[2023-04-08 02:59:39,019] {logging_mixin.py:115} INFO - [2023-04-08 02:59:39,019] {dag.py:2919} INFO - Setting next_dagrun for example_kubernetes_executor to None, run_after=None
[2023-04-08 02:59:39,030] {processor.py:161} INFO - Processing /home/airflow/.local/lib/python3.7/site-packages/airflow/example_dags/example_kubernetes_executor.py took 0.190 seconds
[2023-04-08 03:00:09,830] {processor.py:153} INFO - Started process (PID=745) to work on /home/airflow/.local/lib/python3.7/site-packages/airflow/example_dags/example_kubernetes_executor.py
[2023-04-08 03:00:09,832] {processor.py:641} INFO - Processing file /home/airflow/.local/lib/python3.7/site-packages/airflow/example_dags/example_kubernetes_executor.py for tasks to queue
[2023-04-08 03:00:09,834] {logging_mixin.py:115} INFO - [2023-04-08 03:00:09,834] {dagbag.py:507} INFO - Filling up the DagBag from /home/airflow/.local/lib/python3.7/site-packages/airflow/example_dags/example_kubernetes_executor.py
[2023-04-08 03:00:09,854] {processor.py:651} INFO - DAG(s) dict_keys(['example_kubernetes_executor']) retrieved from /home/airflow/.local/lib/python3.7/site-packages/airflow/example_dags/example_kubernetes_executor.py
[2023-04-08 03:00:09,879] {logging_mixin.py:115} INFO - [2023-04-08 03:00:09,879] {dag.py:2371} INFO - Sync 1 DAGs
[2023-04-08 03:00:09,992] {logging_mixin.py:115} INFO - [2023-04-08 03:00:09,992] {dag.py:2919} INFO - Setting next_dagrun for example_kubernetes_executor to None, run_after=None
[2023-04-08 03:00:10,084] {processor.py:161} INFO - Processing /home/airflow/.local/lib/python3.7/site-packages/airflow/example_dags/example_kubernetes_executor.py took 0.258 seconds
[2023-04-08 03:00:40,316] {processor.py:153} INFO - Started process (PID=807) to work on /home/airflow/.local/lib/python3.7/site-packages/airflow/example_dags/example_kubernetes_executor.py
[2023-04-08 03:00:40,320] {processor.py:641} INFO - Processing file /home/airflow/.local/lib/python3.7/site-packages/airflow/example_dags/example_kubernetes_executor.py for tasks to queue
[2023-04-08 03:00:40,322] {logging_mixin.py:115} INFO - [2023-04-08 03:00:40,321] {dagbag.py:507} INFO - Filling up the DagBag from /home/airflow/.local/lib/python3.7/site-packages/airflow/example_dags/example_kubernetes_executor.py
[2023-04-08 03:00:40,342] {processor.py:651} INFO - DAG(s) dict_keys(['example_kubernetes_executor']) retrieved from /home/airflow/.local/lib/python3.7/site-packages/airflow/example_dags/example_kubernetes_executor.py
[2023-04-08 03:00:40,369] {logging_mixin.py:115} INFO - [2023-04-08 03:00:40,369] {dag.py:2371} INFO - Sync 1 DAGs
[2023-04-08 03:00:40,476] {logging_mixin.py:115} INFO - [2023-04-08 03:00:40,476] {dag.py:2919} INFO - Setting next_dagrun for example_kubernetes_executor to None, run_after=None
[2023-04-08 03:00:40,485] {processor.py:161} INFO - Processing /home/airflow/.local/lib/python3.7/site-packages/airflow/example_dags/example_kubernetes_executor.py took 0.172 seconds
[2023-04-08 03:01:10,770] {processor.py:153} INFO - Started process (PID=875) to work on /home/airflow/.local/lib/python3.7/site-packages/airflow/example_dags/example_kubernetes_executor.py
[2023-04-08 03:01:10,772] {processor.py:641} INFO - Processing file /home/airflow/.local/lib/python3.7/site-packages/airflow/example_dags/example_kubernetes_executor.py for tasks to queue
[2023-04-08 03:01:10,773] {logging_mixin.py:115} INFO - [2023-04-08 03:01:10,773] {dagbag.py:507} INFO - Filling up the DagBag from /home/airflow/.local/lib/python3.7/site-packages/airflow/example_dags/example_kubernetes_executor.py
[2023-04-08 03:01:10,790] {processor.py:651} INFO - DAG(s) dict_keys(['example_kubernetes_executor']) retrieved from /home/airflow/.local/lib/python3.7/site-packages/airflow/example_dags/example_kubernetes_executor.py
[2023-04-08 03:01:10,820] {logging_mixin.py:115} INFO - [2023-04-08 03:01:10,820] {dag.py:2371} INFO - Sync 1 DAGs
[2023-04-08 03:01:10,932] {logging_mixin.py:115} INFO - [2023-04-08 03:01:10,932] {dag.py:2919} INFO - Setting next_dagrun for example_kubernetes_executor to None, run_after=None
[2023-04-08 03:01:10,948] {processor.py:161} INFO - Processing /home/airflow/.local/lib/python3.7/site-packages/airflow/example_dags/example_kubernetes_executor.py took 0.181 seconds
[2023-04-08 03:01:41,120] {processor.py:153} INFO - Started process (PID=930) to work on /home/airflow/.local/lib/python3.7/site-packages/airflow/example_dags/example_kubernetes_executor.py
[2023-04-08 03:01:41,122] {processor.py:641} INFO - Processing file /home/airflow/.local/lib/python3.7/site-packages/airflow/example_dags/example_kubernetes_executor.py for tasks to queue
[2023-04-08 03:01:41,124] {logging_mixin.py:115} INFO - [2023-04-08 03:01:41,124] {dagbag.py:507} INFO - Filling up the DagBag from /home/airflow/.local/lib/python3.7/site-packages/airflow/example_dags/example_kubernetes_executor.py
[2023-04-08 03:01:41,152] {processor.py:651} INFO - DAG(s) dict_keys(['example_kubernetes_executor']) retrieved from /home/airflow/.local/lib/python3.7/site-packages/airflow/example_dags/example_kubernetes_executor.py
[2023-04-08 03:01:41,180] {logging_mixin.py:115} INFO - [2023-04-08 03:01:41,180] {dag.py:2371} INFO - Sync 1 DAGs
[2023-04-08 03:01:41,286] {logging_mixin.py:115} INFO - [2023-04-08 03:01:41,286] {dag.py:2919} INFO - Setting next_dagrun for example_kubernetes_executor to None, run_after=None
[2023-04-08 03:01:41,294] {processor.py:161} INFO - Processing /home/airflow/.local/lib/python3.7/site-packages/airflow/example_dags/example_kubernetes_executor.py took 0.177 seconds
[2023-04-08 03:02:11,731] {processor.py:153} INFO - Started process (PID=993) to work on /home/airflow/.local/lib/python3.7/site-packages/airflow/example_dags/example_kubernetes_executor.py
[2023-04-08 03:02:11,744] {processor.py:641} INFO - Processing file /home/airflow/.local/lib/python3.7/site-packages/airflow/example_dags/example_kubernetes_executor.py for tasks to queue
[2023-04-08 03:02:11,747] {logging_mixin.py:115} INFO - [2023-04-08 03:02:11,747] {dagbag.py:507} INFO - Filling up the DagBag from /home/airflow/.local/lib/python3.7/site-packages/airflow/example_dags/example_kubernetes_executor.py
[2023-04-08 03:02:11,766] {processor.py:651} INFO - DAG(s) dict_keys(['example_kubernetes_executor']) retrieved from /home/airflow/.local/lib/python3.7/site-packages/airflow/example_dags/example_kubernetes_executor.py
[2023-04-08 03:02:11,793] {logging_mixin.py:115} INFO - [2023-04-08 03:02:11,793] {dag.py:2371} INFO - Sync 1 DAGs
[2023-04-08 03:02:11,896] {logging_mixin.py:115} INFO - [2023-04-08 03:02:11,896] {dag.py:2919} INFO - Setting next_dagrun for example_kubernetes_executor to None, run_after=None
[2023-04-08 03:02:11,904] {processor.py:161} INFO - Processing /home/airflow/.local/lib/python3.7/site-packages/airflow/example_dags/example_kubernetes_executor.py took 0.176 seconds
[2023-04-08 03:02:42,079] {processor.py:153} INFO - Started process (PID=1056) to work on /home/airflow/.local/lib/python3.7/site-packages/airflow/example_dags/example_kubernetes_executor.py
[2023-04-08 03:02:42,091] {processor.py:641} INFO - Processing file /home/airflow/.local/lib/python3.7/site-packages/airflow/example_dags/example_kubernetes_executor.py for tasks to queue
[2023-04-08 03:02:42,093] {logging_mixin.py:115} INFO - [2023-04-08 03:02:42,093] {dagbag.py:507} INFO - Filling up the DagBag from /home/airflow/.local/lib/python3.7/site-packages/airflow/example_dags/example_kubernetes_executor.py
[2023-04-08 03:02:42,111] {processor.py:651} INFO - DAG(s) dict_keys(['example_kubernetes_executor']) retrieved from /home/airflow/.local/lib/python3.7/site-packages/airflow/example_dags/example_kubernetes_executor.py
[2023-04-08 03:02:42,137] {logging_mixin.py:115} INFO - [2023-04-08 03:02:42,137] {dag.py:2371} INFO - Sync 1 DAGs
[2023-04-08 03:02:42,246] {logging_mixin.py:115} INFO - [2023-04-08 03:02:42,246] {dag.py:2919} INFO - Setting next_dagrun for example_kubernetes_executor to None, run_after=None
[2023-04-08 03:02:42,256] {processor.py:161} INFO - Processing /home/airflow/.local/lib/python3.7/site-packages/airflow/example_dags/example_kubernetes_executor.py took 0.180 seconds
[2023-04-08 03:03:12,442] {processor.py:153} INFO - Started process (PID=1118) to work on /home/airflow/.local/lib/python3.7/site-packages/airflow/example_dags/example_kubernetes_executor.py
[2023-04-08 03:03:12,444] {processor.py:641} INFO - Processing file /home/airflow/.local/lib/python3.7/site-packages/airflow/example_dags/example_kubernetes_executor.py for tasks to queue
[2023-04-08 03:03:12,445] {logging_mixin.py:115} INFO - [2023-04-08 03:03:12,445] {dagbag.py:507} INFO - Filling up the DagBag from /home/airflow/.local/lib/python3.7/site-packages/airflow/example_dags/example_kubernetes_executor.py
[2023-04-08 03:03:12,466] {processor.py:651} INFO - DAG(s) dict_keys(['example_kubernetes_executor']) retrieved from /home/airflow/.local/lib/python3.7/site-packages/airflow/example_dags/example_kubernetes_executor.py
[2023-04-08 03:03:12,492] {logging_mixin.py:115} INFO - [2023-04-08 03:03:12,492] {dag.py:2371} INFO - Sync 1 DAGs
[2023-04-08 03:03:12,601] {logging_mixin.py:115} INFO - [2023-04-08 03:03:12,600] {dag.py:2919} INFO - Setting next_dagrun for example_kubernetes_executor to None, run_after=None
[2023-04-08 03:03:12,608] {processor.py:161} INFO - Processing /home/airflow/.local/lib/python3.7/site-packages/airflow/example_dags/example_kubernetes_executor.py took 0.173 seconds
[2023-04-08 03:03:42,916] {processor.py:153} INFO - Started process (PID=1182) to work on /home/airflow/.local/lib/python3.7/site-packages/airflow/example_dags/example_kubernetes_executor.py
[2023-04-08 03:03:42,918] {processor.py:641} INFO - Processing file /home/airflow/.local/lib/python3.7/site-packages/airflow/example_dags/example_kubernetes_executor.py for tasks to queue
[2023-04-08 03:03:42,920] {logging_mixin.py:115} INFO - [2023-04-08 03:03:42,920] {dagbag.py:507} INFO - Filling up the DagBag from /home/airflow/.local/lib/python3.7/site-packages/airflow/example_dags/example_kubernetes_executor.py
[2023-04-08 03:03:42,937] {processor.py:651} INFO - DAG(s) dict_keys(['example_kubernetes_executor']) retrieved from /home/airflow/.local/lib/python3.7/site-packages/airflow/example_dags/example_kubernetes_executor.py
[2023-04-08 03:03:42,964] {logging_mixin.py:115} INFO - [2023-04-08 03:03:42,964] {dag.py:2371} INFO - Sync 1 DAGs
[2023-04-08 03:03:43,065] {logging_mixin.py:115} INFO - [2023-04-08 03:03:43,065] {dag.py:2919} INFO - Setting next_dagrun for example_kubernetes_executor to None, run_after=None
[2023-04-08 03:03:43,073] {processor.py:161} INFO - Processing /home/airflow/.local/lib/python3.7/site-packages/airflow/example_dags/example_kubernetes_executor.py took 0.159 seconds
[2023-04-08 03:04:13,338] {processor.py:153} INFO - Started process (PID=1245) to work on /home/airflow/.local/lib/python3.7/site-packages/airflow/example_dags/example_kubernetes_executor.py
[2023-04-08 03:04:13,340] {processor.py:641} INFO - Processing file /home/airflow/.local/lib/python3.7/site-packages/airflow/example_dags/example_kubernetes_executor.py for tasks to queue
[2023-04-08 03:04:13,342] {logging_mixin.py:115} INFO - [2023-04-08 03:04:13,342] {dagbag.py:507} INFO - Filling up the DagBag from /home/airflow/.local/lib/python3.7/site-packages/airflow/example_dags/example_kubernetes_executor.py
[2023-04-08 03:04:13,363] {processor.py:651} INFO - DAG(s) dict_keys(['example_kubernetes_executor']) retrieved from /home/airflow/.local/lib/python3.7/site-packages/airflow/example_dags/example_kubernetes_executor.py
[2023-04-08 03:04:13,389] {logging_mixin.py:115} INFO - [2023-04-08 03:04:13,389] {dag.py:2371} INFO - Sync 1 DAGs
[2023-04-08 03:04:13,513] {logging_mixin.py:115} INFO - [2023-04-08 03:04:13,513] {dag.py:2919} INFO - Setting next_dagrun for example_kubernetes_executor to None, run_after=None
[2023-04-08 03:04:13,521] {processor.py:161} INFO - Processing /home/airflow/.local/lib/python3.7/site-packages/airflow/example_dags/example_kubernetes_executor.py took 0.186 seconds
[2023-04-08 03:04:43,769] {processor.py:153} INFO - Started process (PID=1299) to work on /home/airflow/.local/lib/python3.7/site-packages/airflow/example_dags/example_kubernetes_executor.py
[2023-04-08 03:04:43,770] {processor.py:641} INFO - Processing file /home/airflow/.local/lib/python3.7/site-packages/airflow/example_dags/example_kubernetes_executor.py for tasks to queue
[2023-04-08 03:04:43,772] {logging_mixin.py:115} INFO - [2023-04-08 03:04:43,772] {dagbag.py:507} INFO - Filling up the DagBag from /home/airflow/.local/lib/python3.7/site-packages/airflow/example_dags/example_kubernetes_executor.py
[2023-04-08 03:04:43,796] {processor.py:651} INFO - DAG(s) dict_keys(['example_kubernetes_executor']) retrieved from /home/airflow/.local/lib/python3.7/site-packages/airflow/example_dags/example_kubernetes_executor.py
[2023-04-08 03:04:43,928] {logging_mixin.py:115} INFO - [2023-04-08 03:04:43,928] {dag.py:2371} INFO - Sync 1 DAGs
[2023-04-08 03:04:43,942] {logging_mixin.py:115} INFO - [2023-04-08 03:04:43,942] {dag.py:2919} INFO - Setting next_dagrun for example_kubernetes_executor to None, run_after=None
[2023-04-08 03:04:44,040] {processor.py:161} INFO - Processing /home/airflow/.local/lib/python3.7/site-packages/airflow/example_dags/example_kubernetes_executor.py took 0.276 seconds
[2023-04-08 03:05:14,296] {processor.py:153} INFO - Started process (PID=1361) to work on /home/airflow/.local/lib/python3.7/site-packages/airflow/example_dags/example_kubernetes_executor.py
[2023-04-08 03:05:14,298] {processor.py:641} INFO - Processing file /home/airflow/.local/lib/python3.7/site-packages/airflow/example_dags/example_kubernetes_executor.py for tasks to queue
[2023-04-08 03:05:14,302] {logging_mixin.py:115} INFO - [2023-04-08 03:05:14,301] {dagbag.py:507} INFO - Filling up the DagBag from /home/airflow/.local/lib/python3.7/site-packages/airflow/example_dags/example_kubernetes_executor.py
[2023-04-08 03:05:14,324] {processor.py:651} INFO - DAG(s) dict_keys(['example_kubernetes_executor']) retrieved from /home/airflow/.local/lib/python3.7/site-packages/airflow/example_dags/example_kubernetes_executor.py
[2023-04-08 03:05:14,541] {logging_mixin.py:115} INFO - [2023-04-08 03:05:14,541] {dag.py:2371} INFO - Sync 1 DAGs
[2023-04-08 03:05:14,554] {logging_mixin.py:115} INFO - [2023-04-08 03:05:14,554] {dag.py:2919} INFO - Setting next_dagrun for example_kubernetes_executor to None, run_after=None
[2023-04-08 03:05:14,563] {processor.py:161} INFO - Processing /home/airflow/.local/lib/python3.7/site-packages/airflow/example_dags/example_kubernetes_executor.py took 0.270 seconds
[2023-04-08 03:05:45,145] {processor.py:153} INFO - Started process (PID=1424) to work on /home/airflow/.local/lib/python3.7/site-packages/airflow/example_dags/example_kubernetes_executor.py
[2023-04-08 03:05:45,152] {processor.py:641} INFO - Processing file /home/airflow/.local/lib/python3.7/site-packages/airflow/example_dags/example_kubernetes_executor.py for tasks to queue
[2023-04-08 03:05:45,154] {logging_mixin.py:115} INFO - [2023-04-08 03:05:45,154] {dagbag.py:507} INFO - Filling up the DagBag from /home/airflow/.local/lib/python3.7/site-packages/airflow/example_dags/example_kubernetes_executor.py
[2023-04-08 03:05:45,178] {processor.py:651} INFO - DAG(s) dict_keys(['example_kubernetes_executor']) retrieved from /home/airflow/.local/lib/python3.7/site-packages/airflow/example_dags/example_kubernetes_executor.py
[2023-04-08 03:05:45,298] {logging_mixin.py:115} INFO - [2023-04-08 03:05:45,298] {dag.py:2371} INFO - Sync 1 DAGs
[2023-04-08 03:05:45,312] {logging_mixin.py:115} INFO - [2023-04-08 03:05:45,311] {dag.py:2919} INFO - Setting next_dagrun for example_kubernetes_executor to None, run_after=None
[2023-04-08 03:05:45,321] {processor.py:161} INFO - Processing /home/airflow/.local/lib/python3.7/site-packages/airflow/example_dags/example_kubernetes_executor.py took 0.179 seconds
[2023-04-08 03:06:15,672] {processor.py:153} INFO - Started process (PID=1487) to work on /home/airflow/.local/lib/python3.7/site-packages/airflow/example_dags/example_kubernetes_executor.py
[2023-04-08 03:06:15,674] {processor.py:641} INFO - Processing file /home/airflow/.local/lib/python3.7/site-packages/airflow/example_dags/example_kubernetes_executor.py for tasks to queue
[2023-04-08 03:06:15,676] {logging_mixin.py:115} INFO - [2023-04-08 03:06:15,676] {dagbag.py:507} INFO - Filling up the DagBag from /home/airflow/.local/lib/python3.7/site-packages/airflow/example_dags/example_kubernetes_executor.py
[2023-04-08 03:06:15,704] {processor.py:651} INFO - DAG(s) dict_keys(['example_kubernetes_executor']) retrieved from /home/airflow/.local/lib/python3.7/site-packages/airflow/example_dags/example_kubernetes_executor.py
[2023-04-08 03:06:15,818] {logging_mixin.py:115} INFO - [2023-04-08 03:06:15,818] {dag.py:2371} INFO - Sync 1 DAGs
[2023-04-08 03:06:15,831] {logging_mixin.py:115} INFO - [2023-04-08 03:06:15,831] {dag.py:2919} INFO - Setting next_dagrun for example_kubernetes_executor to None, run_after=None
[2023-04-08 03:06:15,838] {processor.py:161} INFO - Processing /home/airflow/.local/lib/python3.7/site-packages/airflow/example_dags/example_kubernetes_executor.py took 0.169 seconds
