[2023-04-08 02:54:30,524] {processor.py:153} INFO - Started process (PID=56) to work on /home/airflow/.local/lib/python3.7/site-packages/airflow/example_dags/example_branch_python_dop_operator_3.py
[2023-04-08 02:54:30,535] {processor.py:641} INFO - Processing file /home/airflow/.local/lib/python3.7/site-packages/airflow/example_dags/example_branch_python_dop_operator_3.py for tasks to queue
[2023-04-08 02:54:30,550] {logging_mixin.py:115} INFO - [2023-04-08 02:54:30,550] {dagbag.py:507} INFO - Filling up the DagBag from /home/airflow/.local/lib/python3.7/site-packages/airflow/example_dags/example_branch_python_dop_operator_3.py
[2023-04-08 02:54:30,569] {processor.py:651} INFO - DAG(s) dict_keys(['example_branch_dop_operator_v3']) retrieved from /home/airflow/.local/lib/python3.7/site-packages/airflow/example_dags/example_branch_python_dop_operator_3.py
[2023-04-08 02:54:30,754] {logging_mixin.py:115} INFO - [2023-04-08 02:54:30,754] {manager.py:508} INFO - Created Permission View: can delete on DAG:example_branch_dop_operator_v3
[2023-04-08 02:54:30,780] {logging_mixin.py:115} INFO - [2023-04-08 02:54:30,780] {manager.py:508} INFO - Created Permission View: can edit on DAG:example_branch_dop_operator_v3
[2023-04-08 02:54:30,794] {logging_mixin.py:115} INFO - [2023-04-08 02:54:30,794] {manager.py:508} INFO - Created Permission View: can read on DAG:example_branch_dop_operator_v3
[2023-04-08 02:54:30,801] {logging_mixin.py:115} INFO - [2023-04-08 02:54:30,801] {dag.py:2371} INFO - Sync 1 DAGs
[2023-04-08 02:54:30,817] {logging_mixin.py:115} INFO - [2023-04-08 02:54:30,817] {dag.py:2390} INFO - Creating ORM DAG for example_branch_dop_operator_v3
[2023-04-08 02:54:30,840] {logging_mixin.py:115} INFO - [2023-04-08 02:54:30,840] {dag.py:2919} INFO - Setting next_dagrun for example_branch_dop_operator_v3 to 2023-04-08T02:53:00+00:00, run_after=2023-04-08T02:54:00+00:00
[2023-04-08 02:54:30,863] {processor.py:161} INFO - Processing /home/airflow/.local/lib/python3.7/site-packages/airflow/example_dags/example_branch_python_dop_operator_3.py took 0.342 seconds
[2023-04-08 02:55:01,517] {processor.py:153} INFO - Started process (PID=119) to work on /home/airflow/.local/lib/python3.7/site-packages/airflow/example_dags/example_branch_python_dop_operator_3.py
[2023-04-08 02:55:01,532] {processor.py:641} INFO - Processing file /home/airflow/.local/lib/python3.7/site-packages/airflow/example_dags/example_branch_python_dop_operator_3.py for tasks to queue
[2023-04-08 02:55:01,546] {logging_mixin.py:115} INFO - [2023-04-08 02:55:01,546] {dagbag.py:507} INFO - Filling up the DagBag from /home/airflow/.local/lib/python3.7/site-packages/airflow/example_dags/example_branch_python_dop_operator_3.py
[2023-04-08 02:55:01,581] {processor.py:651} INFO - DAG(s) dict_keys(['example_branch_dop_operator_v3']) retrieved from /home/airflow/.local/lib/python3.7/site-packages/airflow/example_dags/example_branch_python_dop_operator_3.py
[2023-04-08 02:55:01,628] {logging_mixin.py:115} INFO - [2023-04-08 02:55:01,628] {dag.py:2371} INFO - Sync 1 DAGs
[2023-04-08 02:55:01,672] {logging_mixin.py:115} INFO - [2023-04-08 02:55:01,672] {dag.py:2919} INFO - Setting next_dagrun for example_branch_dop_operator_v3 to 2023-04-08T02:54:00+00:00, run_after=2023-04-08T02:55:00+00:00
[2023-04-08 02:55:01,806] {processor.py:161} INFO - Processing /home/airflow/.local/lib/python3.7/site-packages/airflow/example_dags/example_branch_python_dop_operator_3.py took 0.292 seconds
[2023-04-08 02:55:32,208] {processor.py:153} INFO - Started process (PID=174) to work on /home/airflow/.local/lib/python3.7/site-packages/airflow/example_dags/example_branch_python_dop_operator_3.py
[2023-04-08 02:55:32,210] {processor.py:641} INFO - Processing file /home/airflow/.local/lib/python3.7/site-packages/airflow/example_dags/example_branch_python_dop_operator_3.py for tasks to queue
[2023-04-08 02:55:32,212] {logging_mixin.py:115} INFO - [2023-04-08 02:55:32,212] {dagbag.py:507} INFO - Filling up the DagBag from /home/airflow/.local/lib/python3.7/site-packages/airflow/example_dags/example_branch_python_dop_operator_3.py
[2023-04-08 02:55:32,224] {processor.py:651} INFO - DAG(s) dict_keys(['example_branch_dop_operator_v3']) retrieved from /home/airflow/.local/lib/python3.7/site-packages/airflow/example_dags/example_branch_python_dop_operator_3.py
[2023-04-08 02:55:32,260] {logging_mixin.py:115} INFO - [2023-04-08 02:55:32,260] {dag.py:2371} INFO - Sync 1 DAGs
[2023-04-08 02:55:32,282] {logging_mixin.py:115} INFO - [2023-04-08 02:55:32,282] {dag.py:2919} INFO - Setting next_dagrun for example_branch_dop_operator_v3 to 2023-04-08T02:54:00+00:00, run_after=2023-04-08T02:55:00+00:00
[2023-04-08 02:55:32,401] {processor.py:161} INFO - Processing /home/airflow/.local/lib/python3.7/site-packages/airflow/example_dags/example_branch_python_dop_operator_3.py took 0.197 seconds
[2023-04-08 02:56:02,524] {processor.py:153} INFO - Started process (PID=237) to work on /home/airflow/.local/lib/python3.7/site-packages/airflow/example_dags/example_branch_python_dop_operator_3.py
[2023-04-08 02:56:02,526] {processor.py:641} INFO - Processing file /home/airflow/.local/lib/python3.7/site-packages/airflow/example_dags/example_branch_python_dop_operator_3.py for tasks to queue
[2023-04-08 02:56:02,528] {logging_mixin.py:115} INFO - [2023-04-08 02:56:02,528] {dagbag.py:507} INFO - Filling up the DagBag from /home/airflow/.local/lib/python3.7/site-packages/airflow/example_dags/example_branch_python_dop_operator_3.py
[2023-04-08 02:56:02,538] {processor.py:651} INFO - DAG(s) dict_keys(['example_branch_dop_operator_v3']) retrieved from /home/airflow/.local/lib/python3.7/site-packages/airflow/example_dags/example_branch_python_dop_operator_3.py
[2023-04-08 02:56:02,567] {logging_mixin.py:115} INFO - [2023-04-08 02:56:02,567] {dag.py:2371} INFO - Sync 1 DAGs
[2023-04-08 02:56:02,595] {logging_mixin.py:115} INFO - [2023-04-08 02:56:02,595] {dag.py:2919} INFO - Setting next_dagrun for example_branch_dop_operator_v3 to 2023-04-08T02:55:00+00:00, run_after=2023-04-08T02:56:00+00:00
[2023-04-08 02:56:02,820] {processor.py:161} INFO - Processing /home/airflow/.local/lib/python3.7/site-packages/airflow/example_dags/example_branch_python_dop_operator_3.py took 0.299 seconds
[2023-04-08 02:56:33,029] {processor.py:153} INFO - Started process (PID=300) to work on /home/airflow/.local/lib/python3.7/site-packages/airflow/example_dags/example_branch_python_dop_operator_3.py
[2023-04-08 02:56:33,031] {processor.py:641} INFO - Processing file /home/airflow/.local/lib/python3.7/site-packages/airflow/example_dags/example_branch_python_dop_operator_3.py for tasks to queue
[2023-04-08 02:56:33,032] {logging_mixin.py:115} INFO - [2023-04-08 02:56:33,032] {dagbag.py:507} INFO - Filling up the DagBag from /home/airflow/.local/lib/python3.7/site-packages/airflow/example_dags/example_branch_python_dop_operator_3.py
[2023-04-08 02:56:33,042] {processor.py:651} INFO - DAG(s) dict_keys(['example_branch_dop_operator_v3']) retrieved from /home/airflow/.local/lib/python3.7/site-packages/airflow/example_dags/example_branch_python_dop_operator_3.py
[2023-04-08 02:56:33,073] {logging_mixin.py:115} INFO - [2023-04-08 02:56:33,073] {dag.py:2371} INFO - Sync 1 DAGs
[2023-04-08 02:56:33,097] {logging_mixin.py:115} INFO - [2023-04-08 02:56:33,097] {dag.py:2919} INFO - Setting next_dagrun for example_branch_dop_operator_v3 to 2023-04-08T02:55:00+00:00, run_after=2023-04-08T02:56:00+00:00
[2023-04-08 02:56:33,225] {processor.py:161} INFO - Processing /home/airflow/.local/lib/python3.7/site-packages/airflow/example_dags/example_branch_python_dop_operator_3.py took 0.200 seconds
[2023-04-08 02:57:04,060] {processor.py:153} INFO - Started process (PID=363) to work on /home/airflow/.local/lib/python3.7/site-packages/airflow/example_dags/example_branch_python_dop_operator_3.py
[2023-04-08 02:57:04,069] {processor.py:641} INFO - Processing file /home/airflow/.local/lib/python3.7/site-packages/airflow/example_dags/example_branch_python_dop_operator_3.py for tasks to queue
[2023-04-08 02:57:04,071] {logging_mixin.py:115} INFO - [2023-04-08 02:57:04,071] {dagbag.py:507} INFO - Filling up the DagBag from /home/airflow/.local/lib/python3.7/site-packages/airflow/example_dags/example_branch_python_dop_operator_3.py
[2023-04-08 02:57:04,081] {processor.py:651} INFO - DAG(s) dict_keys(['example_branch_dop_operator_v3']) retrieved from /home/airflow/.local/lib/python3.7/site-packages/airflow/example_dags/example_branch_python_dop_operator_3.py
[2023-04-08 02:57:04,110] {logging_mixin.py:115} INFO - [2023-04-08 02:57:04,110] {dag.py:2371} INFO - Sync 1 DAGs
[2023-04-08 02:57:04,135] {logging_mixin.py:115} INFO - [2023-04-08 02:57:04,135] {dag.py:2919} INFO - Setting next_dagrun for example_branch_dop_operator_v3 to 2023-04-08T02:56:00+00:00, run_after=2023-04-08T02:57:00+00:00
[2023-04-08 02:57:04,250] {processor.py:161} INFO - Processing /home/airflow/.local/lib/python3.7/site-packages/airflow/example_dags/example_branch_python_dop_operator_3.py took 0.194 seconds
[2023-04-08 02:57:34,961] {processor.py:153} INFO - Started process (PID=426) to work on /home/airflow/.local/lib/python3.7/site-packages/airflow/example_dags/example_branch_python_dop_operator_3.py
[2023-04-08 02:57:34,963] {processor.py:641} INFO - Processing file /home/airflow/.local/lib/python3.7/site-packages/airflow/example_dags/example_branch_python_dop_operator_3.py for tasks to queue
[2023-04-08 02:57:34,965] {logging_mixin.py:115} INFO - [2023-04-08 02:57:34,965] {dagbag.py:507} INFO - Filling up the DagBag from /home/airflow/.local/lib/python3.7/site-packages/airflow/example_dags/example_branch_python_dop_operator_3.py
[2023-04-08 02:57:34,974] {processor.py:651} INFO - DAG(s) dict_keys(['example_branch_dop_operator_v3']) retrieved from /home/airflow/.local/lib/python3.7/site-packages/airflow/example_dags/example_branch_python_dop_operator_3.py
[2023-04-08 02:57:35,002] {logging_mixin.py:115} INFO - [2023-04-08 02:57:35,002] {dag.py:2371} INFO - Sync 1 DAGs
[2023-04-08 02:57:35,023] {logging_mixin.py:115} INFO - [2023-04-08 02:57:35,023] {dag.py:2919} INFO - Setting next_dagrun for example_branch_dop_operator_v3 to 2023-04-08T02:56:00+00:00, run_after=2023-04-08T02:57:00+00:00
[2023-04-08 02:57:35,136] {processor.py:161} INFO - Processing /home/airflow/.local/lib/python3.7/site-packages/airflow/example_dags/example_branch_python_dop_operator_3.py took 0.178 seconds
[2023-04-08 02:58:05,751] {processor.py:153} INFO - Started process (PID=490) to work on /home/airflow/.local/lib/python3.7/site-packages/airflow/example_dags/example_branch_python_dop_operator_3.py
[2023-04-08 02:58:05,753] {processor.py:641} INFO - Processing file /home/airflow/.local/lib/python3.7/site-packages/airflow/example_dags/example_branch_python_dop_operator_3.py for tasks to queue
[2023-04-08 02:58:05,755] {logging_mixin.py:115} INFO - [2023-04-08 02:58:05,755] {dagbag.py:507} INFO - Filling up the DagBag from /home/airflow/.local/lib/python3.7/site-packages/airflow/example_dags/example_branch_python_dop_operator_3.py
[2023-04-08 02:58:05,765] {processor.py:651} INFO - DAG(s) dict_keys(['example_branch_dop_operator_v3']) retrieved from /home/airflow/.local/lib/python3.7/site-packages/airflow/example_dags/example_branch_python_dop_operator_3.py
[2023-04-08 02:58:05,794] {logging_mixin.py:115} INFO - [2023-04-08 02:58:05,794] {dag.py:2371} INFO - Sync 1 DAGs
[2023-04-08 02:58:05,821] {logging_mixin.py:115} INFO - [2023-04-08 02:58:05,821] {dag.py:2919} INFO - Setting next_dagrun for example_branch_dop_operator_v3 to 2023-04-08T02:57:00+00:00, run_after=2023-04-08T02:58:00+00:00
[2023-04-08 02:58:05,939] {processor.py:161} INFO - Processing /home/airflow/.local/lib/python3.7/site-packages/airflow/example_dags/example_branch_python_dop_operator_3.py took 0.192 seconds
[2023-04-08 02:58:36,268] {processor.py:153} INFO - Started process (PID=545) to work on /home/airflow/.local/lib/python3.7/site-packages/airflow/example_dags/example_branch_python_dop_operator_3.py
[2023-04-08 02:58:36,269] {processor.py:641} INFO - Processing file /home/airflow/.local/lib/python3.7/site-packages/airflow/example_dags/example_branch_python_dop_operator_3.py for tasks to queue
[2023-04-08 02:58:36,271] {logging_mixin.py:115} INFO - [2023-04-08 02:58:36,271] {dagbag.py:507} INFO - Filling up the DagBag from /home/airflow/.local/lib/python3.7/site-packages/airflow/example_dags/example_branch_python_dop_operator_3.py
[2023-04-08 02:58:36,281] {processor.py:651} INFO - DAG(s) dict_keys(['example_branch_dop_operator_v3']) retrieved from /home/airflow/.local/lib/python3.7/site-packages/airflow/example_dags/example_branch_python_dop_operator_3.py
[2023-04-08 02:58:36,306] {logging_mixin.py:115} INFO - [2023-04-08 02:58:36,306] {dag.py:2371} INFO - Sync 1 DAGs
[2023-04-08 02:58:36,325] {logging_mixin.py:115} INFO - [2023-04-08 02:58:36,325] {dag.py:2919} INFO - Setting next_dagrun for example_branch_dop_operator_v3 to 2023-04-08T02:57:00+00:00, run_after=2023-04-08T02:58:00+00:00
[2023-04-08 02:58:36,431] {processor.py:161} INFO - Processing /home/airflow/.local/lib/python3.7/site-packages/airflow/example_dags/example_branch_python_dop_operator_3.py took 0.166 seconds
[2023-04-08 02:59:06,684] {processor.py:153} INFO - Started process (PID=608) to work on /home/airflow/.local/lib/python3.7/site-packages/airflow/example_dags/example_branch_python_dop_operator_3.py
[2023-04-08 02:59:06,685] {processor.py:641} INFO - Processing file /home/airflow/.local/lib/python3.7/site-packages/airflow/example_dags/example_branch_python_dop_operator_3.py for tasks to queue
[2023-04-08 02:59:06,687] {logging_mixin.py:115} INFO - [2023-04-08 02:59:06,687] {dagbag.py:507} INFO - Filling up the DagBag from /home/airflow/.local/lib/python3.7/site-packages/airflow/example_dags/example_branch_python_dop_operator_3.py
[2023-04-08 02:59:06,695] {processor.py:651} INFO - DAG(s) dict_keys(['example_branch_dop_operator_v3']) retrieved from /home/airflow/.local/lib/python3.7/site-packages/airflow/example_dags/example_branch_python_dop_operator_3.py
[2023-04-08 02:59:06,720] {logging_mixin.py:115} INFO - [2023-04-08 02:59:06,720] {dag.py:2371} INFO - Sync 1 DAGs
[2023-04-08 02:59:06,738] {logging_mixin.py:115} INFO - [2023-04-08 02:59:06,738] {dag.py:2919} INFO - Setting next_dagrun for example_branch_dop_operator_v3 to 2023-04-08T02:58:00+00:00, run_after=2023-04-08T02:59:00+00:00
[2023-04-08 02:59:06,838] {processor.py:161} INFO - Processing /home/airflow/.local/lib/python3.7/site-packages/airflow/example_dags/example_branch_python_dop_operator_3.py took 0.157 seconds
[2023-04-08 02:59:37,616] {processor.py:153} INFO - Started process (PID=670) to work on /home/airflow/.local/lib/python3.7/site-packages/airflow/example_dags/example_branch_python_dop_operator_3.py
[2023-04-08 02:59:37,619] {processor.py:641} INFO - Processing file /home/airflow/.local/lib/python3.7/site-packages/airflow/example_dags/example_branch_python_dop_operator_3.py for tasks to queue
[2023-04-08 02:59:37,620] {logging_mixin.py:115} INFO - [2023-04-08 02:59:37,620] {dagbag.py:507} INFO - Filling up the DagBag from /home/airflow/.local/lib/python3.7/site-packages/airflow/example_dags/example_branch_python_dop_operator_3.py
[2023-04-08 02:59:37,628] {processor.py:651} INFO - DAG(s) dict_keys(['example_branch_dop_operator_v3']) retrieved from /home/airflow/.local/lib/python3.7/site-packages/airflow/example_dags/example_branch_python_dop_operator_3.py
[2023-04-08 02:59:37,654] {logging_mixin.py:115} INFO - [2023-04-08 02:59:37,654] {dag.py:2371} INFO - Sync 1 DAGs
[2023-04-08 02:59:37,768] {logging_mixin.py:115} INFO - [2023-04-08 02:59:37,768] {dag.py:2919} INFO - Setting next_dagrun for example_branch_dop_operator_v3 to 2023-04-08T02:58:00+00:00, run_after=2023-04-08T02:59:00+00:00
[2023-04-08 02:59:37,776] {processor.py:161} INFO - Processing /home/airflow/.local/lib/python3.7/site-packages/airflow/example_dags/example_branch_python_dop_operator_3.py took 0.163 seconds
[2023-04-08 03:00:08,629] {processor.py:153} INFO - Started process (PID=743) to work on /home/airflow/.local/lib/python3.7/site-packages/airflow/example_dags/example_branch_python_dop_operator_3.py
[2023-04-08 03:00:08,632] {processor.py:641} INFO - Processing file /home/airflow/.local/lib/python3.7/site-packages/airflow/example_dags/example_branch_python_dop_operator_3.py for tasks to queue
[2023-04-08 03:00:08,635] {logging_mixin.py:115} INFO - [2023-04-08 03:00:08,635] {dagbag.py:507} INFO - Filling up the DagBag from /home/airflow/.local/lib/python3.7/site-packages/airflow/example_dags/example_branch_python_dop_operator_3.py
[2023-04-08 03:00:08,643] {processor.py:651} INFO - DAG(s) dict_keys(['example_branch_dop_operator_v3']) retrieved from /home/airflow/.local/lib/python3.7/site-packages/airflow/example_dags/example_branch_python_dop_operator_3.py
[2023-04-08 03:00:08,666] {logging_mixin.py:115} INFO - [2023-04-08 03:00:08,666] {dag.py:2371} INFO - Sync 1 DAGs
[2023-04-08 03:00:08,775] {logging_mixin.py:115} INFO - [2023-04-08 03:00:08,775] {dag.py:2919} INFO - Setting next_dagrun for example_branch_dop_operator_v3 to 2023-04-08T02:59:00+00:00, run_after=2023-04-08T03:00:00+00:00
[2023-04-08 03:00:08,786] {processor.py:161} INFO - Processing /home/airflow/.local/lib/python3.7/site-packages/airflow/example_dags/example_branch_python_dop_operator_3.py took 0.160 seconds
[2023-04-08 03:00:38,894] {processor.py:153} INFO - Started process (PID=804) to work on /home/airflow/.local/lib/python3.7/site-packages/airflow/example_dags/example_branch_python_dop_operator_3.py
[2023-04-08 03:00:38,899] {processor.py:641} INFO - Processing file /home/airflow/.local/lib/python3.7/site-packages/airflow/example_dags/example_branch_python_dop_operator_3.py for tasks to queue
[2023-04-08 03:00:38,900] {logging_mixin.py:115} INFO - [2023-04-08 03:00:38,900] {dagbag.py:507} INFO - Filling up the DagBag from /home/airflow/.local/lib/python3.7/site-packages/airflow/example_dags/example_branch_python_dop_operator_3.py
[2023-04-08 03:00:38,909] {processor.py:651} INFO - DAG(s) dict_keys(['example_branch_dop_operator_v3']) retrieved from /home/airflow/.local/lib/python3.7/site-packages/airflow/example_dags/example_branch_python_dop_operator_3.py
[2023-04-08 03:00:38,941] {logging_mixin.py:115} INFO - [2023-04-08 03:00:38,941] {dag.py:2371} INFO - Sync 1 DAGs
[2023-04-08 03:00:39,046] {logging_mixin.py:115} INFO - [2023-04-08 03:00:39,046] {dag.py:2919} INFO - Setting next_dagrun for example_branch_dop_operator_v3 to 2023-04-08T02:59:00+00:00, run_after=2023-04-08T03:00:00+00:00
[2023-04-08 03:00:39,053] {processor.py:161} INFO - Processing /home/airflow/.local/lib/python3.7/site-packages/airflow/example_dags/example_branch_python_dop_operator_3.py took 0.161 seconds
[2023-04-08 03:01:09,488] {processor.py:153} INFO - Started process (PID=872) to work on /home/airflow/.local/lib/python3.7/site-packages/airflow/example_dags/example_branch_python_dop_operator_3.py
[2023-04-08 03:01:09,491] {processor.py:641} INFO - Processing file /home/airflow/.local/lib/python3.7/site-packages/airflow/example_dags/example_branch_python_dop_operator_3.py for tasks to queue
[2023-04-08 03:01:09,492] {logging_mixin.py:115} INFO - [2023-04-08 03:01:09,492] {dagbag.py:507} INFO - Filling up the DagBag from /home/airflow/.local/lib/python3.7/site-packages/airflow/example_dags/example_branch_python_dop_operator_3.py
[2023-04-08 03:01:09,501] {processor.py:651} INFO - DAG(s) dict_keys(['example_branch_dop_operator_v3']) retrieved from /home/airflow/.local/lib/python3.7/site-packages/airflow/example_dags/example_branch_python_dop_operator_3.py
[2023-04-08 03:01:09,529] {logging_mixin.py:115} INFO - [2023-04-08 03:01:09,529] {dag.py:2371} INFO - Sync 1 DAGs
[2023-04-08 03:01:09,660] {logging_mixin.py:115} INFO - [2023-04-08 03:01:09,660] {dag.py:2919} INFO - Setting next_dagrun for example_branch_dop_operator_v3 to 2023-04-08T03:00:00+00:00, run_after=2023-04-08T03:01:00+00:00
[2023-04-08 03:01:09,673] {processor.py:161} INFO - Processing /home/airflow/.local/lib/python3.7/site-packages/airflow/example_dags/example_branch_python_dop_operator_3.py took 0.189 seconds
[2023-04-08 03:01:39,904] {processor.py:153} INFO - Started process (PID=927) to work on /home/airflow/.local/lib/python3.7/site-packages/airflow/example_dags/example_branch_python_dop_operator_3.py
[2023-04-08 03:01:39,905] {processor.py:641} INFO - Processing file /home/airflow/.local/lib/python3.7/site-packages/airflow/example_dags/example_branch_python_dop_operator_3.py for tasks to queue
[2023-04-08 03:01:39,912] {logging_mixin.py:115} INFO - [2023-04-08 03:01:39,912] {dagbag.py:507} INFO - Filling up the DagBag from /home/airflow/.local/lib/python3.7/site-packages/airflow/example_dags/example_branch_python_dop_operator_3.py
[2023-04-08 03:01:39,920] {processor.py:651} INFO - DAG(s) dict_keys(['example_branch_dop_operator_v3']) retrieved from /home/airflow/.local/lib/python3.7/site-packages/airflow/example_dags/example_branch_python_dop_operator_3.py
[2023-04-08 03:01:39,941] {logging_mixin.py:115} INFO - [2023-04-08 03:01:39,941] {dag.py:2371} INFO - Sync 1 DAGs
[2023-04-08 03:01:40,057] {logging_mixin.py:115} INFO - [2023-04-08 03:01:40,056] {dag.py:2919} INFO - Setting next_dagrun for example_branch_dop_operator_v3 to 2023-04-08T03:00:00+00:00, run_after=2023-04-08T03:01:00+00:00
[2023-04-08 03:01:40,066] {processor.py:161} INFO - Processing /home/airflow/.local/lib/python3.7/site-packages/airflow/example_dags/example_branch_python_dop_operator_3.py took 0.165 seconds
[2023-04-08 03:02:10,302] {processor.py:153} INFO - Started process (PID=990) to work on /home/airflow/.local/lib/python3.7/site-packages/airflow/example_dags/example_branch_python_dop_operator_3.py
[2023-04-08 03:02:10,303] {processor.py:641} INFO - Processing file /home/airflow/.local/lib/python3.7/site-packages/airflow/example_dags/example_branch_python_dop_operator_3.py for tasks to queue
[2023-04-08 03:02:10,304] {logging_mixin.py:115} INFO - [2023-04-08 03:02:10,304] {dagbag.py:507} INFO - Filling up the DagBag from /home/airflow/.local/lib/python3.7/site-packages/airflow/example_dags/example_branch_python_dop_operator_3.py
[2023-04-08 03:02:10,312] {processor.py:651} INFO - DAG(s) dict_keys(['example_branch_dop_operator_v3']) retrieved from /home/airflow/.local/lib/python3.7/site-packages/airflow/example_dags/example_branch_python_dop_operator_3.py
[2023-04-08 03:02:10,335] {logging_mixin.py:115} INFO - [2023-04-08 03:02:10,335] {dag.py:2371} INFO - Sync 1 DAGs
[2023-04-08 03:02:10,445] {logging_mixin.py:115} INFO - [2023-04-08 03:02:10,445] {dag.py:2919} INFO - Setting next_dagrun for example_branch_dop_operator_v3 to 2023-04-08T03:01:00+00:00, run_after=2023-04-08T03:02:00+00:00
[2023-04-08 03:02:10,455] {processor.py:161} INFO - Processing /home/airflow/.local/lib/python3.7/site-packages/airflow/example_dags/example_branch_python_dop_operator_3.py took 0.156 seconds
[2023-04-08 03:02:40,664] {processor.py:153} INFO - Started process (PID=1053) to work on /home/airflow/.local/lib/python3.7/site-packages/airflow/example_dags/example_branch_python_dop_operator_3.py
[2023-04-08 03:02:40,665] {processor.py:641} INFO - Processing file /home/airflow/.local/lib/python3.7/site-packages/airflow/example_dags/example_branch_python_dop_operator_3.py for tasks to queue
[2023-04-08 03:02:40,667] {logging_mixin.py:115} INFO - [2023-04-08 03:02:40,667] {dagbag.py:507} INFO - Filling up the DagBag from /home/airflow/.local/lib/python3.7/site-packages/airflow/example_dags/example_branch_python_dop_operator_3.py
[2023-04-08 03:02:40,675] {processor.py:651} INFO - DAG(s) dict_keys(['example_branch_dop_operator_v3']) retrieved from /home/airflow/.local/lib/python3.7/site-packages/airflow/example_dags/example_branch_python_dop_operator_3.py
[2023-04-08 03:02:40,702] {logging_mixin.py:115} INFO - [2023-04-08 03:02:40,702] {dag.py:2371} INFO - Sync 1 DAGs
[2023-04-08 03:02:40,814] {logging_mixin.py:115} INFO - [2023-04-08 03:02:40,814] {dag.py:2919} INFO - Setting next_dagrun for example_branch_dop_operator_v3 to 2023-04-08T03:01:00+00:00, run_after=2023-04-08T03:02:00+00:00
[2023-04-08 03:02:40,822] {processor.py:161} INFO - Processing /home/airflow/.local/lib/python3.7/site-packages/airflow/example_dags/example_branch_python_dop_operator_3.py took 0.161 seconds
[2023-04-08 03:03:11,036] {processor.py:153} INFO - Started process (PID=1115) to work on /home/airflow/.local/lib/python3.7/site-packages/airflow/example_dags/example_branch_python_dop_operator_3.py
[2023-04-08 03:03:11,038] {processor.py:641} INFO - Processing file /home/airflow/.local/lib/python3.7/site-packages/airflow/example_dags/example_branch_python_dop_operator_3.py for tasks to queue
[2023-04-08 03:03:11,039] {logging_mixin.py:115} INFO - [2023-04-08 03:03:11,039] {dagbag.py:507} INFO - Filling up the DagBag from /home/airflow/.local/lib/python3.7/site-packages/airflow/example_dags/example_branch_python_dop_operator_3.py
[2023-04-08 03:03:11,047] {processor.py:651} INFO - DAG(s) dict_keys(['example_branch_dop_operator_v3']) retrieved from /home/airflow/.local/lib/python3.7/site-packages/airflow/example_dags/example_branch_python_dop_operator_3.py
[2023-04-08 03:03:11,070] {logging_mixin.py:115} INFO - [2023-04-08 03:03:11,070] {dag.py:2371} INFO - Sync 1 DAGs
[2023-04-08 03:03:11,184] {logging_mixin.py:115} INFO - [2023-04-08 03:03:11,184] {dag.py:2919} INFO - Setting next_dagrun for example_branch_dop_operator_v3 to 2023-04-08T03:02:00+00:00, run_after=2023-04-08T03:03:00+00:00
[2023-04-08 03:03:11,192] {processor.py:161} INFO - Processing /home/airflow/.local/lib/python3.7/site-packages/airflow/example_dags/example_branch_python_dop_operator_3.py took 0.159 seconds
[2023-04-08 03:03:41,486] {processor.py:153} INFO - Started process (PID=1179) to work on /home/airflow/.local/lib/python3.7/site-packages/airflow/example_dags/example_branch_python_dop_operator_3.py
[2023-04-08 03:03:41,488] {processor.py:641} INFO - Processing file /home/airflow/.local/lib/python3.7/site-packages/airflow/example_dags/example_branch_python_dop_operator_3.py for tasks to queue
[2023-04-08 03:03:41,489] {logging_mixin.py:115} INFO - [2023-04-08 03:03:41,489] {dagbag.py:507} INFO - Filling up the DagBag from /home/airflow/.local/lib/python3.7/site-packages/airflow/example_dags/example_branch_python_dop_operator_3.py
[2023-04-08 03:03:41,503] {processor.py:651} INFO - DAG(s) dict_keys(['example_branch_dop_operator_v3']) retrieved from /home/airflow/.local/lib/python3.7/site-packages/airflow/example_dags/example_branch_python_dop_operator_3.py
[2023-04-08 03:03:41,528] {logging_mixin.py:115} INFO - [2023-04-08 03:03:41,528] {dag.py:2371} INFO - Sync 1 DAGs
[2023-04-08 03:03:41,643] {logging_mixin.py:115} INFO - [2023-04-08 03:03:41,643] {dag.py:2919} INFO - Setting next_dagrun for example_branch_dop_operator_v3 to 2023-04-08T03:02:00+00:00, run_after=2023-04-08T03:03:00+00:00
[2023-04-08 03:03:41,652] {processor.py:161} INFO - Processing /home/airflow/.local/lib/python3.7/site-packages/airflow/example_dags/example_branch_python_dop_operator_3.py took 0.168 seconds
[2023-04-08 03:04:11,906] {processor.py:153} INFO - Started process (PID=1233) to work on /home/airflow/.local/lib/python3.7/site-packages/airflow/example_dags/example_branch_python_dop_operator_3.py
[2023-04-08 03:04:11,907] {processor.py:641} INFO - Processing file /home/airflow/.local/lib/python3.7/site-packages/airflow/example_dags/example_branch_python_dop_operator_3.py for tasks to queue
[2023-04-08 03:04:11,909] {logging_mixin.py:115} INFO - [2023-04-08 03:04:11,909] {dagbag.py:507} INFO - Filling up the DagBag from /home/airflow/.local/lib/python3.7/site-packages/airflow/example_dags/example_branch_python_dop_operator_3.py
[2023-04-08 03:04:11,923] {processor.py:651} INFO - DAG(s) dict_keys(['example_branch_dop_operator_v3']) retrieved from /home/airflow/.local/lib/python3.7/site-packages/airflow/example_dags/example_branch_python_dop_operator_3.py
[2023-04-08 03:04:11,948] {logging_mixin.py:115} INFO - [2023-04-08 03:04:11,948] {dag.py:2371} INFO - Sync 1 DAGs
[2023-04-08 03:04:12,069] {logging_mixin.py:115} INFO - [2023-04-08 03:04:12,069] {dag.py:2919} INFO - Setting next_dagrun for example_branch_dop_operator_v3 to 2023-04-08T03:03:00+00:00, run_after=2023-04-08T03:04:00+00:00
[2023-04-08 03:04:12,079] {processor.py:161} INFO - Processing /home/airflow/.local/lib/python3.7/site-packages/airflow/example_dags/example_branch_python_dop_operator_3.py took 0.176 seconds
[2023-04-08 03:04:42,353] {processor.py:153} INFO - Started process (PID=1296) to work on /home/airflow/.local/lib/python3.7/site-packages/airflow/example_dags/example_branch_python_dop_operator_3.py
[2023-04-08 03:04:42,355] {processor.py:641} INFO - Processing file /home/airflow/.local/lib/python3.7/site-packages/airflow/example_dags/example_branch_python_dop_operator_3.py for tasks to queue
[2023-04-08 03:04:42,356] {logging_mixin.py:115} INFO - [2023-04-08 03:04:42,356] {dagbag.py:507} INFO - Filling up the DagBag from /home/airflow/.local/lib/python3.7/site-packages/airflow/example_dags/example_branch_python_dop_operator_3.py
[2023-04-08 03:04:42,370] {processor.py:651} INFO - DAG(s) dict_keys(['example_branch_dop_operator_v3']) retrieved from /home/airflow/.local/lib/python3.7/site-packages/airflow/example_dags/example_branch_python_dop_operator_3.py
[2023-04-08 03:04:42,396] {logging_mixin.py:115} INFO - [2023-04-08 03:04:42,396] {dag.py:2371} INFO - Sync 1 DAGs
[2023-04-08 03:04:42,506] {logging_mixin.py:115} INFO - [2023-04-08 03:04:42,506] {dag.py:2919} INFO - Setting next_dagrun for example_branch_dop_operator_v3 to 2023-04-08T03:03:00+00:00, run_after=2023-04-08T03:04:00+00:00
[2023-04-08 03:04:42,514] {processor.py:161} INFO - Processing /home/airflow/.local/lib/python3.7/site-packages/airflow/example_dags/example_branch_python_dop_operator_3.py took 0.163 seconds
[2023-04-08 03:05:12,881] {processor.py:153} INFO - Started process (PID=1358) to work on /home/airflow/.local/lib/python3.7/site-packages/airflow/example_dags/example_branch_python_dop_operator_3.py
[2023-04-08 03:05:12,883] {processor.py:641} INFO - Processing file /home/airflow/.local/lib/python3.7/site-packages/airflow/example_dags/example_branch_python_dop_operator_3.py for tasks to queue
[2023-04-08 03:05:12,884] {logging_mixin.py:115} INFO - [2023-04-08 03:05:12,884] {dagbag.py:507} INFO - Filling up the DagBag from /home/airflow/.local/lib/python3.7/site-packages/airflow/example_dags/example_branch_python_dop_operator_3.py
[2023-04-08 03:05:12,892] {processor.py:651} INFO - DAG(s) dict_keys(['example_branch_dop_operator_v3']) retrieved from /home/airflow/.local/lib/python3.7/site-packages/airflow/example_dags/example_branch_python_dop_operator_3.py
[2023-04-08 03:05:12,922] {logging_mixin.py:115} INFO - [2023-04-08 03:05:12,921] {dag.py:2371} INFO - Sync 1 DAGs
[2023-04-08 03:05:13,045] {logging_mixin.py:115} INFO - [2023-04-08 03:05:13,045] {dag.py:2919} INFO - Setting next_dagrun for example_branch_dop_operator_v3 to 2023-04-08T03:04:00+00:00, run_after=2023-04-08T03:05:00+00:00
[2023-04-08 03:05:13,054] {processor.py:161} INFO - Processing /home/airflow/.local/lib/python3.7/site-packages/airflow/example_dags/example_branch_python_dop_operator_3.py took 0.176 seconds
[2023-04-08 03:05:43,725] {processor.py:153} INFO - Started process (PID=1421) to work on /home/airflow/.local/lib/python3.7/site-packages/airflow/example_dags/example_branch_python_dop_operator_3.py
[2023-04-08 03:05:43,726] {processor.py:641} INFO - Processing file /home/airflow/.local/lib/python3.7/site-packages/airflow/example_dags/example_branch_python_dop_operator_3.py for tasks to queue
[2023-04-08 03:05:43,729] {logging_mixin.py:115} INFO - [2023-04-08 03:05:43,729] {dagbag.py:507} INFO - Filling up the DagBag from /home/airflow/.local/lib/python3.7/site-packages/airflow/example_dags/example_branch_python_dop_operator_3.py
[2023-04-08 03:05:43,738] {processor.py:651} INFO - DAG(s) dict_keys(['example_branch_dop_operator_v3']) retrieved from /home/airflow/.local/lib/python3.7/site-packages/airflow/example_dags/example_branch_python_dop_operator_3.py
[2023-04-08 03:05:43,763] {logging_mixin.py:115} INFO - [2023-04-08 03:05:43,763] {dag.py:2371} INFO - Sync 1 DAGs
[2023-04-08 03:05:43,879] {logging_mixin.py:115} INFO - [2023-04-08 03:05:43,879] {dag.py:2919} INFO - Setting next_dagrun for example_branch_dop_operator_v3 to 2023-04-08T03:04:00+00:00, run_after=2023-04-08T03:05:00+00:00
[2023-04-08 03:05:43,888] {processor.py:161} INFO - Processing /home/airflow/.local/lib/python3.7/site-packages/airflow/example_dags/example_branch_python_dop_operator_3.py took 0.167 seconds
[2023-04-08 03:06:14,210] {processor.py:153} INFO - Started process (PID=1484) to work on /home/airflow/.local/lib/python3.7/site-packages/airflow/example_dags/example_branch_python_dop_operator_3.py
[2023-04-08 03:06:14,211] {processor.py:641} INFO - Processing file /home/airflow/.local/lib/python3.7/site-packages/airflow/example_dags/example_branch_python_dop_operator_3.py for tasks to queue
[2023-04-08 03:06:14,212] {logging_mixin.py:115} INFO - [2023-04-08 03:06:14,212] {dagbag.py:507} INFO - Filling up the DagBag from /home/airflow/.local/lib/python3.7/site-packages/airflow/example_dags/example_branch_python_dop_operator_3.py
[2023-04-08 03:06:14,227] {processor.py:651} INFO - DAG(s) dict_keys(['example_branch_dop_operator_v3']) retrieved from /home/airflow/.local/lib/python3.7/site-packages/airflow/example_dags/example_branch_python_dop_operator_3.py
[2023-04-08 03:06:14,252] {logging_mixin.py:115} INFO - [2023-04-08 03:06:14,252] {dag.py:2371} INFO - Sync 1 DAGs
[2023-04-08 03:06:14,363] {logging_mixin.py:115} INFO - [2023-04-08 03:06:14,363] {dag.py:2919} INFO - Setting next_dagrun for example_branch_dop_operator_v3 to 2023-04-08T03:05:00+00:00, run_after=2023-04-08T03:06:00+00:00
[2023-04-08 03:06:14,371] {processor.py:161} INFO - Processing /home/airflow/.local/lib/python3.7/site-packages/airflow/example_dags/example_branch_python_dop_operator_3.py took 0.164 seconds
