[2023-04-08 02:54:35,172] {processor.py:153} INFO - Started process (PID=69) to work on /home/airflow/.local/lib/python3.7/site-packages/airflow/example_dags/example_python_operator.py
[2023-04-08 02:54:35,187] {processor.py:641} INFO - Processing file /home/airflow/.local/lib/python3.7/site-packages/airflow/example_dags/example_python_operator.py for tasks to queue
[2023-04-08 02:54:35,197] {logging_mixin.py:115} INFO - [2023-04-08 02:54:35,197] {dagbag.py:507} INFO - Filling up the DagBag from /home/airflow/.local/lib/python3.7/site-packages/airflow/example_dags/example_python_operator.py
[2023-04-08 02:54:35,227] {processor.py:651} INFO - DAG(s) dict_keys(['example_python_operator']) retrieved from /home/airflow/.local/lib/python3.7/site-packages/airflow/example_dags/example_python_operator.py
[2023-04-08 02:54:35,440] {logging_mixin.py:115} INFO - [2023-04-08 02:54:35,440] {manager.py:508} INFO - Created Permission View: can delete on DAG:example_python_operator
[2023-04-08 02:54:35,524] {logging_mixin.py:115} INFO - [2023-04-08 02:54:35,524] {manager.py:508} INFO - Created Permission View: can edit on DAG:example_python_operator
[2023-04-08 02:54:35,538] {logging_mixin.py:115} INFO - [2023-04-08 02:54:35,537] {manager.py:508} INFO - Created Permission View: can read on DAG:example_python_operator
[2023-04-08 02:54:35,549] {logging_mixin.py:115} INFO - [2023-04-08 02:54:35,548] {dag.py:2371} INFO - Sync 1 DAGs
[2023-04-08 02:54:35,562] {logging_mixin.py:115} INFO - [2023-04-08 02:54:35,562] {dag.py:2390} INFO - Creating ORM DAG for example_python_operator
[2023-04-08 02:54:35,581] {logging_mixin.py:115} INFO - [2023-04-08 02:54:35,580] {dag.py:2919} INFO - Setting next_dagrun for example_python_operator to None, run_after=None
[2023-04-08 02:54:35,601] {processor.py:161} INFO - Processing /home/airflow/.local/lib/python3.7/site-packages/airflow/example_dags/example_python_operator.py took 0.433 seconds
[2023-04-08 02:55:06,185] {processor.py:153} INFO - Started process (PID=132) to work on /home/airflow/.local/lib/python3.7/site-packages/airflow/example_dags/example_python_operator.py
[2023-04-08 02:55:06,187] {processor.py:641} INFO - Processing file /home/airflow/.local/lib/python3.7/site-packages/airflow/example_dags/example_python_operator.py for tasks to queue
[2023-04-08 02:55:06,189] {logging_mixin.py:115} INFO - [2023-04-08 02:55:06,189] {dagbag.py:507} INFO - Filling up the DagBag from /home/airflow/.local/lib/python3.7/site-packages/airflow/example_dags/example_python_operator.py
[2023-04-08 02:55:06,212] {processor.py:651} INFO - DAG(s) dict_keys(['example_python_operator']) retrieved from /home/airflow/.local/lib/python3.7/site-packages/airflow/example_dags/example_python_operator.py
[2023-04-08 02:55:06,240] {logging_mixin.py:115} INFO - [2023-04-08 02:55:06,240] {dag.py:2371} INFO - Sync 1 DAGs
[2023-04-08 02:55:06,380] {logging_mixin.py:115} INFO - [2023-04-08 02:55:06,380] {dag.py:2919} INFO - Setting next_dagrun for example_python_operator to None, run_after=None
[2023-04-08 02:55:06,431] {processor.py:161} INFO - Processing /home/airflow/.local/lib/python3.7/site-packages/airflow/example_dags/example_python_operator.py took 0.249 seconds
[2023-04-08 02:55:36,612] {processor.py:153} INFO - Started process (PID=196) to work on /home/airflow/.local/lib/python3.7/site-packages/airflow/example_dags/example_python_operator.py
[2023-04-08 02:55:36,613] {processor.py:641} INFO - Processing file /home/airflow/.local/lib/python3.7/site-packages/airflow/example_dags/example_python_operator.py for tasks to queue
[2023-04-08 02:55:36,619] {logging_mixin.py:115} INFO - [2023-04-08 02:55:36,619] {dagbag.py:507} INFO - Filling up the DagBag from /home/airflow/.local/lib/python3.7/site-packages/airflow/example_dags/example_python_operator.py
[2023-04-08 02:55:36,633] {processor.py:651} INFO - DAG(s) dict_keys(['example_python_operator']) retrieved from /home/airflow/.local/lib/python3.7/site-packages/airflow/example_dags/example_python_operator.py
[2023-04-08 02:55:36,678] {logging_mixin.py:115} INFO - [2023-04-08 02:55:36,678] {dag.py:2371} INFO - Sync 1 DAGs
[2023-04-08 02:55:36,788] {logging_mixin.py:115} INFO - [2023-04-08 02:55:36,788] {dag.py:2919} INFO - Setting next_dagrun for example_python_operator to None, run_after=None
[2023-04-08 02:55:36,802] {processor.py:161} INFO - Processing /home/airflow/.local/lib/python3.7/site-packages/airflow/example_dags/example_python_operator.py took 0.194 seconds
[2023-04-08 02:56:06,878] {processor.py:153} INFO - Started process (PID=259) to work on /home/airflow/.local/lib/python3.7/site-packages/airflow/example_dags/example_python_operator.py
[2023-04-08 02:56:06,880] {processor.py:641} INFO - Processing file /home/airflow/.local/lib/python3.7/site-packages/airflow/example_dags/example_python_operator.py for tasks to queue
[2023-04-08 02:56:06,881] {logging_mixin.py:115} INFO - [2023-04-08 02:56:06,881] {dagbag.py:507} INFO - Filling up the DagBag from /home/airflow/.local/lib/python3.7/site-packages/airflow/example_dags/example_python_operator.py
[2023-04-08 02:56:06,901] {processor.py:651} INFO - DAG(s) dict_keys(['example_python_operator']) retrieved from /home/airflow/.local/lib/python3.7/site-packages/airflow/example_dags/example_python_operator.py
[2023-04-08 02:56:06,932] {logging_mixin.py:115} INFO - [2023-04-08 02:56:06,932] {dag.py:2371} INFO - Sync 1 DAGs
[2023-04-08 02:56:07,053] {logging_mixin.py:115} INFO - [2023-04-08 02:56:07,053] {dag.py:2919} INFO - Setting next_dagrun for example_python_operator to None, run_after=None
[2023-04-08 02:56:07,062] {processor.py:161} INFO - Processing /home/airflow/.local/lib/python3.7/site-packages/airflow/example_dags/example_python_operator.py took 0.186 seconds
[2023-04-08 02:56:37,137] {processor.py:153} INFO - Started process (PID=312) to work on /home/airflow/.local/lib/python3.7/site-packages/airflow/example_dags/example_python_operator.py
[2023-04-08 02:56:37,138] {processor.py:641} INFO - Processing file /home/airflow/.local/lib/python3.7/site-packages/airflow/example_dags/example_python_operator.py for tasks to queue
[2023-04-08 02:56:37,140] {logging_mixin.py:115} INFO - [2023-04-08 02:56:37,140] {dagbag.py:507} INFO - Filling up the DagBag from /home/airflow/.local/lib/python3.7/site-packages/airflow/example_dags/example_python_operator.py
[2023-04-08 02:56:37,155] {processor.py:651} INFO - DAG(s) dict_keys(['example_python_operator']) retrieved from /home/airflow/.local/lib/python3.7/site-packages/airflow/example_dags/example_python_operator.py
[2023-04-08 02:56:37,179] {logging_mixin.py:115} INFO - [2023-04-08 02:56:37,179] {dag.py:2371} INFO - Sync 1 DAGs
[2023-04-08 02:56:37,287] {logging_mixin.py:115} INFO - [2023-04-08 02:56:37,287] {dag.py:2919} INFO - Setting next_dagrun for example_python_operator to None, run_after=None
[2023-04-08 02:56:37,294] {processor.py:161} INFO - Processing /home/airflow/.local/lib/python3.7/site-packages/airflow/example_dags/example_python_operator.py took 0.161 seconds
[2023-04-08 02:57:07,349] {processor.py:153} INFO - Started process (PID=375) to work on /home/airflow/.local/lib/python3.7/site-packages/airflow/example_dags/example_python_operator.py
[2023-04-08 02:57:07,350] {processor.py:641} INFO - Processing file /home/airflow/.local/lib/python3.7/site-packages/airflow/example_dags/example_python_operator.py for tasks to queue
[2023-04-08 02:57:07,351] {logging_mixin.py:115} INFO - [2023-04-08 02:57:07,351] {dagbag.py:507} INFO - Filling up the DagBag from /home/airflow/.local/lib/python3.7/site-packages/airflow/example_dags/example_python_operator.py
[2023-04-08 02:57:07,364] {processor.py:651} INFO - DAG(s) dict_keys(['example_python_operator']) retrieved from /home/airflow/.local/lib/python3.7/site-packages/airflow/example_dags/example_python_operator.py
[2023-04-08 02:57:07,388] {logging_mixin.py:115} INFO - [2023-04-08 02:57:07,388] {dag.py:2371} INFO - Sync 1 DAGs
[2023-04-08 02:57:07,498] {logging_mixin.py:115} INFO - [2023-04-08 02:57:07,498] {dag.py:2919} INFO - Setting next_dagrun for example_python_operator to None, run_after=None
[2023-04-08 02:57:07,506] {processor.py:161} INFO - Processing /home/airflow/.local/lib/python3.7/site-packages/airflow/example_dags/example_python_operator.py took 0.161 seconds
[2023-04-08 02:57:38,286] {processor.py:153} INFO - Started process (PID=438) to work on /home/airflow/.local/lib/python3.7/site-packages/airflow/example_dags/example_python_operator.py
[2023-04-08 02:57:38,287] {processor.py:641} INFO - Processing file /home/airflow/.local/lib/python3.7/site-packages/airflow/example_dags/example_python_operator.py for tasks to queue
[2023-04-08 02:57:38,289] {logging_mixin.py:115} INFO - [2023-04-08 02:57:38,289] {dagbag.py:507} INFO - Filling up the DagBag from /home/airflow/.local/lib/python3.7/site-packages/airflow/example_dags/example_python_operator.py
[2023-04-08 02:57:38,305] {processor.py:651} INFO - DAG(s) dict_keys(['example_python_operator']) retrieved from /home/airflow/.local/lib/python3.7/site-packages/airflow/example_dags/example_python_operator.py
[2023-04-08 02:57:38,332] {logging_mixin.py:115} INFO - [2023-04-08 02:57:38,332] {dag.py:2371} INFO - Sync 1 DAGs
[2023-04-08 02:57:38,443] {logging_mixin.py:115} INFO - [2023-04-08 02:57:38,443] {dag.py:2919} INFO - Setting next_dagrun for example_python_operator to None, run_after=None
[2023-04-08 02:57:38,453] {processor.py:161} INFO - Processing /home/airflow/.local/lib/python3.7/site-packages/airflow/example_dags/example_python_operator.py took 0.170 seconds
[2023-04-08 02:58:08,699] {processor.py:153} INFO - Started process (PID=501) to work on /home/airflow/.local/lib/python3.7/site-packages/airflow/example_dags/example_python_operator.py
[2023-04-08 02:58:08,700] {processor.py:641} INFO - Processing file /home/airflow/.local/lib/python3.7/site-packages/airflow/example_dags/example_python_operator.py for tasks to queue
[2023-04-08 02:58:08,702] {logging_mixin.py:115} INFO - [2023-04-08 02:58:08,702] {dagbag.py:507} INFO - Filling up the DagBag from /home/airflow/.local/lib/python3.7/site-packages/airflow/example_dags/example_python_operator.py
[2023-04-08 02:58:08,723] {processor.py:651} INFO - DAG(s) dict_keys(['example_python_operator']) retrieved from /home/airflow/.local/lib/python3.7/site-packages/airflow/example_dags/example_python_operator.py
[2023-04-08 02:58:08,748] {logging_mixin.py:115} INFO - [2023-04-08 02:58:08,748] {dag.py:2371} INFO - Sync 1 DAGs
[2023-04-08 02:58:08,868] {logging_mixin.py:115} INFO - [2023-04-08 02:58:08,868] {dag.py:2919} INFO - Setting next_dagrun for example_python_operator to None, run_after=None
[2023-04-08 02:58:08,876] {processor.py:161} INFO - Processing /home/airflow/.local/lib/python3.7/site-packages/airflow/example_dags/example_python_operator.py took 0.180 seconds
[2023-04-08 02:58:39,023] {processor.py:153} INFO - Started process (PID=564) to work on /home/airflow/.local/lib/python3.7/site-packages/airflow/example_dags/example_python_operator.py
[2023-04-08 02:58:39,025] {processor.py:641} INFO - Processing file /home/airflow/.local/lib/python3.7/site-packages/airflow/example_dags/example_python_operator.py for tasks to queue
[2023-04-08 02:58:39,028] {logging_mixin.py:115} INFO - [2023-04-08 02:58:39,028] {dagbag.py:507} INFO - Filling up the DagBag from /home/airflow/.local/lib/python3.7/site-packages/airflow/example_dags/example_python_operator.py
[2023-04-08 02:58:39,042] {processor.py:651} INFO - DAG(s) dict_keys(['example_python_operator']) retrieved from /home/airflow/.local/lib/python3.7/site-packages/airflow/example_dags/example_python_operator.py
[2023-04-08 02:58:39,070] {logging_mixin.py:115} INFO - [2023-04-08 02:58:39,070] {dag.py:2371} INFO - Sync 1 DAGs
[2023-04-08 02:58:39,194] {logging_mixin.py:115} INFO - [2023-04-08 02:58:39,194] {dag.py:2919} INFO - Setting next_dagrun for example_python_operator to None, run_after=None
[2023-04-08 02:58:39,204] {processor.py:161} INFO - Processing /home/airflow/.local/lib/python3.7/site-packages/airflow/example_dags/example_python_operator.py took 0.184 seconds
[2023-04-08 02:59:09,601] {processor.py:153} INFO - Started process (PID=618) to work on /home/airflow/.local/lib/python3.7/site-packages/airflow/example_dags/example_python_operator.py
[2023-04-08 02:59:09,607] {processor.py:641} INFO - Processing file /home/airflow/.local/lib/python3.7/site-packages/airflow/example_dags/example_python_operator.py for tasks to queue
[2023-04-08 02:59:09,608] {logging_mixin.py:115} INFO - [2023-04-08 02:59:09,608] {dagbag.py:507} INFO - Filling up the DagBag from /home/airflow/.local/lib/python3.7/site-packages/airflow/example_dags/example_python_operator.py
[2023-04-08 02:59:09,623] {processor.py:651} INFO - DAG(s) dict_keys(['example_python_operator']) retrieved from /home/airflow/.local/lib/python3.7/site-packages/airflow/example_dags/example_python_operator.py
[2023-04-08 02:59:09,649] {logging_mixin.py:115} INFO - [2023-04-08 02:59:09,648] {dag.py:2371} INFO - Sync 1 DAGs
[2023-04-08 02:59:09,770] {logging_mixin.py:115} INFO - [2023-04-08 02:59:09,770] {dag.py:2919} INFO - Setting next_dagrun for example_python_operator to None, run_after=None
[2023-04-08 02:59:09,777] {processor.py:161} INFO - Processing /home/airflow/.local/lib/python3.7/site-packages/airflow/example_dags/example_python_operator.py took 0.180 seconds
[2023-04-08 02:59:39,926] {processor.py:153} INFO - Started process (PID=681) to work on /home/airflow/.local/lib/python3.7/site-packages/airflow/example_dags/example_python_operator.py
[2023-04-08 02:59:39,928] {processor.py:641} INFO - Processing file /home/airflow/.local/lib/python3.7/site-packages/airflow/example_dags/example_python_operator.py for tasks to queue
[2023-04-08 02:59:39,930] {logging_mixin.py:115} INFO - [2023-04-08 02:59:39,930] {dagbag.py:507} INFO - Filling up the DagBag from /home/airflow/.local/lib/python3.7/site-packages/airflow/example_dags/example_python_operator.py
[2023-04-08 02:59:39,943] {processor.py:651} INFO - DAG(s) dict_keys(['example_python_operator']) retrieved from /home/airflow/.local/lib/python3.7/site-packages/airflow/example_dags/example_python_operator.py
[2023-04-08 02:59:39,969] {logging_mixin.py:115} INFO - [2023-04-08 02:59:39,969] {dag.py:2371} INFO - Sync 1 DAGs
[2023-04-08 02:59:40,071] {logging_mixin.py:115} INFO - [2023-04-08 02:59:40,071] {dag.py:2919} INFO - Setting next_dagrun for example_python_operator to None, run_after=None
[2023-04-08 02:59:40,078] {processor.py:161} INFO - Processing /home/airflow/.local/lib/python3.7/site-packages/airflow/example_dags/example_python_operator.py took 0.155 seconds
[2023-04-08 03:00:10,995] {processor.py:153} INFO - Started process (PID=754) to work on /home/airflow/.local/lib/python3.7/site-packages/airflow/example_dags/example_python_operator.py
[2023-04-08 03:00:10,997] {processor.py:641} INFO - Processing file /home/airflow/.local/lib/python3.7/site-packages/airflow/example_dags/example_python_operator.py for tasks to queue
[2023-04-08 03:00:10,998] {logging_mixin.py:115} INFO - [2023-04-08 03:00:10,998] {dagbag.py:507} INFO - Filling up the DagBag from /home/airflow/.local/lib/python3.7/site-packages/airflow/example_dags/example_python_operator.py
[2023-04-08 03:00:11,011] {processor.py:651} INFO - DAG(s) dict_keys(['example_python_operator']) retrieved from /home/airflow/.local/lib/python3.7/site-packages/airflow/example_dags/example_python_operator.py
[2023-04-08 03:00:11,038] {logging_mixin.py:115} INFO - [2023-04-08 03:00:11,038] {dag.py:2371} INFO - Sync 1 DAGs
[2023-04-08 03:00:11,134] {logging_mixin.py:115} INFO - [2023-04-08 03:00:11,134] {dag.py:2919} INFO - Setting next_dagrun for example_python_operator to None, run_after=None
[2023-04-08 03:00:11,141] {processor.py:161} INFO - Processing /home/airflow/.local/lib/python3.7/site-packages/airflow/example_dags/example_python_operator.py took 0.149 seconds
[2023-04-08 03:00:41,594] {processor.py:153} INFO - Started process (PID=816) to work on /home/airflow/.local/lib/python3.7/site-packages/airflow/example_dags/example_python_operator.py
[2023-04-08 03:00:41,595] {processor.py:641} INFO - Processing file /home/airflow/.local/lib/python3.7/site-packages/airflow/example_dags/example_python_operator.py for tasks to queue
[2023-04-08 03:00:41,596] {logging_mixin.py:115} INFO - [2023-04-08 03:00:41,596] {dagbag.py:507} INFO - Filling up the DagBag from /home/airflow/.local/lib/python3.7/site-packages/airflow/example_dags/example_python_operator.py
[2023-04-08 03:00:41,608] {processor.py:651} INFO - DAG(s) dict_keys(['example_python_operator']) retrieved from /home/airflow/.local/lib/python3.7/site-packages/airflow/example_dags/example_python_operator.py
[2023-04-08 03:00:41,632] {logging_mixin.py:115} INFO - [2023-04-08 03:00:41,632] {dag.py:2371} INFO - Sync 1 DAGs
[2023-04-08 03:00:41,729] {logging_mixin.py:115} INFO - [2023-04-08 03:00:41,729] {dag.py:2919} INFO - Setting next_dagrun for example_python_operator to None, run_after=None
[2023-04-08 03:00:41,736] {processor.py:161} INFO - Processing /home/airflow/.local/lib/python3.7/site-packages/airflow/example_dags/example_python_operator.py took 0.146 seconds
[2023-04-08 03:01:11,954] {processor.py:153} INFO - Started process (PID=884) to work on /home/airflow/.local/lib/python3.7/site-packages/airflow/example_dags/example_python_operator.py
[2023-04-08 03:01:11,956] {processor.py:641} INFO - Processing file /home/airflow/.local/lib/python3.7/site-packages/airflow/example_dags/example_python_operator.py for tasks to queue
[2023-04-08 03:01:11,960] {logging_mixin.py:115} INFO - [2023-04-08 03:01:11,960] {dagbag.py:507} INFO - Filling up the DagBag from /home/airflow/.local/lib/python3.7/site-packages/airflow/example_dags/example_python_operator.py
[2023-04-08 03:01:11,974] {processor.py:651} INFO - DAG(s) dict_keys(['example_python_operator']) retrieved from /home/airflow/.local/lib/python3.7/site-packages/airflow/example_dags/example_python_operator.py
[2023-04-08 03:01:12,001] {logging_mixin.py:115} INFO - [2023-04-08 03:01:12,001] {dag.py:2371} INFO - Sync 1 DAGs
[2023-04-08 03:01:12,117] {logging_mixin.py:115} INFO - [2023-04-08 03:01:12,117] {dag.py:2919} INFO - Setting next_dagrun for example_python_operator to None, run_after=None
[2023-04-08 03:01:12,127] {processor.py:161} INFO - Processing /home/airflow/.local/lib/python3.7/site-packages/airflow/example_dags/example_python_operator.py took 0.176 seconds
[2023-04-08 03:01:42,298] {processor.py:153} INFO - Started process (PID=948) to work on /home/airflow/.local/lib/python3.7/site-packages/airflow/example_dags/example_python_operator.py
[2023-04-08 03:01:42,300] {processor.py:641} INFO - Processing file /home/airflow/.local/lib/python3.7/site-packages/airflow/example_dags/example_python_operator.py for tasks to queue
[2023-04-08 03:01:42,302] {logging_mixin.py:115} INFO - [2023-04-08 03:01:42,302] {dagbag.py:507} INFO - Filling up the DagBag from /home/airflow/.local/lib/python3.7/site-packages/airflow/example_dags/example_python_operator.py
[2023-04-08 03:01:42,317] {processor.py:651} INFO - DAG(s) dict_keys(['example_python_operator']) retrieved from /home/airflow/.local/lib/python3.7/site-packages/airflow/example_dags/example_python_operator.py
[2023-04-08 03:01:42,344] {logging_mixin.py:115} INFO - [2023-04-08 03:01:42,343] {dag.py:2371} INFO - Sync 1 DAGs
[2023-04-08 03:01:42,455] {logging_mixin.py:115} INFO - [2023-04-08 03:01:42,454] {dag.py:2919} INFO - Setting next_dagrun for example_python_operator to None, run_after=None
[2023-04-08 03:01:42,463] {processor.py:161} INFO - Processing /home/airflow/.local/lib/python3.7/site-packages/airflow/example_dags/example_python_operator.py took 0.168 seconds
[2023-04-08 03:02:12,840] {processor.py:153} INFO - Started process (PID=1002) to work on /home/airflow/.local/lib/python3.7/site-packages/airflow/example_dags/example_python_operator.py
[2023-04-08 03:02:12,841] {processor.py:641} INFO - Processing file /home/airflow/.local/lib/python3.7/site-packages/airflow/example_dags/example_python_operator.py for tasks to queue
[2023-04-08 03:02:12,843] {logging_mixin.py:115} INFO - [2023-04-08 03:02:12,843] {dagbag.py:507} INFO - Filling up the DagBag from /home/airflow/.local/lib/python3.7/site-packages/airflow/example_dags/example_python_operator.py
[2023-04-08 03:02:12,856] {processor.py:651} INFO - DAG(s) dict_keys(['example_python_operator']) retrieved from /home/airflow/.local/lib/python3.7/site-packages/airflow/example_dags/example_python_operator.py
[2023-04-08 03:02:12,891] {logging_mixin.py:115} INFO - [2023-04-08 03:02:12,891] {dag.py:2371} INFO - Sync 1 DAGs
[2023-04-08 03:02:12,997] {logging_mixin.py:115} INFO - [2023-04-08 03:02:12,997] {dag.py:2919} INFO - Setting next_dagrun for example_python_operator to None, run_after=None
[2023-04-08 03:02:13,005] {processor.py:161} INFO - Processing /home/airflow/.local/lib/python3.7/site-packages/airflow/example_dags/example_python_operator.py took 0.168 seconds
[2023-04-08 03:02:43,239] {processor.py:153} INFO - Started process (PID=1065) to work on /home/airflow/.local/lib/python3.7/site-packages/airflow/example_dags/example_python_operator.py
[2023-04-08 03:02:43,241] {processor.py:641} INFO - Processing file /home/airflow/.local/lib/python3.7/site-packages/airflow/example_dags/example_python_operator.py for tasks to queue
[2023-04-08 03:02:43,242] {logging_mixin.py:115} INFO - [2023-04-08 03:02:43,242] {dagbag.py:507} INFO - Filling up the DagBag from /home/airflow/.local/lib/python3.7/site-packages/airflow/example_dags/example_python_operator.py
[2023-04-08 03:02:43,257] {processor.py:651} INFO - DAG(s) dict_keys(['example_python_operator']) retrieved from /home/airflow/.local/lib/python3.7/site-packages/airflow/example_dags/example_python_operator.py
[2023-04-08 03:02:43,285] {logging_mixin.py:115} INFO - [2023-04-08 03:02:43,285] {dag.py:2371} INFO - Sync 1 DAGs
[2023-04-08 03:02:43,410] {logging_mixin.py:115} INFO - [2023-04-08 03:02:43,410] {dag.py:2919} INFO - Setting next_dagrun for example_python_operator to None, run_after=None
[2023-04-08 03:02:43,417] {processor.py:161} INFO - Processing /home/airflow/.local/lib/python3.7/site-packages/airflow/example_dags/example_python_operator.py took 0.180 seconds
[2023-04-08 03:03:13,551] {processor.py:153} INFO - Started process (PID=1127) to work on /home/airflow/.local/lib/python3.7/site-packages/airflow/example_dags/example_python_operator.py
[2023-04-08 03:03:13,553] {processor.py:641} INFO - Processing file /home/airflow/.local/lib/python3.7/site-packages/airflow/example_dags/example_python_operator.py for tasks to queue
[2023-04-08 03:03:13,555] {logging_mixin.py:115} INFO - [2023-04-08 03:03:13,555] {dagbag.py:507} INFO - Filling up the DagBag from /home/airflow/.local/lib/python3.7/site-packages/airflow/example_dags/example_python_operator.py
[2023-04-08 03:03:13,569] {processor.py:651} INFO - DAG(s) dict_keys(['example_python_operator']) retrieved from /home/airflow/.local/lib/python3.7/site-packages/airflow/example_dags/example_python_operator.py
[2023-04-08 03:03:13,614] {logging_mixin.py:115} INFO - [2023-04-08 03:03:13,614] {dag.py:2371} INFO - Sync 1 DAGs
[2023-04-08 03:03:13,734] {logging_mixin.py:115} INFO - [2023-04-08 03:03:13,734] {dag.py:2919} INFO - Setting next_dagrun for example_python_operator to None, run_after=None
[2023-04-08 03:03:13,742] {processor.py:161} INFO - Processing /home/airflow/.local/lib/python3.7/site-packages/airflow/example_dags/example_python_operator.py took 0.195 seconds
[2023-04-08 03:03:44,083] {processor.py:153} INFO - Started process (PID=1191) to work on /home/airflow/.local/lib/python3.7/site-packages/airflow/example_dags/example_python_operator.py
[2023-04-08 03:03:44,086] {processor.py:641} INFO - Processing file /home/airflow/.local/lib/python3.7/site-packages/airflow/example_dags/example_python_operator.py for tasks to queue
[2023-04-08 03:03:44,095] {logging_mixin.py:115} INFO - [2023-04-08 03:03:44,095] {dagbag.py:507} INFO - Filling up the DagBag from /home/airflow/.local/lib/python3.7/site-packages/airflow/example_dags/example_python_operator.py
[2023-04-08 03:03:44,110] {processor.py:651} INFO - DAG(s) dict_keys(['example_python_operator']) retrieved from /home/airflow/.local/lib/python3.7/site-packages/airflow/example_dags/example_python_operator.py
[2023-04-08 03:03:44,138] {logging_mixin.py:115} INFO - [2023-04-08 03:03:44,137] {dag.py:2371} INFO - Sync 1 DAGs
[2023-04-08 03:03:44,249] {logging_mixin.py:115} INFO - [2023-04-08 03:03:44,249] {dag.py:2919} INFO - Setting next_dagrun for example_python_operator to None, run_after=None
[2023-04-08 03:03:44,258] {processor.py:161} INFO - Processing /home/airflow/.local/lib/python3.7/site-packages/airflow/example_dags/example_python_operator.py took 0.177 seconds
[2023-04-08 03:04:14,459] {processor.py:153} INFO - Started process (PID=1254) to work on /home/airflow/.local/lib/python3.7/site-packages/airflow/example_dags/example_python_operator.py
[2023-04-08 03:04:14,460] {processor.py:641} INFO - Processing file /home/airflow/.local/lib/python3.7/site-packages/airflow/example_dags/example_python_operator.py for tasks to queue
[2023-04-08 03:04:14,461] {logging_mixin.py:115} INFO - [2023-04-08 03:04:14,461] {dagbag.py:507} INFO - Filling up the DagBag from /home/airflow/.local/lib/python3.7/site-packages/airflow/example_dags/example_python_operator.py
[2023-04-08 03:04:14,476] {processor.py:651} INFO - DAG(s) dict_keys(['example_python_operator']) retrieved from /home/airflow/.local/lib/python3.7/site-packages/airflow/example_dags/example_python_operator.py
[2023-04-08 03:04:14,505] {logging_mixin.py:115} INFO - [2023-04-08 03:04:14,505] {dag.py:2371} INFO - Sync 1 DAGs
[2023-04-08 03:04:14,614] {logging_mixin.py:115} INFO - [2023-04-08 03:04:14,614] {dag.py:2919} INFO - Setting next_dagrun for example_python_operator to None, run_after=None
[2023-04-08 03:04:14,621] {processor.py:161} INFO - Processing /home/airflow/.local/lib/python3.7/site-packages/airflow/example_dags/example_python_operator.py took 0.165 seconds
[2023-04-08 03:04:44,936] {processor.py:153} INFO - Started process (PID=1308) to work on /home/airflow/.local/lib/python3.7/site-packages/airflow/example_dags/example_python_operator.py
[2023-04-08 03:04:44,938] {processor.py:641} INFO - Processing file /home/airflow/.local/lib/python3.7/site-packages/airflow/example_dags/example_python_operator.py for tasks to queue
[2023-04-08 03:04:44,941] {logging_mixin.py:115} INFO - [2023-04-08 03:04:44,941] {dagbag.py:507} INFO - Filling up the DagBag from /home/airflow/.local/lib/python3.7/site-packages/airflow/example_dags/example_python_operator.py
[2023-04-08 03:04:44,956] {processor.py:651} INFO - DAG(s) dict_keys(['example_python_operator']) retrieved from /home/airflow/.local/lib/python3.7/site-packages/airflow/example_dags/example_python_operator.py
[2023-04-08 03:04:45,078] {logging_mixin.py:115} INFO - [2023-04-08 03:04:45,078] {dag.py:2371} INFO - Sync 1 DAGs
[2023-04-08 03:04:45,092] {logging_mixin.py:115} INFO - [2023-04-08 03:04:45,092] {dag.py:2919} INFO - Setting next_dagrun for example_python_operator to None, run_after=None
[2023-04-08 03:04:45,104] {processor.py:161} INFO - Processing /home/airflow/.local/lib/python3.7/site-packages/airflow/example_dags/example_python_operator.py took 0.171 seconds
[2023-04-08 03:05:15,228] {processor.py:153} INFO - Started process (PID=1370) to work on /home/airflow/.local/lib/python3.7/site-packages/airflow/example_dags/example_python_operator.py
[2023-04-08 03:05:15,230] {processor.py:641} INFO - Processing file /home/airflow/.local/lib/python3.7/site-packages/airflow/example_dags/example_python_operator.py for tasks to queue
[2023-04-08 03:05:15,231] {logging_mixin.py:115} INFO - [2023-04-08 03:05:15,231] {dagbag.py:507} INFO - Filling up the DagBag from /home/airflow/.local/lib/python3.7/site-packages/airflow/example_dags/example_python_operator.py
[2023-04-08 03:05:15,244] {processor.py:651} INFO - DAG(s) dict_keys(['example_python_operator']) retrieved from /home/airflow/.local/lib/python3.7/site-packages/airflow/example_dags/example_python_operator.py
[2023-04-08 03:05:15,367] {logging_mixin.py:115} INFO - [2023-04-08 03:05:15,367] {dag.py:2371} INFO - Sync 1 DAGs
[2023-04-08 03:05:15,380] {logging_mixin.py:115} INFO - [2023-04-08 03:05:15,380] {dag.py:2919} INFO - Setting next_dagrun for example_python_operator to None, run_after=None
[2023-04-08 03:05:15,388] {processor.py:161} INFO - Processing /home/airflow/.local/lib/python3.7/site-packages/airflow/example_dags/example_python_operator.py took 0.163 seconds
[2023-04-08 03:05:46,156] {processor.py:153} INFO - Started process (PID=1433) to work on /home/airflow/.local/lib/python3.7/site-packages/airflow/example_dags/example_python_operator.py
[2023-04-08 03:05:46,159] {processor.py:641} INFO - Processing file /home/airflow/.local/lib/python3.7/site-packages/airflow/example_dags/example_python_operator.py for tasks to queue
[2023-04-08 03:05:46,162] {logging_mixin.py:115} INFO - [2023-04-08 03:05:46,162] {dagbag.py:507} INFO - Filling up the DagBag from /home/airflow/.local/lib/python3.7/site-packages/airflow/example_dags/example_python_operator.py
[2023-04-08 03:05:46,176] {processor.py:651} INFO - DAG(s) dict_keys(['example_python_operator']) retrieved from /home/airflow/.local/lib/python3.7/site-packages/airflow/example_dags/example_python_operator.py
[2023-04-08 03:05:46,303] {logging_mixin.py:115} INFO - [2023-04-08 03:05:46,303] {dag.py:2371} INFO - Sync 1 DAGs
[2023-04-08 03:05:46,316] {logging_mixin.py:115} INFO - [2023-04-08 03:05:46,316] {dag.py:2919} INFO - Setting next_dagrun for example_python_operator to None, run_after=None
[2023-04-08 03:05:46,325] {processor.py:161} INFO - Processing /home/airflow/.local/lib/python3.7/site-packages/airflow/example_dags/example_python_operator.py took 0.176 seconds
[2023-04-08 03:06:16,763] {processor.py:153} INFO - Started process (PID=1496) to work on /home/airflow/.local/lib/python3.7/site-packages/airflow/example_dags/example_python_operator.py
[2023-04-08 03:06:16,765] {processor.py:641} INFO - Processing file /home/airflow/.local/lib/python3.7/site-packages/airflow/example_dags/example_python_operator.py for tasks to queue
[2023-04-08 03:06:16,766] {logging_mixin.py:115} INFO - [2023-04-08 03:06:16,766] {dagbag.py:507} INFO - Filling up the DagBag from /home/airflow/.local/lib/python3.7/site-packages/airflow/example_dags/example_python_operator.py
[2023-04-08 03:06:16,779] {processor.py:651} INFO - DAG(s) dict_keys(['example_python_operator']) retrieved from /home/airflow/.local/lib/python3.7/site-packages/airflow/example_dags/example_python_operator.py
[2023-04-08 03:06:16,900] {logging_mixin.py:115} INFO - [2023-04-08 03:06:16,900] {dag.py:2371} INFO - Sync 1 DAGs
[2023-04-08 03:06:16,913] {logging_mixin.py:115} INFO - [2023-04-08 03:06:16,913] {dag.py:2919} INFO - Setting next_dagrun for example_python_operator to None, run_after=None
[2023-04-08 03:06:16,922] {processor.py:161} INFO - Processing /home/airflow/.local/lib/python3.7/site-packages/airflow/example_dags/example_python_operator.py took 0.162 seconds
