[2023-04-08 02:54:33,034] {processor.py:153} INFO - Started process (PID=63) to work on /home/airflow/.local/lib/python3.7/site-packages/airflow/example_dags/example_branch_datetime_operator.py
[2023-04-08 02:54:33,042] {processor.py:641} INFO - Processing file /home/airflow/.local/lib/python3.7/site-packages/airflow/example_dags/example_branch_datetime_operator.py for tasks to queue
[2023-04-08 02:54:33,051] {logging_mixin.py:115} INFO - [2023-04-08 02:54:33,051] {dagbag.py:507} INFO - Filling up the DagBag from /home/airflow/.local/lib/python3.7/site-packages/airflow/example_dags/example_branch_datetime_operator.py
[2023-04-08 02:54:33,065] {processor.py:651} INFO - DAG(s) dict_keys(['example_branch_datetime_operator_2']) retrieved from /home/airflow/.local/lib/python3.7/site-packages/airflow/example_dags/example_branch_datetime_operator.py
[2023-04-08 02:54:33,219] {logging_mixin.py:115} INFO - [2023-04-08 02:54:33,219] {manager.py:508} INFO - Created Permission View: can delete on DAG:example_branch_datetime_operator_2
[2023-04-08 02:54:33,238] {logging_mixin.py:115} INFO - [2023-04-08 02:54:33,237] {manager.py:508} INFO - Created Permission View: can edit on DAG:example_branch_datetime_operator_2
[2023-04-08 02:54:33,252] {logging_mixin.py:115} INFO - [2023-04-08 02:54:33,252] {manager.py:508} INFO - Created Permission View: can read on DAG:example_branch_datetime_operator_2
[2023-04-08 02:54:33,260] {logging_mixin.py:115} INFO - [2023-04-08 02:54:33,260] {dag.py:2371} INFO - Sync 1 DAGs
[2023-04-08 02:54:33,276] {logging_mixin.py:115} INFO - [2023-04-08 02:54:33,276] {dag.py:2390} INFO - Creating ORM DAG for example_branch_datetime_operator_2
[2023-04-08 02:54:33,298] {logging_mixin.py:115} INFO - [2023-04-08 02:54:33,298] {dag.py:2919} INFO - Setting next_dagrun for example_branch_datetime_operator_2 to 2023-04-07T00:00:00+00:00, run_after=2023-04-08T00:00:00+00:00
[2023-04-08 02:54:33,320] {processor.py:161} INFO - Processing /home/airflow/.local/lib/python3.7/site-packages/airflow/example_dags/example_branch_datetime_operator.py took 0.291 seconds
[2023-04-08 02:55:03,463] {processor.py:153} INFO - Started process (PID=126) to work on /home/airflow/.local/lib/python3.7/site-packages/airflow/example_dags/example_branch_datetime_operator.py
[2023-04-08 02:55:03,467] {processor.py:641} INFO - Processing file /home/airflow/.local/lib/python3.7/site-packages/airflow/example_dags/example_branch_datetime_operator.py for tasks to queue
[2023-04-08 02:55:03,469] {logging_mixin.py:115} INFO - [2023-04-08 02:55:03,469] {dagbag.py:507} INFO - Filling up the DagBag from /home/airflow/.local/lib/python3.7/site-packages/airflow/example_dags/example_branch_datetime_operator.py
[2023-04-08 02:55:03,478] {processor.py:651} INFO - DAG(s) dict_keys(['example_branch_datetime_operator_2']) retrieved from /home/airflow/.local/lib/python3.7/site-packages/airflow/example_dags/example_branch_datetime_operator.py
[2023-04-08 02:55:03,510] {logging_mixin.py:115} INFO - [2023-04-08 02:55:03,510] {dag.py:2371} INFO - Sync 1 DAGs
[2023-04-08 02:55:03,538] {logging_mixin.py:115} INFO - [2023-04-08 02:55:03,538] {dag.py:2919} INFO - Setting next_dagrun for example_branch_datetime_operator_2 to 2023-04-07T00:00:00+00:00, run_after=2023-04-08T00:00:00+00:00
[2023-04-08 02:55:03,666] {processor.py:161} INFO - Processing /home/airflow/.local/lib/python3.7/site-packages/airflow/example_dags/example_branch_datetime_operator.py took 0.207 seconds
[2023-04-08 02:55:33,780] {processor.py:153} INFO - Started process (PID=190) to work on /home/airflow/.local/lib/python3.7/site-packages/airflow/example_dags/example_branch_datetime_operator.py
[2023-04-08 02:55:33,784] {processor.py:641} INFO - Processing file /home/airflow/.local/lib/python3.7/site-packages/airflow/example_dags/example_branch_datetime_operator.py for tasks to queue
[2023-04-08 02:55:33,785] {logging_mixin.py:115} INFO - [2023-04-08 02:55:33,785] {dagbag.py:507} INFO - Filling up the DagBag from /home/airflow/.local/lib/python3.7/site-packages/airflow/example_dags/example_branch_datetime_operator.py
[2023-04-08 02:55:33,793] {processor.py:651} INFO - DAG(s) dict_keys(['example_branch_datetime_operator_2']) retrieved from /home/airflow/.local/lib/python3.7/site-packages/airflow/example_dags/example_branch_datetime_operator.py
[2023-04-08 02:55:33,817] {logging_mixin.py:115} INFO - [2023-04-08 02:55:33,817] {dag.py:2371} INFO - Sync 1 DAGs
[2023-04-08 02:55:33,838] {logging_mixin.py:115} INFO - [2023-04-08 02:55:33,838] {dag.py:2919} INFO - Setting next_dagrun for example_branch_datetime_operator_2 to 2023-04-07T00:00:00+00:00, run_after=2023-04-08T00:00:00+00:00
[2023-04-08 02:55:33,960] {processor.py:161} INFO - Processing /home/airflow/.local/lib/python3.7/site-packages/airflow/example_dags/example_branch_datetime_operator.py took 0.183 seconds
[2023-04-08 02:56:04,207] {processor.py:153} INFO - Started process (PID=244) to work on /home/airflow/.local/lib/python3.7/site-packages/airflow/example_dags/example_branch_datetime_operator.py
[2023-04-08 02:56:04,209] {processor.py:641} INFO - Processing file /home/airflow/.local/lib/python3.7/site-packages/airflow/example_dags/example_branch_datetime_operator.py for tasks to queue
[2023-04-08 02:56:04,211] {logging_mixin.py:115} INFO - [2023-04-08 02:56:04,211] {dagbag.py:507} INFO - Filling up the DagBag from /home/airflow/.local/lib/python3.7/site-packages/airflow/example_dags/example_branch_datetime_operator.py
[2023-04-08 02:56:04,218] {processor.py:651} INFO - DAG(s) dict_keys(['example_branch_datetime_operator_2']) retrieved from /home/airflow/.local/lib/python3.7/site-packages/airflow/example_dags/example_branch_datetime_operator.py
[2023-04-08 02:56:04,242] {logging_mixin.py:115} INFO - [2023-04-08 02:56:04,242] {dag.py:2371} INFO - Sync 1 DAGs
[2023-04-08 02:56:04,262] {logging_mixin.py:115} INFO - [2023-04-08 02:56:04,262] {dag.py:2919} INFO - Setting next_dagrun for example_branch_datetime_operator_2 to 2023-04-07T00:00:00+00:00, run_after=2023-04-08T00:00:00+00:00
[2023-04-08 02:56:04,380] {processor.py:161} INFO - Processing /home/airflow/.local/lib/python3.7/site-packages/airflow/example_dags/example_branch_datetime_operator.py took 0.176 seconds
[2023-04-08 02:56:34,666] {processor.py:153} INFO - Started process (PID=307) to work on /home/airflow/.local/lib/python3.7/site-packages/airflow/example_dags/example_branch_datetime_operator.py
[2023-04-08 02:56:34,667] {processor.py:641} INFO - Processing file /home/airflow/.local/lib/python3.7/site-packages/airflow/example_dags/example_branch_datetime_operator.py for tasks to queue
[2023-04-08 02:56:34,673] {logging_mixin.py:115} INFO - [2023-04-08 02:56:34,673] {dagbag.py:507} INFO - Filling up the DagBag from /home/airflow/.local/lib/python3.7/site-packages/airflow/example_dags/example_branch_datetime_operator.py
[2023-04-08 02:56:34,681] {processor.py:651} INFO - DAG(s) dict_keys(['example_branch_datetime_operator_2']) retrieved from /home/airflow/.local/lib/python3.7/site-packages/airflow/example_dags/example_branch_datetime_operator.py
[2023-04-08 02:56:34,707] {logging_mixin.py:115} INFO - [2023-04-08 02:56:34,707] {dag.py:2371} INFO - Sync 1 DAGs
[2023-04-08 02:56:34,727] {logging_mixin.py:115} INFO - [2023-04-08 02:56:34,727] {dag.py:2919} INFO - Setting next_dagrun for example_branch_datetime_operator_2 to 2023-04-07T00:00:00+00:00, run_after=2023-04-08T00:00:00+00:00
[2023-04-08 02:56:34,838] {processor.py:161} INFO - Processing /home/airflow/.local/lib/python3.7/site-packages/airflow/example_dags/example_branch_datetime_operator.py took 0.175 seconds
[2023-04-08 02:57:05,782] {processor.py:153} INFO - Started process (PID=370) to work on /home/airflow/.local/lib/python3.7/site-packages/airflow/example_dags/example_branch_datetime_operator.py
[2023-04-08 02:57:05,784] {processor.py:641} INFO - Processing file /home/airflow/.local/lib/python3.7/site-packages/airflow/example_dags/example_branch_datetime_operator.py for tasks to queue
[2023-04-08 02:57:05,785] {logging_mixin.py:115} INFO - [2023-04-08 02:57:05,785] {dagbag.py:507} INFO - Filling up the DagBag from /home/airflow/.local/lib/python3.7/site-packages/airflow/example_dags/example_branch_datetime_operator.py
[2023-04-08 02:57:05,793] {processor.py:651} INFO - DAG(s) dict_keys(['example_branch_datetime_operator_2']) retrieved from /home/airflow/.local/lib/python3.7/site-packages/airflow/example_dags/example_branch_datetime_operator.py
[2023-04-08 02:57:05,816] {logging_mixin.py:115} INFO - [2023-04-08 02:57:05,816] {dag.py:2371} INFO - Sync 1 DAGs
[2023-04-08 02:57:05,832] {logging_mixin.py:115} INFO - [2023-04-08 02:57:05,832] {dag.py:2919} INFO - Setting next_dagrun for example_branch_datetime_operator_2 to 2023-04-07T00:00:00+00:00, run_after=2023-04-08T00:00:00+00:00
[2023-04-08 02:57:05,946] {processor.py:161} INFO - Processing /home/airflow/.local/lib/python3.7/site-packages/airflow/example_dags/example_branch_datetime_operator.py took 0.166 seconds
[2023-04-08 02:57:36,671] {processor.py:153} INFO - Started process (PID=433) to work on /home/airflow/.local/lib/python3.7/site-packages/airflow/example_dags/example_branch_datetime_operator.py
[2023-04-08 02:57:36,672] {processor.py:641} INFO - Processing file /home/airflow/.local/lib/python3.7/site-packages/airflow/example_dags/example_branch_datetime_operator.py for tasks to queue
[2023-04-08 02:57:36,674] {logging_mixin.py:115} INFO - [2023-04-08 02:57:36,674] {dagbag.py:507} INFO - Filling up the DagBag from /home/airflow/.local/lib/python3.7/site-packages/airflow/example_dags/example_branch_datetime_operator.py
[2023-04-08 02:57:36,681] {processor.py:651} INFO - DAG(s) dict_keys(['example_branch_datetime_operator_2']) retrieved from /home/airflow/.local/lib/python3.7/site-packages/airflow/example_dags/example_branch_datetime_operator.py
[2023-04-08 02:57:36,806] {logging_mixin.py:115} INFO - [2023-04-08 02:57:36,806] {dag.py:2371} INFO - Sync 1 DAGs
[2023-04-08 02:57:36,828] {logging_mixin.py:115} INFO - [2023-04-08 02:57:36,828] {dag.py:2919} INFO - Setting next_dagrun for example_branch_datetime_operator_2 to 2023-04-07T00:00:00+00:00, run_after=2023-04-08T00:00:00+00:00
[2023-04-08 02:57:36,948] {processor.py:161} INFO - Processing /home/airflow/.local/lib/python3.7/site-packages/airflow/example_dags/example_branch_datetime_operator.py took 0.280 seconds
[2023-04-08 02:58:07,333] {processor.py:153} INFO - Started process (PID=496) to work on /home/airflow/.local/lib/python3.7/site-packages/airflow/example_dags/example_branch_datetime_operator.py
[2023-04-08 02:58:07,335] {processor.py:641} INFO - Processing file /home/airflow/.local/lib/python3.7/site-packages/airflow/example_dags/example_branch_datetime_operator.py for tasks to queue
[2023-04-08 02:58:07,337] {logging_mixin.py:115} INFO - [2023-04-08 02:58:07,336] {dagbag.py:507} INFO - Filling up the DagBag from /home/airflow/.local/lib/python3.7/site-packages/airflow/example_dags/example_branch_datetime_operator.py
[2023-04-08 02:58:07,344] {processor.py:651} INFO - DAG(s) dict_keys(['example_branch_datetime_operator_2']) retrieved from /home/airflow/.local/lib/python3.7/site-packages/airflow/example_dags/example_branch_datetime_operator.py
[2023-04-08 02:58:07,369] {logging_mixin.py:115} INFO - [2023-04-08 02:58:07,369] {dag.py:2371} INFO - Sync 1 DAGs
[2023-04-08 02:58:07,385] {logging_mixin.py:115} INFO - [2023-04-08 02:58:07,385] {dag.py:2919} INFO - Setting next_dagrun for example_branch_datetime_operator_2 to 2023-04-07T00:00:00+00:00, run_after=2023-04-08T00:00:00+00:00
[2023-04-08 02:58:07,483] {processor.py:161} INFO - Processing /home/airflow/.local/lib/python3.7/site-packages/airflow/example_dags/example_branch_datetime_operator.py took 0.154 seconds
[2023-04-08 02:58:37,641] {processor.py:153} INFO - Started process (PID=559) to work on /home/airflow/.local/lib/python3.7/site-packages/airflow/example_dags/example_branch_datetime_operator.py
[2023-04-08 02:58:37,646] {processor.py:641} INFO - Processing file /home/airflow/.local/lib/python3.7/site-packages/airflow/example_dags/example_branch_datetime_operator.py for tasks to queue
[2023-04-08 02:58:37,647] {logging_mixin.py:115} INFO - [2023-04-08 02:58:37,647] {dagbag.py:507} INFO - Filling up the DagBag from /home/airflow/.local/lib/python3.7/site-packages/airflow/example_dags/example_branch_datetime_operator.py
[2023-04-08 02:58:37,654] {processor.py:651} INFO - DAG(s) dict_keys(['example_branch_datetime_operator_2']) retrieved from /home/airflow/.local/lib/python3.7/site-packages/airflow/example_dags/example_branch_datetime_operator.py
[2023-04-08 02:58:37,680] {logging_mixin.py:115} INFO - [2023-04-08 02:58:37,680] {dag.py:2371} INFO - Sync 1 DAGs
[2023-04-08 02:58:37,698] {logging_mixin.py:115} INFO - [2023-04-08 02:58:37,698] {dag.py:2919} INFO - Setting next_dagrun for example_branch_datetime_operator_2 to 2023-04-07T00:00:00+00:00, run_after=2023-04-08T00:00:00+00:00
[2023-04-08 02:58:37,802] {processor.py:161} INFO - Processing /home/airflow/.local/lib/python3.7/site-packages/airflow/example_dags/example_branch_datetime_operator.py took 0.164 seconds
[2023-04-08 02:59:08,108] {processor.py:153} INFO - Started process (PID=613) to work on /home/airflow/.local/lib/python3.7/site-packages/airflow/example_dags/example_branch_datetime_operator.py
[2023-04-08 02:59:08,113] {processor.py:641} INFO - Processing file /home/airflow/.local/lib/python3.7/site-packages/airflow/example_dags/example_branch_datetime_operator.py for tasks to queue
[2023-04-08 02:59:08,115] {logging_mixin.py:115} INFO - [2023-04-08 02:59:08,115] {dagbag.py:507} INFO - Filling up the DagBag from /home/airflow/.local/lib/python3.7/site-packages/airflow/example_dags/example_branch_datetime_operator.py
[2023-04-08 02:59:08,122] {processor.py:651} INFO - DAG(s) dict_keys(['example_branch_datetime_operator_2']) retrieved from /home/airflow/.local/lib/python3.7/site-packages/airflow/example_dags/example_branch_datetime_operator.py
[2023-04-08 02:59:08,162] {logging_mixin.py:115} INFO - [2023-04-08 02:59:08,161] {dag.py:2371} INFO - Sync 1 DAGs
[2023-04-08 02:59:08,180] {logging_mixin.py:115} INFO - [2023-04-08 02:59:08,180] {dag.py:2919} INFO - Setting next_dagrun for example_branch_datetime_operator_2 to 2023-04-07T00:00:00+00:00, run_after=2023-04-08T00:00:00+00:00
[2023-04-08 02:59:08,284] {processor.py:161} INFO - Processing /home/airflow/.local/lib/python3.7/site-packages/airflow/example_dags/example_branch_datetime_operator.py took 0.179 seconds
[2023-04-08 02:59:39,288] {processor.py:153} INFO - Started process (PID=676) to work on /home/airflow/.local/lib/python3.7/site-packages/airflow/example_dags/example_branch_datetime_operator.py
[2023-04-08 02:59:39,290] {processor.py:641} INFO - Processing file /home/airflow/.local/lib/python3.7/site-packages/airflow/example_dags/example_branch_datetime_operator.py for tasks to queue
[2023-04-08 02:59:39,292] {logging_mixin.py:115} INFO - [2023-04-08 02:59:39,292] {dagbag.py:507} INFO - Filling up the DagBag from /home/airflow/.local/lib/python3.7/site-packages/airflow/example_dags/example_branch_datetime_operator.py
[2023-04-08 02:59:39,300] {processor.py:651} INFO - DAG(s) dict_keys(['example_branch_datetime_operator_2']) retrieved from /home/airflow/.local/lib/python3.7/site-packages/airflow/example_dags/example_branch_datetime_operator.py
[2023-04-08 02:59:39,326] {logging_mixin.py:115} INFO - [2023-04-08 02:59:39,326] {dag.py:2371} INFO - Sync 1 DAGs
[2023-04-08 02:59:39,435] {logging_mixin.py:115} INFO - [2023-04-08 02:59:39,435] {dag.py:2919} INFO - Setting next_dagrun for example_branch_datetime_operator_2 to 2023-04-07T00:00:00+00:00, run_after=2023-04-08T00:00:00+00:00
[2023-04-08 02:59:39,444] {processor.py:161} INFO - Processing /home/airflow/.local/lib/python3.7/site-packages/airflow/example_dags/example_branch_datetime_operator.py took 0.159 seconds
[2023-04-08 03:00:10,336] {processor.py:153} INFO - Started process (PID=749) to work on /home/airflow/.local/lib/python3.7/site-packages/airflow/example_dags/example_branch_datetime_operator.py
[2023-04-08 03:00:10,338] {processor.py:641} INFO - Processing file /home/airflow/.local/lib/python3.7/site-packages/airflow/example_dags/example_branch_datetime_operator.py for tasks to queue
[2023-04-08 03:00:10,346] {logging_mixin.py:115} INFO - [2023-04-08 03:00:10,346] {dagbag.py:507} INFO - Filling up the DagBag from /home/airflow/.local/lib/python3.7/site-packages/airflow/example_dags/example_branch_datetime_operator.py
[2023-04-08 03:00:10,355] {processor.py:651} INFO - DAG(s) dict_keys(['example_branch_datetime_operator_2']) retrieved from /home/airflow/.local/lib/python3.7/site-packages/airflow/example_dags/example_branch_datetime_operator.py
[2023-04-08 03:00:10,384] {logging_mixin.py:115} INFO - [2023-04-08 03:00:10,384] {dag.py:2371} INFO - Sync 1 DAGs
[2023-04-08 03:00:10,507] {logging_mixin.py:115} INFO - [2023-04-08 03:00:10,507] {dag.py:2919} INFO - Setting next_dagrun for example_branch_datetime_operator_2 to 2023-04-07T00:00:00+00:00, run_after=2023-04-08T00:00:00+00:00
[2023-04-08 03:00:10,518] {processor.py:161} INFO - Processing /home/airflow/.local/lib/python3.7/site-packages/airflow/example_dags/example_branch_datetime_operator.py took 0.185 seconds
[2023-04-08 03:00:40,800] {processor.py:153} INFO - Started process (PID=811) to work on /home/airflow/.local/lib/python3.7/site-packages/airflow/example_dags/example_branch_datetime_operator.py
[2023-04-08 03:00:40,802] {processor.py:641} INFO - Processing file /home/airflow/.local/lib/python3.7/site-packages/airflow/example_dags/example_branch_datetime_operator.py for tasks to queue
[2023-04-08 03:00:40,803] {logging_mixin.py:115} INFO - [2023-04-08 03:00:40,803] {dagbag.py:507} INFO - Filling up the DagBag from /home/airflow/.local/lib/python3.7/site-packages/airflow/example_dags/example_branch_datetime_operator.py
[2023-04-08 03:00:40,811] {processor.py:651} INFO - DAG(s) dict_keys(['example_branch_datetime_operator_2']) retrieved from /home/airflow/.local/lib/python3.7/site-packages/airflow/example_dags/example_branch_datetime_operator.py
[2023-04-08 03:00:40,837] {logging_mixin.py:115} INFO - [2023-04-08 03:00:40,837] {dag.py:2371} INFO - Sync 1 DAGs
[2023-04-08 03:00:40,943] {logging_mixin.py:115} INFO - [2023-04-08 03:00:40,943] {dag.py:2919} INFO - Setting next_dagrun for example_branch_datetime_operator_2 to 2023-04-07T00:00:00+00:00, run_after=2023-04-08T00:00:00+00:00
[2023-04-08 03:00:40,952] {processor.py:161} INFO - Processing /home/airflow/.local/lib/python3.7/site-packages/airflow/example_dags/example_branch_datetime_operator.py took 0.157 seconds
[2023-04-08 03:01:11,202] {processor.py:153} INFO - Started process (PID=879) to work on /home/airflow/.local/lib/python3.7/site-packages/airflow/example_dags/example_branch_datetime_operator.py
[2023-04-08 03:01:11,203] {processor.py:641} INFO - Processing file /home/airflow/.local/lib/python3.7/site-packages/airflow/example_dags/example_branch_datetime_operator.py for tasks to queue
[2023-04-08 03:01:11,205] {logging_mixin.py:115} INFO - [2023-04-08 03:01:11,205] {dagbag.py:507} INFO - Filling up the DagBag from /home/airflow/.local/lib/python3.7/site-packages/airflow/example_dags/example_branch_datetime_operator.py
[2023-04-08 03:01:11,211] {processor.py:651} INFO - DAG(s) dict_keys(['example_branch_datetime_operator_2']) retrieved from /home/airflow/.local/lib/python3.7/site-packages/airflow/example_dags/example_branch_datetime_operator.py
[2023-04-08 03:01:11,235] {logging_mixin.py:115} INFO - [2023-04-08 03:01:11,235] {dag.py:2371} INFO - Sync 1 DAGs
[2023-04-08 03:01:11,348] {logging_mixin.py:115} INFO - [2023-04-08 03:01:11,348] {dag.py:2919} INFO - Setting next_dagrun for example_branch_datetime_operator_2 to 2023-04-07T00:00:00+00:00, run_after=2023-04-08T00:00:00+00:00
[2023-04-08 03:01:11,361] {processor.py:161} INFO - Processing /home/airflow/.local/lib/python3.7/site-packages/airflow/example_dags/example_branch_datetime_operator.py took 0.162 seconds
[2023-04-08 03:01:41,547] {processor.py:153} INFO - Started process (PID=941) to work on /home/airflow/.local/lib/python3.7/site-packages/airflow/example_dags/example_branch_datetime_operator.py
[2023-04-08 03:01:41,548] {processor.py:641} INFO - Processing file /home/airflow/.local/lib/python3.7/site-packages/airflow/example_dags/example_branch_datetime_operator.py for tasks to queue
[2023-04-08 03:01:41,551] {logging_mixin.py:115} INFO - [2023-04-08 03:01:41,550] {dagbag.py:507} INFO - Filling up the DagBag from /home/airflow/.local/lib/python3.7/site-packages/airflow/example_dags/example_branch_datetime_operator.py
[2023-04-08 03:01:41,559] {processor.py:651} INFO - DAG(s) dict_keys(['example_branch_datetime_operator_2']) retrieved from /home/airflow/.local/lib/python3.7/site-packages/airflow/example_dags/example_branch_datetime_operator.py
[2023-04-08 03:01:41,583] {logging_mixin.py:115} INFO - [2023-04-08 03:01:41,583] {dag.py:2371} INFO - Sync 1 DAGs
[2023-04-08 03:01:41,707] {logging_mixin.py:115} INFO - [2023-04-08 03:01:41,706] {dag.py:2919} INFO - Setting next_dagrun for example_branch_datetime_operator_2 to 2023-04-07T00:00:00+00:00, run_after=2023-04-08T00:00:00+00:00
[2023-04-08 03:01:41,716] {processor.py:161} INFO - Processing /home/airflow/.local/lib/python3.7/site-packages/airflow/example_dags/example_branch_datetime_operator.py took 0.172 seconds
[2023-04-08 03:02:12,133] {processor.py:153} INFO - Started process (PID=997) to work on /home/airflow/.local/lib/python3.7/site-packages/airflow/example_dags/example_branch_datetime_operator.py
[2023-04-08 03:02:12,135] {processor.py:641} INFO - Processing file /home/airflow/.local/lib/python3.7/site-packages/airflow/example_dags/example_branch_datetime_operator.py for tasks to queue
[2023-04-08 03:02:12,138] {logging_mixin.py:115} INFO - [2023-04-08 03:02:12,138] {dagbag.py:507} INFO - Filling up the DagBag from /home/airflow/.local/lib/python3.7/site-packages/airflow/example_dags/example_branch_datetime_operator.py
[2023-04-08 03:02:12,143] {processor.py:651} INFO - DAG(s) dict_keys(['example_branch_datetime_operator_2']) retrieved from /home/airflow/.local/lib/python3.7/site-packages/airflow/example_dags/example_branch_datetime_operator.py
[2023-04-08 03:02:12,165] {logging_mixin.py:115} INFO - [2023-04-08 03:02:12,165] {dag.py:2371} INFO - Sync 1 DAGs
[2023-04-08 03:02:12,262] {logging_mixin.py:115} INFO - [2023-04-08 03:02:12,262] {dag.py:2919} INFO - Setting next_dagrun for example_branch_datetime_operator_2 to 2023-04-07T00:00:00+00:00, run_after=2023-04-08T00:00:00+00:00
[2023-04-08 03:02:12,269] {processor.py:161} INFO - Processing /home/airflow/.local/lib/python3.7/site-packages/airflow/example_dags/example_branch_datetime_operator.py took 0.138 seconds
[2023-04-08 03:02:42,510] {processor.py:153} INFO - Started process (PID=1060) to work on /home/airflow/.local/lib/python3.7/site-packages/airflow/example_dags/example_branch_datetime_operator.py
[2023-04-08 03:02:42,515] {processor.py:641} INFO - Processing file /home/airflow/.local/lib/python3.7/site-packages/airflow/example_dags/example_branch_datetime_operator.py for tasks to queue
[2023-04-08 03:02:42,516] {logging_mixin.py:115} INFO - [2023-04-08 03:02:42,516] {dagbag.py:507} INFO - Filling up the DagBag from /home/airflow/.local/lib/python3.7/site-packages/airflow/example_dags/example_branch_datetime_operator.py
[2023-04-08 03:02:42,523] {processor.py:651} INFO - DAG(s) dict_keys(['example_branch_datetime_operator_2']) retrieved from /home/airflow/.local/lib/python3.7/site-packages/airflow/example_dags/example_branch_datetime_operator.py
[2023-04-08 03:02:42,550] {logging_mixin.py:115} INFO - [2023-04-08 03:02:42,550] {dag.py:2371} INFO - Sync 1 DAGs
[2023-04-08 03:02:42,667] {logging_mixin.py:115} INFO - [2023-04-08 03:02:42,667] {dag.py:2919} INFO - Setting next_dagrun for example_branch_datetime_operator_2 to 2023-04-07T00:00:00+00:00, run_after=2023-04-08T00:00:00+00:00
[2023-04-08 03:02:42,677] {processor.py:161} INFO - Processing /home/airflow/.local/lib/python3.7/site-packages/airflow/example_dags/example_branch_datetime_operator.py took 0.170 seconds
[2023-04-08 03:03:12,941] {processor.py:153} INFO - Started process (PID=1122) to work on /home/airflow/.local/lib/python3.7/site-packages/airflow/example_dags/example_branch_datetime_operator.py
[2023-04-08 03:03:12,943] {processor.py:641} INFO - Processing file /home/airflow/.local/lib/python3.7/site-packages/airflow/example_dags/example_branch_datetime_operator.py for tasks to queue
[2023-04-08 03:03:12,945] {logging_mixin.py:115} INFO - [2023-04-08 03:03:12,945] {dagbag.py:507} INFO - Filling up the DagBag from /home/airflow/.local/lib/python3.7/site-packages/airflow/example_dags/example_branch_datetime_operator.py
[2023-04-08 03:03:12,953] {processor.py:651} INFO - DAG(s) dict_keys(['example_branch_datetime_operator_2']) retrieved from /home/airflow/.local/lib/python3.7/site-packages/airflow/example_dags/example_branch_datetime_operator.py
[2023-04-08 03:03:12,979] {logging_mixin.py:115} INFO - [2023-04-08 03:03:12,978] {dag.py:2371} INFO - Sync 1 DAGs
[2023-04-08 03:03:13,090] {logging_mixin.py:115} INFO - [2023-04-08 03:03:13,090] {dag.py:2919} INFO - Setting next_dagrun for example_branch_datetime_operator_2 to 2023-04-07T00:00:00+00:00, run_after=2023-04-08T00:00:00+00:00
[2023-04-08 03:03:13,100] {processor.py:161} INFO - Processing /home/airflow/.local/lib/python3.7/site-packages/airflow/example_dags/example_branch_datetime_operator.py took 0.162 seconds
[2023-04-08 03:03:43,436] {processor.py:153} INFO - Started process (PID=1186) to work on /home/airflow/.local/lib/python3.7/site-packages/airflow/example_dags/example_branch_datetime_operator.py
[2023-04-08 03:03:43,438] {processor.py:641} INFO - Processing file /home/airflow/.local/lib/python3.7/site-packages/airflow/example_dags/example_branch_datetime_operator.py for tasks to queue
[2023-04-08 03:03:43,440] {logging_mixin.py:115} INFO - [2023-04-08 03:03:43,440] {dagbag.py:507} INFO - Filling up the DagBag from /home/airflow/.local/lib/python3.7/site-packages/airflow/example_dags/example_branch_datetime_operator.py
[2023-04-08 03:03:43,447] {processor.py:651} INFO - DAG(s) dict_keys(['example_branch_datetime_operator_2']) retrieved from /home/airflow/.local/lib/python3.7/site-packages/airflow/example_dags/example_branch_datetime_operator.py
[2023-04-08 03:03:43,474] {logging_mixin.py:115} INFO - [2023-04-08 03:03:43,474] {dag.py:2371} INFO - Sync 1 DAGs
[2023-04-08 03:03:43,585] {logging_mixin.py:115} INFO - [2023-04-08 03:03:43,585] {dag.py:2919} INFO - Setting next_dagrun for example_branch_datetime_operator_2 to 2023-04-07T00:00:00+00:00, run_after=2023-04-08T00:00:00+00:00
[2023-04-08 03:03:43,594] {processor.py:161} INFO - Processing /home/airflow/.local/lib/python3.7/site-packages/airflow/example_dags/example_branch_datetime_operator.py took 0.161 seconds
[2023-04-08 03:04:13,858] {processor.py:153} INFO - Started process (PID=1249) to work on /home/airflow/.local/lib/python3.7/site-packages/airflow/example_dags/example_branch_datetime_operator.py
[2023-04-08 03:04:13,864] {processor.py:641} INFO - Processing file /home/airflow/.local/lib/python3.7/site-packages/airflow/example_dags/example_branch_datetime_operator.py for tasks to queue
[2023-04-08 03:04:13,865] {logging_mixin.py:115} INFO - [2023-04-08 03:04:13,865] {dagbag.py:507} INFO - Filling up the DagBag from /home/airflow/.local/lib/python3.7/site-packages/airflow/example_dags/example_branch_datetime_operator.py
[2023-04-08 03:04:13,870] {processor.py:651} INFO - DAG(s) dict_keys(['example_branch_datetime_operator_2']) retrieved from /home/airflow/.local/lib/python3.7/site-packages/airflow/example_dags/example_branch_datetime_operator.py
[2023-04-08 03:04:13,894] {logging_mixin.py:115} INFO - [2023-04-08 03:04:13,894] {dag.py:2371} INFO - Sync 1 DAGs
[2023-04-08 03:04:13,998] {logging_mixin.py:115} INFO - [2023-04-08 03:04:13,998] {dag.py:2919} INFO - Setting next_dagrun for example_branch_datetime_operator_2 to 2023-04-07T00:00:00+00:00, run_after=2023-04-08T00:00:00+00:00
[2023-04-08 03:04:14,006] {processor.py:161} INFO - Processing /home/airflow/.local/lib/python3.7/site-packages/airflow/example_dags/example_branch_datetime_operator.py took 0.150 seconds
[2023-04-08 03:04:44,473] {processor.py:153} INFO - Started process (PID=1303) to work on /home/airflow/.local/lib/python3.7/site-packages/airflow/example_dags/example_branch_datetime_operator.py
[2023-04-08 03:04:44,474] {processor.py:641} INFO - Processing file /home/airflow/.local/lib/python3.7/site-packages/airflow/example_dags/example_branch_datetime_operator.py for tasks to queue
[2023-04-08 03:04:44,476] {logging_mixin.py:115} INFO - [2023-04-08 03:04:44,476] {dagbag.py:507} INFO - Filling up the DagBag from /home/airflow/.local/lib/python3.7/site-packages/airflow/example_dags/example_branch_datetime_operator.py
[2023-04-08 03:04:44,484] {processor.py:651} INFO - DAG(s) dict_keys(['example_branch_datetime_operator_2']) retrieved from /home/airflow/.local/lib/python3.7/site-packages/airflow/example_dags/example_branch_datetime_operator.py
[2023-04-08 03:04:44,510] {logging_mixin.py:115} INFO - [2023-04-08 03:04:44,510] {dag.py:2371} INFO - Sync 1 DAGs
[2023-04-08 03:04:44,638] {logging_mixin.py:115} INFO - [2023-04-08 03:04:44,638] {dag.py:2919} INFO - Setting next_dagrun for example_branch_datetime_operator_2 to 2023-04-07T00:00:00+00:00, run_after=2023-04-08T00:00:00+00:00
[2023-04-08 03:04:44,646] {processor.py:161} INFO - Processing /home/airflow/.local/lib/python3.7/site-packages/airflow/example_dags/example_branch_datetime_operator.py took 0.178 seconds
[2023-04-08 03:05:14,796] {processor.py:153} INFO - Started process (PID=1365) to work on /home/airflow/.local/lib/python3.7/site-packages/airflow/example_dags/example_branch_datetime_operator.py
[2023-04-08 03:05:14,797] {processor.py:641} INFO - Processing file /home/airflow/.local/lib/python3.7/site-packages/airflow/example_dags/example_branch_datetime_operator.py for tasks to queue
[2023-04-08 03:05:14,798] {logging_mixin.py:115} INFO - [2023-04-08 03:05:14,798] {dagbag.py:507} INFO - Filling up the DagBag from /home/airflow/.local/lib/python3.7/site-packages/airflow/example_dags/example_branch_datetime_operator.py
[2023-04-08 03:05:14,808] {processor.py:651} INFO - DAG(s) dict_keys(['example_branch_datetime_operator_2']) retrieved from /home/airflow/.local/lib/python3.7/site-packages/airflow/example_dags/example_branch_datetime_operator.py
[2023-04-08 03:05:14,835] {logging_mixin.py:115} INFO - [2023-04-08 03:05:14,835] {dag.py:2371} INFO - Sync 1 DAGs
[2023-04-08 03:05:14,942] {logging_mixin.py:115} INFO - [2023-04-08 03:05:14,942] {dag.py:2919} INFO - Setting next_dagrun for example_branch_datetime_operator_2 to 2023-04-07T00:00:00+00:00, run_after=2023-04-08T00:00:00+00:00
[2023-04-08 03:05:14,950] {processor.py:161} INFO - Processing /home/airflow/.local/lib/python3.7/site-packages/airflow/example_dags/example_branch_datetime_operator.py took 0.157 seconds
[2023-04-08 03:05:45,567] {processor.py:153} INFO - Started process (PID=1428) to work on /home/airflow/.local/lib/python3.7/site-packages/airflow/example_dags/example_branch_datetime_operator.py
[2023-04-08 03:05:45,568] {processor.py:641} INFO - Processing file /home/airflow/.local/lib/python3.7/site-packages/airflow/example_dags/example_branch_datetime_operator.py for tasks to queue
[2023-04-08 03:05:45,570] {logging_mixin.py:115} INFO - [2023-04-08 03:05:45,570] {dagbag.py:507} INFO - Filling up the DagBag from /home/airflow/.local/lib/python3.7/site-packages/airflow/example_dags/example_branch_datetime_operator.py
[2023-04-08 03:05:45,585] {processor.py:651} INFO - DAG(s) dict_keys(['example_branch_datetime_operator_2']) retrieved from /home/airflow/.local/lib/python3.7/site-packages/airflow/example_dags/example_branch_datetime_operator.py
[2023-04-08 03:05:45,610] {logging_mixin.py:115} INFO - [2023-04-08 03:05:45,610] {dag.py:2371} INFO - Sync 1 DAGs
[2023-04-08 03:05:45,730] {logging_mixin.py:115} INFO - [2023-04-08 03:05:45,730] {dag.py:2919} INFO - Setting next_dagrun for example_branch_datetime_operator_2 to 2023-04-07T00:00:00+00:00, run_after=2023-04-08T00:00:00+00:00
[2023-04-08 03:05:45,737] {processor.py:161} INFO - Processing /home/airflow/.local/lib/python3.7/site-packages/airflow/example_dags/example_branch_datetime_operator.py took 0.173 seconds
[2023-04-08 03:06:16,247] {processor.py:153} INFO - Started process (PID=1491) to work on /home/airflow/.local/lib/python3.7/site-packages/airflow/example_dags/example_branch_datetime_operator.py
[2023-04-08 03:06:16,250] {processor.py:641} INFO - Processing file /home/airflow/.local/lib/python3.7/site-packages/airflow/example_dags/example_branch_datetime_operator.py for tasks to queue
[2023-04-08 03:06:16,252] {logging_mixin.py:115} INFO - [2023-04-08 03:06:16,252] {dagbag.py:507} INFO - Filling up the DagBag from /home/airflow/.local/lib/python3.7/site-packages/airflow/example_dags/example_branch_datetime_operator.py
[2023-04-08 03:06:16,259] {processor.py:651} INFO - DAG(s) dict_keys(['example_branch_datetime_operator_2']) retrieved from /home/airflow/.local/lib/python3.7/site-packages/airflow/example_dags/example_branch_datetime_operator.py
[2023-04-08 03:06:16,284] {logging_mixin.py:115} INFO - [2023-04-08 03:06:16,283] {dag.py:2371} INFO - Sync 1 DAGs
[2023-04-08 03:06:16,388] {logging_mixin.py:115} INFO - [2023-04-08 03:06:16,388] {dag.py:2919} INFO - Setting next_dagrun for example_branch_datetime_operator_2 to 2023-04-07T00:00:00+00:00, run_after=2023-04-08T00:00:00+00:00
[2023-04-08 03:06:16,395] {processor.py:161} INFO - Processing /home/airflow/.local/lib/python3.7/site-packages/airflow/example_dags/example_branch_datetime_operator.py took 0.152 seconds
