[2023-04-08 02:54:36,779] {processor.py:153} INFO - Started process (PID=74) to work on /home/airflow/.local/lib/python3.7/site-packages/airflow/example_dags/tutorial_taskflow_api_etl.py
[2023-04-08 02:54:36,894] {processor.py:641} INFO - Processing file /home/airflow/.local/lib/python3.7/site-packages/airflow/example_dags/tutorial_taskflow_api_etl.py for tasks to queue
[2023-04-08 02:54:36,903] {logging_mixin.py:115} INFO - [2023-04-08 02:54:36,903] {dagbag.py:507} INFO - Filling up the DagBag from /home/airflow/.local/lib/python3.7/site-packages/airflow/example_dags/tutorial_taskflow_api_etl.py
[2023-04-08 02:54:36,929] {processor.py:651} INFO - DAG(s) dict_keys(['tutorial_taskflow_api_etl']) retrieved from /home/airflow/.local/lib/python3.7/site-packages/airflow/example_dags/tutorial_taskflow_api_etl.py
[2023-04-08 02:54:37,184] {logging_mixin.py:115} INFO - [2023-04-08 02:54:37,184] {manager.py:508} INFO - Created Permission View: can delete on DAG:tutorial_taskflow_api_etl
[2023-04-08 02:54:37,271] {logging_mixin.py:115} INFO - [2023-04-08 02:54:37,271] {manager.py:508} INFO - Created Permission View: can edit on DAG:tutorial_taskflow_api_etl
[2023-04-08 02:54:37,286] {logging_mixin.py:115} INFO - [2023-04-08 02:54:37,286] {manager.py:508} INFO - Created Permission View: can read on DAG:tutorial_taskflow_api_etl
[2023-04-08 02:54:37,300] {logging_mixin.py:115} INFO - [2023-04-08 02:54:37,300] {dag.py:2371} INFO - Sync 1 DAGs
[2023-04-08 02:54:37,316] {logging_mixin.py:115} INFO - [2023-04-08 02:54:37,316] {dag.py:2390} INFO - Creating ORM DAG for tutorial_taskflow_api_etl
[2023-04-08 02:54:37,331] {logging_mixin.py:115} INFO - [2023-04-08 02:54:37,331] {dag.py:2919} INFO - Setting next_dagrun for tutorial_taskflow_api_etl to None, run_after=None
[2023-04-08 02:54:37,353] {processor.py:161} INFO - Processing /home/airflow/.local/lib/python3.7/site-packages/airflow/example_dags/tutorial_taskflow_api_etl.py took 0.576 seconds
[2023-04-08 02:55:08,143] {processor.py:153} INFO - Started process (PID=137) to work on /home/airflow/.local/lib/python3.7/site-packages/airflow/example_dags/tutorial_taskflow_api_etl.py
[2023-04-08 02:55:08,147] {processor.py:641} INFO - Processing file /home/airflow/.local/lib/python3.7/site-packages/airflow/example_dags/tutorial_taskflow_api_etl.py for tasks to queue
[2023-04-08 02:55:08,150] {logging_mixin.py:115} INFO - [2023-04-08 02:55:08,150] {dagbag.py:507} INFO - Filling up the DagBag from /home/airflow/.local/lib/python3.7/site-packages/airflow/example_dags/tutorial_taskflow_api_etl.py
[2023-04-08 02:55:08,169] {processor.py:651} INFO - DAG(s) dict_keys(['tutorial_taskflow_api_etl']) retrieved from /home/airflow/.local/lib/python3.7/site-packages/airflow/example_dags/tutorial_taskflow_api_etl.py
[2023-04-08 02:55:08,413] {logging_mixin.py:115} INFO - [2023-04-08 02:55:08,412] {dag.py:2371} INFO - Sync 1 DAGs
[2023-04-08 02:55:08,428] {logging_mixin.py:115} INFO - [2023-04-08 02:55:08,428] {dag.py:2919} INFO - Setting next_dagrun for tutorial_taskflow_api_etl to None, run_after=None
[2023-04-08 02:55:08,443] {processor.py:161} INFO - Processing /home/airflow/.local/lib/python3.7/site-packages/airflow/example_dags/tutorial_taskflow_api_etl.py took 0.307 seconds
[2023-04-08 02:55:38,553] {processor.py:153} INFO - Started process (PID=201) to work on /home/airflow/.local/lib/python3.7/site-packages/airflow/example_dags/tutorial_taskflow_api_etl.py
[2023-04-08 02:55:38,555] {processor.py:641} INFO - Processing file /home/airflow/.local/lib/python3.7/site-packages/airflow/example_dags/tutorial_taskflow_api_etl.py for tasks to queue
[2023-04-08 02:55:38,558] {logging_mixin.py:115} INFO - [2023-04-08 02:55:38,558] {dagbag.py:507} INFO - Filling up the DagBag from /home/airflow/.local/lib/python3.7/site-packages/airflow/example_dags/tutorial_taskflow_api_etl.py
[2023-04-08 02:55:38,569] {processor.py:651} INFO - DAG(s) dict_keys(['tutorial_taskflow_api_etl']) retrieved from /home/airflow/.local/lib/python3.7/site-packages/airflow/example_dags/tutorial_taskflow_api_etl.py
[2023-04-08 02:55:38,706] {logging_mixin.py:115} INFO - [2023-04-08 02:55:38,706] {dag.py:2371} INFO - Sync 1 DAGs
[2023-04-08 02:55:38,718] {logging_mixin.py:115} INFO - [2023-04-08 02:55:38,718] {dag.py:2919} INFO - Setting next_dagrun for tutorial_taskflow_api_etl to None, run_after=None
[2023-04-08 02:55:38,727] {processor.py:161} INFO - Processing /home/airflow/.local/lib/python3.7/site-packages/airflow/example_dags/tutorial_taskflow_api_etl.py took 0.177 seconds
[2023-04-08 02:56:08,827] {processor.py:153} INFO - Started process (PID=264) to work on /home/airflow/.local/lib/python3.7/site-packages/airflow/example_dags/tutorial_taskflow_api_etl.py
[2023-04-08 02:56:08,829] {processor.py:641} INFO - Processing file /home/airflow/.local/lib/python3.7/site-packages/airflow/example_dags/tutorial_taskflow_api_etl.py for tasks to queue
[2023-04-08 02:56:08,830] {logging_mixin.py:115} INFO - [2023-04-08 02:56:08,830] {dagbag.py:507} INFO - Filling up the DagBag from /home/airflow/.local/lib/python3.7/site-packages/airflow/example_dags/tutorial_taskflow_api_etl.py
[2023-04-08 02:56:08,842] {processor.py:651} INFO - DAG(s) dict_keys(['tutorial_taskflow_api_etl']) retrieved from /home/airflow/.local/lib/python3.7/site-packages/airflow/example_dags/tutorial_taskflow_api_etl.py
[2023-04-08 02:56:08,988] {logging_mixin.py:115} INFO - [2023-04-08 02:56:08,988] {dag.py:2371} INFO - Sync 1 DAGs
[2023-04-08 02:56:08,999] {logging_mixin.py:115} INFO - [2023-04-08 02:56:08,999] {dag.py:2919} INFO - Setting next_dagrun for tutorial_taskflow_api_etl to None, run_after=None
[2023-04-08 02:56:09,008] {processor.py:161} INFO - Processing /home/airflow/.local/lib/python3.7/site-packages/airflow/example_dags/tutorial_taskflow_api_etl.py took 0.185 seconds
[2023-04-08 02:56:39,209] {processor.py:153} INFO - Started process (PID=327) to work on /home/airflow/.local/lib/python3.7/site-packages/airflow/example_dags/tutorial_taskflow_api_etl.py
[2023-04-08 02:56:39,211] {processor.py:641} INFO - Processing file /home/airflow/.local/lib/python3.7/site-packages/airflow/example_dags/tutorial_taskflow_api_etl.py for tasks to queue
[2023-04-08 02:56:39,212] {logging_mixin.py:115} INFO - [2023-04-08 02:56:39,212] {dagbag.py:507} INFO - Filling up the DagBag from /home/airflow/.local/lib/python3.7/site-packages/airflow/example_dags/tutorial_taskflow_api_etl.py
[2023-04-08 02:56:39,224] {processor.py:651} INFO - DAG(s) dict_keys(['tutorial_taskflow_api_etl']) retrieved from /home/airflow/.local/lib/python3.7/site-packages/airflow/example_dags/tutorial_taskflow_api_etl.py
[2023-04-08 02:56:39,356] {logging_mixin.py:115} INFO - [2023-04-08 02:56:39,356] {dag.py:2371} INFO - Sync 1 DAGs
[2023-04-08 02:56:39,367] {logging_mixin.py:115} INFO - [2023-04-08 02:56:39,367] {dag.py:2919} INFO - Setting next_dagrun for tutorial_taskflow_api_etl to None, run_after=None
[2023-04-08 02:56:39,386] {processor.py:161} INFO - Processing /home/airflow/.local/lib/python3.7/site-packages/airflow/example_dags/tutorial_taskflow_api_etl.py took 0.180 seconds
[2023-04-08 02:57:10,006] {processor.py:153} INFO - Started process (PID=381) to work on /home/airflow/.local/lib/python3.7/site-packages/airflow/example_dags/tutorial_taskflow_api_etl.py
[2023-04-08 02:57:10,026] {processor.py:641} INFO - Processing file /home/airflow/.local/lib/python3.7/site-packages/airflow/example_dags/tutorial_taskflow_api_etl.py for tasks to queue
[2023-04-08 02:57:10,028] {logging_mixin.py:115} INFO - [2023-04-08 02:57:10,028] {dagbag.py:507} INFO - Filling up the DagBag from /home/airflow/.local/lib/python3.7/site-packages/airflow/example_dags/tutorial_taskflow_api_etl.py
[2023-04-08 02:57:10,144] {processor.py:651} INFO - DAG(s) dict_keys(['tutorial_taskflow_api_etl']) retrieved from /home/airflow/.local/lib/python3.7/site-packages/airflow/example_dags/tutorial_taskflow_api_etl.py
[2023-04-08 02:57:10,308] {logging_mixin.py:115} INFO - [2023-04-08 02:57:10,308] {dag.py:2371} INFO - Sync 1 DAGs
[2023-04-08 02:57:10,322] {logging_mixin.py:115} INFO - [2023-04-08 02:57:10,322] {dag.py:2919} INFO - Setting next_dagrun for tutorial_taskflow_api_etl to None, run_after=None
[2023-04-08 02:57:10,333] {processor.py:161} INFO - Processing /home/airflow/.local/lib/python3.7/site-packages/airflow/example_dags/tutorial_taskflow_api_etl.py took 0.330 seconds
[2023-04-08 02:57:41,038] {processor.py:153} INFO - Started process (PID=444) to work on /home/airflow/.local/lib/python3.7/site-packages/airflow/example_dags/tutorial_taskflow_api_etl.py
[2023-04-08 02:57:41,044] {processor.py:641} INFO - Processing file /home/airflow/.local/lib/python3.7/site-packages/airflow/example_dags/tutorial_taskflow_api_etl.py for tasks to queue
[2023-04-08 02:57:41,045] {logging_mixin.py:115} INFO - [2023-04-08 02:57:41,045] {dagbag.py:507} INFO - Filling up the DagBag from /home/airflow/.local/lib/python3.7/site-packages/airflow/example_dags/tutorial_taskflow_api_etl.py
[2023-04-08 02:57:41,057] {processor.py:651} INFO - DAG(s) dict_keys(['tutorial_taskflow_api_etl']) retrieved from /home/airflow/.local/lib/python3.7/site-packages/airflow/example_dags/tutorial_taskflow_api_etl.py
[2023-04-08 02:57:41,197] {logging_mixin.py:115} INFO - [2023-04-08 02:57:41,196] {dag.py:2371} INFO - Sync 1 DAGs
[2023-04-08 02:57:41,209] {logging_mixin.py:115} INFO - [2023-04-08 02:57:41,209] {dag.py:2919} INFO - Setting next_dagrun for tutorial_taskflow_api_etl to None, run_after=None
[2023-04-08 02:57:41,219] {processor.py:161} INFO - Processing /home/airflow/.local/lib/python3.7/site-packages/airflow/example_dags/tutorial_taskflow_api_etl.py took 0.184 seconds
[2023-04-08 02:58:11,435] {processor.py:153} INFO - Started process (PID=507) to work on /home/airflow/.local/lib/python3.7/site-packages/airflow/example_dags/tutorial_taskflow_api_etl.py
[2023-04-08 02:58:11,437] {processor.py:641} INFO - Processing file /home/airflow/.local/lib/python3.7/site-packages/airflow/example_dags/tutorial_taskflow_api_etl.py for tasks to queue
[2023-04-08 02:58:11,438] {logging_mixin.py:115} INFO - [2023-04-08 02:58:11,438] {dagbag.py:507} INFO - Filling up the DagBag from /home/airflow/.local/lib/python3.7/site-packages/airflow/example_dags/tutorial_taskflow_api_etl.py
[2023-04-08 02:58:11,450] {processor.py:651} INFO - DAG(s) dict_keys(['tutorial_taskflow_api_etl']) retrieved from /home/airflow/.local/lib/python3.7/site-packages/airflow/example_dags/tutorial_taskflow_api_etl.py
[2023-04-08 02:58:11,594] {logging_mixin.py:115} INFO - [2023-04-08 02:58:11,594] {dag.py:2371} INFO - Sync 1 DAGs
[2023-04-08 02:58:11,607] {logging_mixin.py:115} INFO - [2023-04-08 02:58:11,607] {dag.py:2919} INFO - Setting next_dagrun for tutorial_taskflow_api_etl to None, run_after=None
[2023-04-08 02:58:11,618] {processor.py:161} INFO - Processing /home/airflow/.local/lib/python3.7/site-packages/airflow/example_dags/tutorial_taskflow_api_etl.py took 0.185 seconds
[2023-04-08 02:58:41,831] {processor.py:153} INFO - Started process (PID=570) to work on /home/airflow/.local/lib/python3.7/site-packages/airflow/example_dags/tutorial_taskflow_api_etl.py
[2023-04-08 02:58:41,832] {processor.py:641} INFO - Processing file /home/airflow/.local/lib/python3.7/site-packages/airflow/example_dags/tutorial_taskflow_api_etl.py for tasks to queue
[2023-04-08 02:58:41,834] {logging_mixin.py:115} INFO - [2023-04-08 02:58:41,834] {dagbag.py:507} INFO - Filling up the DagBag from /home/airflow/.local/lib/python3.7/site-packages/airflow/example_dags/tutorial_taskflow_api_etl.py
[2023-04-08 02:58:41,848] {processor.py:651} INFO - DAG(s) dict_keys(['tutorial_taskflow_api_etl']) retrieved from /home/airflow/.local/lib/python3.7/site-packages/airflow/example_dags/tutorial_taskflow_api_etl.py
[2023-04-08 02:58:41,877] {logging_mixin.py:115} INFO - [2023-04-08 02:58:41,877] {dag.py:2371} INFO - Sync 1 DAGs
[2023-04-08 02:58:42,000] {logging_mixin.py:115} INFO - [2023-04-08 02:58:42,000] {dag.py:2919} INFO - Setting next_dagrun for tutorial_taskflow_api_etl to None, run_after=None
[2023-04-08 02:58:42,008] {processor.py:161} INFO - Processing /home/airflow/.local/lib/python3.7/site-packages/airflow/example_dags/tutorial_taskflow_api_etl.py took 0.181 seconds
[2023-04-08 02:59:12,269] {processor.py:153} INFO - Started process (PID=633) to work on /home/airflow/.local/lib/python3.7/site-packages/airflow/example_dags/tutorial_taskflow_api_etl.py
[2023-04-08 02:59:12,272] {processor.py:641} INFO - Processing file /home/airflow/.local/lib/python3.7/site-packages/airflow/example_dags/tutorial_taskflow_api_etl.py for tasks to queue
[2023-04-08 02:59:12,274] {logging_mixin.py:115} INFO - [2023-04-08 02:59:12,274] {dagbag.py:507} INFO - Filling up the DagBag from /home/airflow/.local/lib/python3.7/site-packages/airflow/example_dags/tutorial_taskflow_api_etl.py
[2023-04-08 02:59:12,289] {processor.py:651} INFO - DAG(s) dict_keys(['tutorial_taskflow_api_etl']) retrieved from /home/airflow/.local/lib/python3.7/site-packages/airflow/example_dags/tutorial_taskflow_api_etl.py
[2023-04-08 02:59:12,445] {logging_mixin.py:115} INFO - [2023-04-08 02:59:12,445] {dag.py:2371} INFO - Sync 1 DAGs
[2023-04-08 02:59:12,458] {logging_mixin.py:115} INFO - [2023-04-08 02:59:12,458] {dag.py:2919} INFO - Setting next_dagrun for tutorial_taskflow_api_etl to None, run_after=None
[2023-04-08 02:59:12,466] {processor.py:161} INFO - Processing /home/airflow/.local/lib/python3.7/site-packages/airflow/example_dags/tutorial_taskflow_api_etl.py took 0.200 seconds
[2023-04-08 02:59:42,550] {processor.py:153} INFO - Started process (PID=696) to work on /home/airflow/.local/lib/python3.7/site-packages/airflow/example_dags/tutorial_taskflow_api_etl.py
[2023-04-08 02:59:42,552] {processor.py:641} INFO - Processing file /home/airflow/.local/lib/python3.7/site-packages/airflow/example_dags/tutorial_taskflow_api_etl.py for tasks to queue
[2023-04-08 02:59:42,553] {logging_mixin.py:115} INFO - [2023-04-08 02:59:42,553] {dagbag.py:507} INFO - Filling up the DagBag from /home/airflow/.local/lib/python3.7/site-packages/airflow/example_dags/tutorial_taskflow_api_etl.py
[2023-04-08 02:59:42,566] {processor.py:651} INFO - DAG(s) dict_keys(['tutorial_taskflow_api_etl']) retrieved from /home/airflow/.local/lib/python3.7/site-packages/airflow/example_dags/tutorial_taskflow_api_etl.py
[2023-04-08 02:59:42,714] {logging_mixin.py:115} INFO - [2023-04-08 02:59:42,714] {dag.py:2371} INFO - Sync 1 DAGs
[2023-04-08 02:59:42,727] {logging_mixin.py:115} INFO - [2023-04-08 02:59:42,727] {dag.py:2919} INFO - Setting next_dagrun for tutorial_taskflow_api_etl to None, run_after=None
[2023-04-08 02:59:42,739] {processor.py:161} INFO - Processing /home/airflow/.local/lib/python3.7/site-packages/airflow/example_dags/tutorial_taskflow_api_etl.py took 0.193 seconds
[2023-04-08 03:00:13,708] {processor.py:153} INFO - Started process (PID=760) to work on /home/airflow/.local/lib/python3.7/site-packages/airflow/example_dags/tutorial_taskflow_api_etl.py
[2023-04-08 03:00:13,709] {processor.py:641} INFO - Processing file /home/airflow/.local/lib/python3.7/site-packages/airflow/example_dags/tutorial_taskflow_api_etl.py for tasks to queue
[2023-04-08 03:00:13,711] {logging_mixin.py:115} INFO - [2023-04-08 03:00:13,711] {dagbag.py:507} INFO - Filling up the DagBag from /home/airflow/.local/lib/python3.7/site-packages/airflow/example_dags/tutorial_taskflow_api_etl.py
[2023-04-08 03:00:13,730] {processor.py:651} INFO - DAG(s) dict_keys(['tutorial_taskflow_api_etl']) retrieved from /home/airflow/.local/lib/python3.7/site-packages/airflow/example_dags/tutorial_taskflow_api_etl.py
[2023-04-08 03:00:13,873] {logging_mixin.py:115} INFO - [2023-04-08 03:00:13,873] {dag.py:2371} INFO - Sync 1 DAGs
[2023-04-08 03:00:13,886] {logging_mixin.py:115} INFO - [2023-04-08 03:00:13,886] {dag.py:2919} INFO - Setting next_dagrun for tutorial_taskflow_api_etl to None, run_after=None
[2023-04-08 03:00:13,897] {processor.py:161} INFO - Processing /home/airflow/.local/lib/python3.7/site-packages/airflow/example_dags/tutorial_taskflow_api_etl.py took 0.192 seconds
[2023-04-08 03:00:44,309] {processor.py:153} INFO - Started process (PID=822) to work on /home/airflow/.local/lib/python3.7/site-packages/airflow/example_dags/tutorial_taskflow_api_etl.py
[2023-04-08 03:00:44,311] {processor.py:641} INFO - Processing file /home/airflow/.local/lib/python3.7/site-packages/airflow/example_dags/tutorial_taskflow_api_etl.py for tasks to queue
[2023-04-08 03:00:44,313] {logging_mixin.py:115} INFO - [2023-04-08 03:00:44,313] {dagbag.py:507} INFO - Filling up the DagBag from /home/airflow/.local/lib/python3.7/site-packages/airflow/example_dags/tutorial_taskflow_api_etl.py
[2023-04-08 03:00:44,331] {processor.py:651} INFO - DAG(s) dict_keys(['tutorial_taskflow_api_etl']) retrieved from /home/airflow/.local/lib/python3.7/site-packages/airflow/example_dags/tutorial_taskflow_api_etl.py
[2023-04-08 03:00:44,480] {logging_mixin.py:115} INFO - [2023-04-08 03:00:44,480] {dag.py:2371} INFO - Sync 1 DAGs
[2023-04-08 03:00:44,498] {logging_mixin.py:115} INFO - [2023-04-08 03:00:44,498] {dag.py:2919} INFO - Setting next_dagrun for tutorial_taskflow_api_etl to None, run_after=None
[2023-04-08 03:00:44,510] {processor.py:161} INFO - Processing /home/airflow/.local/lib/python3.7/site-packages/airflow/example_dags/tutorial_taskflow_api_etl.py took 0.204 seconds
[2023-04-08 03:01:14,652] {processor.py:153} INFO - Started process (PID=890) to work on /home/airflow/.local/lib/python3.7/site-packages/airflow/example_dags/tutorial_taskflow_api_etl.py
[2023-04-08 03:01:14,654] {processor.py:641} INFO - Processing file /home/airflow/.local/lib/python3.7/site-packages/airflow/example_dags/tutorial_taskflow_api_etl.py for tasks to queue
[2023-04-08 03:01:14,656] {logging_mixin.py:115} INFO - [2023-04-08 03:01:14,655] {dagbag.py:507} INFO - Filling up the DagBag from /home/airflow/.local/lib/python3.7/site-packages/airflow/example_dags/tutorial_taskflow_api_etl.py
[2023-04-08 03:01:14,669] {processor.py:651} INFO - DAG(s) dict_keys(['tutorial_taskflow_api_etl']) retrieved from /home/airflow/.local/lib/python3.7/site-packages/airflow/example_dags/tutorial_taskflow_api_etl.py
[2023-04-08 03:01:14,813] {logging_mixin.py:115} INFO - [2023-04-08 03:01:14,813] {dag.py:2371} INFO - Sync 1 DAGs
[2023-04-08 03:01:14,826] {logging_mixin.py:115} INFO - [2023-04-08 03:01:14,826] {dag.py:2919} INFO - Setting next_dagrun for tutorial_taskflow_api_etl to None, run_after=None
[2023-04-08 03:01:14,837] {processor.py:161} INFO - Processing /home/airflow/.local/lib/python3.7/site-packages/airflow/example_dags/tutorial_taskflow_api_etl.py took 0.188 seconds
[2023-04-08 03:01:44,925] {processor.py:153} INFO - Started process (PID=954) to work on /home/airflow/.local/lib/python3.7/site-packages/airflow/example_dags/tutorial_taskflow_api_etl.py
[2023-04-08 03:01:44,927] {processor.py:641} INFO - Processing file /home/airflow/.local/lib/python3.7/site-packages/airflow/example_dags/tutorial_taskflow_api_etl.py for tasks to queue
[2023-04-08 03:01:44,930] {logging_mixin.py:115} INFO - [2023-04-08 03:01:44,930] {dagbag.py:507} INFO - Filling up the DagBag from /home/airflow/.local/lib/python3.7/site-packages/airflow/example_dags/tutorial_taskflow_api_etl.py
[2023-04-08 03:01:44,943] {processor.py:651} INFO - DAG(s) dict_keys(['tutorial_taskflow_api_etl']) retrieved from /home/airflow/.local/lib/python3.7/site-packages/airflow/example_dags/tutorial_taskflow_api_etl.py
[2023-04-08 03:01:44,970] {logging_mixin.py:115} INFO - [2023-04-08 03:01:44,970] {dag.py:2371} INFO - Sync 1 DAGs
[2023-04-08 03:01:45,075] {logging_mixin.py:115} INFO - [2023-04-08 03:01:45,075] {dag.py:2919} INFO - Setting next_dagrun for tutorial_taskflow_api_etl to None, run_after=None
[2023-04-08 03:01:45,083] {processor.py:161} INFO - Processing /home/airflow/.local/lib/python3.7/site-packages/airflow/example_dags/tutorial_taskflow_api_etl.py took 0.160 seconds
[2023-04-08 03:02:15,464] {processor.py:153} INFO - Started process (PID=1017) to work on /home/airflow/.local/lib/python3.7/site-packages/airflow/example_dags/tutorial_taskflow_api_etl.py
[2023-04-08 03:02:15,466] {processor.py:641} INFO - Processing file /home/airflow/.local/lib/python3.7/site-packages/airflow/example_dags/tutorial_taskflow_api_etl.py for tasks to queue
[2023-04-08 03:02:15,467] {logging_mixin.py:115} INFO - [2023-04-08 03:02:15,467] {dagbag.py:507} INFO - Filling up the DagBag from /home/airflow/.local/lib/python3.7/site-packages/airflow/example_dags/tutorial_taskflow_api_etl.py
[2023-04-08 03:02:15,483] {processor.py:651} INFO - DAG(s) dict_keys(['tutorial_taskflow_api_etl']) retrieved from /home/airflow/.local/lib/python3.7/site-packages/airflow/example_dags/tutorial_taskflow_api_etl.py
[2023-04-08 03:02:15,509] {logging_mixin.py:115} INFO - [2023-04-08 03:02:15,509] {dag.py:2371} INFO - Sync 1 DAGs
[2023-04-08 03:02:15,618] {logging_mixin.py:115} INFO - [2023-04-08 03:02:15,618] {dag.py:2919} INFO - Setting next_dagrun for tutorial_taskflow_api_etl to None, run_after=None
[2023-04-08 03:02:15,628] {processor.py:161} INFO - Processing /home/airflow/.local/lib/python3.7/site-packages/airflow/example_dags/tutorial_taskflow_api_etl.py took 0.167 seconds
[2023-04-08 03:02:45,991] {processor.py:153} INFO - Started process (PID=1071) to work on /home/airflow/.local/lib/python3.7/site-packages/airflow/example_dags/tutorial_taskflow_api_etl.py
[2023-04-08 03:02:45,992] {processor.py:641} INFO - Processing file /home/airflow/.local/lib/python3.7/site-packages/airflow/example_dags/tutorial_taskflow_api_etl.py for tasks to queue
[2023-04-08 03:02:45,993] {logging_mixin.py:115} INFO - [2023-04-08 03:02:45,993] {dagbag.py:507} INFO - Filling up the DagBag from /home/airflow/.local/lib/python3.7/site-packages/airflow/example_dags/tutorial_taskflow_api_etl.py
[2023-04-08 03:02:46,003] {processor.py:651} INFO - DAG(s) dict_keys(['tutorial_taskflow_api_etl']) retrieved from /home/airflow/.local/lib/python3.7/site-packages/airflow/example_dags/tutorial_taskflow_api_etl.py
[2023-04-08 03:02:46,145] {logging_mixin.py:115} INFO - [2023-04-08 03:02:46,145] {dag.py:2371} INFO - Sync 1 DAGs
[2023-04-08 03:02:46,158] {logging_mixin.py:115} INFO - [2023-04-08 03:02:46,158] {dag.py:2919} INFO - Setting next_dagrun for tutorial_taskflow_api_etl to None, run_after=None
[2023-04-08 03:02:46,170] {processor.py:161} INFO - Processing /home/airflow/.local/lib/python3.7/site-packages/airflow/example_dags/tutorial_taskflow_api_etl.py took 0.182 seconds
[2023-04-08 03:03:16,483] {processor.py:153} INFO - Started process (PID=1133) to work on /home/airflow/.local/lib/python3.7/site-packages/airflow/example_dags/tutorial_taskflow_api_etl.py
[2023-04-08 03:03:16,485] {processor.py:641} INFO - Processing file /home/airflow/.local/lib/python3.7/site-packages/airflow/example_dags/tutorial_taskflow_api_etl.py for tasks to queue
[2023-04-08 03:03:16,486] {logging_mixin.py:115} INFO - [2023-04-08 03:03:16,486] {dagbag.py:507} INFO - Filling up the DagBag from /home/airflow/.local/lib/python3.7/site-packages/airflow/example_dags/tutorial_taskflow_api_etl.py
[2023-04-08 03:03:16,497] {processor.py:651} INFO - DAG(s) dict_keys(['tutorial_taskflow_api_etl']) retrieved from /home/airflow/.local/lib/python3.7/site-packages/airflow/example_dags/tutorial_taskflow_api_etl.py
[2023-04-08 03:03:16,638] {logging_mixin.py:115} INFO - [2023-04-08 03:03:16,638] {dag.py:2371} INFO - Sync 1 DAGs
[2023-04-08 03:03:16,648] {logging_mixin.py:115} INFO - [2023-04-08 03:03:16,648] {dag.py:2919} INFO - Setting next_dagrun for tutorial_taskflow_api_etl to None, run_after=None
[2023-04-08 03:03:16,655] {processor.py:161} INFO - Processing /home/airflow/.local/lib/python3.7/site-packages/airflow/example_dags/tutorial_taskflow_api_etl.py took 0.175 seconds
[2023-04-08 03:03:46,760] {processor.py:153} INFO - Started process (PID=1197) to work on /home/airflow/.local/lib/python3.7/site-packages/airflow/example_dags/tutorial_taskflow_api_etl.py
[2023-04-08 03:03:46,761] {processor.py:641} INFO - Processing file /home/airflow/.local/lib/python3.7/site-packages/airflow/example_dags/tutorial_taskflow_api_etl.py for tasks to queue
[2023-04-08 03:03:46,854] {logging_mixin.py:115} INFO - [2023-04-08 03:03:46,854] {dagbag.py:507} INFO - Filling up the DagBag from /home/airflow/.local/lib/python3.7/site-packages/airflow/example_dags/tutorial_taskflow_api_etl.py
[2023-04-08 03:03:46,867] {processor.py:651} INFO - DAG(s) dict_keys(['tutorial_taskflow_api_etl']) retrieved from /home/airflow/.local/lib/python3.7/site-packages/airflow/example_dags/tutorial_taskflow_api_etl.py
[2023-04-08 03:03:47,005] {logging_mixin.py:115} INFO - [2023-04-08 03:03:47,004] {dag.py:2371} INFO - Sync 1 DAGs
[2023-04-08 03:03:47,017] {logging_mixin.py:115} INFO - [2023-04-08 03:03:47,017] {dag.py:2919} INFO - Setting next_dagrun for tutorial_taskflow_api_etl to None, run_after=None
[2023-04-08 03:03:47,027] {processor.py:161} INFO - Processing /home/airflow/.local/lib/python3.7/site-packages/airflow/example_dags/tutorial_taskflow_api_etl.py took 0.271 seconds
[2023-04-08 03:04:17,200] {processor.py:153} INFO - Started process (PID=1260) to work on /home/airflow/.local/lib/python3.7/site-packages/airflow/example_dags/tutorial_taskflow_api_etl.py
[2023-04-08 03:04:17,202] {processor.py:641} INFO - Processing file /home/airflow/.local/lib/python3.7/site-packages/airflow/example_dags/tutorial_taskflow_api_etl.py for tasks to queue
[2023-04-08 03:04:17,204] {logging_mixin.py:115} INFO - [2023-04-08 03:04:17,203] {dagbag.py:507} INFO - Filling up the DagBag from /home/airflow/.local/lib/python3.7/site-packages/airflow/example_dags/tutorial_taskflow_api_etl.py
[2023-04-08 03:04:17,214] {processor.py:651} INFO - DAG(s) dict_keys(['tutorial_taskflow_api_etl']) retrieved from /home/airflow/.local/lib/python3.7/site-packages/airflow/example_dags/tutorial_taskflow_api_etl.py
[2023-04-08 03:04:17,241] {logging_mixin.py:115} INFO - [2023-04-08 03:04:17,241] {dag.py:2371} INFO - Sync 1 DAGs
[2023-04-08 03:04:17,349] {logging_mixin.py:115} INFO - [2023-04-08 03:04:17,349] {dag.py:2919} INFO - Setting next_dagrun for tutorial_taskflow_api_etl to None, run_after=None
[2023-04-08 03:04:17,357] {processor.py:161} INFO - Processing /home/airflow/.local/lib/python3.7/site-packages/airflow/example_dags/tutorial_taskflow_api_etl.py took 0.160 seconds
[2023-04-08 03:04:47,620] {processor.py:153} INFO - Started process (PID=1323) to work on /home/airflow/.local/lib/python3.7/site-packages/airflow/example_dags/tutorial_taskflow_api_etl.py
[2023-04-08 03:04:47,621] {processor.py:641} INFO - Processing file /home/airflow/.local/lib/python3.7/site-packages/airflow/example_dags/tutorial_taskflow_api_etl.py for tasks to queue
[2023-04-08 03:04:47,628] {logging_mixin.py:115} INFO - [2023-04-08 03:04:47,628] {dagbag.py:507} INFO - Filling up the DagBag from /home/airflow/.local/lib/python3.7/site-packages/airflow/example_dags/tutorial_taskflow_api_etl.py
[2023-04-08 03:04:47,641] {processor.py:651} INFO - DAG(s) dict_keys(['tutorial_taskflow_api_etl']) retrieved from /home/airflow/.local/lib/python3.7/site-packages/airflow/example_dags/tutorial_taskflow_api_etl.py
[2023-04-08 03:04:47,786] {logging_mixin.py:115} INFO - [2023-04-08 03:04:47,786] {dag.py:2371} INFO - Sync 1 DAGs
[2023-04-08 03:04:47,799] {logging_mixin.py:115} INFO - [2023-04-08 03:04:47,799] {dag.py:2919} INFO - Setting next_dagrun for tutorial_taskflow_api_etl to None, run_after=None
[2023-04-08 03:04:47,817] {processor.py:161} INFO - Processing /home/airflow/.local/lib/python3.7/site-packages/airflow/example_dags/tutorial_taskflow_api_etl.py took 0.200 seconds
[2023-04-08 03:05:17,878] {processor.py:153} INFO - Started process (PID=1385) to work on /home/airflow/.local/lib/python3.7/site-packages/airflow/example_dags/tutorial_taskflow_api_etl.py
[2023-04-08 03:05:17,879] {processor.py:641} INFO - Processing file /home/airflow/.local/lib/python3.7/site-packages/airflow/example_dags/tutorial_taskflow_api_etl.py for tasks to queue
[2023-04-08 03:05:17,886] {logging_mixin.py:115} INFO - [2023-04-08 03:05:17,886] {dagbag.py:507} INFO - Filling up the DagBag from /home/airflow/.local/lib/python3.7/site-packages/airflow/example_dags/tutorial_taskflow_api_etl.py
[2023-04-08 03:05:17,898] {processor.py:651} INFO - DAG(s) dict_keys(['tutorial_taskflow_api_etl']) retrieved from /home/airflow/.local/lib/python3.7/site-packages/airflow/example_dags/tutorial_taskflow_api_etl.py
[2023-04-08 03:05:18,023] {logging_mixin.py:115} INFO - [2023-04-08 03:05:18,023] {dag.py:2371} INFO - Sync 1 DAGs
[2023-04-08 03:05:18,036] {logging_mixin.py:115} INFO - [2023-04-08 03:05:18,036] {dag.py:2919} INFO - Setting next_dagrun for tutorial_taskflow_api_etl to None, run_after=None
[2023-04-08 03:05:18,044] {processor.py:161} INFO - Processing /home/airflow/.local/lib/python3.7/site-packages/airflow/example_dags/tutorial_taskflow_api_etl.py took 0.171 seconds
[2023-04-08 03:05:48,848] {processor.py:153} INFO - Started process (PID=1439) to work on /home/airflow/.local/lib/python3.7/site-packages/airflow/example_dags/tutorial_taskflow_api_etl.py
[2023-04-08 03:05:48,850] {processor.py:641} INFO - Processing file /home/airflow/.local/lib/python3.7/site-packages/airflow/example_dags/tutorial_taskflow_api_etl.py for tasks to queue
[2023-04-08 03:05:48,851] {logging_mixin.py:115} INFO - [2023-04-08 03:05:48,851] {dagbag.py:507} INFO - Filling up the DagBag from /home/airflow/.local/lib/python3.7/site-packages/airflow/example_dags/tutorial_taskflow_api_etl.py
[2023-04-08 03:05:48,866] {processor.py:651} INFO - DAG(s) dict_keys(['tutorial_taskflow_api_etl']) retrieved from /home/airflow/.local/lib/python3.7/site-packages/airflow/example_dags/tutorial_taskflow_api_etl.py
[2023-04-08 03:05:49,034] {logging_mixin.py:115} INFO - [2023-04-08 03:05:49,034] {dag.py:2371} INFO - Sync 1 DAGs
[2023-04-08 03:05:49,051] {logging_mixin.py:115} INFO - [2023-04-08 03:05:49,051] {dag.py:2919} INFO - Setting next_dagrun for tutorial_taskflow_api_etl to None, run_after=None
[2023-04-08 03:05:49,065] {processor.py:161} INFO - Processing /home/airflow/.local/lib/python3.7/site-packages/airflow/example_dags/tutorial_taskflow_api_etl.py took 0.220 seconds
[2023-04-08 03:06:19,479] {processor.py:153} INFO - Started process (PID=1502) to work on /home/airflow/.local/lib/python3.7/site-packages/airflow/example_dags/tutorial_taskflow_api_etl.py
[2023-04-08 03:06:19,480] {processor.py:641} INFO - Processing file /home/airflow/.local/lib/python3.7/site-packages/airflow/example_dags/tutorial_taskflow_api_etl.py for tasks to queue
[2023-04-08 03:06:19,482] {logging_mixin.py:115} INFO - [2023-04-08 03:06:19,482] {dagbag.py:507} INFO - Filling up the DagBag from /home/airflow/.local/lib/python3.7/site-packages/airflow/example_dags/tutorial_taskflow_api_etl.py
[2023-04-08 03:06:19,496] {processor.py:651} INFO - DAG(s) dict_keys(['tutorial_taskflow_api_etl']) retrieved from /home/airflow/.local/lib/python3.7/site-packages/airflow/example_dags/tutorial_taskflow_api_etl.py
[2023-04-08 03:06:19,641] {logging_mixin.py:115} INFO - [2023-04-08 03:06:19,641] {dag.py:2371} INFO - Sync 1 DAGs
[2023-04-08 03:06:19,654] {logging_mixin.py:115} INFO - [2023-04-08 03:06:19,654] {dag.py:2919} INFO - Setting next_dagrun for tutorial_taskflow_api_etl to None, run_after=None
[2023-04-08 03:06:19,759] {processor.py:161} INFO - Processing /home/airflow/.local/lib/python3.7/site-packages/airflow/example_dags/tutorial_taskflow_api_etl.py took 0.286 seconds
